Performance Statistics   2015-10-19 13:32:00 - 2015-10-19 13:34:00
Tag                                                  Avg(ms)         Min         Max     Std Dev       Count
delta$MainScreen#init                                   26,0          26          26         0,0           1
delta$MainScreen#inject                                  3,0           3           3         0,0           1
delta$MainScreen#loadDescriptor                        573,0         573         573         0,0           1
delta$MainScreen#ready                                   0,0           0           0         0,0           1
delta$MainScreen#uiPermissions                           0,0           0           0         0,0           1
delta$MainScreen#xml                                    12,0          12          12         0,0           1
delta$MainScreen.windowActions#init                      0,0           0           0         0,0           1
delta$MainScreen.windowActions#inject                    0,0           0           0         0,0           1
delta$MainScreen.windowActions#loadDescriptor           39,0          39          39         0,0           1
delta$MainScreen.windowActions#uiPermissions             0,0           0           0         0,0           1
delta$MainScreen@storagesDs                            169,0         169         169         0,0           1
delta$Storage.view#inject                                1,0           1           1         0,0           1
delta$Storage.view#loadDescriptor                      148,0         148         148         0,0           1
delta$Storage.view#xml                                  40,0          40          40         0,0           1
delta$Storage.view.windowActions#inject                  0,0           0           0         0,0           1
delta$Storage.view.windowActions#loadDescriptor          5,0           5           5         0,0           1
mainWindow#init                                         33,0          33          33         0,0           1
mainWindow#inject                                        7,0           7           7         0,0           1
mainWindow#loadDescriptor                              639,0         639         639         0,0           1
mainWindow#ready                                         0,0           0           0         0,0           1
mainWindow#uiPermissions                                 0,0           0           0         0,0           1
mainWindow#xml                                         314,0         314         314         0,0           1
windowActions#xml                                        3,5           2           5         1,5           2

Performance Statistics   2015-10-19 13:36:00 - 2015-10-19 13:38:00
Tag                                                  Avg(ms)         Min         Max     Std Dev       Count
delta$MainScreen#init                                   24,0          24          24         0,0           1
delta$MainScreen#inject                                  3,0           3           3         0,0           1
delta$MainScreen#loadDescriptor                        513,0         513         513         0,0           1
delta$MainScreen#ready                                   0,0           0           0         0,0           1
delta$MainScreen#uiPermissions                           0,0           0           0         0,0           1
delta$MainScreen#xml                                    14,0          14          14         0,0           1
delta$MainScreen.windowActions#init                      0,0           0           0         0,0           1
delta$MainScreen.windowActions#inject                    0,0           0           0         0,0           1
delta$MainScreen.windowActions#loadDescriptor           95,0          95          95         0,0           1
delta$MainScreen.windowActions#uiPermissions             0,0           0           0         0,0           1
delta$MainScreen@storagesDs                            151,0         151         151         0,0           1
delta$Operation.edit#init                                0,0           0           0         0,0           1
delta$Operation.edit#inject                              0,0           0           0         0,0           1
delta$Operation.edit#loadDescriptor                     66,0          66          66         0,0           1
delta$Operation.edit#ready                               0,0           0           0         0,0           1
delta$Operation.edit#setItem                             2,0           2           2         0,0           1
delta$Operation.edit#uiPermissions                       0,0           0           0         0,0           1
delta$Operation.edit#xml                                 3,0           3           3         0,0           1
delta$Operation.edit.windowActions#loadDescriptor         4,0           4           4         0,0           1
delta$Operation.edit@categoriesDs                       22,0          22          22         0,0           1
delta$Storage.view#init                                  4,7           2          10         3,8           3
delta$Storage.view#inject                                0,3           0           1         0,5           3
delta$Storage.view#loadDescriptor                       34,7          13          78        30,6           3
delta$Storage.view#ready                                 0,0           0           0         0,0           3
delta$Storage.view#setItem                              44,0           8         113        48,8           3
delta$Storage.view#uiPermissions                         0,0           0           0         0,0           3
delta$Storage.view#xml                                   4,0           4           4         0,0           3
delta$Storage.view.windowActions#init                    0,0           0           0         0,0           3
delta$Storage.view.windowActions#inject                  0,0           0           0         0,0           3
delta$Storage.view.windowActions#loadDescriptor          4,3           4           5         0,5           3
delta$Storage.view.windowActions#uiPermissions           0,0           0           0         0,0           3
delta$Storage.view@operationsDs                         34,3           8          81        33,1           3
delta$Storage.view@storageCategoriesStatesDs            44,7          10          95        36,4           3
mainWindow#init                                         56,0          56          56         0,0           1
mainWindow#inject                                        8,0           8           8         0,0           1
mainWindow#loadDescriptor                              450,0         450         450         0,0           1
mainWindow#ready                                         0,0           0           0         0,0           1
mainWindow#uiPermissions                                 0,0           0           0         0,0           1
mainWindow#xml                                         205,0         205         205         0,0           1
windowActions#xml                                        4,8           2          16         5,6           5

Performance Statistics   2015-10-19 13:38:00 - 2015-10-19 13:40:00
Tag                                                  Avg(ms)         Min         Max     Std Dev       Count
delta$MainScreen#init                                   16,0          16          16         0,0           1
delta$MainScreen#inject                                  0,0           0           0         0,0           1
delta$MainScreen#loadDescriptor                       2389,0        2389        2389         0,0           1
delta$MainScreen#ready                                   0,0           0           0         0,0           1
delta$MainScreen#uiPermissions                           0,0           0           0         0,0           1
delta$MainScreen#xml                                     3,0           3           3         0,0           1
delta$MainScreen.windowActions#init                      0,0           0           0         0,0           1
delta$MainScreen.windowActions#inject                    0,0           0           0         0,0           1
delta$MainScreen.windowActions#loadDescriptor           13,0          13          13         0,0           1
delta$MainScreen.windowActions#uiPermissions             0,0           0           0         0,0           1
delta$MainScreen@storagesDs                             19,0          19          19         0,0           1
delta$Operation.edit#init                                0,0           0           0         0,0           1
delta$Operation.edit#inject                              0,0           0           0         0,0           1
delta$Operation.edit#loadDescriptor                     21,0          21          21         0,0           1
delta$Operation.edit#ready                               0,0           0           0         0,0           1
delta$Operation.edit#setItem                           102,0         102         102         0,0           1
delta$Operation.edit#uiPermissions                       0,0           0           0         0,0           1
delta$Operation.edit#xml                                 6,0           6           6         0,0           1
delta$Operation.edit.windowActions#loadDescriptor         5,0           5           5         0,0           1
delta$Operation.edit@categoriesDs                       55,0          55          55         0,0           1
delta$Storage.view#init                                 64,0          64          64         0,0           1
delta$Storage.view#inject                                0,0           0           0         0,0           1
delta$Storage.view#loadDescriptor                      536,0         536         536         0,0           1
delta$Storage.view#ready                                 0,0           0           0         0,0           1
delta$Storage.view#setItem                               7,0           7           7         0,0           1
delta$Storage.view#uiPermissions                         0,0           0           0         0,0           1
delta$Storage.view#xml                                   8,0           8           8         0,0           1
delta$Storage.view.windowActions#init                    0,0           0           0         0,0           1
delta$Storage.view.windowActions#inject                  0,0           0           0         0,0           1
delta$Storage.view.windowActions#loadDescriptor          8,0           8           8         0,0           1
delta$Storage.view.windowActions#uiPermissions           0,0           0           0         0,0           1
delta$Storage.view@operationsDs                         19,0          19          19         0,0           1
delta$Storage.view@storageCategoriesStatesDs            15,0          15          15         0,0           1
mainWindow#init                                          1,0           1           1         0,0           1
mainWindow#inject                                        0,0           0           0         0,0           1
mainWindow#loadDescriptor                               27,0          27          27         0,0           1
mainWindow#ready                                         0,0           0           0         0,0           1
mainWindow#uiPermissions                                 0,0           0           0         0,0           1
mainWindow#xml                                           3,0           3           3         0,0           1
windowActions#xml                                        3,3           2           5         1,2           3

Performance Statistics   2015-10-19 13:42:00 - 2015-10-19 13:44:00
Tag                                                  Avg(ms)         Min         Max     Std Dev       Count
delta$Storage.view@storageCategoriesStatesDs            10,0          10          10         0,0           1

Performance Statistics   2015-10-19 13:44:00 - 2015-10-19 13:46:00
Tag                                                  Avg(ms)         Min         Max     Std Dev       Count

Performance Statistics   2015-10-19 13:46:00 - 2015-10-19 13:48:00
Tag                                                  Avg(ms)         Min         Max     Std Dev       Count

Performance Statistics   2015-10-19 13:48:00 - 2015-10-19 13:50:00
Tag                                                  Avg(ms)         Min         Max     Std Dev       Count

Performance Statistics   2015-10-19 13:50:00 - 2015-10-19 13:52:00
Tag                                                  Avg(ms)         Min         Max     Std Dev       Count

Performance Statistics   2015-10-19 13:52:00 - 2015-10-19 13:54:00
Tag                                                  Avg(ms)         Min         Max     Std Dev       Count

Performance Statistics   2015-10-19 13:58:00 - 2015-10-19 14:00:00
Tag                                                  Avg(ms)         Min         Max     Std Dev       Count
delta$MainScreen#init                                   28,0          28          28         0,0           1
delta$MainScreen#inject                                  4,0           4           4         0,0           1
delta$MainScreen#loadDescriptor                        473,0         473         473         0,0           1
delta$MainScreen#ready                                   0,0           0           0         0,0           1
delta$MainScreen#uiPermissions                           0,0           0           0         0,0           1
delta$MainScreen#xml                                    10,0          10          10         0,0           1
delta$MainScreen.windowActions#init                      0,0           0           0         0,0           1
delta$MainScreen.windowActions#inject                    0,0           0           0         0,0           1
delta$MainScreen.windowActions#loadDescriptor           13,0          13          13         0,0           1
delta$MainScreen.windowActions#uiPermissions             0,0           0           0         0,0           1
delta$MainScreen@storagesDs                            173,0         173         173         0,0           1
delta$Operation.edit#init                                0,0           0           0         0,0           1
delta$Operation.edit#inject                              0,0           0           0         0,0           1
delta$Operation.edit#loadDescriptor                    431,0         431         431         0,0           1
delta$Operation.edit#ready                               0,0           0           0         0,0           1
delta$Operation.edit#setItem                             2,0           2           2         0,0           1
delta$Operation.edit#uiPermissions                       0,0           0           0         0,0           1
delta$Operation.edit#xml                                 3,0           3           3         0,0           1
delta$Operation.edit.windowActions#loadDescriptor         3,0           3           3         0,0           1
delta$Operation.edit@categoriesDs                       43,0          43          43         0,0           1
delta$Storage.view#init                                 11,0          11          11         0,0           1
delta$Storage.view#inject                                1,0           1           1         0,0           1
delta$Storage.view#loadDescriptor                       80,0          80          80         0,0           1
delta$Storage.view#ready                                 0,0           0           0         0,0           1
delta$Storage.view#setItem                              53,0          53          53         0,0           1
delta$Storage.view#uiPermissions                         0,0           0           0         0,0           1
delta$Storage.view#xml                                   4,0           4           4         0,0           1
delta$Storage.view.windowActions#init                    0,0           0           0         0,0           1
delta$Storage.view.windowActions#inject                  0,0           0           0         0,0           1
delta$Storage.view.windowActions#loadDescriptor          5,0           5           5         0,0           1
delta$Storage.view.windowActions#uiPermissions           0,0           0           0         0,0           1
delta$Storage.view@operationsDs                         76,0          76          76         0,0           1
delta$Storage.view@storageCategoriesStatesDs            47,0          47          47         0,0           1
mainWindow#init                                         60,0          60          60         0,0           1
mainWindow#inject                                        7,0           7           7         0,0           1
mainWindow#loadDescriptor                              508,0         508         508         0,0           1
mainWindow#ready                                         0,0           0           0         0,0           1
mainWindow#uiPermissions                                 0,0           0           0         0,0           1
mainWindow#xml                                         230,0         230         230         0,0           1
windowActions#xml                                        1,7           1           2         0,5           3

Performance Statistics   2015-10-19 14:00:00 - 2015-10-19 14:02:00
Tag                                                  Avg(ms)         Min         Max     Std Dev       Count
delta$Operation.edit#init                                0,0           0           0         0,0           2
delta$Operation.edit#inject                              0,0           0           0         0,0           2
delta$Operation.edit#loadDescriptor                     27,0          12          42        15,0           2
delta$Operation.edit#ready                               0,0           0           0         0,0           2
delta$Operation.edit#setItem                          4363,5          53        8674      4310,5           2
delta$Operation.edit#uiPermissions                       0,0           0           0         0,0           2
delta$Operation.edit#xml                                 7,5           3          12         4,5           2
delta$Operation.edit.windowActions#loadDescriptor         3,5           2           5         1,5           2
delta$Operation.edit@categoriesDs                       21,5          18          25         3,5           2
windowActions#xml                                        1,0           1           1         0,0           2

Performance Statistics   2015-10-19 14:02:00 - 2015-10-19 14:04:00
Tag                                                  Avg(ms)         Min         Max     Std Dev       Count
delta$Operation.edit#init                             2645,0        2645        2645         0,0           1
delta$Operation.edit#inject                              0,0           0           0         0,0           1
delta$Operation.edit#loadDescriptor                   1807,0        1807        1807         0,0           1
delta$Operation.edit#ready                               0,0           0           0         0,0           1
delta$Operation.edit#setItem                          2020,0        2020        2020         0,0           1
delta$Operation.edit#uiPermissions                       0,0           0           0         0,0           1
delta$Operation.edit#xml                                 6,0           6           6         0,0           1
delta$Operation.edit.windowActions#loadDescriptor         3,0           3           3         0,0           1
delta$Operation.edit@categoriesDs                       22,0          22          22         0,0           1
delta$Operation.edit@storagesDs                         23,0          23          23         0,0           1
windowActions#xml                                        2,0           2           2         0,0           1

Performance Statistics   2015-10-19 14:06:00 - 2015-10-19 14:08:00
Tag                                                  Avg(ms)         Min         Max     Std Dev       Count
delta$MainScreen#init                                   25,0          25          25         0,0           1
delta$MainScreen#inject                                  2,0           2           2         0,0           1
delta$MainScreen#loadDescriptor                        443,0         443         443         0,0           1
delta$MainScreen#ready                                   0,0           0           0         0,0           1
delta$MainScreen#uiPermissions                           0,0           0           0         0,0           1
delta$MainScreen#xml                                    11,0          11          11         0,0           1
delta$MainScreen.windowActions#init                      0,0           0           0         0,0           1
delta$MainScreen.windowActions#inject                    0,0           0           0         0,0           1
delta$MainScreen.windowActions#loadDescriptor           49,0          49          49         0,0           1
delta$MainScreen.windowActions#uiPermissions             0,0           0           0         0,0           1
delta$MainScreen@storagesDs                            283,0         283         283         0,0           1
delta$Operation.edit#init                                0,0           0           0         0,0           2
delta$Operation.edit#inject                              0,5           0           1         0,5           2
delta$Operation.edit#loadDescriptor                    276,0          21         531       255,0           2
delta$Operation.edit#ready                               0,0           0           0         0,0           2
delta$Operation.edit#setItem                            62,5          44          81        18,5           2
delta$Operation.edit#uiPermissions                       0,0           0           0         0,0           2
delta$Operation.edit#xml                                 4,5           3           6         1,5           2
delta$Operation.edit.windowActions#loadDescriptor         8,0           8           8         0,0           2
delta$Operation.edit@categoriesDs                       25,0          15          35        10,0           2
delta$Operation.edit@storagesDs                         26,0          26          26         0,0           1
delta$Storage.view#init                                 12,0          12          12         0,0           1
delta$Storage.view#inject                                1,0           1           1         0,0           1
delta$Storage.view#loadDescriptor                       50,0          50          50         0,0           1
delta$Storage.view#ready                                 0,0           0           0         0,0           1
delta$Storage.view#setItem                              67,0          67          67         0,0           1
delta$Storage.view#uiPermissions                         0,0           0           0         0,0           1
delta$Storage.view#xml                                   4,0           4           4         0,0           1
delta$Storage.view.windowActions#init                    0,0           0           0         0,0           1
delta$Storage.view.windowActions#inject                  0,0           0           0         0,0           1
delta$Storage.view.windowActions#loadDescriptor          5,0           5           5         0,0           1
delta$Storage.view.windowActions#uiPermissions           0,0           0           0         0,0           1
delta$Storage.view@operationsDs                        108,0         108         108         0,0           1
delta$Storage.view@storageCategoriesStatesDs            38,0          38          38         0,0           1
mainWindow#init                                         37,0          37          37         0,0           1
mainWindow#inject                                        6,0           6           6         0,0           1
mainWindow#loadDescriptor                              412,0         412         412         0,0           1
mainWindow#ready                                         0,0           0           0         0,0           1
mainWindow#uiPermissions                                 0,0           0           0         0,0           1
mainWindow#xml                                         164,0         164         164         0,0           1
windowActions#xml                                       12,0           2          34        12,8           4

Performance Statistics   2015-10-19 14:08:00 - 2015-10-19 14:10:00
Tag                                                  Avg(ms)         Min         Max     Std Dev       Count
delta$Operation.edit#init                             2822,0        2822        2822         0,0           1
delta$Operation.edit#inject                              0,0           0           0         0,0           1
delta$Operation.edit#loadDescriptor                     12,0          12          12         0,0           1
delta$Operation.edit#ready                               0,0           0           0         0,0           1
delta$Operation.edit#setItem                            38,0          38          38         0,0           1
delta$Operation.edit#uiPermissions                       0,0           0           0         0,0           1
delta$Operation.edit#xml                                 3,0           3           3         0,0           1
delta$Operation.edit.windowActions#loadDescriptor         2,0           2           2         0,0           1
delta$Operation.edit@categoriesDs                       13,0          13          13         0,0           1
delta$Storage.view@storageCategoriesStatesDs            27,0          10          44        17,0           2
windowActions#xml                                        1,0           1           1         0,0           1

Performance Statistics   2015-10-19 14:10:00 - 2015-10-19 14:12:00
Tag                                                  Avg(ms)         Min         Max     Std Dev       Count

Performance Statistics   2015-10-19 14:14:00 - 2015-10-19 14:16:00
Tag                                                  Avg(ms)         Min         Max     Std Dev       Count
delta$MainScreen#init                                   13,0           2          24        11,0           2
delta$MainScreen#inject                                  1,0           0           2         1,0           2
delta$MainScreen#loadDescriptor                        244,0          14         474       230,0           2
delta$MainScreen#ready                                   0,0           0           0         0,0           2
delta$MainScreen#uiPermissions                           0,0           0           0         0,0           2
delta$MainScreen#xml                                     9,0           3          15         6,0           2
delta$MainScreen.windowActions#init                      0,0           0           0         0,0           2
delta$MainScreen.windowActions#inject                    0,0           0           0         0,0           2
delta$MainScreen.windowActions#loadDescriptor           17,0           4          30        13,0           2
delta$MainScreen.windowActions#uiPermissions             0,0           0           0         0,0           2
delta$MainScreen@storagesDs                             87,0          13         161        74,0           2
delta$Operation.edit#init                                0,0           0           0         0,0           3
delta$Operation.edit#inject                              0,0           0           0         0,0           3
delta$Operation.edit#loadDescriptor                    176,7          11         491       222,4           3
delta$Operation.edit#ready                               0,0           0           0         0,0           3
delta$Operation.edit#setItem                            56,0           1          93        39,7           3
delta$Operation.edit#uiPermissions                       0,0           0           0         0,0           3
delta$Operation.edit#xml                                 4,3           3           7         1,9           3
delta$Operation.edit.windowActions#loadDescriptor         3,0           2           4         0,8           3
delta$Operation.edit@categoriesDs                       28,0          15          46        13,1           3
delta$Operation.edit@storagesDs                         28,0          27          29         1,0           2
delta$Storage.view#init                                 11,0          11          11         0,0           1
delta$Storage.view#inject                                1,0           1           1         0,0           1
delta$Storage.view#loadDescriptor                       64,0          64          64         0,0           1
delta$Storage.view#ready                                 0,0           0           0         0,0           1
delta$Storage.view#setItem                              54,0          54          54         0,0           1
delta$Storage.view#uiPermissions                         0,0           0           0         0,0           1
delta$Storage.view#xml                                   4,0           4           4         0,0           1
delta$Storage.view.windowActions#init                    0,0           0           0         0,0           1
delta$Storage.view.windowActions#inject                  0,0           0           0         0,0           1
delta$Storage.view.windowActions#loadDescriptor          4,0           4           4         0,0           1
delta$Storage.view.windowActions#uiPermissions           0,0           0           0         0,0           1
delta$Storage.view@operationsDs                         61,0          61          61         0,0           1
delta$Storage.view@storageCategoriesStatesDs            19,7          11          34        10,2           3
mainWindow#init                                         35,0          35          35         0,0           1
mainWindow#inject                                        6,0           6           6         0,0           1
mainWindow#loadDescriptor                              411,0         411         411         0,0           1
mainWindow#ready                                         0,0           0           0         0,0           1
mainWindow#uiPermissions                                 0,0           0           0         0,0           1
mainWindow#xml                                         179,0         179         179         0,0           1
windowActions#xml                                        4,0           1          14         4,5           6

Performance Statistics   2015-10-19 14:16:00 - 2015-10-19 14:18:00
Tag                                                  Avg(ms)         Min         Max     Std Dev       Count
delta$Operation.edit#init                                0,0           0           0         0,0           2
delta$Operation.edit#inject                              0,0           0           0         0,0           2
delta$Operation.edit#loadDescriptor                     20,5          20          21         0,5           2
delta$Operation.edit#ready                               0,0           0           0         0,0           2
delta$Operation.edit#setItem                            61,0          37          85        24,0           2
delta$Operation.edit#uiPermissions                       0,0           0           0         0,0           2
delta$Operation.edit#xml                                 4,5           4           5         0,5           2
delta$Operation.edit.windowActions#loadDescriptor         4,0           3           5         1,0           2
delta$Operation.edit@categoriesDs                       25,0          13          37        12,0           2
delta$Operation.edit@storagesDs                         16,0           8          24         8,0           2
delta$Storage.view#init                                  1,3           1           2         0,5           3
delta$Storage.view#inject                                0,0           0           0         0,0           3
delta$Storage.view#loadDescriptor                       13,3          12          14         0,9           3
delta$Storage.view#ready                                 0,0           0           0         0,0           3
delta$Storage.view#setItem                              19,0           9          26         7,3           3
delta$Storage.view#uiPermissions                         0,0           0           0         0,0           3
delta$Storage.view#xml                                   4,0           4           4         0,0           3
delta$Storage.view.windowActions#init                    0,0           0           0         0,0           3
delta$Storage.view.windowActions#inject                  0,0           0           0         0,0           3
delta$Storage.view.windowActions#loadDescriptor          4,3           3           5         0,9           3
delta$Storage.view.windowActions#uiPermissions           0,0           0           0         0,0           3
delta$Storage.view@operationsDs                         22,0          12          30         7,5           3
delta$Storage.view@storageCategoriesStatesDs            14,0           8          19         4,3           4
windowActions#xml                                        2,4           2           3         0,5           5

Performance Statistics   2015-10-19 14:18:00 - 2015-10-19 14:20:00
Tag                                                  Avg(ms)         Min         Max     Std Dev       Count
delta$Storage.view#init                                  1,0           1           1         0,0           1
delta$Storage.view#inject                                0,0           0           0         0,0           1
delta$Storage.view#loadDescriptor                       13,0          13          13         0,0           1
delta$Storage.view#ready                                 0,0           0           0         0,0           1
delta$Storage.view#setItem                              15,0          15          15         0,0           1
delta$Storage.view#uiPermissions                         0,0           0           0         0,0           1
delta$Storage.view#xml                                   4,0           4           4         0,0           1
delta$Storage.view.windowActions#init                    0,0           0           0         0,0           1
delta$Storage.view.windowActions#inject                  0,0           0           0         0,0           1
delta$Storage.view.windowActions#loadDescriptor          4,0           4           4         0,0           1
delta$Storage.view.windowActions#uiPermissions           0,0           0           0         0,0           1
delta$Storage.view@operationsDs                         19,0          19          19         0,0           1
delta$Storage.view@storageCategoriesStatesDs            11,0          10          12         1,0           2
windowActions#xml                                        2,0           2           2         0,0           1

Performance Statistics   2015-10-19 14:20:00 - 2015-10-19 14:22:00
Tag                                                  Avg(ms)         Min         Max     Std Dev       Count

Performance Statistics   2015-10-19 14:22:00 - 2015-10-19 14:24:00
Tag                                                  Avg(ms)         Min         Max     Std Dev       Count
delta$MainScreen#init                                   24,0          24          24         0,0           1
delta$MainScreen#inject                                  3,0           3           3         0,0           1
delta$MainScreen#loadDescriptor                        617,0         617         617         0,0           1
delta$MainScreen#ready                                   0,0           0           0         0,0           1
delta$MainScreen#uiPermissions                           0,0           0           0         0,0           1
delta$MainScreen#xml                                    10,0          10          10         0,0           1
delta$MainScreen.windowActions#init                      0,0           0           0         0,0           1
delta$MainScreen.windowActions#inject                    0,0           0           0         0,0           1
delta$MainScreen.windowActions#loadDescriptor           93,0          93          93         0,0           1
delta$MainScreen.windowActions#uiPermissions             0,0           0           0         0,0           1
delta$MainScreen@storagesDs                            168,0         168         168         0,0           1
delta$Operation.edit#inject                              0,0           0           0         0,0           3
delta$Operation.edit#loadDescriptor                    169,7          13         478       218,0           3
delta$Operation.edit#xml                                 3,3           3           4         0,5           3
delta$Operation.edit.windowActions#loadDescriptor         2,7           2           3         0,5           3
delta$Storage.view#init                                  9,0           9           9         0,0           1
delta$Storage.view#inject                                1,0           1           1         0,0           1
delta$Storage.view#loadDescriptor                       51,0          51          51         0,0           1
delta$Storage.view#ready                                 0,0           0           0         0,0           1
delta$Storage.view#setItem                              68,0          68          68         0,0           1
delta$Storage.view#uiPermissions                         0,0           0           0         0,0           1
delta$Storage.view#xml                                   4,0           4           4         0,0           1
delta$Storage.view.windowActions#init                    0,0           0           0         0,0           1
delta$Storage.view.windowActions#inject                  0,0           0           0         0,0           1
delta$Storage.view.windowActions#loadDescriptor          5,0           5           5         0,0           1
delta$Storage.view.windowActions#uiPermissions           0,0           0           0         0,0           1
delta$Storage.view@operationsDs                         90,0          90          90         0,0           1
delta$Storage.view@storageCategoriesStatesDs            33,0          33          33         0,0           1
mainWindow#init                                         36,0          36          36         0,0           1
mainWindow#inject                                        6,0           6           6         0,0           1
mainWindow#loadDescriptor                              589,0         589         589         0,0           1
mainWindow#ready                                         0,0           0           0         0,0           1
mainWindow#uiPermissions                                 0,0           0           0         0,0           1
mainWindow#xml                                         296,0         296         296         0,0           1
windowActions#xml                                       13,2           1          60        23,4           5

Performance Statistics   2015-10-19 14:24:00 - 2015-10-19 14:26:00
Tag                                                  Avg(ms)         Min         Max     Std Dev       Count
delta$Operation.edit#inject                              0,0           0           0         0,0           1
delta$Operation.edit#loadDescriptor                     16,0          16          16         0,0           1
delta$Operation.edit#xml                                 5,0           5           5         0,0           1
delta$Operation.edit.windowActions#loadDescriptor         2,0           2           2         0,0           1
windowActions#xml                                        1,0           1           1         0,0           1

Performance Statistics   2015-10-19 14:26:00 - 2015-10-19 14:28:00
Tag                                                  Avg(ms)         Min         Max     Std Dev       Count
delta$MainScreen#init                                   27,0          27          27         0,0           1
delta$MainScreen#inject                                  3,0           3           3         0,0           1
delta$MainScreen#loadDescriptor                        433,0         433         433         0,0           1
delta$MainScreen#ready                                   0,0           0           0         0,0           1
delta$MainScreen#uiPermissions                           0,0           0           0         0,0           1
delta$MainScreen#xml                                    11,0          11          11         0,0           1
delta$MainScreen.windowActions#init                      0,0           0           0         0,0           1
delta$MainScreen.windowActions#inject                    0,0           0           0         0,0           1
delta$MainScreen.windowActions#loadDescriptor           16,0          16          16         0,0           1
delta$MainScreen.windowActions#uiPermissions             0,0           0           0         0,0           1
delta$MainScreen@storagesDs                            442,0         442         442         0,0           1
delta$Operation.edit#init                                0,0           0           0         0,0           2
delta$Operation.edit#inject                              0,0           0           0         0,0           2
delta$Operation.edit#loadDescriptor                    862,0         428        1296       434,0           2
delta$Operation.edit#ready                               0,0           0           0         0,0           2
delta$Operation.edit#setItem                            75,5          75          76         0,5           2
delta$Operation.edit#uiPermissions                       0,0           0           0         0,0           2
delta$Operation.edit#xml                                 3,5           3           4         0,5           2
delta$Operation.edit.windowActions#loadDescriptor         3,0           3           3         0,0           2
delta$Operation.edit@categoriesDs                       27,0          21          33         6,0           2
delta$Operation.edit@storagesDs                         26,0          26          26         0,0           1
delta$Storage.view#init                                 28,0          28          28         0,0           1
delta$Storage.view#inject                                2,0           2           2         0,0           1
delta$Storage.view#loadDescriptor                      176,0         176         176         0,0           1
delta$Storage.view#ready                                 0,0           0           0         0,0           1
delta$Storage.view#setItem                              79,0          79          79         0,0           1
delta$Storage.view#uiPermissions                         0,0           0           0         0,0           1
delta$Storage.view#xml                                   6,0           6           6         0,0           1
delta$Storage.view.windowActions#init                    0,0           0           0         0,0           1
delta$Storage.view.windowActions#inject                  0,0           0           0         0,0           1
delta$Storage.view.windowActions#loadDescriptor        105,0         105         105         0,0           1
delta$Storage.view.windowActions#uiPermissions           0,0           0           0         0,0           1
delta$Storage.view@operationsDs                         90,0          90          90         0,0           1
delta$Storage.view@storageCategoriesStatesDs            38,0          27          49        11,0           2
mainWindow#init                                         42,0          42          42         0,0           1
mainWindow#inject                                        7,0           7           7         0,0           1
mainWindow#loadDescriptor                              536,0         536         536         0,0           1
mainWindow#ready                                         0,0           0           0         0,0           1
mainWindow#uiPermissions                                 0,0           0           0         0,0           1
mainWindow#xml                                         235,0         235         235         0,0           1
windowActions#xml                                       26,5           1         101        43,0           4

Performance Statistics   2015-10-19 14:28:00 - 2015-10-19 14:30:00
Tag                                                  Avg(ms)         Min         Max     Std Dev       Count
delta$Storage.view@storageCategoriesStatesDs            22,0          22          22         0,0           1

Performance Statistics   2015-10-19 14:30:00 - 2015-10-19 14:32:00
Tag                                                  Avg(ms)         Min         Max     Std Dev       Count

Performance Statistics   2015-10-19 14:32:00 - 2015-10-19 14:34:00
Tag                                                  Avg(ms)         Min         Max     Std Dev       Count

Performance Statistics   2015-10-19 14:34:00 - 2015-10-19 14:36:00
Tag                                                  Avg(ms)         Min         Max     Std Dev       Count

Performance Statistics   2015-10-19 14:36:00 - 2015-10-19 14:38:00
Tag                                                  Avg(ms)         Min         Max     Std Dev       Count

Performance Statistics   2015-10-19 14:38:00 - 2015-10-19 14:40:00
Tag                                                  Avg(ms)         Min         Max     Std Dev       Count

Performance Statistics   2015-10-19 14:40:00 - 2015-10-19 14:42:00
Tag                                                  Avg(ms)         Min         Max     Std Dev       Count

Performance Statistics   2015-10-19 14:42:00 - 2015-10-19 14:44:00
Tag                                                  Avg(ms)         Min         Max     Std Dev       Count

Performance Statistics   2015-10-19 14:44:00 - 2015-10-19 14:46:00
Tag                                                  Avg(ms)         Min         Max     Std Dev       Count

Performance Statistics   2015-10-19 14:46:00 - 2015-10-19 14:48:00
Tag                                                  Avg(ms)         Min         Max     Std Dev       Count

Performance Statistics   2015-10-19 14:48:00 - 2015-10-19 14:50:00
Tag                                                  Avg(ms)         Min         Max     Std Dev       Count

Performance Statistics   2015-10-19 14:50:00 - 2015-10-19 14:52:00
Tag                                                  Avg(ms)         Min         Max     Std Dev       Count

Performance Statistics   2015-10-19 14:52:00 - 2015-10-19 14:54:00
Tag                                                  Avg(ms)         Min         Max     Std Dev       Count

Performance Statistics   2015-10-19 14:54:00 - 2015-10-19 14:56:00
Tag                                                  Avg(ms)         Min         Max     Std Dev       Count

Performance Statistics   2015-10-19 14:56:00 - 2015-10-19 14:58:00
Tag                                                  Avg(ms)         Min         Max     Std Dev       Count

Performance Statistics   2015-10-19 14:58:00 - 2015-10-19 15:00:00
Tag                                                  Avg(ms)         Min         Max     Std Dev       Count

Performance Statistics   2015-10-19 15:00:00 - 2015-10-19 15:02:00
Tag                                                  Avg(ms)         Min         Max     Std Dev       Count

Performance Statistics   2015-10-19 15:02:00 - 2015-10-19 15:04:00
Tag                                                  Avg(ms)         Min         Max     Std Dev       Count

Performance Statistics   2015-10-19 15:04:00 - 2015-10-19 15:06:00
Tag                                                  Avg(ms)         Min         Max     Std Dev       Count

Performance Statistics   2015-10-19 15:06:00 - 2015-10-19 15:08:00
Tag                                                  Avg(ms)         Min         Max     Std Dev       Count

Performance Statistics   2015-10-19 15:08:00 - 2015-10-19 15:10:00
Tag                                                  Avg(ms)         Min         Max     Std Dev       Count

Performance Statistics   2015-10-19 15:10:00 - 2015-10-19 15:12:00
Tag                                                  Avg(ms)         Min         Max     Std Dev       Count

Performance Statistics   2015-10-19 15:12:00 - 2015-10-19 15:14:00
Tag                                                  Avg(ms)         Min         Max     Std Dev       Count

Performance Statistics   2015-10-19 15:14:00 - 2015-10-19 15:16:00
Tag                                                  Avg(ms)         Min         Max     Std Dev       Count

Performance Statistics   2015-10-19 15:16:00 - 2015-10-19 15:18:00
Tag                                                  Avg(ms)         Min         Max     Std Dev       Count

Performance Statistics   2015-10-19 15:18:00 - 2015-10-19 15:20:00
Tag                                                  Avg(ms)         Min         Max     Std Dev       Count

Performance Statistics   2015-10-19 15:20:00 - 2015-10-19 15:22:00
Tag                                                  Avg(ms)         Min         Max     Std Dev       Count

Performance Statistics   2015-10-19 15:22:00 - 2015-10-19 15:24:00
Tag                                                  Avg(ms)         Min         Max     Std Dev       Count

Performance Statistics   2015-10-19 15:24:00 - 2015-10-19 15:26:00
Tag                                                  Avg(ms)         Min         Max     Std Dev       Count

Performance Statistics   2015-10-19 15:26:00 - 2015-10-19 15:28:00
Tag                                                  Avg(ms)         Min         Max     Std Dev       Count

Performance Statistics   2015-10-19 15:28:00 - 2015-10-19 15:30:00
Tag                                                  Avg(ms)         Min         Max     Std Dev       Count

Performance Statistics   2015-10-19 15:30:00 - 2015-10-19 15:32:00
Tag                                                  Avg(ms)         Min         Max     Std Dev       Count

Performance Statistics   2015-10-19 15:32:00 - 2015-10-19 15:34:00
Tag                                                  Avg(ms)         Min         Max     Std Dev       Count

Performance Statistics   2015-10-19 15:34:00 - 2015-10-19 15:36:00
Tag                                                  Avg(ms)         Min         Max     Std Dev       Count

Performance Statistics   2015-10-19 15:36:00 - 2015-10-19 15:38:00
Tag                                                  Avg(ms)         Min         Max     Std Dev       Count

Performance Statistics   2015-10-19 15:38:00 - 2015-10-19 15:40:00
Tag                                                  Avg(ms)         Min         Max     Std Dev       Count

Performance Statistics   2015-10-19 15:40:00 - 2015-10-19 15:42:00
Tag                                                  Avg(ms)         Min         Max     Std Dev       Count

Performance Statistics   2015-10-19 15:42:00 - 2015-10-19 15:44:00
Tag                                                  Avg(ms)         Min         Max     Std Dev       Count

Performance Statistics   2015-10-19 15:44:00 - 2015-10-19 15:46:00
Tag                                                  Avg(ms)         Min         Max     Std Dev       Count

Performance Statistics   2015-10-19 15:46:00 - 2015-10-19 15:48:00
Tag                                                  Avg(ms)         Min         Max     Std Dev       Count

Performance Statistics   2015-10-19 15:48:00 - 2015-10-19 15:50:00
Tag                                                  Avg(ms)         Min         Max     Std Dev       Count

Performance Statistics   2015-10-19 15:50:00 - 2015-10-19 15:52:00
Tag                                                  Avg(ms)         Min         Max     Std Dev       Count

Performance Statistics   2015-10-19 15:52:00 - 2015-10-19 15:54:00
Tag                                                  Avg(ms)         Min         Max     Std Dev       Count

Performance Statistics   2015-10-19 15:54:00 - 2015-10-19 15:56:00
Tag                                                  Avg(ms)         Min         Max     Std Dev       Count

Performance Statistics   2015-10-19 15:56:00 - 2015-10-19 15:58:00
Tag                                                  Avg(ms)         Min         Max     Std Dev       Count

Performance Statistics   2015-10-19 15:58:00 - 2015-10-19 16:00:00
Tag                                                  Avg(ms)         Min         Max     Std Dev       Count

Performance Statistics   2015-10-19 16:00:00 - 2015-10-19 16:02:00
Tag                                                  Avg(ms)         Min         Max     Std Dev       Count

Performance Statistics   2015-10-19 16:02:00 - 2015-10-19 16:04:00
Tag                                                  Avg(ms)         Min         Max     Std Dev       Count

Performance Statistics   2015-10-19 16:04:00 - 2015-10-19 16:06:00
Tag                                                  Avg(ms)         Min         Max     Std Dev       Count

Performance Statistics   2015-10-19 16:06:00 - 2015-10-19 16:08:00
Tag                                                  Avg(ms)         Min         Max     Std Dev       Count

Performance Statistics   2015-10-19 16:08:00 - 2015-10-19 16:10:00
Tag                                                  Avg(ms)         Min         Max     Std Dev       Count

Performance Statistics   2015-10-19 16:10:00 - 2015-10-19 16:12:00
Tag                                                  Avg(ms)         Min         Max     Std Dev       Count

Performance Statistics   2015-10-19 16:12:00 - 2015-10-19 16:14:00
Tag                                                  Avg(ms)         Min         Max     Std Dev       Count

Performance Statistics   2015-10-19 16:14:00 - 2015-10-19 16:16:00
Tag                                                  Avg(ms)         Min         Max     Std Dev       Count

Performance Statistics   2015-10-19 16:16:00 - 2015-10-19 16:18:00
Tag                                                  Avg(ms)         Min         Max     Std Dev       Count

Performance Statistics   2015-10-19 16:18:00 - 2015-10-19 16:20:00
Tag                                                  Avg(ms)         Min         Max     Std Dev       Count

Performance Statistics   2015-10-19 16:20:00 - 2015-10-19 16:22:00
Tag                                                  Avg(ms)         Min         Max     Std Dev       Count

Performance Statistics   2015-10-19 16:22:00 - 2015-10-19 16:24:00
Tag                                                  Avg(ms)         Min         Max     Std Dev       Count

Performance Statistics   2015-10-19 16:24:00 - 2015-10-19 16:26:00
Tag                                                  Avg(ms)         Min         Max     Std Dev       Count

Performance Statistics   2015-10-19 16:26:00 - 2015-10-19 16:28:00
Tag                                                  Avg(ms)         Min         Max     Std Dev       Count

Performance Statistics   2015-10-19 16:28:00 - 2015-10-19 16:30:00
Tag                                                  Avg(ms)         Min         Max     Std Dev       Count

Performance Statistics   2015-10-19 16:30:00 - 2015-10-19 16:32:00
Tag                                                  Avg(ms)         Min         Max     Std Dev       Count

Performance Statistics   2015-10-19 17:04:00 - 2015-10-19 17:06:00
Tag                                                  Avg(ms)         Min         Max     Std Dev       Count
delta$MainScreen#init                                   14,0          14          14         0,0           1
delta$MainScreen#inject                                 12,0          12          12         0,0           1
delta$MainScreen#loadDescriptor                        687,0         687         687         0,0           1
delta$MainScreen#ready                                   0,0           0           0         0,0           1
delta$MainScreen#uiPermissions                           0,0           0           0         0,0           1
delta$MainScreen#xml                                    10,0          10          10         0,0           1
delta$MainScreen.windowActions#init                      0,0           0           0         0,0           1
delta$MainScreen.windowActions#inject                    0,0           0           0         0,0           1
delta$MainScreen.windowActions#loadDescriptor           96,0          96          96         0,0           1
delta$MainScreen.windowActions#uiPermissions             0,0           0           0         0,0           1
delta$MainScreen@storagesDs                            144,0         144         144         0,0           1
delta$Storage.view#init                                 35,0          35          35         0,0           1
delta$Storage.view#inject                                1,0           1           1         0,0           1
delta$Storage.view#loadDescriptor                       98,0          98          98         0,0           1
delta$Storage.view#ready                                 0,0           0           0         0,0           1
delta$Storage.view#setItem                              54,0          54          54         0,0           1
delta$Storage.view#uiPermissions                         0,0           0           0         0,0           1
delta$Storage.view#xml                                   8,0           8           8         0,0           1
delta$Storage.view.windowActions#init                    0,0           0           0         0,0           1
delta$Storage.view.windowActions#inject                  0,0           0           0         0,0           1
delta$Storage.view.windowActions#loadDescriptor          8,0           8           8         0,0           1
delta$Storage.view.windowActions#uiPermissions           0,0           0           0         0,0           1
delta$Storage.view@operationsDs                         77,0          77          77         0,0           1
delta$Storage.view@storageCategoriesStatesDs            43,0          43          43         0,0           1
mainWindow#init                                        104,0         104         104         0,0           1
mainWindow#inject                                        6,0           6           6         0,0           1
mainWindow#loadDescriptor                              751,0         751         751         0,0           1
mainWindow#ready                                         0,0           0           0         0,0           1
mainWindow#uiPermissions                                 0,0           0           0         0,0           1
mainWindow#xml                                         468,0         468         468         0,0           1
windowActions#xml                                       32,5           2          63        30,5           2

Performance Statistics   2015-10-19 17:06:00 - 2015-10-19 17:08:00
Tag                                                  Avg(ms)         Min         Max     Std Dev       Count

Performance Statistics   2015-10-19 17:08:00 - 2015-10-19 17:10:00
Tag                                                  Avg(ms)         Min         Max     Std Dev       Count

Performance Statistics   2015-10-19 17:10:00 - 2015-10-19 17:12:00
Tag                                                  Avg(ms)         Min         Max     Std Dev       Count

Performance Statistics   2015-10-19 17:12:00 - 2015-10-19 17:14:00
Tag                                                  Avg(ms)         Min         Max     Std Dev       Count

Performance Statistics   2015-10-19 17:14:00 - 2015-10-19 17:16:00
Tag                                                  Avg(ms)         Min         Max     Std Dev       Count

Performance Statistics   2015-10-19 17:16:00 - 2015-10-19 17:18:00
Tag                                                  Avg(ms)         Min         Max     Std Dev       Count

Performance Statistics   2015-10-19 17:18:00 - 2015-10-19 17:20:00
Tag                                                  Avg(ms)         Min         Max     Std Dev       Count

Performance Statistics   2015-10-19 17:22:00 - 2015-10-19 17:24:00
Tag                                                  Avg(ms)         Min         Max     Std Dev       Count
delta$MainScreen#init                                   25,0          25          25         0,0           1
delta$MainScreen#inject                                 18,0          18          18         0,0           1
delta$MainScreen#loadDescriptor                        560,0         560         560         0,0           1
delta$MainScreen#ready                                   0,0           0           0         0,0           1
delta$MainScreen#uiPermissions                           0,0           0           0         0,0           1
delta$MainScreen#xml                                    16,0          16          16         0,0           1
delta$MainScreen.windowActions#init                      0,0           0           0         0,0           1
delta$MainScreen.windowActions#inject                    0,0           0           0         0,0           1
delta$MainScreen.windowActions#loadDescriptor           33,0          33          33         0,0           1
delta$MainScreen.windowActions#uiPermissions             0,0           0           0         0,0           1
delta$MainScreen@storagesDs                            163,0         163         163         0,0           1
mainWindow#init                                         31,0          31          31         0,0           1
mainWindow#inject                                        6,0           6           6         0,0           1
mainWindow#loadDescriptor                              480,0         480         480         0,0           1
mainWindow#ready                                         0,0           0           0         0,0           1
mainWindow#uiPermissions                                 0,0           0           0         0,0           1
mainWindow#xml                                         225,0         225         225         0,0           1
windowActions#xml                                        9,0           9           9         0,0           1

Performance Statistics   2015-10-19 17:24:00 - 2015-10-19 17:26:00
Tag                                                  Avg(ms)         Min         Max     Std Dev       Count

Performance Statistics   2015-10-19 17:26:00 - 2015-10-19 17:28:00
Tag                                                  Avg(ms)         Min         Max     Std Dev       Count
delta$Storage.view#init                                 20,0          20          20         0,0           1
delta$Storage.view#inject                                1,0           1           1         0,0           1
delta$Storage.view#loadDescriptor                      171,0         171         171         0,0           1
delta$Storage.view#ready                                 0,0           0           0         0,0           1
delta$Storage.view#setItem                              63,0          63          63         0,0           1
delta$Storage.view#uiPermissions                         0,0           0           0         0,0           1
delta$Storage.view#xml                                   5,0           5           5         0,0           1
delta$Storage.view.windowActions#init                    0,0           0           0         0,0           1
delta$Storage.view.windowActions#inject                  0,0           0           0         0,0           1
delta$Storage.view.windowActions#loadDescriptor          6,0           6           6         0,0           1
delta$Storage.view.windowActions#uiPermissions           0,0           0           0         0,0           1
delta$Storage.view@operationsDs                        526,0         526         526         0,0           1
delta$Storage.view@storageCategoriesStatesDs            46,0          46          46         0,0           1
windowActions#xml                                        3,0           3           3         0,0           1

Performance Statistics   2015-10-19 17:28:00 - 2015-10-19 17:30:00
Tag                                                  Avg(ms)         Min         Max     Std Dev       Count

