Performance Statistics   2015-10-19 13:32:30 - 2015-10-19 13:33:00
Tag                                                  Avg(ms)         Min         Max     Std Dev       Count
Messages.searchClasspath                                 0,4           0          48         4,0         350
Messages.searchFiles                                     0,0           0          12         0,6         350

Performance Statistics   2015-10-19 13:33:00 - 2015-10-19 13:33:30
Tag                                                  Avg(ms)         Min         Max     Std Dev       Count
Messages.searchClasspath                                 0,1           0          16         1,1         292
Messages.searchFiles                                     0,1           0          13         0,8         292

Performance Statistics   2015-10-19 13:33:30 - 2015-10-19 13:34:00
Tag                                                  Avg(ms)         Min         Max     Std Dev       Count
AppFolders                                              86,0          86          86         0,0           1
LoadClass                                                0,6           0           3         1,0           8
Messages.searchClasspath                                 0,2           0          96         3,6        1141
Messages.searchFiles                                     0,0           0           1         0,0        1141
Metadata.replaceExtendedMetaClasses                      2,5           1           4         1,5           2
SearchFolders                                          281,0         281         281         0,0           1
ViewRepository.init.ViewRepositoryClientImpl            17,0          17          17         0,0           1
ViewRepository.init.ViewRepositoryImpl                   9,0           9           9         0,0           1

Performance Statistics   2015-10-19 13:34:00 - 2015-10-19 13:34:30
Tag                                                  Avg(ms)         Min         Max     Std Dev       Count

Performance Statistics   2015-10-19 13:34:30 - 2015-10-19 13:35:00
Tag                                                  Avg(ms)         Min         Max     Std Dev       Count

Performance Statistics   2015-10-19 13:35:00 - 2015-10-19 13:35:30
Tag                                                  Avg(ms)         Min         Max     Std Dev       Count

Performance Statistics   2015-10-19 13:35:30 - 2015-10-19 13:36:00
Tag                                                  Avg(ms)         Min         Max     Std Dev       Count

Performance Statistics   2015-10-19 13:36:30 - 2015-10-19 13:37:00
Tag                                                  Avg(ms)         Min         Max     Std Dev       Count
Messages.searchClasspath                                 1,9           0         378        23,6         570
Messages.searchFiles                                     0,1           0          24         1,1         570

Performance Statistics   2015-10-19 13:37:00 - 2015-10-19 13:37:30
Tag                                                  Avg(ms)         Min         Max     Std Dev       Count
AppFolders                                              69,0          69          69         0,0           1
LoadClass                                                1,0           0           2         1,0           2
Messages.searchClasspath                                 0,1           0           5         0,4         358
Messages.searchFiles                                     0,0           0           0         0,0         358
Metadata.replaceExtendedMetaClasses                      1,0           1           1         0,0           2
SearchFolders                                           73,0          73          73         0,0           1
ViewRepository.init.ViewRepositoryClientImpl            17,0          17          17         0,0           1

Performance Statistics   2015-10-19 13:37:30 - 2015-10-19 13:38:00
Tag                                                  Avg(ms)         Min         Max     Std Dev       Count
LoadClass                                                0,1           0           1         0,3          14
Messages.searchClasspath                                 0,0           0           3         0,2         915
Messages.searchFiles                                     0,0           0          38         1,3         915
ViewRepository.init.ViewRepositoryImpl                  16,0          16          16         0,0           1

Performance Statistics   2015-10-19 13:38:00 - 2015-10-19 13:38:30
Tag                                                  Avg(ms)         Min         Max     Std Dev       Count
Messages.searchClasspath                                 0,0           0           0         0,0          13
Messages.searchFiles                                     0,0           0           0         0,0          13

Performance Statistics   2015-10-19 13:38:30 - 2015-10-19 13:39:00
Tag                                                  Avg(ms)         Min         Max     Std Dev       Count

Performance Statistics   2015-10-19 13:39:00 - 2015-10-19 13:39:30
Tag                                                  Avg(ms)         Min         Max     Std Dev       Count
AppFolders                                               4,0           4           4         0,0           1
LoadClass                                                0,0           0           0         0,0           2
Messages.searchClasspath                                 0,0           0           2         0,1         347
Messages.searchFiles                                     0,0           0           0         0,0         358
SearchFolders                                            6,0           6           6         0,0           1

Performance Statistics   2015-10-19 13:39:30 - 2015-10-19 13:40:00
Tag                                                  Avg(ms)         Min         Max     Std Dev       Count
LoadClass                                              353,8           0        2333       765,5           8
Messages.searchClasspath                                 0,0           0           2         0,1        1021
Messages.searchFiles                                     0,0           0           6         0,2        1039

Performance Statistics   2015-10-19 13:40:00 - 2015-10-19 13:40:30
Tag                                                  Avg(ms)         Min         Max     Std Dev       Count

Performance Statistics   2015-10-19 13:40:30 - 2015-10-19 13:41:00
Tag                                                  Avg(ms)         Min         Max     Std Dev       Count

Performance Statistics   2015-10-19 13:41:30 - 2015-10-19 13:42:00
Tag                                                  Avg(ms)         Min         Max     Std Dev       Count

Performance Statistics   2015-10-19 13:43:00 - 2015-10-19 13:43:30
Tag                                                  Avg(ms)         Min         Max     Std Dev       Count

Performance Statistics   2015-10-19 13:43:30 - 2015-10-19 13:44:00
Tag                                                  Avg(ms)         Min         Max     Std Dev       Count

Performance Statistics   2015-10-19 13:44:00 - 2015-10-19 13:44:30
Tag                                                  Avg(ms)         Min         Max     Std Dev       Count

Performance Statistics   2015-10-19 13:44:30 - 2015-10-19 13:45:00
Tag                                                  Avg(ms)         Min         Max     Std Dev       Count

Performance Statistics   2015-10-19 13:45:00 - 2015-10-19 13:45:30
Tag                                                  Avg(ms)         Min         Max     Std Dev       Count

Performance Statistics   2015-10-19 13:45:30 - 2015-10-19 13:46:00
Tag                                                  Avg(ms)         Min         Max     Std Dev       Count

Performance Statistics   2015-10-19 13:46:00 - 2015-10-19 13:46:30
Tag                                                  Avg(ms)         Min         Max     Std Dev       Count

Performance Statistics   2015-10-19 13:46:30 - 2015-10-19 13:47:00
Tag                                                  Avg(ms)         Min         Max     Std Dev       Count

Performance Statistics   2015-10-19 13:47:00 - 2015-10-19 13:47:30
Tag                                                  Avg(ms)         Min         Max     Std Dev       Count

Performance Statistics   2015-10-19 13:47:30 - 2015-10-19 13:48:00
Tag                                                  Avg(ms)         Min         Max     Std Dev       Count

Performance Statistics   2015-10-19 13:48:00 - 2015-10-19 13:48:30
Tag                                                  Avg(ms)         Min         Max     Std Dev       Count

Performance Statistics   2015-10-19 13:48:30 - 2015-10-19 13:49:00
Tag                                                  Avg(ms)         Min         Max     Std Dev       Count

Performance Statistics   2015-10-19 13:49:00 - 2015-10-19 13:49:30
Tag                                                  Avg(ms)         Min         Max     Std Dev       Count

Performance Statistics   2015-10-19 13:49:30 - 2015-10-19 13:50:00
Tag                                                  Avg(ms)         Min         Max     Std Dev       Count

Performance Statistics   2015-10-19 13:50:00 - 2015-10-19 13:50:30
Tag                                                  Avg(ms)         Min         Max     Std Dev       Count

Performance Statistics   2015-10-19 13:50:30 - 2015-10-19 13:51:00
Tag                                                  Avg(ms)         Min         Max     Std Dev       Count

Performance Statistics   2015-10-19 13:51:00 - 2015-10-19 13:51:30
Tag                                                  Avg(ms)         Min         Max     Std Dev       Count

Performance Statistics   2015-10-19 13:51:30 - 2015-10-19 13:52:00
Tag                                                  Avg(ms)         Min         Max     Std Dev       Count

Performance Statistics   2015-10-19 13:52:00 - 2015-10-19 13:52:30
Tag                                                  Avg(ms)         Min         Max     Std Dev       Count

Performance Statistics   2015-10-19 13:52:30 - 2015-10-19 13:53:00
Tag                                                  Avg(ms)         Min         Max     Std Dev       Count

Performance Statistics   2015-10-19 13:53:00 - 2015-10-19 13:53:30
Tag                                                  Avg(ms)         Min         Max     Std Dev       Count

Performance Statistics   2015-10-19 13:53:30 - 2015-10-19 13:54:00
Tag                                                  Avg(ms)         Min         Max     Std Dev       Count

Performance Statistics   2015-10-19 13:54:00 - 2015-10-19 13:54:30
Tag                                                  Avg(ms)         Min         Max     Std Dev       Count

Performance Statistics   2015-10-19 13:54:30 - 2015-10-19 13:55:00
Tag                                                  Avg(ms)         Min         Max     Std Dev       Count

Performance Statistics   2015-10-19 13:55:00 - 2015-10-19 13:55:30
Tag                                                  Avg(ms)         Min         Max     Std Dev       Count

Performance Statistics   2015-10-19 13:55:30 - 2015-10-19 13:56:00
Tag                                                  Avg(ms)         Min         Max     Std Dev       Count

Performance Statistics   2015-10-19 13:56:00 - 2015-10-19 13:56:30
Tag                                                  Avg(ms)         Min         Max     Std Dev       Count

Performance Statistics   2015-10-19 13:57:00 - 2015-10-19 13:57:30
Tag                                                  Avg(ms)         Min         Max     Std Dev       Count
Messages.searchClasspath                                 0,4           0           1         0,5           5
Messages.searchFiles                                     2,2           0          13         4,8           6

Performance Statistics   2015-10-19 13:57:30 - 2015-10-19 13:58:00
Tag                                                  Avg(ms)         Min         Max     Std Dev       Count
Messages.searchClasspath                                 0,3           0          39         2,6         565
Messages.searchFiles                                     0,0           0           7         0,4         564

Performance Statistics   2015-10-19 13:58:00 - 2015-10-19 13:58:30
Tag                                                  Avg(ms)         Min         Max     Std Dev       Count

Performance Statistics   2015-10-19 13:58:30 - 2015-10-19 13:59:00
Tag                                                  Avg(ms)         Min         Max     Std Dev       Count
Messages.searchClasspath                                 0,1           0           2         0,4          72
Messages.searchFiles                                     0,0           0           2         0,2          72

Performance Statistics   2015-10-19 13:59:00 - 2015-10-19 13:59:30
Tag                                                  Avg(ms)         Min         Max     Std Dev       Count
AppFolders                                             143,0         143         143         0,0           1
LoadClass                                                0,4           0           3         0,9          10
Messages.searchClasspath                                 0,1           0          31         1,2        1214
Messages.searchFiles                                     0,0           0           1         0,0        1214
Metadata.replaceExtendedMetaClasses                      1,5           1           2         0,5           2
SearchFolders                                           88,0          88          88         0,0           1
ViewRepository.init.ViewRepositoryClientImpl            21,0          21          21         0,0           1
ViewRepository.init.ViewRepositoryImpl                  15,0          15          15         0,0           1

Performance Statistics   2015-10-19 13:59:30 - 2015-10-19 14:00:00
Tag                                                  Avg(ms)         Min         Max     Std Dev       Count

Performance Statistics   2015-10-19 14:00:00 - 2015-10-19 14:00:30
Tag                                                  Avg(ms)         Min         Max     Std Dev       Count
LoadClass                                                0,0           0           0         0,0           2

Performance Statistics   2015-10-19 14:00:30 - 2015-10-19 14:01:00
Tag                                                  Avg(ms)         Min         Max     Std Dev       Count

Performance Statistics   2015-10-19 14:01:00 - 2015-10-19 14:01:30
Tag                                                  Avg(ms)         Min         Max     Std Dev       Count

Performance Statistics   2015-10-19 14:01:30 - 2015-10-19 14:02:00
Tag                                                  Avg(ms)         Min         Max     Std Dev       Count
LoadClass                                                0,0           0           0         0,0           2
Messages.searchClasspath                                 0,0           0           1         0,1         104
Messages.searchFiles                                     0,0           0           0         0,0         104

Performance Statistics   2015-10-19 14:02:00 - 2015-10-19 14:02:30
Tag                                                  Avg(ms)         Min         Max     Std Dev       Count

Performance Statistics   2015-10-19 14:02:30 - 2015-10-19 14:03:00
Tag                                                  Avg(ms)         Min         Max     Std Dev       Count
LoadClass                                              889,0           0        1778       889,0           2
Messages.searchClasspath                                 0,0           0           2         0,1         254
Messages.searchFiles                                     0,0           0           0         0,0         255

Performance Statistics   2015-10-19 14:03:00 - 2015-10-19 14:03:30
Tag                                                  Avg(ms)         Min         Max     Std Dev       Count
Messages.searchClasspath                                 0,0           0           0         0,0         169
Messages.searchFiles                                     0,0           0           0         0,0         169

Performance Statistics   2015-10-19 14:03:30 - 2015-10-19 14:04:00
Tag                                                  Avg(ms)         Min         Max     Std Dev       Count

Performance Statistics   2015-10-19 14:04:00 - 2015-10-19 14:04:30
Tag                                                  Avg(ms)         Min         Max     Std Dev       Count

Performance Statistics   2015-10-19 14:04:30 - 2015-10-19 14:05:00
Tag                                                  Avg(ms)         Min         Max     Std Dev       Count

Performance Statistics   2015-10-19 14:05:00 - 2015-10-19 14:05:30
Tag                                                  Avg(ms)         Min         Max     Std Dev       Count

Performance Statistics   2015-10-19 14:05:30 - 2015-10-19 14:06:00
Tag                                                  Avg(ms)         Min         Max     Std Dev       Count

Performance Statistics   2015-10-19 14:06:00 - 2015-10-19 14:06:30
Tag                                                  Avg(ms)         Min         Max     Std Dev       Count
Messages.searchClasspath                                 0,1           0           7         0,6         195
Messages.searchFiles                                     0,1           0          10         0,7         195

Performance Statistics   2015-10-19 14:06:30 - 2015-10-19 14:07:00
Tag                                                  Avg(ms)         Min         Max     Std Dev       Count
Messages.searchClasspath                                 0,1           0           8         0,5         570
Messages.searchFiles                                     0,0           0          11         0,5         570

Performance Statistics   2015-10-19 14:07:00 - 2015-10-19 14:07:30
Tag                                                  Avg(ms)         Min         Max     Std Dev       Count
AppFolders                                              61,0          61          61         0,0           1
LoadClass                                                1,1           0           8         2,6           8
Messages.searchClasspath                                 0,0           0           3         0,2        1221
Messages.searchFiles                                     0,0           0           1         0,0        1221
Metadata.replaceExtendedMetaClasses                      4,0           1           7         3,0           2
SearchFolders                                           75,0          75          75         0,0           1
ViewRepository.init.ViewRepositoryClientImpl            26,0          26          26         0,0           1
ViewRepository.init.ViewRepositoryImpl                  16,0          16          16         0,0           1

Performance Statistics   2015-10-19 14:07:30 - 2015-10-19 14:08:00
Tag                                                  Avg(ms)         Min         Max     Std Dev       Count
LoadClass                                                0,0           0           0         0,0           4
Messages.searchClasspath                                 0,1           0           6         0,5         211
Messages.searchFiles                                     0,0           0           4         0,3         211

Performance Statistics   2015-10-19 14:08:00 - 2015-10-19 14:08:30
Tag                                                  Avg(ms)         Min         Max     Std Dev       Count
LoadClass                                                0,0           0           0         0,0           2

Performance Statistics   2015-10-19 14:09:00 - 2015-10-19 14:09:30
Tag                                                  Avg(ms)         Min         Max     Std Dev       Count
Messages.searchClasspath                                 0,1           0           8         0,7         160
Messages.searchFiles                                     0,1           0          12         0,9         160

Performance Statistics   2015-10-19 14:09:30 - 2015-10-19 14:10:00
Tag                                                  Avg(ms)         Min         Max     Std Dev       Count
Messages.searchClasspath                                 0,1           0           7         0,4         410
Messages.searchFiles                                     0,0           0           2         0,1         410

Performance Statistics   2015-10-19 14:10:00 - 2015-10-19 14:10:30
Tag                                                  Avg(ms)         Min         Max     Std Dev       Count

Performance Statistics   2015-10-19 14:10:30 - 2015-10-19 14:11:00
Tag                                                  Avg(ms)         Min         Max     Std Dev       Count

Performance Statistics   2015-10-19 14:11:00 - 2015-10-19 14:11:30
Tag                                                  Avg(ms)         Min         Max     Std Dev       Count

Performance Statistics   2015-10-19 14:11:30 - 2015-10-19 14:12:00
Tag                                                  Avg(ms)         Min         Max     Std Dev       Count

Performance Statistics   2015-10-19 14:12:00 - 2015-10-19 14:12:30
Tag                                                  Avg(ms)         Min         Max     Std Dev       Count

Performance Statistics   2015-10-19 14:12:30 - 2015-10-19 14:13:00
Tag                                                  Avg(ms)         Min         Max     Std Dev       Count

Performance Statistics   2015-10-19 14:13:00 - 2015-10-19 14:13:30
Tag                                                  Avg(ms)         Min         Max     Std Dev       Count

Performance Statistics   2015-10-19 14:13:30 - 2015-10-19 14:14:00
Tag                                                  Avg(ms)         Min         Max     Std Dev       Count
Messages.searchClasspath                                 0,1           0           8         0,6         570
Messages.searchFiles                                     0,1           0          11         0,6         570

Performance Statistics   2015-10-19 14:14:00 - 2015-10-19 14:14:30
Tag                                                  Avg(ms)         Min         Max     Std Dev       Count

Performance Statistics   2015-10-19 14:14:30 - 2015-10-19 14:15:00
Tag                                                  Avg(ms)         Min         Max     Std Dev       Count
AppFolders                                              81,0          81          81         0,0           1
LoadClass                                                0,4           0           3         0,9          10
Messages.searchClasspath                                 0,0           0          14         0,6        1390
Messages.searchFiles                                     0,0           0           6         0,2        1390
Metadata.replaceExtendedMetaClasses                      1,0           1           1         0,0           2
SearchFolders                                           89,0          89          89         0,0           1
ViewRepository.init.ViewRepositoryClientImpl            10,0          10          10         0,0           1
ViewRepository.init.ViewRepositoryImpl                   9,0           9           9         0,0           1

Performance Statistics   2015-10-19 14:15:00 - 2015-10-19 14:15:30
Tag                                                  Avg(ms)         Min         Max     Std Dev       Count
LoadClass                                                0,0           0           0         0,0           2

Performance Statistics   2015-10-19 14:15:30 - 2015-10-19 14:16:00
Tag                                                  Avg(ms)         Min         Max     Std Dev       Count
LoadClass                                                0,0           0           0         0,0           5

Performance Statistics   2015-10-19 14:16:00 - 2015-10-19 14:16:30
Tag                                                  Avg(ms)         Min         Max     Std Dev       Count
LoadClass                                                0,0           0           0         0,0           5

Performance Statistics   2015-10-19 14:16:30 - 2015-10-19 14:17:00
Tag                                                  Avg(ms)         Min         Max     Std Dev       Count
LoadClass                                                0,0           0           0         0,0           6

Performance Statistics   2015-10-19 14:17:00 - 2015-10-19 14:17:30
Tag                                                  Avg(ms)         Min         Max     Std Dev       Count

Performance Statistics   2015-10-19 14:17:30 - 2015-10-19 14:18:00
Tag                                                  Avg(ms)         Min         Max     Std Dev       Count
LoadClass                                                0,0           0           0         0,0           2

Performance Statistics   2015-10-19 14:18:00 - 2015-10-19 14:18:30
Tag                                                  Avg(ms)         Min         Max     Std Dev       Count
LoadClass                                                0,0           0           0         0,0           3

Performance Statistics   2015-10-19 14:18:30 - 2015-10-19 14:19:00
Tag                                                  Avg(ms)         Min         Max     Std Dev       Count

Performance Statistics   2015-10-19 14:19:00 - 2015-10-19 14:19:30
Tag                                                  Avg(ms)         Min         Max     Std Dev       Count

Performance Statistics   2015-10-19 14:19:30 - 2015-10-19 14:20:00
Tag                                                  Avg(ms)         Min         Max     Std Dev       Count

Performance Statistics   2015-10-19 14:20:00 - 2015-10-19 14:20:30
Tag                                                  Avg(ms)         Min         Max     Std Dev       Count

Performance Statistics   2015-10-19 14:20:30 - 2015-10-19 14:21:00
Tag                                                  Avg(ms)         Min         Max     Std Dev       Count

Performance Statistics   2015-10-19 14:21:00 - 2015-10-19 14:21:30
Tag                                                  Avg(ms)         Min         Max     Std Dev       Count

Performance Statistics   2015-10-19 14:21:30 - 2015-10-19 14:22:00
Tag                                                  Avg(ms)         Min         Max     Std Dev       Count

Performance Statistics   2015-10-19 14:22:30 - 2015-10-19 14:23:00
Tag                                                  Avg(ms)         Min         Max     Std Dev       Count
Messages.searchClasspath                                 0,1           0           8         0,5         570
Messages.searchFiles                                     0,0           0          13         0,5         570

Performance Statistics   2015-10-19 14:23:00 - 2015-10-19 14:23:30
Tag                                                  Avg(ms)         Min         Max     Std Dev       Count
AppFolders                                              78,0          78          78         0,0           1
LoadClass                                                1,1           0           6         2,0          10
Messages.searchClasspath                                 0,0           0           9         0,4        1345
Messages.searchFiles                                     0,0           0           4         0,1        1345
Metadata.replaceExtendedMetaClasses                      1,5           1           2         0,5           2
SearchFolders                                          106,0         106         106         0,0           1
ViewRepository.init.ViewRepositoryClientImpl            24,0          24          24         0,0           1
ViewRepository.init.ViewRepositoryImpl                  33,0          33          33         0,0           1

Performance Statistics   2015-10-19 14:23:30 - 2015-10-19 14:24:00
Tag                                                  Avg(ms)         Min         Max     Std Dev       Count
LoadClass                                                0,0           0           0         0,0           4
Messages.searchClasspath                                 0,0           0           0         0,0          13
Messages.searchFiles                                     0,0           0           0         0,0          13

Performance Statistics   2015-10-19 14:24:00 - 2015-10-19 14:24:30
Tag                                                  Avg(ms)         Min         Max     Std Dev       Count
LoadClass                                                0,0           0           0         0,0           2

Performance Statistics   2015-10-19 14:24:30 - 2015-10-19 14:25:00
Tag                                                  Avg(ms)         Min         Max     Std Dev       Count

Performance Statistics   2015-10-19 14:25:00 - 2015-10-19 14:25:30
Tag                                                  Avg(ms)         Min         Max     Std Dev       Count

Performance Statistics   2015-10-19 14:26:00 - 2015-10-19 14:26:30
Tag                                                  Avg(ms)         Min         Max     Std Dev       Count
Messages.searchClasspath                                 0,1           0          11         0,7         570
Messages.searchFiles                                     0,0           0          11         0,5         570

Performance Statistics   2015-10-19 14:26:30 - 2015-10-19 14:27:00
Tag                                                  Avg(ms)         Min         Max     Std Dev       Count
AppFolders                                             139,0         139         139         0,0           1
LoadClass                                                0,9           0           4         1,4          10
Messages.searchClasspath                                 0,0           0          11         0,5        1390
Messages.searchFiles                                     0,0           0           1         0,0        1390
Metadata.replaceExtendedMetaClasses                      1,0           1           1         0,0           2
SearchFolders                                           90,0          90          90         0,0           1
ViewRepository.init.ViewRepositoryClientImpl            20,0          20          20         0,0           1
ViewRepository.init.ViewRepositoryImpl                  22,0          22          22         0,0           1

Performance Statistics   2015-10-19 14:27:00 - 2015-10-19 14:27:30
Tag                                                  Avg(ms)         Min         Max     Std Dev       Count

Performance Statistics   2015-10-19 14:27:30 - 2015-10-19 14:28:00
Tag                                                  Avg(ms)         Min         Max     Std Dev       Count
LoadClass                                              618,0           0        1236       618,0           2
Messages.searchClasspath                                 0,0           0           3         0,2         381
Messages.searchFiles                                     0,0           0           0         0,0         382

Performance Statistics   2015-10-19 14:28:00 - 2015-10-19 14:28:30
Tag                                                  Avg(ms)         Min         Max     Std Dev       Count

Performance Statistics   2015-10-19 14:28:30 - 2015-10-19 14:29:00
Tag                                                  Avg(ms)         Min         Max     Std Dev       Count

Performance Statistics   2015-10-19 14:29:00 - 2015-10-19 14:29:30
Tag                                                  Avg(ms)         Min         Max     Std Dev       Count

Performance Statistics   2015-10-19 14:29:30 - 2015-10-19 14:30:00
Tag                                                  Avg(ms)         Min         Max     Std Dev       Count

Performance Statistics   2015-10-19 14:30:00 - 2015-10-19 14:30:30
Tag                                                  Avg(ms)         Min         Max     Std Dev       Count

Performance Statistics   2015-10-19 14:30:30 - 2015-10-19 14:31:00
Tag                                                  Avg(ms)         Min         Max     Std Dev       Count

Performance Statistics   2015-10-19 14:31:00 - 2015-10-19 14:31:30
Tag                                                  Avg(ms)         Min         Max     Std Dev       Count

Performance Statistics   2015-10-19 14:31:30 - 2015-10-19 14:32:00
Tag                                                  Avg(ms)         Min         Max     Std Dev       Count

Performance Statistics   2015-10-19 14:32:00 - 2015-10-19 14:32:30
Tag                                                  Avg(ms)         Min         Max     Std Dev       Count

Performance Statistics   2015-10-19 14:32:30 - 2015-10-19 14:33:00
Tag                                                  Avg(ms)         Min         Max     Std Dev       Count

Performance Statistics   2015-10-19 14:33:00 - 2015-10-19 14:33:30
Tag                                                  Avg(ms)         Min         Max     Std Dev       Count

Performance Statistics   2015-10-19 14:33:30 - 2015-10-19 14:34:00
Tag                                                  Avg(ms)         Min         Max     Std Dev       Count

Performance Statistics   2015-10-19 14:34:00 - 2015-10-19 14:34:30
Tag                                                  Avg(ms)         Min         Max     Std Dev       Count

Performance Statistics   2015-10-19 14:34:30 - 2015-10-19 14:35:00
Tag                                                  Avg(ms)         Min         Max     Std Dev       Count

Performance Statistics   2015-10-19 14:35:00 - 2015-10-19 14:35:30
Tag                                                  Avg(ms)         Min         Max     Std Dev       Count

Performance Statistics   2015-10-19 14:35:30 - 2015-10-19 14:36:00
Tag                                                  Avg(ms)         Min         Max     Std Dev       Count

Performance Statistics   2015-10-19 14:36:00 - 2015-10-19 14:36:30
Tag                                                  Avg(ms)         Min         Max     Std Dev       Count

Performance Statistics   2015-10-19 14:36:30 - 2015-10-19 14:37:00
Tag                                                  Avg(ms)         Min         Max     Std Dev       Count

Performance Statistics   2015-10-19 14:37:00 - 2015-10-19 14:37:30
Tag                                                  Avg(ms)         Min         Max     Std Dev       Count

Performance Statistics   2015-10-19 14:37:30 - 2015-10-19 14:38:00
Tag                                                  Avg(ms)         Min         Max     Std Dev       Count

Performance Statistics   2015-10-19 14:38:00 - 2015-10-19 14:38:30
Tag                                                  Avg(ms)         Min         Max     Std Dev       Count

Performance Statistics   2015-10-19 14:38:30 - 2015-10-19 14:39:00
Tag                                                  Avg(ms)         Min         Max     Std Dev       Count

Performance Statistics   2015-10-19 14:39:00 - 2015-10-19 14:39:30
Tag                                                  Avg(ms)         Min         Max     Std Dev       Count

Performance Statistics   2015-10-19 14:39:30 - 2015-10-19 14:40:00
Tag                                                  Avg(ms)         Min         Max     Std Dev       Count

Performance Statistics   2015-10-19 14:40:00 - 2015-10-19 14:40:30
Tag                                                  Avg(ms)         Min         Max     Std Dev       Count

Performance Statistics   2015-10-19 14:40:30 - 2015-10-19 14:41:00
Tag                                                  Avg(ms)         Min         Max     Std Dev       Count

Performance Statistics   2015-10-19 14:41:00 - 2015-10-19 14:41:30
Tag                                                  Avg(ms)         Min         Max     Std Dev       Count

Performance Statistics   2015-10-19 14:41:30 - 2015-10-19 14:42:00
Tag                                                  Avg(ms)         Min         Max     Std Dev       Count

Performance Statistics   2015-10-19 14:42:00 - 2015-10-19 14:42:30
Tag                                                  Avg(ms)         Min         Max     Std Dev       Count

Performance Statistics   2015-10-19 14:42:30 - 2015-10-19 14:43:00
Tag                                                  Avg(ms)         Min         Max     Std Dev       Count

Performance Statistics   2015-10-19 14:43:00 - 2015-10-19 14:43:30
Tag                                                  Avg(ms)         Min         Max     Std Dev       Count

Performance Statistics   2015-10-19 14:43:30 - 2015-10-19 14:44:00
Tag                                                  Avg(ms)         Min         Max     Std Dev       Count

Performance Statistics   2015-10-19 14:44:00 - 2015-10-19 14:44:30
Tag                                                  Avg(ms)         Min         Max     Std Dev       Count

Performance Statistics   2015-10-19 14:44:30 - 2015-10-19 14:45:00
Tag                                                  Avg(ms)         Min         Max     Std Dev       Count

Performance Statistics   2015-10-19 14:45:00 - 2015-10-19 14:45:30
Tag                                                  Avg(ms)         Min         Max     Std Dev       Count

Performance Statistics   2015-10-19 14:45:30 - 2015-10-19 14:46:00
Tag                                                  Avg(ms)         Min         Max     Std Dev       Count

Performance Statistics   2015-10-19 14:46:00 - 2015-10-19 14:46:30
Tag                                                  Avg(ms)         Min         Max     Std Dev       Count

Performance Statistics   2015-10-19 14:46:30 - 2015-10-19 14:47:00
Tag                                                  Avg(ms)         Min         Max     Std Dev       Count

Performance Statistics   2015-10-19 14:47:00 - 2015-10-19 14:47:30
Tag                                                  Avg(ms)         Min         Max     Std Dev       Count

Performance Statistics   2015-10-19 14:47:30 - 2015-10-19 14:48:00
Tag                                                  Avg(ms)         Min         Max     Std Dev       Count

Performance Statistics   2015-10-19 14:48:00 - 2015-10-19 14:48:30
Tag                                                  Avg(ms)         Min         Max     Std Dev       Count

Performance Statistics   2015-10-19 14:48:30 - 2015-10-19 14:49:00
Tag                                                  Avg(ms)         Min         Max     Std Dev       Count

Performance Statistics   2015-10-19 14:49:00 - 2015-10-19 14:49:30
Tag                                                  Avg(ms)         Min         Max     Std Dev       Count

Performance Statistics   2015-10-19 14:49:30 - 2015-10-19 14:50:00
Tag                                                  Avg(ms)         Min         Max     Std Dev       Count

Performance Statistics   2015-10-19 14:50:00 - 2015-10-19 14:50:30
Tag                                                  Avg(ms)         Min         Max     Std Dev       Count

Performance Statistics   2015-10-19 14:50:30 - 2015-10-19 14:51:00
Tag                                                  Avg(ms)         Min         Max     Std Dev       Count

Performance Statistics   2015-10-19 14:51:00 - 2015-10-19 14:51:30
Tag                                                  Avg(ms)         Min         Max     Std Dev       Count

Performance Statistics   2015-10-19 14:51:30 - 2015-10-19 14:52:00
Tag                                                  Avg(ms)         Min         Max     Std Dev       Count

Performance Statistics   2015-10-19 14:52:00 - 2015-10-19 14:52:30
Tag                                                  Avg(ms)         Min         Max     Std Dev       Count

Performance Statistics   2015-10-19 14:52:30 - 2015-10-19 14:53:00
Tag                                                  Avg(ms)         Min         Max     Std Dev       Count

Performance Statistics   2015-10-19 14:53:00 - 2015-10-19 14:53:30
Tag                                                  Avg(ms)         Min         Max     Std Dev       Count

Performance Statistics   2015-10-19 14:53:30 - 2015-10-19 14:54:00
Tag                                                  Avg(ms)         Min         Max     Std Dev       Count

Performance Statistics   2015-10-19 14:54:00 - 2015-10-19 14:54:30
Tag                                                  Avg(ms)         Min         Max     Std Dev       Count

Performance Statistics   2015-10-19 14:54:30 - 2015-10-19 14:55:00
Tag                                                  Avg(ms)         Min         Max     Std Dev       Count

Performance Statistics   2015-10-19 14:55:00 - 2015-10-19 14:55:30
Tag                                                  Avg(ms)         Min         Max     Std Dev       Count

Performance Statistics   2015-10-19 14:55:30 - 2015-10-19 14:56:00
Tag                                                  Avg(ms)         Min         Max     Std Dev       Count

Performance Statistics   2015-10-19 14:56:00 - 2015-10-19 14:56:30
Tag                                                  Avg(ms)         Min         Max     Std Dev       Count

Performance Statistics   2015-10-19 14:56:30 - 2015-10-19 14:57:00
Tag                                                  Avg(ms)         Min         Max     Std Dev       Count

Performance Statistics   2015-10-19 14:57:00 - 2015-10-19 14:57:30
Tag                                                  Avg(ms)         Min         Max     Std Dev       Count

Performance Statistics   2015-10-19 14:57:30 - 2015-10-19 14:58:00
Tag                                                  Avg(ms)         Min         Max     Std Dev       Count

Performance Statistics   2015-10-19 14:58:00 - 2015-10-19 14:58:30
Tag                                                  Avg(ms)         Min         Max     Std Dev       Count

Performance Statistics   2015-10-19 14:58:30 - 2015-10-19 14:59:00
Tag                                                  Avg(ms)         Min         Max     Std Dev       Count

Performance Statistics   2015-10-19 14:59:00 - 2015-10-19 14:59:30
Tag                                                  Avg(ms)         Min         Max     Std Dev       Count

Performance Statistics   2015-10-19 14:59:30 - 2015-10-19 15:00:00
Tag                                                  Avg(ms)         Min         Max     Std Dev       Count

Performance Statistics   2015-10-19 15:00:00 - 2015-10-19 15:00:30
Tag                                                  Avg(ms)         Min         Max     Std Dev       Count

Performance Statistics   2015-10-19 15:00:30 - 2015-10-19 15:01:00
Tag                                                  Avg(ms)         Min         Max     Std Dev       Count

Performance Statistics   2015-10-19 15:01:00 - 2015-10-19 15:01:30
Tag                                                  Avg(ms)         Min         Max     Std Dev       Count

Performance Statistics   2015-10-19 15:01:30 - 2015-10-19 15:02:00
Tag                                                  Avg(ms)         Min         Max     Std Dev       Count

Performance Statistics   2015-10-19 15:02:00 - 2015-10-19 15:02:30
Tag                                                  Avg(ms)         Min         Max     Std Dev       Count

Performance Statistics   2015-10-19 15:02:30 - 2015-10-19 15:03:00
Tag                                                  Avg(ms)         Min         Max     Std Dev       Count

Performance Statistics   2015-10-19 15:03:00 - 2015-10-19 15:03:30
Tag                                                  Avg(ms)         Min         Max     Std Dev       Count

Performance Statistics   2015-10-19 15:03:30 - 2015-10-19 15:04:00
Tag                                                  Avg(ms)         Min         Max     Std Dev       Count

Performance Statistics   2015-10-19 15:04:00 - 2015-10-19 15:04:30
Tag                                                  Avg(ms)         Min         Max     Std Dev       Count

Performance Statistics   2015-10-19 15:04:30 - 2015-10-19 15:05:00
Tag                                                  Avg(ms)         Min         Max     Std Dev       Count

Performance Statistics   2015-10-19 15:05:00 - 2015-10-19 15:05:30
Tag                                                  Avg(ms)         Min         Max     Std Dev       Count

Performance Statistics   2015-10-19 15:05:30 - 2015-10-19 15:06:00
Tag                                                  Avg(ms)         Min         Max     Std Dev       Count

Performance Statistics   2015-10-19 15:06:00 - 2015-10-19 15:06:30
Tag                                                  Avg(ms)         Min         Max     Std Dev       Count

Performance Statistics   2015-10-19 15:06:30 - 2015-10-19 15:07:00
Tag                                                  Avg(ms)         Min         Max     Std Dev       Count

Performance Statistics   2015-10-19 15:07:00 - 2015-10-19 15:07:30
Tag                                                  Avg(ms)         Min         Max     Std Dev       Count

Performance Statistics   2015-10-19 15:07:30 - 2015-10-19 15:08:00
Tag                                                  Avg(ms)         Min         Max     Std Dev       Count

Performance Statistics   2015-10-19 15:08:00 - 2015-10-19 15:08:30
Tag                                                  Avg(ms)         Min         Max     Std Dev       Count

Performance Statistics   2015-10-19 15:08:30 - 2015-10-19 15:09:00
Tag                                                  Avg(ms)         Min         Max     Std Dev       Count

Performance Statistics   2015-10-19 15:09:00 - 2015-10-19 15:09:30
Tag                                                  Avg(ms)         Min         Max     Std Dev       Count

Performance Statistics   2015-10-19 15:09:30 - 2015-10-19 15:10:00
Tag                                                  Avg(ms)         Min         Max     Std Dev       Count

Performance Statistics   2015-10-19 15:10:00 - 2015-10-19 15:10:30
Tag                                                  Avg(ms)         Min         Max     Std Dev       Count

Performance Statistics   2015-10-19 15:10:30 - 2015-10-19 15:11:00
Tag                                                  Avg(ms)         Min         Max     Std Dev       Count

Performance Statistics   2015-10-19 15:11:00 - 2015-10-19 15:11:30
Tag                                                  Avg(ms)         Min         Max     Std Dev       Count

Performance Statistics   2015-10-19 15:11:30 - 2015-10-19 15:12:00
Tag                                                  Avg(ms)         Min         Max     Std Dev       Count

Performance Statistics   2015-10-19 15:12:00 - 2015-10-19 15:12:30
Tag                                                  Avg(ms)         Min         Max     Std Dev       Count

Performance Statistics   2015-10-19 15:12:30 - 2015-10-19 15:13:00
Tag                                                  Avg(ms)         Min         Max     Std Dev       Count

Performance Statistics   2015-10-19 15:13:00 - 2015-10-19 15:13:30
Tag                                                  Avg(ms)         Min         Max     Std Dev       Count

Performance Statistics   2015-10-19 15:13:30 - 2015-10-19 15:14:00
Tag                                                  Avg(ms)         Min         Max     Std Dev       Count

Performance Statistics   2015-10-19 15:14:00 - 2015-10-19 15:14:30
Tag                                                  Avg(ms)         Min         Max     Std Dev       Count

Performance Statistics   2015-10-19 15:14:30 - 2015-10-19 15:15:00
Tag                                                  Avg(ms)         Min         Max     Std Dev       Count

Performance Statistics   2015-10-19 15:15:00 - 2015-10-19 15:15:30
Tag                                                  Avg(ms)         Min         Max     Std Dev       Count

Performance Statistics   2015-10-19 15:15:30 - 2015-10-19 15:16:00
Tag                                                  Avg(ms)         Min         Max     Std Dev       Count

Performance Statistics   2015-10-19 15:16:00 - 2015-10-19 15:16:30
Tag                                                  Avg(ms)         Min         Max     Std Dev       Count

Performance Statistics   2015-10-19 15:16:30 - 2015-10-19 15:17:00
Tag                                                  Avg(ms)         Min         Max     Std Dev       Count

Performance Statistics   2015-10-19 15:17:00 - 2015-10-19 15:17:30
Tag                                                  Avg(ms)         Min         Max     Std Dev       Count

Performance Statistics   2015-10-19 15:17:30 - 2015-10-19 15:18:00
Tag                                                  Avg(ms)         Min         Max     Std Dev       Count

Performance Statistics   2015-10-19 15:18:00 - 2015-10-19 15:18:30
Tag                                                  Avg(ms)         Min         Max     Std Dev       Count

Performance Statistics   2015-10-19 15:18:30 - 2015-10-19 15:19:00
Tag                                                  Avg(ms)         Min         Max     Std Dev       Count

Performance Statistics   2015-10-19 15:19:00 - 2015-10-19 15:19:30
Tag                                                  Avg(ms)         Min         Max     Std Dev       Count

Performance Statistics   2015-10-19 15:19:30 - 2015-10-19 15:20:00
Tag                                                  Avg(ms)         Min         Max     Std Dev       Count

Performance Statistics   2015-10-19 15:20:00 - 2015-10-19 15:20:30
Tag                                                  Avg(ms)         Min         Max     Std Dev       Count

Performance Statistics   2015-10-19 15:20:30 - 2015-10-19 15:21:00
Tag                                                  Avg(ms)         Min         Max     Std Dev       Count

Performance Statistics   2015-10-19 15:21:00 - 2015-10-19 15:21:30
Tag                                                  Avg(ms)         Min         Max     Std Dev       Count

Performance Statistics   2015-10-19 15:21:30 - 2015-10-19 15:22:00
Tag                                                  Avg(ms)         Min         Max     Std Dev       Count

Performance Statistics   2015-10-19 15:22:00 - 2015-10-19 15:22:30
Tag                                                  Avg(ms)         Min         Max     Std Dev       Count

Performance Statistics   2015-10-19 15:22:30 - 2015-10-19 15:23:00
Tag                                                  Avg(ms)         Min         Max     Std Dev       Count

Performance Statistics   2015-10-19 15:23:00 - 2015-10-19 15:23:30
Tag                                                  Avg(ms)         Min         Max     Std Dev       Count

Performance Statistics   2015-10-19 15:23:30 - 2015-10-19 15:24:00
Tag                                                  Avg(ms)         Min         Max     Std Dev       Count

Performance Statistics   2015-10-19 15:24:00 - 2015-10-19 15:24:30
Tag                                                  Avg(ms)         Min         Max     Std Dev       Count

Performance Statistics   2015-10-19 15:24:30 - 2015-10-19 15:25:00
Tag                                                  Avg(ms)         Min         Max     Std Dev       Count

Performance Statistics   2015-10-19 15:25:00 - 2015-10-19 15:25:30
Tag                                                  Avg(ms)         Min         Max     Std Dev       Count

Performance Statistics   2015-10-19 15:25:30 - 2015-10-19 15:26:00
Tag                                                  Avg(ms)         Min         Max     Std Dev       Count

Performance Statistics   2015-10-19 15:26:00 - 2015-10-19 15:26:30
Tag                                                  Avg(ms)         Min         Max     Std Dev       Count

Performance Statistics   2015-10-19 15:26:30 - 2015-10-19 15:27:00
Tag                                                  Avg(ms)         Min         Max     Std Dev       Count

Performance Statistics   2015-10-19 15:27:00 - 2015-10-19 15:27:30
Tag                                                  Avg(ms)         Min         Max     Std Dev       Count

Performance Statistics   2015-10-19 15:27:30 - 2015-10-19 15:28:00
Tag                                                  Avg(ms)         Min         Max     Std Dev       Count

Performance Statistics   2015-10-19 15:28:00 - 2015-10-19 15:28:30
Tag                                                  Avg(ms)         Min         Max     Std Dev       Count

Performance Statistics   2015-10-19 15:28:30 - 2015-10-19 15:29:00
Tag                                                  Avg(ms)         Min         Max     Std Dev       Count

Performance Statistics   2015-10-19 15:29:00 - 2015-10-19 15:29:30
Tag                                                  Avg(ms)         Min         Max     Std Dev       Count

Performance Statistics   2015-10-19 15:29:30 - 2015-10-19 15:30:00
Tag                                                  Avg(ms)         Min         Max     Std Dev       Count

Performance Statistics   2015-10-19 15:30:00 - 2015-10-19 15:30:30
Tag                                                  Avg(ms)         Min         Max     Std Dev       Count

Performance Statistics   2015-10-19 15:30:30 - 2015-10-19 15:31:00
Tag                                                  Avg(ms)         Min         Max     Std Dev       Count

Performance Statistics   2015-10-19 15:31:00 - 2015-10-19 15:31:30
Tag                                                  Avg(ms)         Min         Max     Std Dev       Count

Performance Statistics   2015-10-19 15:31:30 - 2015-10-19 15:32:00
Tag                                                  Avg(ms)         Min         Max     Std Dev       Count

Performance Statistics   2015-10-19 15:32:00 - 2015-10-19 15:32:30
Tag                                                  Avg(ms)         Min         Max     Std Dev       Count

Performance Statistics   2015-10-19 15:32:30 - 2015-10-19 15:33:00
Tag                                                  Avg(ms)         Min         Max     Std Dev       Count

Performance Statistics   2015-10-19 15:33:00 - 2015-10-19 15:33:30
Tag                                                  Avg(ms)         Min         Max     Std Dev       Count

Performance Statistics   2015-10-19 15:33:30 - 2015-10-19 15:34:00
Tag                                                  Avg(ms)         Min         Max     Std Dev       Count

Performance Statistics   2015-10-19 15:34:00 - 2015-10-19 15:34:30
Tag                                                  Avg(ms)         Min         Max     Std Dev       Count

Performance Statistics   2015-10-19 15:34:30 - 2015-10-19 15:35:00
Tag                                                  Avg(ms)         Min         Max     Std Dev       Count

Performance Statistics   2015-10-19 15:35:00 - 2015-10-19 15:35:30
Tag                                                  Avg(ms)         Min         Max     Std Dev       Count

Performance Statistics   2015-10-19 15:35:30 - 2015-10-19 15:36:00
Tag                                                  Avg(ms)         Min         Max     Std Dev       Count

Performance Statistics   2015-10-19 15:36:00 - 2015-10-19 15:36:30
Tag                                                  Avg(ms)         Min         Max     Std Dev       Count

Performance Statistics   2015-10-19 15:36:30 - 2015-10-19 15:37:00
Tag                                                  Avg(ms)         Min         Max     Std Dev       Count

Performance Statistics   2015-10-19 15:37:00 - 2015-10-19 15:37:30
Tag                                                  Avg(ms)         Min         Max     Std Dev       Count

Performance Statistics   2015-10-19 15:37:30 - 2015-10-19 15:38:00
Tag                                                  Avg(ms)         Min         Max     Std Dev       Count

Performance Statistics   2015-10-19 15:38:00 - 2015-10-19 15:38:30
Tag                                                  Avg(ms)         Min         Max     Std Dev       Count

Performance Statistics   2015-10-19 15:38:30 - 2015-10-19 15:39:00
Tag                                                  Avg(ms)         Min         Max     Std Dev       Count

Performance Statistics   2015-10-19 15:39:00 - 2015-10-19 15:39:30
Tag                                                  Avg(ms)         Min         Max     Std Dev       Count

Performance Statistics   2015-10-19 15:39:30 - 2015-10-19 15:40:00
Tag                                                  Avg(ms)         Min         Max     Std Dev       Count

Performance Statistics   2015-10-19 15:40:00 - 2015-10-19 15:40:30
Tag                                                  Avg(ms)         Min         Max     Std Dev       Count

Performance Statistics   2015-10-19 15:40:30 - 2015-10-19 15:41:00
Tag                                                  Avg(ms)         Min         Max     Std Dev       Count

Performance Statistics   2015-10-19 15:41:00 - 2015-10-19 15:41:30
Tag                                                  Avg(ms)         Min         Max     Std Dev       Count

Performance Statistics   2015-10-19 15:41:30 - 2015-10-19 15:42:00
Tag                                                  Avg(ms)         Min         Max     Std Dev       Count

Performance Statistics   2015-10-19 15:42:00 - 2015-10-19 15:42:30
Tag                                                  Avg(ms)         Min         Max     Std Dev       Count

Performance Statistics   2015-10-19 15:42:30 - 2015-10-19 15:43:00
Tag                                                  Avg(ms)         Min         Max     Std Dev       Count

Performance Statistics   2015-10-19 15:43:00 - 2015-10-19 15:43:30
Tag                                                  Avg(ms)         Min         Max     Std Dev       Count

Performance Statistics   2015-10-19 15:43:30 - 2015-10-19 15:44:00
Tag                                                  Avg(ms)         Min         Max     Std Dev       Count

Performance Statistics   2015-10-19 15:44:00 - 2015-10-19 15:44:30
Tag                                                  Avg(ms)         Min         Max     Std Dev       Count

Performance Statistics   2015-10-19 15:44:30 - 2015-10-19 15:45:00
Tag                                                  Avg(ms)         Min         Max     Std Dev       Count

Performance Statistics   2015-10-19 15:45:00 - 2015-10-19 15:45:30
Tag                                                  Avg(ms)         Min         Max     Std Dev       Count

Performance Statistics   2015-10-19 15:45:30 - 2015-10-19 15:46:00
Tag                                                  Avg(ms)         Min         Max     Std Dev       Count

Performance Statistics   2015-10-19 15:46:00 - 2015-10-19 15:46:30
Tag                                                  Avg(ms)         Min         Max     Std Dev       Count

Performance Statistics   2015-10-19 15:46:30 - 2015-10-19 15:47:00
Tag                                                  Avg(ms)         Min         Max     Std Dev       Count

Performance Statistics   2015-10-19 15:47:00 - 2015-10-19 15:47:30
Tag                                                  Avg(ms)         Min         Max     Std Dev       Count

Performance Statistics   2015-10-19 15:47:30 - 2015-10-19 15:48:00
Tag                                                  Avg(ms)         Min         Max     Std Dev       Count

Performance Statistics   2015-10-19 15:48:00 - 2015-10-19 15:48:30
Tag                                                  Avg(ms)         Min         Max     Std Dev       Count

Performance Statistics   2015-10-19 15:48:30 - 2015-10-19 15:49:00
Tag                                                  Avg(ms)         Min         Max     Std Dev       Count

Performance Statistics   2015-10-19 15:49:00 - 2015-10-19 15:49:30
Tag                                                  Avg(ms)         Min         Max     Std Dev       Count

Performance Statistics   2015-10-19 15:49:30 - 2015-10-19 15:50:00
Tag                                                  Avg(ms)         Min         Max     Std Dev       Count

Performance Statistics   2015-10-19 15:50:00 - 2015-10-19 15:50:30
Tag                                                  Avg(ms)         Min         Max     Std Dev       Count

Performance Statistics   2015-10-19 15:50:30 - 2015-10-19 15:51:00
Tag                                                  Avg(ms)         Min         Max     Std Dev       Count

Performance Statistics   2015-10-19 15:51:00 - 2015-10-19 15:51:30
Tag                                                  Avg(ms)         Min         Max     Std Dev       Count

Performance Statistics   2015-10-19 15:51:30 - 2015-10-19 15:52:00
Tag                                                  Avg(ms)         Min         Max     Std Dev       Count

Performance Statistics   2015-10-19 15:52:00 - 2015-10-19 15:52:30
Tag                                                  Avg(ms)         Min         Max     Std Dev       Count

Performance Statistics   2015-10-19 15:52:30 - 2015-10-19 15:53:00
Tag                                                  Avg(ms)         Min         Max     Std Dev       Count

Performance Statistics   2015-10-19 15:53:00 - 2015-10-19 15:53:30
Tag                                                  Avg(ms)         Min         Max     Std Dev       Count

Performance Statistics   2015-10-19 15:53:30 - 2015-10-19 15:54:00
Tag                                                  Avg(ms)         Min         Max     Std Dev       Count

Performance Statistics   2015-10-19 15:54:00 - 2015-10-19 15:54:30
Tag                                                  Avg(ms)         Min         Max     Std Dev       Count

Performance Statistics   2015-10-19 15:54:30 - 2015-10-19 15:55:00
Tag                                                  Avg(ms)         Min         Max     Std Dev       Count

Performance Statistics   2015-10-19 15:55:00 - 2015-10-19 15:55:30
Tag                                                  Avg(ms)         Min         Max     Std Dev       Count

Performance Statistics   2015-10-19 15:55:30 - 2015-10-19 15:56:00
Tag                                                  Avg(ms)         Min         Max     Std Dev       Count

Performance Statistics   2015-10-19 15:56:00 - 2015-10-19 15:56:30
Tag                                                  Avg(ms)         Min         Max     Std Dev       Count

Performance Statistics   2015-10-19 15:56:30 - 2015-10-19 15:57:00
Tag                                                  Avg(ms)         Min         Max     Std Dev       Count

Performance Statistics   2015-10-19 15:57:00 - 2015-10-19 15:57:30
Tag                                                  Avg(ms)         Min         Max     Std Dev       Count

Performance Statistics   2015-10-19 15:57:30 - 2015-10-19 15:58:00
Tag                                                  Avg(ms)         Min         Max     Std Dev       Count

Performance Statistics   2015-10-19 15:58:00 - 2015-10-19 15:58:30
Tag                                                  Avg(ms)         Min         Max     Std Dev       Count

Performance Statistics   2015-10-19 15:58:30 - 2015-10-19 15:59:00
Tag                                                  Avg(ms)         Min         Max     Std Dev       Count

Performance Statistics   2015-10-19 15:59:00 - 2015-10-19 15:59:30
Tag                                                  Avg(ms)         Min         Max     Std Dev       Count

Performance Statistics   2015-10-19 15:59:30 - 2015-10-19 16:00:00
Tag                                                  Avg(ms)         Min         Max     Std Dev       Count

Performance Statistics   2015-10-19 16:00:00 - 2015-10-19 16:00:30
Tag                                                  Avg(ms)         Min         Max     Std Dev       Count

Performance Statistics   2015-10-19 16:00:30 - 2015-10-19 16:01:00
Tag                                                  Avg(ms)         Min         Max     Std Dev       Count

Performance Statistics   2015-10-19 16:01:00 - 2015-10-19 16:01:30
Tag                                                  Avg(ms)         Min         Max     Std Dev       Count

Performance Statistics   2015-10-19 16:01:30 - 2015-10-19 16:02:00
Tag                                                  Avg(ms)         Min         Max     Std Dev       Count

Performance Statistics   2015-10-19 16:02:00 - 2015-10-19 16:02:30
Tag                                                  Avg(ms)         Min         Max     Std Dev       Count

Performance Statistics   2015-10-19 16:02:30 - 2015-10-19 16:03:00
Tag                                                  Avg(ms)         Min         Max     Std Dev       Count

Performance Statistics   2015-10-19 16:03:00 - 2015-10-19 16:03:30
Tag                                                  Avg(ms)         Min         Max     Std Dev       Count

Performance Statistics   2015-10-19 16:03:30 - 2015-10-19 16:04:00
Tag                                                  Avg(ms)         Min         Max     Std Dev       Count

Performance Statistics   2015-10-19 16:04:00 - 2015-10-19 16:04:30
Tag                                                  Avg(ms)         Min         Max     Std Dev       Count

Performance Statistics   2015-10-19 16:04:30 - 2015-10-19 16:05:00
Tag                                                  Avg(ms)         Min         Max     Std Dev       Count

Performance Statistics   2015-10-19 16:05:00 - 2015-10-19 16:05:30
Tag                                                  Avg(ms)         Min         Max     Std Dev       Count

Performance Statistics   2015-10-19 16:05:30 - 2015-10-19 16:06:00
Tag                                                  Avg(ms)         Min         Max     Std Dev       Count

Performance Statistics   2015-10-19 16:06:00 - 2015-10-19 16:06:30
Tag                                                  Avg(ms)         Min         Max     Std Dev       Count

Performance Statistics   2015-10-19 16:06:30 - 2015-10-19 16:07:00
Tag                                                  Avg(ms)         Min         Max     Std Dev       Count

Performance Statistics   2015-10-19 16:07:00 - 2015-10-19 16:07:30
Tag                                                  Avg(ms)         Min         Max     Std Dev       Count

Performance Statistics   2015-10-19 16:07:30 - 2015-10-19 16:08:00
Tag                                                  Avg(ms)         Min         Max     Std Dev       Count

Performance Statistics   2015-10-19 16:08:00 - 2015-10-19 16:08:30
Tag                                                  Avg(ms)         Min         Max     Std Dev       Count

Performance Statistics   2015-10-19 16:08:30 - 2015-10-19 16:09:00
Tag                                                  Avg(ms)         Min         Max     Std Dev       Count

Performance Statistics   2015-10-19 16:09:00 - 2015-10-19 16:09:30
Tag                                                  Avg(ms)         Min         Max     Std Dev       Count

Performance Statistics   2015-10-19 16:09:30 - 2015-10-19 16:10:00
Tag                                                  Avg(ms)         Min         Max     Std Dev       Count

Performance Statistics   2015-10-19 16:10:00 - 2015-10-19 16:10:30
Tag                                                  Avg(ms)         Min         Max     Std Dev       Count

Performance Statistics   2015-10-19 16:10:30 - 2015-10-19 16:11:00
Tag                                                  Avg(ms)         Min         Max     Std Dev       Count

Performance Statistics   2015-10-19 16:11:00 - 2015-10-19 16:11:30
Tag                                                  Avg(ms)         Min         Max     Std Dev       Count

Performance Statistics   2015-10-19 16:11:30 - 2015-10-19 16:12:00
Tag                                                  Avg(ms)         Min         Max     Std Dev       Count

Performance Statistics   2015-10-19 16:12:00 - 2015-10-19 16:12:30
Tag                                                  Avg(ms)         Min         Max     Std Dev       Count

Performance Statistics   2015-10-19 16:12:30 - 2015-10-19 16:13:00
Tag                                                  Avg(ms)         Min         Max     Std Dev       Count

Performance Statistics   2015-10-19 16:13:00 - 2015-10-19 16:13:30
Tag                                                  Avg(ms)         Min         Max     Std Dev       Count

Performance Statistics   2015-10-19 16:13:30 - 2015-10-19 16:14:00
Tag                                                  Avg(ms)         Min         Max     Std Dev       Count

Performance Statistics   2015-10-19 16:14:00 - 2015-10-19 16:14:30
Tag                                                  Avg(ms)         Min         Max     Std Dev       Count

Performance Statistics   2015-10-19 16:14:30 - 2015-10-19 16:15:00
Tag                                                  Avg(ms)         Min         Max     Std Dev       Count

Performance Statistics   2015-10-19 16:15:00 - 2015-10-19 16:15:30
Tag                                                  Avg(ms)         Min         Max     Std Dev       Count

Performance Statistics   2015-10-19 16:15:30 - 2015-10-19 16:16:00
Tag                                                  Avg(ms)         Min         Max     Std Dev       Count

Performance Statistics   2015-10-19 16:16:00 - 2015-10-19 16:16:30
Tag                                                  Avg(ms)         Min         Max     Std Dev       Count

Performance Statistics   2015-10-19 16:16:30 - 2015-10-19 16:17:00
Tag                                                  Avg(ms)         Min         Max     Std Dev       Count

Performance Statistics   2015-10-19 16:17:00 - 2015-10-19 16:17:30
Tag                                                  Avg(ms)         Min         Max     Std Dev       Count

Performance Statistics   2015-10-19 16:17:30 - 2015-10-19 16:18:00
Tag                                                  Avg(ms)         Min         Max     Std Dev       Count

Performance Statistics   2015-10-19 16:18:00 - 2015-10-19 16:18:30
Tag                                                  Avg(ms)         Min         Max     Std Dev       Count

Performance Statistics   2015-10-19 16:18:30 - 2015-10-19 16:19:00
Tag                                                  Avg(ms)         Min         Max     Std Dev       Count

Performance Statistics   2015-10-19 16:19:00 - 2015-10-19 16:19:30
Tag                                                  Avg(ms)         Min         Max     Std Dev       Count

Performance Statistics   2015-10-19 16:19:30 - 2015-10-19 16:20:00
Tag                                                  Avg(ms)         Min         Max     Std Dev       Count

Performance Statistics   2015-10-19 16:20:00 - 2015-10-19 16:20:30
Tag                                                  Avg(ms)         Min         Max     Std Dev       Count

Performance Statistics   2015-10-19 16:20:30 - 2015-10-19 16:21:00
Tag                                                  Avg(ms)         Min         Max     Std Dev       Count

Performance Statistics   2015-10-19 16:21:00 - 2015-10-19 16:21:30
Tag                                                  Avg(ms)         Min         Max     Std Dev       Count

Performance Statistics   2015-10-19 16:21:30 - 2015-10-19 16:22:00
Tag                                                  Avg(ms)         Min         Max     Std Dev       Count

Performance Statistics   2015-10-19 16:22:00 - 2015-10-19 16:22:30
Tag                                                  Avg(ms)         Min         Max     Std Dev       Count

Performance Statistics   2015-10-19 16:22:30 - 2015-10-19 16:23:00
Tag                                                  Avg(ms)         Min         Max     Std Dev       Count

Performance Statistics   2015-10-19 16:23:00 - 2015-10-19 16:23:30
Tag                                                  Avg(ms)         Min         Max     Std Dev       Count

Performance Statistics   2015-10-19 16:23:30 - 2015-10-19 16:24:00
Tag                                                  Avg(ms)         Min         Max     Std Dev       Count

Performance Statistics   2015-10-19 16:24:00 - 2015-10-19 16:24:30
Tag                                                  Avg(ms)         Min         Max     Std Dev       Count

Performance Statistics   2015-10-19 16:24:30 - 2015-10-19 16:25:00
Tag                                                  Avg(ms)         Min         Max     Std Dev       Count

Performance Statistics   2015-10-19 16:25:00 - 2015-10-19 16:25:30
Tag                                                  Avg(ms)         Min         Max     Std Dev       Count

Performance Statistics   2015-10-19 16:25:30 - 2015-10-19 16:26:00
Tag                                                  Avg(ms)         Min         Max     Std Dev       Count

Performance Statistics   2015-10-19 16:26:00 - 2015-10-19 16:26:30
Tag                                                  Avg(ms)         Min         Max     Std Dev       Count

Performance Statistics   2015-10-19 16:26:30 - 2015-10-19 16:27:00
Tag                                                  Avg(ms)         Min         Max     Std Dev       Count

Performance Statistics   2015-10-19 16:27:00 - 2015-10-19 16:27:30
Tag                                                  Avg(ms)         Min         Max     Std Dev       Count

Performance Statistics   2015-10-19 16:27:30 - 2015-10-19 16:28:00
Tag                                                  Avg(ms)         Min         Max     Std Dev       Count

Performance Statistics   2015-10-19 16:28:00 - 2015-10-19 16:28:30
Tag                                                  Avg(ms)         Min         Max     Std Dev       Count

Performance Statistics   2015-10-19 16:28:30 - 2015-10-19 16:29:00
Tag                                                  Avg(ms)         Min         Max     Std Dev       Count

Performance Statistics   2015-10-19 16:29:00 - 2015-10-19 16:29:30
Tag                                                  Avg(ms)         Min         Max     Std Dev       Count

Performance Statistics   2015-10-19 16:29:30 - 2015-10-19 16:30:00
Tag                                                  Avg(ms)         Min         Max     Std Dev       Count

Performance Statistics   2015-10-19 16:30:00 - 2015-10-19 16:30:30
Tag                                                  Avg(ms)         Min         Max     Std Dev       Count

Performance Statistics   2015-10-19 16:30:30 - 2015-10-19 16:31:00
Tag                                                  Avg(ms)         Min         Max     Std Dev       Count

Performance Statistics   2015-10-19 16:31:00 - 2015-10-19 16:31:30
Tag                                                  Avg(ms)         Min         Max     Std Dev       Count

Performance Statistics   2015-10-19 16:31:30 - 2015-10-19 16:32:00
Tag                                                  Avg(ms)         Min         Max     Std Dev       Count

Performance Statistics   2015-10-19 16:32:00 - 2015-10-19 16:32:30
Tag                                                  Avg(ms)         Min         Max     Std Dev       Count

Performance Statistics   2015-10-19 16:32:30 - 2015-10-19 16:33:00
Tag                                                  Avg(ms)         Min         Max     Std Dev       Count

Performance Statistics   2015-10-19 16:33:00 - 2015-10-19 16:33:30
Tag                                                  Avg(ms)         Min         Max     Std Dev       Count

Performance Statistics   2015-10-19 17:03:30 - 2015-10-19 17:04:00
Tag                                                  Avg(ms)         Min         Max     Std Dev       Count
Messages.searchClasspath                                 0,2           0          26         1,5         570
Messages.searchFiles                                     0,1           0          35         1,6         570

Performance Statistics   2015-10-19 17:04:00 - 2015-10-19 17:04:30
Tag                                                  Avg(ms)         Min         Max     Std Dev       Count
AppFolders                                              77,0          77          77         0,0           1
LoadClass                                                1,5           0           3         1,5           2
Messages.searchClasspath                                 0,1           0           8         0,5         358
Messages.searchFiles                                     0,0           0           3         0,2         358
Metadata.replaceExtendedMetaClasses                      1,0           1           1         0,0           2
SearchFolders                                          108,0         108         108         0,0           1
ViewRepository.init.ViewRepositoryClientImpl            18,0          18          18         0,0           1

Performance Statistics   2015-10-19 17:04:30 - 2015-10-19 17:05:00
Tag                                                  Avg(ms)         Min         Max     Std Dev       Count
LoadClass                                                0,2           0           1         0,4           6
Messages.searchClasspath                                 0,0           0          12         0,4         889
Messages.searchFiles                                     0,0           0           1         0,0         889
ViewRepository.init.ViewRepositoryImpl                   8,0           8           8         0,0           1

Performance Statistics   2015-10-19 17:05:00 - 2015-10-19 17:05:30
Tag                                                  Avg(ms)         Min         Max     Std Dev       Count

Performance Statistics   2015-10-19 17:05:30 - 2015-10-19 17:06:00
Tag                                                  Avg(ms)         Min         Max     Std Dev       Count

Performance Statistics   2015-10-19 17:06:00 - 2015-10-19 17:06:30
Tag                                                  Avg(ms)         Min         Max     Std Dev       Count

Performance Statistics   2015-10-19 17:06:30 - 2015-10-19 17:07:00
Tag                                                  Avg(ms)         Min         Max     Std Dev       Count

Performance Statistics   2015-10-19 17:07:00 - 2015-10-19 17:07:30
Tag                                                  Avg(ms)         Min         Max     Std Dev       Count

Performance Statistics   2015-10-19 17:07:30 - 2015-10-19 17:08:00
Tag                                                  Avg(ms)         Min         Max     Std Dev       Count

Performance Statistics   2015-10-19 17:08:00 - 2015-10-19 17:08:30
Tag                                                  Avg(ms)         Min         Max     Std Dev       Count

Performance Statistics   2015-10-19 17:08:30 - 2015-10-19 17:09:00
Tag                                                  Avg(ms)         Min         Max     Std Dev       Count

Performance Statistics   2015-10-19 17:09:00 - 2015-10-19 17:09:30
Tag                                                  Avg(ms)         Min         Max     Std Dev       Count

Performance Statistics   2015-10-19 17:09:30 - 2015-10-19 17:10:00
Tag                                                  Avg(ms)         Min         Max     Std Dev       Count

Performance Statistics   2015-10-19 17:10:00 - 2015-10-19 17:10:30
Tag                                                  Avg(ms)         Min         Max     Std Dev       Count

Performance Statistics   2015-10-19 17:10:30 - 2015-10-19 17:11:00
Tag                                                  Avg(ms)         Min         Max     Std Dev       Count

Performance Statistics   2015-10-19 17:11:00 - 2015-10-19 17:11:30
Tag                                                  Avg(ms)         Min         Max     Std Dev       Count

Performance Statistics   2015-10-19 17:11:30 - 2015-10-19 17:12:00
Tag                                                  Avg(ms)         Min         Max     Std Dev       Count

Performance Statistics   2015-10-19 17:12:00 - 2015-10-19 17:12:30
Tag                                                  Avg(ms)         Min         Max     Std Dev       Count

Performance Statistics   2015-10-19 17:12:30 - 2015-10-19 17:13:00
Tag                                                  Avg(ms)         Min         Max     Std Dev       Count

Performance Statistics   2015-10-19 17:13:00 - 2015-10-19 17:13:30
Tag                                                  Avg(ms)         Min         Max     Std Dev       Count

Performance Statistics   2015-10-19 17:13:30 - 2015-10-19 17:14:00
Tag                                                  Avg(ms)         Min         Max     Std Dev       Count

Performance Statistics   2015-10-19 17:14:00 - 2015-10-19 17:14:30
Tag                                                  Avg(ms)         Min         Max     Std Dev       Count

Performance Statistics   2015-10-19 17:14:30 - 2015-10-19 17:15:00
Tag                                                  Avg(ms)         Min         Max     Std Dev       Count

Performance Statistics   2015-10-19 17:15:00 - 2015-10-19 17:15:30
Tag                                                  Avg(ms)         Min         Max     Std Dev       Count

Performance Statistics   2015-10-19 17:15:30 - 2015-10-19 17:16:00
Tag                                                  Avg(ms)         Min         Max     Std Dev       Count

Performance Statistics   2015-10-19 17:16:00 - 2015-10-19 17:16:30
Tag                                                  Avg(ms)         Min         Max     Std Dev       Count

Performance Statistics   2015-10-19 17:16:30 - 2015-10-19 17:17:00
Tag                                                  Avg(ms)         Min         Max     Std Dev       Count

Performance Statistics   2015-10-19 17:17:00 - 2015-10-19 17:17:30
Tag                                                  Avg(ms)         Min         Max     Std Dev       Count

Performance Statistics   2015-10-19 17:17:30 - 2015-10-19 17:18:00
Tag                                                  Avg(ms)         Min         Max     Std Dev       Count

Performance Statistics   2015-10-19 17:18:00 - 2015-10-19 17:18:30
Tag                                                  Avg(ms)         Min         Max     Std Dev       Count

Performance Statistics   2015-10-19 17:18:30 - 2015-10-19 17:19:00
Tag                                                  Avg(ms)         Min         Max     Std Dev       Count

Performance Statistics   2015-10-19 17:19:00 - 2015-10-19 17:19:30
Tag                                                  Avg(ms)         Min         Max     Std Dev       Count

Performance Statistics   2015-10-19 17:19:30 - 2015-10-19 17:20:00
Tag                                                  Avg(ms)         Min         Max     Std Dev       Count

Performance Statistics   2015-10-19 17:20:00 - 2015-10-19 17:20:30
Tag                                                  Avg(ms)         Min         Max     Std Dev       Count

Performance Statistics   2015-10-19 17:20:30 - 2015-10-19 17:21:00
Tag                                                  Avg(ms)         Min         Max     Std Dev       Count

Performance Statistics   2015-10-19 17:21:00 - 2015-10-19 17:21:30
Tag                                                  Avg(ms)         Min         Max     Std Dev       Count

Performance Statistics   2015-10-19 17:23:00 - 2015-10-19 17:23:30
Tag                                                  Avg(ms)         Min         Max     Std Dev       Count
Messages.searchClasspath                                 0,8           0         178        10,7         570
Messages.searchFiles                                     0,0           0          23         1,0         570

Performance Statistics   2015-10-19 17:23:30 - 2015-10-19 17:24:00
Tag                                                  Avg(ms)         Min         Max     Std Dev       Count
AppFolders                                              63,0          63          63         0,0           1
LoadClass                                                0,8           0           3         1,2           5
Messages.searchClasspath                                 0,1           0          24         0,9         902
Messages.searchFiles                                     0,0           0           6         0,2         902
Metadata.replaceExtendedMetaClasses                      1,5           1           2         0,5           2
SearchFolders                                           71,0          71          71         0,0           1
ViewRepository.init.ViewRepositoryClientImpl            23,0          23          23         0,0           1
ViewRepository.init.ViewRepositoryImpl                  15,0          15          15         0,0           1

Performance Statistics   2015-10-19 17:24:00 - 2015-10-19 17:24:30
Tag                                                  Avg(ms)         Min         Max     Std Dev       Count

Performance Statistics   2015-10-19 17:24:30 - 2015-10-19 17:25:00
Tag                                                  Avg(ms)         Min         Max     Std Dev       Count

Performance Statistics   2015-10-19 17:25:00 - 2015-10-19 17:25:30
Tag                                                  Avg(ms)         Min         Max     Std Dev       Count

Performance Statistics   2015-10-19 17:25:30 - 2015-10-19 17:26:00
Tag                                                  Avg(ms)         Min         Max     Std Dev       Count

Performance Statistics   2015-10-19 17:26:00 - 2015-10-19 17:26:30
Tag                                                  Avg(ms)         Min         Max     Std Dev       Count

Performance Statistics   2015-10-19 17:26:30 - 2015-10-19 17:27:00
Tag                                                  Avg(ms)         Min         Max     Std Dev       Count
LoadClass                                                0,3           0           1         0,5           3
Messages.searchClasspath                                 0,0           0           0         0,0         345
Messages.searchFiles                                     0,0           0           0         0,0         345

Performance Statistics   2015-10-19 17:27:00 - 2015-10-19 17:27:30
Tag                                                  Avg(ms)         Min         Max     Std Dev       Count

Performance Statistics   2015-10-19 17:27:30 - 2015-10-19 17:28:00
Tag                                                  Avg(ms)         Min         Max     Std Dev       Count

Performance Statistics   2015-10-19 17:28:00 - 2015-10-19 17:28:30
Tag                                                  Avg(ms)         Min         Max     Std Dev       Count

Performance Statistics   2015-10-19 17:28:30 - 2015-10-19 17:29:00
Tag                                                  Avg(ms)         Min         Max     Std Dev       Count

Performance Statistics   2015-10-19 17:29:00 - 2015-10-19 17:29:30
Tag                                                  Avg(ms)         Min         Max     Std Dev       Count

Performance Statistics   2015-10-19 17:29:30 - 2015-10-19 17:30:00
Tag                                                  Avg(ms)         Min         Max     Std Dev       Count

Performance Statistics   2015-10-19 17:30:00 - 2015-10-19 17:30:30
Tag                                                  Avg(ms)         Min         Max     Std Dev       Count

