2015-10-19 17:23:02,482 INFO  [com.haulmont.cuba.core.sys.CubaClassPathXmlApplicationContext] [app] [server] Refreshing com.haulmont.cuba.core.sys.CubaClassPathXmlApplicationContext@3792e383: startup date [Mon Oct 19 17:23:02 MSK 2015]; root of context hierarchy
2015-10-19 17:23:02,571 INFO  [org.springframework.beans.factory.xml.XmlBeanDefinitionReader] [app] [server] Loading XML bean definitions from class path resource [cuba-web-spring.xml]
2015-10-19 17:23:04,523 INFO  [com.haulmont.cuba.core.sys.CubaDefaultListableBeanFactory] [app] [server] Overriding bean definition for bean 'cuba_PasswordEncryption': replacing [Generic bean: class [com.haulmont.cuba.core.sys.PasswordEncryptionImpl]; scope=singleton; abstract=false; lazyInit=false; autowireMode=0; dependencyCheck=0; autowireCandidate=true; primary=false; factoryBeanName=null; factoryMethodName=null; initMethodName=null; destroyMethodName=null; defined in URL [jar:file:/F:/work/delta/build/tomcat/webapps/app/WEB-INF/lib/cuba-global-5.6.4.jar!/com/haulmont/cuba/core/sys/PasswordEncryptionImpl.class]] with [Generic bean: class [com.haulmont.cuba.core.sys.PasswordEncryptionImpl]; scope=; abstract=false; lazyInit=false; autowireMode=0; dependencyCheck=0; autowireCandidate=true; primary=false; factoryBeanName=null; factoryMethodName=null; initMethodName=null; destroyMethodName=null; defined in class path resource [cuba-web-spring.xml]]
2015-10-19 17:23:04,578 INFO  [org.springframework.beans.factory.xml.XmlBeanDefinitionReader] [app] [server] Loading XML bean definitions from class path resource [web-spring.xml]
2015-10-19 17:23:06,465 INFO  [com.haulmont.cuba.web.sys.remoting.WebRemoteProxyBeanCreator] [app] [server] Configuring proxy beans for local service invocations
2015-10-19 17:23:06,472 DEBUG [com.haulmont.cuba.web.sys.remoting.WebRemoteProxyBeanCreator] [app] [server] Configured proxy bean cuba_LoginService of type com.haulmont.cuba.security.app.LoginService
2015-10-19 17:23:06,472 DEBUG [com.haulmont.cuba.web.sys.remoting.WebRemoteProxyBeanCreator] [app] [server] Configured proxy bean cuba_ServerInfoService of type com.haulmont.cuba.core.app.ServerInfoService
2015-10-19 17:23:06,472 DEBUG [com.haulmont.cuba.web.sys.remoting.WebRemoteProxyBeanCreator] [app] [server] Configured proxy bean cuba_UserSettingService of type com.haulmont.cuba.security.app.UserSettingService
2015-10-19 17:23:06,473 DEBUG [com.haulmont.cuba.web.sys.remoting.WebRemoteProxyBeanCreator] [app] [server] Configured proxy bean cuba_UserManagementService of type com.haulmont.cuba.security.app.UserManagementService
2015-10-19 17:23:06,473 DEBUG [com.haulmont.cuba.web.sys.remoting.WebRemoteProxyBeanCreator] [app] [server] Configured proxy bean cuba_DataService of type com.haulmont.cuba.core.app.DataService
2015-10-19 17:23:06,473 DEBUG [com.haulmont.cuba.web.sys.remoting.WebRemoteProxyBeanCreator] [app] [server] Configured proxy bean cuba_ConfigStorageService of type com.haulmont.cuba.core.app.ConfigStorageService
2015-10-19 17:23:06,473 DEBUG [com.haulmont.cuba.web.sys.remoting.WebRemoteProxyBeanCreator] [app] [server] Configured proxy bean cuba_PersistenceManagerService of type com.haulmont.cuba.core.app.PersistenceManagerService
2015-10-19 17:23:06,473 DEBUG [com.haulmont.cuba.web.sys.remoting.WebRemoteProxyBeanCreator] [app] [server] Configured proxy bean cuba_LockService of type com.haulmont.cuba.core.app.LockService
2015-10-19 17:23:06,473 DEBUG [com.haulmont.cuba.web.sys.remoting.WebRemoteProxyBeanCreator] [app] [server] Configured proxy bean cuba_UserSessionService of type com.haulmont.cuba.security.app.UserSessionService
2015-10-19 17:23:06,474 DEBUG [com.haulmont.cuba.web.sys.remoting.WebRemoteProxyBeanCreator] [app] [server] Configured proxy bean cuba_FoldersService of type com.haulmont.cuba.core.app.FoldersService
2015-10-19 17:23:06,474 DEBUG [com.haulmont.cuba.web.sys.remoting.WebRemoteProxyBeanCreator] [app] [server] Configured proxy bean cuba_EmailService of type com.haulmont.cuba.core.app.EmailService
2015-10-19 17:23:06,474 DEBUG [com.haulmont.cuba.web.sys.remoting.WebRemoteProxyBeanCreator] [app] [server] Configured proxy bean cuba_FileStorageService of type com.haulmont.cuba.core.app.FileStorageService
2015-10-19 17:23:06,474 DEBUG [com.haulmont.cuba.web.sys.remoting.WebRemoteProxyBeanCreator] [app] [server] Configured proxy bean cuba_EntitySnapshotService of type com.haulmont.cuba.core.app.EntitySnapshotService
2015-10-19 17:23:06,474 DEBUG [com.haulmont.cuba.web.sys.remoting.WebRemoteProxyBeanCreator] [app] [server] Configured proxy bean cuba_UniqueNumbersService of type com.haulmont.cuba.core.app.UniqueNumbersService
2015-10-19 17:23:06,475 DEBUG [com.haulmont.cuba.web.sys.remoting.WebRemoteProxyBeanCreator] [app] [server] Configured proxy bean cuba_LocalizedMessageService of type com.haulmont.cuba.core.app.LocalizedMessageService
2015-10-19 17:23:06,475 DEBUG [com.haulmont.cuba.web.sys.remoting.WebRemoteProxyBeanCreator] [app] [server] Configured proxy bean cuba_ResourceService of type com.haulmont.cuba.core.app.ResourceService
2015-10-19 17:23:06,475 DEBUG [com.haulmont.cuba.web.sys.remoting.WebRemoteProxyBeanCreator] [app] [server] Configured proxy bean cuba_ScheduledTasksService of type com.haulmont.cuba.core.app.SchedulingService
2015-10-19 17:23:06,475 DEBUG [com.haulmont.cuba.web.sys.remoting.WebRemoteProxyBeanCreator] [app] [server] Configured proxy bean cuba_EntityLogService of type com.haulmont.cuba.core.app.EntityLogService
2015-10-19 17:23:06,475 DEBUG [com.haulmont.cuba.web.sys.remoting.WebRemoteProxyBeanCreator] [app] [server] Configured proxy bean cuba_TestingService of type com.haulmont.cuba.core.app.TestingService
2015-10-19 17:23:06,475 DEBUG [com.haulmont.cuba.web.sys.remoting.WebRemoteProxyBeanCreator] [app] [server] Configured proxy bean cuba_ObjectsCacheManagerService of type com.haulmont.cuba.core.app.cache.ObjectsCacheManagerService
2015-10-19 17:23:06,475 DEBUG [com.haulmont.cuba.web.sys.remoting.WebRemoteProxyBeanCreator] [app] [server] Configured proxy bean cuba_DomainDescriptionService of type com.haulmont.cuba.core.app.DomainDescriptionService
2015-10-19 17:23:06,475 DEBUG [com.haulmont.cuba.web.sys.remoting.WebRemoteProxyBeanCreator] [app] [server] Configured proxy bean cuba_RelatedEntitiesService of type com.haulmont.cuba.core.app.RelatedEntitiesService
2015-10-19 17:23:06,475 DEBUG [com.haulmont.cuba.web.sys.remoting.WebRemoteProxyBeanCreator] [app] [server] Configured proxy bean cuba_EntitySqlGenerationService of type com.haulmont.cuba.core.app.EntitySqlGenerationService
2015-10-19 17:23:06,475 DEBUG [com.haulmont.cuba.web.sys.remoting.WebRemoteProxyBeanCreator] [app] [server] Configured proxy bean cuba_NumberIdService of type com.haulmont.cuba.core.app.NumberIdService
2015-10-19 17:23:06,475 DEBUG [com.haulmont.cuba.web.sys.remoting.WebRemoteProxyBeanCreator] [app] [server] Configured proxy bean cuba_QueryResultsService of type com.haulmont.cuba.core.app.QueryResultsService
2015-10-19 17:23:06,475 DEBUG [com.haulmont.cuba.web.sys.remoting.WebRemoteProxyBeanCreator] [app] [server] Configured proxy bean cuba_DynamicAttributesCacheService of type com.haulmont.cuba.core.app.dynamicattributes.DynamicAttributesCacheService
2015-10-19 17:23:06,475 DEBUG [com.haulmont.cuba.web.sys.remoting.WebRemoteProxyBeanCreator] [app] [server] Configured proxy bean cuba_EntityRestoreService of type com.haulmont.cuba.core.app.EntityRestoreService
2015-10-19 17:23:06,475 INFO  [com.haulmont.cuba.web.sys.remoting.WebRemoteProxyBeanCreator] [app] [server] Configuring proxy beans for local service invocations
2015-10-19 17:23:06,478 DEBUG [com.haulmont.cuba.web.sys.remoting.WebRemoteProxyBeanCreator] [app] [server] Configured proxy bean delta_OperationService of type com.bernatskyi.delta.service.OperationService
2015-10-19 17:23:06,498 INFO  [org.springframework.beans.factory.annotation.AutowiredAnnotationBeanPostProcessor] [app] [server] JSR-330 'javax.inject.Inject' annotation found and supported for autowiring
2015-10-19 17:23:06,622 INFO  [com.haulmont.cuba.core.sys.CubaDefaultListableBeanFactory] [app] [server] Pre-instantiating singletons in com.haulmont.cuba.core.sys.CubaDefaultListableBeanFactory@73bd9a0f: defining beans [com.haulmont.cuba.core.sys.CubaPropertyPlaceholderConfigurer#0,cuba_NumberIdSource,cuba_Scripting,cuba_Messages,cuba_Configuration,cuba_ViewRepository,cuba_PersistenceManagerClient,cuba_UuidSource,cuba_DataManager,cuba_ConfigEntityFactory,cuba_DynamicAttributesCacheStrategy,cuba_ClientCacheManager,cuba_DynamicAttributesService,cuba_ExtendedEntities,cuba_EntityLoadInfoBuilder,cuba_MessageTools,cuba_DatatypeFormatter,cuba_MetadataTools,cuba_UserFormatTools,cuba_TimeZones,cuba_MetadataBuildSupport,cuba_NumberIdCache,cuba_Metadata,cuba_TimeSource,cuba_PersistentEntitiesMetadataLoader,cuba_PasswordEncryption,cuba_Security,cuba_TriggerFilesProcessor,cuba_Resources,cuba_NodeIdentifier,cuba_LogControl,cuba_JmxNodeIdentifierMBean,cuba_JmxLogControlMBean,cuba_Md5EncryptionModule,cuba_Sha1EncryptionModule,cuba_ClassLoaderManager,cuba_JavaClassLoader,cuba_ScreensHelper,cuba_FilterDelegate,cuba_WindowConfig,cuba_MenuConfig,cuba_PermissionConfig,cuba_FileUploading,cuba_ThemeConstantsRepository,cuba_UniqueConstraintViolationHandler,cuba_FileStorageExceptionHandler,cuba_NumericOverflowExceptionHandler,cuba_OptimisticExceptionHandler,cuba_EntityAccessExceptionHandler,cuba_AccessDeniedHandler,cuba_NoSuchScreenHandler,cuba_DeletePolicyHandler,cuba_SilentExceptionHandler,cuba_MssqlDateOutOfRangeExceptionHandler,cuba_DynamicAttributesGuiTools,cuba_WindowManagerProvider,cuba_ComponentsFactory,cuba_FilterHelper,cuba_BackgroundWorker_WatchDog,cuba_BackgroundWorker,cuba_JmxControl,cuba_ConfigStorageMBean,cuba_JmxRemoteLogging,cuba_CachingFacadeMBean,cuba_StatisticsCounterMBean,staticContentController,logDownloadController,fileDownloadController,cuba_WebStatisticsAccumulator,cuba_ThemeManager,cuba_UserSettingsTools,cuba_Folders,cuba_ExportDisplay,cuba_BootstrapListener,cuba_UserSessionSource,cuba_LinkHandler,cuba_SettingsClient,cuba_AuthProviderFactory,cuba_DomainResolver,org.springframework.context.annotation.internalConfigurationAnnotationProcessor,org.springframework.context.annotation.internalAutowiredAnnotationProcessor,org.springframework.context.annotation.internalRequiredAnnotationProcessor,org.springframework.context.annotation.internalCommonAnnotationProcessor,org.springframework.context.annotation.internalPersistenceAnnotationProcessor,cuba_UserSession,cuba_AuthProvider,cuba_web_MBeanExporter,cuba_clusterInvocationSupport,cuba_proxyCreator,cuba_exceptionHandlersConf,scheduler,org.springframework.scheduling.support.ScheduledMethodRunnable#0,org.springframework.scheduling.config.IntervalTask#0,org.springframework.scheduling.support.ScheduledMethodRunnable#1,org.springframework.scheduling.config.IntervalTask#1,org.springframework.scheduling.config.ContextLifecycleScheduledTaskRegistrar#0,com.haulmont.cuba.web.sys.remoting.WebRemoteProxyBeanCreator#0,org.springframework.context.annotation.ConfigurationClassPostProcessor.importAwareProcessor,cuba_LoginService,cuba_ServerInfoService,cuba_UserSettingService,cuba_UserManagementService,cuba_DataService,cuba_ConfigStorageService,cuba_PersistenceManagerService,cuba_LockService,cuba_UserSessionService,cuba_FoldersService,cuba_EmailService,cuba_FileStorageService,cuba_EntitySnapshotService,cuba_UniqueNumbersService,cuba_LocalizedMessageService,cuba_ResourceService,cuba_ScheduledTasksService,cuba_EntityLogService,cuba_TestingService,cuba_ObjectsCacheManagerService,cuba_DomainDescriptionService,cuba_RelatedEntitiesService,cuba_EntitySqlGenerationService,cuba_NumberIdService,cuba_QueryResultsService,cuba_DynamicAttributesCacheService,cuba_EntityRestoreService,delta_OperationService]; root of factory hierarchy
2015-10-19 17:23:07,671 INFO  [com.haulmont.chile.core.datatypes.Datatypes] [app] [server] Can't find /datatypes.xml, using default datatypes settings
2015-10-19 17:23:08,910 INFO  [com.haulmont.cuba.core.sys.jmx.MBeanExporter] [app] [server] Registering beans for JMX exposure on startup
2015-10-19 17:23:08,913 INFO  [com.haulmont.cuba.core.sys.jmx.MBeanExporter] [app] [server] Located managed bean 'app.cuba:type=ConfigStorage': registering with JMX server as MBean [app.cuba:type=ConfigStorage]
2015-10-19 17:23:08,956 INFO  [com.haulmont.cuba.core.sys.jmx.MBeanExporter] [app] [server] Located managed bean 'app.cuba:type=CachingFacade': registering with JMX server as MBean [app.cuba:type=CachingFacade]
2015-10-19 17:23:08,960 INFO  [com.haulmont.cuba.core.sys.jmx.MBeanExporter] [app] [server] Located managed bean 'app.cuba:type=FileUploading': registering with JMX server as MBean [app.cuba:type=FileUploading]
2015-10-19 17:23:08,967 INFO  [com.haulmont.cuba.core.sys.jmx.MBeanExporter] [app] [server] Located managed bean 'app.cuba:type=JmxNodeIdentifier': registering with JMX server as MBean [app.cuba:type=JmxNodeIdentifier]
2015-10-19 17:23:08,969 INFO  [com.haulmont.cuba.core.sys.jmx.MBeanExporter] [app] [server] Located managed bean 'app.cuba:type=JmxLogControl': registering with JMX server as MBean [app.cuba:type=JmxLogControl]
2015-10-19 17:23:08,973 INFO  [com.haulmont.cuba.core.sys.jmx.MBeanExporter] [app] [server] Located managed bean 'app.cuba:type=ClassLoaderManager': registering with JMX server as MBean [app.cuba:type=ClassLoaderManager]
2015-10-19 17:23:08,975 INFO  [com.haulmont.cuba.core.sys.jmx.MBeanExporter] [app] [server] Located managed bean 'app.cuba:type=StatisticsCounter': registering with JMX server as MBean [app.cuba:type=StatisticsCounter]
2015-10-19 17:23:09,028 INFO  [com.haulmont.cuba.core.sys.CubaThreadPoolTaskScheduler] [app] [server] Initializing ExecutorService  'scheduler'
2015-10-19 17:23:09,118 INFO  [com.haulmont.cuba.web.sys.WebAppContextLoader] [app] AppContext initialized
2015-10-19 17:23:09,147 DEBUG [com.haulmont.cuba.web.sys.CubaDispatcherServlet] [app] Initializing servlet 'dispatcher'
2015-10-19 17:23:09,163 INFO  [com.haulmont.cuba.web.sys.CubaDispatcherServlet] [app] FrameworkServlet 'dispatcher': initialization started
2015-10-19 17:23:09,176 DEBUG [com.haulmont.cuba.web.sys.CubaDispatcherServlet] [app] Servlet with name 'dispatcher' will try to create custom WebApplicationContext context of class 'com.haulmont.cuba.core.sys.CubaXmlWebApplicationContext', using parent context [com.haulmont.cuba.core.sys.CubaClassPathXmlApplicationContext@3792e383: startup date [Mon Oct 19 17:23:02 MSK 2015]; root of context hierarchy]
2015-10-19 17:23:09,189 INFO  [com.haulmont.cuba.core.sys.CubaXmlWebApplicationContext] [app] Refreshing WebApplicationContext for namespace 'dispatcher-servlet': startup date [Mon Oct 19 17:23:09 MSK 2015]; parent: com.haulmont.cuba.core.sys.CubaClassPathXmlApplicationContext@3792e383
2015-10-19 17:23:09,194 INFO  [org.springframework.beans.factory.xml.XmlBeanDefinitionReader] [app] Loading XML bean definitions from class path resource [cuba-dispatcher-spring.xml]
2015-10-19 17:23:09,421 INFO  [org.springframework.beans.factory.annotation.AutowiredAnnotationBeanPostProcessor] [app] JSR-330 'javax.inject.Inject' annotation found and supported for autowiring
2015-10-19 17:23:09,428 INFO  [com.haulmont.cuba.core.sys.CubaDefaultListableBeanFactory] [app] Pre-instantiating singletons in com.haulmont.cuba.core.sys.CubaDefaultListableBeanFactory@5fe8f8e1: defining beans [org.springframework.context.annotation.internalConfigurationAnnotationProcessor,org.springframework.context.annotation.internalAutowiredAnnotationProcessor,org.springframework.context.annotation.internalRequiredAnnotationProcessor,org.springframework.context.annotation.internalCommonAnnotationProcessor,org.springframework.context.annotation.internalPersistenceAnnotationProcessor,staticContentController,logDownloadController,fileDownloadController,com.haulmont.cuba.web.controllers.CachedAnnotationMethodHandlerAdapter#0,org.springframework.context.annotation.ConfigurationClassPostProcessor.importAwareProcessor]; parent: com.haulmont.cuba.core.sys.CubaDefaultListableBeanFactory@73bd9a0f
2015-10-19 17:23:10,249 DEBUG [com.haulmont.cuba.web.sys.CubaDispatcherServlet] [app] Unable to locate MultipartResolver with name 'multipartResolver': no multipart request handling provided
2015-10-19 17:23:10,254 DEBUG [com.haulmont.cuba.web.sys.CubaDispatcherServlet] [app] Unable to locate LocaleResolver with name 'localeResolver': using default [org.springframework.web.servlet.i18n.AcceptHeaderLocaleResolver@4248544d]
2015-10-19 17:23:10,274 DEBUG [com.haulmont.cuba.web.sys.CubaDispatcherServlet] [app] Unable to locate ThemeResolver with name 'themeResolver': using default [org.springframework.web.servlet.theme.FixedThemeResolver@2e5df2a6]
2015-10-19 17:23:10,359 INFO  [org.springframework.web.servlet.mvc.annotation.DefaultAnnotationHandlerMapping] [app] Mapped URL path [/static/**] onto handler 'staticContentController'
2015-10-19 17:23:10,361 INFO  [org.springframework.web.servlet.mvc.annotation.DefaultAnnotationHandlerMapping] [app] Mapped URL path [/static/**.*] onto handler 'staticContentController'
2015-10-19 17:23:10,362 INFO  [org.springframework.web.servlet.mvc.annotation.DefaultAnnotationHandlerMapping] [app] Mapped URL path [/static/**/] onto handler 'staticContentController'
2015-10-19 17:23:10,363 INFO  [org.springframework.web.servlet.mvc.annotation.DefaultAnnotationHandlerMapping] [app] Mapped URL path [/log/{file:[a-zA-Z0-9\.\-_]+}] onto handler 'logDownloadController'
2015-10-19 17:23:10,364 INFO  [org.springframework.web.servlet.mvc.annotation.DefaultAnnotationHandlerMapping] [app] Mapped URL path [/download] onto handler 'fileDownloadController'
2015-10-19 17:23:10,365 INFO  [org.springframework.web.servlet.mvc.annotation.DefaultAnnotationHandlerMapping] [app] Mapped URL path [/download.*] onto handler 'fileDownloadController'
2015-10-19 17:23:10,365 INFO  [org.springframework.web.servlet.mvc.annotation.DefaultAnnotationHandlerMapping] [app] Mapped URL path [/download/] onto handler 'fileDownloadController'
2015-10-19 17:23:10,366 DEBUG [com.haulmont.cuba.web.sys.CubaDispatcherServlet] [app] No HandlerMappings found in servlet 'dispatcher': using default
2015-10-19 17:23:10,428 DEBUG [com.haulmont.cuba.web.sys.CubaDispatcherServlet] [app] No HandlerExceptionResolvers found in servlet 'dispatcher': using default
2015-10-19 17:23:10,433 DEBUG [com.haulmont.cuba.web.sys.CubaDispatcherServlet] [app] Unable to locate RequestToViewNameTranslator with name 'viewNameTranslator': using default [org.springframework.web.servlet.view.DefaultRequestToViewNameTranslator@94441df]
2015-10-19 17:23:10,469 DEBUG [com.haulmont.cuba.web.sys.CubaDispatcherServlet] [app] No ViewResolvers found in servlet 'dispatcher': using default
2015-10-19 17:23:10,480 DEBUG [com.haulmont.cuba.web.sys.CubaDispatcherServlet] [app] Unable to locate FlashMapManager with name 'flashMapManager': using default [org.springframework.web.servlet.support.SessionFlashMapManager@90a3b8f]
2015-10-19 17:23:10,482 DEBUG [com.haulmont.cuba.web.sys.CubaDispatcherServlet] [app] Unable to locate MultipartResolver with name 'multipartResolver': no multipart request handling provided
2015-10-19 17:23:10,492 DEBUG [com.haulmont.cuba.web.sys.CubaDispatcherServlet] [app] Unable to locate LocaleResolver with name 'localeResolver': using default [org.springframework.web.servlet.i18n.AcceptHeaderLocaleResolver@1f876d9e]
2015-10-19 17:23:10,493 DEBUG [com.haulmont.cuba.web.sys.CubaDispatcherServlet] [app] Unable to locate ThemeResolver with name 'themeResolver': using default [org.springframework.web.servlet.theme.FixedThemeResolver@46de61e2]
2015-10-19 17:23:10,506 INFO  [org.springframework.web.servlet.mvc.annotation.DefaultAnnotationHandlerMapping] [app] Mapped URL path [/static/**] onto handler 'staticContentController'
2015-10-19 17:23:10,508 INFO  [org.springframework.web.servlet.mvc.annotation.DefaultAnnotationHandlerMapping] [app] Mapped URL path [/static/**.*] onto handler 'staticContentController'
2015-10-19 17:23:10,509 INFO  [org.springframework.web.servlet.mvc.annotation.DefaultAnnotationHandlerMapping] [app] Mapped URL path [/static/**/] onto handler 'staticContentController'
2015-10-19 17:23:10,511 INFO  [org.springframework.web.servlet.mvc.annotation.DefaultAnnotationHandlerMapping] [app] Mapped URL path [/log/{file:[a-zA-Z0-9\.\-_]+}] onto handler 'logDownloadController'
2015-10-19 17:23:10,513 INFO  [org.springframework.web.servlet.mvc.annotation.DefaultAnnotationHandlerMapping] [app] Mapped URL path [/download] onto handler 'fileDownloadController'
2015-10-19 17:23:10,514 INFO  [org.springframework.web.servlet.mvc.annotation.DefaultAnnotationHandlerMapping] [app] Mapped URL path [/download.*] onto handler 'fileDownloadController'
2015-10-19 17:23:10,515 INFO  [org.springframework.web.servlet.mvc.annotation.DefaultAnnotationHandlerMapping] [app] Mapped URL path [/download/] onto handler 'fileDownloadController'
2015-10-19 17:23:10,515 DEBUG [com.haulmont.cuba.web.sys.CubaDispatcherServlet] [app] No HandlerMappings found in servlet 'dispatcher': using default
2015-10-19 17:23:10,520 DEBUG [com.haulmont.cuba.web.sys.CubaDispatcherServlet] [app] No HandlerExceptionResolvers found in servlet 'dispatcher': using default
2015-10-19 17:23:10,520 DEBUG [com.haulmont.cuba.web.sys.CubaDispatcherServlet] [app] Unable to locate RequestToViewNameTranslator with name 'viewNameTranslator': using default [org.springframework.web.servlet.view.DefaultRequestToViewNameTranslator@5f2aa44e]
2015-10-19 17:23:10,525 DEBUG [com.haulmont.cuba.web.sys.CubaDispatcherServlet] [app] No ViewResolvers found in servlet 'dispatcher': using default
2015-10-19 17:23:10,525 DEBUG [com.haulmont.cuba.web.sys.CubaDispatcherServlet] [app] Unable to locate FlashMapManager with name 'flashMapManager': using default [org.springframework.web.servlet.support.SessionFlashMapManager@57aedb60]
2015-10-19 17:23:10,526 DEBUG [com.haulmont.cuba.web.sys.CubaDispatcherServlet] [app] Published WebApplicationContext of servlet 'dispatcher' as ServletContext attribute with name [org.springframework.web.servlet.FrameworkServlet.CONTEXT.dispatcher]
2015-10-19 17:23:10,526 INFO  [com.haulmont.cuba.web.sys.CubaDispatcherServlet] [app] FrameworkServlet 'dispatcher': initialization completed in 1351 ms
2015-10-19 17:23:10,529 DEBUG [com.haulmont.cuba.web.sys.CubaDispatcherServlet] [app] Servlet 'dispatcher' configured successfully
2015-10-19 17:23:10,892 INFO  [com.haulmont.cuba.core.sys.AppContextLoader] [app-core] [server] DbmsType is set to hsql
2015-10-19 17:23:11,010 INFO  [com.haulmont.cuba.core.sys.persistence.PersistenceConfigProcessor] [app-core] [server] Creating file F:\work\delta\build\tomcat\work\app-core\persistence.xml
2015-10-19 17:23:11,076 INFO  [com.haulmont.cuba.core.sys.CubaClassPathXmlApplicationContext] [app-core] [server] Refreshing com.haulmont.cuba.core.sys.CubaClassPathXmlApplicationContext@72e54209: startup date [Mon Oct 19 17:23:11 MSK 2015]; root of context hierarchy
2015-10-19 17:23:11,079 INFO  [org.springframework.beans.factory.xml.XmlBeanDefinitionReader] [app-core] [server] Loading XML bean definitions from class path resource [cuba-spring.xml]
2015-10-19 17:23:11,778 INFO  [com.haulmont.cuba.core.sys.CubaDefaultListableBeanFactory] [app-core] [server] Overriding bean definition for bean 'cuba_Security': replacing [Generic bean: class [com.haulmont.cuba.core.sys.SecurityImpl]; scope=singleton; abstract=false; lazyInit=false; autowireMode=0; dependencyCheck=0; autowireCandidate=true; primary=false; factoryBeanName=null; factoryMethodName=null; initMethodName=null; destroyMethodName=null; defined in URL [jar:file:/F:/work/delta/build/tomcat/webapps/app-core/WEB-INF/lib/cuba-global-5.6.4.jar!/com/haulmont/cuba/core/sys/SecurityImpl.class]] with [Generic bean: class [com.haulmont.cuba.core.sys.PersistenceSecurityImpl]; scope=; abstract=false; lazyInit=false; autowireMode=0; dependencyCheck=0; autowireCandidate=true; primary=false; factoryBeanName=null; factoryMethodName=null; initMethodName=null; destroyMethodName=null; defined in class path resource [cuba-spring.xml]]
2015-10-19 17:23:11,780 INFO  [com.haulmont.cuba.core.sys.CubaDefaultListableBeanFactory] [app-core] [server] Overriding bean definition for bean 'cuba_PasswordEncryption': replacing [Generic bean: class [com.haulmont.cuba.core.sys.PasswordEncryptionImpl]; scope=singleton; abstract=false; lazyInit=false; autowireMode=0; dependencyCheck=0; autowireCandidate=true; primary=false; factoryBeanName=null; factoryMethodName=null; initMethodName=null; destroyMethodName=null; defined in URL [jar:file:/F:/work/delta/build/tomcat/webapps/app-core/WEB-INF/lib/cuba-global-5.6.4.jar!/com/haulmont/cuba/core/sys/PasswordEncryptionImpl.class]] with [Generic bean: class [com.haulmont.cuba.core.sys.PasswordEncryptionImpl]; scope=; abstract=false; lazyInit=false; autowireMode=0; dependencyCheck=0; autowireCandidate=true; primary=false; factoryBeanName=null; factoryMethodName=null; initMethodName=null; destroyMethodName=null; defined in class path resource [cuba-spring.xml]]
2015-10-19 17:23:11,805 INFO  [org.springframework.beans.factory.xml.XmlBeanDefinitionReader] [app-core] [server] Loading XML bean definitions from class path resource [spring.xml]
2015-10-19 17:23:12,152 INFO  [org.springframework.beans.factory.annotation.AutowiredAnnotationBeanPostProcessor] [app-core] [server] JSR-330 'javax.inject.Inject' annotation found and supported for autowiring
2015-10-19 17:23:13,271 INFO  [org.springframework.orm.jpa.persistenceunit.PersistenceUnitReader] [app-core] [server] persistence.xml should be located inside META-INF directory; cannot determine persistence unit root URL for URL [file:F:/work/delta/build/tomcat/work/app-core/persistence.xml]
2015-10-19 17:23:13,384 INFO  [org.springframework.orm.jpa.LocalContainerEntityManagerFactoryBean] [app-core] [server] Building JPA container EntityManagerFactory for persistence unit 'delta'
2015-10-19 17:23:14,288 WARN  [openjpa.Runtime] An error occurred while registering a ClassTransformer with PersistenceUnitInfo: name 'delta', root URL [file:/F:/work/delta/build/tomcat/lib/]. The error has been consumed. To see it, set your openjpa.Runtime log level to TRACE. Load-time class transformation will not be available.
2015-10-19 17:23:14,379 INFO  [com.haulmont.cuba.core.sys.CubaDefaultListableBeanFactory] [app-core] [server] Pre-instantiating singletons in com.haulmont.cuba.core.sys.CubaDefaultListableBeanFactory@21dd2b58: defining beans [com.haulmont.cuba.core.sys.CubaPropertyPlaceholderConfigurer#0,dataSource,entityManagerFactory,transactionManager,org.springframework.aop.config.internalAutoProxyCreator,org.springframework.transaction.annotation.AnnotationTransactionAttributeSource#0,org.springframework.transaction.interceptor.TransactionInterceptor#0,org.springframework.transaction.config.internalTransactionAdvisor,cuba_UserEntityListener,cuba_GroupEntityListener,cuba_EntityLogItemDetachListener,cuba_EntityLogMBean,cuba_UserSessionsMBean,cuba_EntityLog,cuba_LoginWorker,cuba_UserManagementService,cuba_LoginService,cuba_UserSessionService,cuba_UserSettingService,cuba_Authentication,cuba_TrustedLoginHandler,cuba_UserSessionManager,cuba_PersistenceTools,cuba_UniqueNumbersMBean,cuba_ObjectsCacheManagerMBean,cuba_PersistenceManagerMBean,cuba_ConfigStorageMBean,cuba_ClusterManagerMBean,cuba_EmailerMBean,cuba_SchedulingMBean,cuba_ScriptingManagerMBean,cuba_CachingFacadeMBean,cuba_ServerInfoMBean,cuba_FileStorageMBean,cuba_LockManagerMBean,cuba_StatisticsCounterMBean,cuba_PasswordEncryptionSupportMBean,cuba_DataCacheMBean,cuba_ServerInfoService,cuba_EntitySnapshotService,cuba_UniqueNumbersService,cuba_DataManager,cuba_QueryResultsService,cuba_EntityRestoreService,cuba_RelatedEntitiesService,cuba_DataService,cuba_UniqueNumbers,cuba_PersistenceManager,cuba_ConfigStorage,cuba_EntitySnapshotManager,cuba_FoldersService,cuba_ClusterManager,cuba_TestingService,cuba_DataWorker,cuba_Emailer,cuba_ServerInfo,cuba_DataServiceQueryBuilder,cuba_FileStorage,cuba_EntityDiffManager,cuba_LockManager,cuba_LocalizedMessageService,cuba_NumberIdService,cuba_ConfigStorageService,cuba_ScreenHistory,cuba_NumberIdWorker,cuba_FileStorageService,cuba_LockService,cuba_EmailService,cuba_EntityLogService,cuba_PersistenceManagerService,cuba_EmailSender,cuba_ResourceService,cuba_DataCache,cuba_MiddlewareStatisticsAccumulator,cuba_QueryResultsManager,cuba_CubaPrettyTimeParser,cuba_EntitySqlGenerator,cuba_EntitySqlGenerationService,cuba_SchedulingCoordinator,cuba_ScheduledTasksService,cuba_Scheduling,cuba_SchedulingRunner,cuba_DomainDescriptionService,cuba_DynamicAttributesManager,cuba_DynamicAttributesService,report_CategoryAttributeListener,cuba_DynamicAttributesCacheService,cuba_ObjectsCacheManagerService,cuba_ObjectsCacheManager,cuba_ViewRepository,cuba_FetchPlanManager,cuba_UserSessionSource,cuba_NumberIdSource,cuba_DbUpdater,cuba_Scripting,cuba_Messages,cuba_MailSender,cuba_Persistence,cuba_UuidSource,cuba_EntityListenerManager,cuba_Configuration,cuba_ConfigEntityFactory,cuba_TimeBetweenQueryMacroHandler,cuba_EnumQueryMacroHandler,cuba_DateEqualsQueryMacroHandler,cuba_DateBeforeQueryMacroHandler,cuba_DateAfterQueryMacroHandler,cuba_TimeTodayQueryMacroHandler,cuba_DeletePolicyProcessor,cuba_EntityLifecycleListener,cuba_EntityTransactionListener,cuba_UserSessions,cuba_ExtendedEntities,cuba_EntityLoadInfoBuilder,cuba_MessageTools,cuba_DatatypeFormatter,cuba_MetadataTools,cuba_UserFormatTools,cuba_TimeZones,cuba_MetadataBuildSupport,cuba_NumberIdCache,cuba_Metadata,cuba_TimeSource,cuba_PersistentEntitiesMetadataLoader,cuba_PasswordEncryption,cuba_Security,cuba_TriggerFilesProcessor,cuba_Resources,cuba_NodeIdentifier,cuba_LogControl,cuba_JmxNodeIdentifierMBean,cuba_JmxLogControlMBean,cuba_Md5EncryptionModule,cuba_Sha1EncryptionModule,cuba_ClassLoaderManager,cuba_JavaClassLoader,org.springframework.context.annotation.internalConfigurationAnnotationProcessor,org.springframework.context.annotation.internalAutowiredAnnotationProcessor,org.springframework.context.annotation.internalRequiredAnnotationProcessor,org.springframework.context.annotation.internalCommonAnnotationProcessor,org.springframework.context.annotation.internalPersistenceAnnotationProcessor,serviceInterceptor,authenticationInterceptor,mbeanInterceptor,org.springframework.aop.aspectj.AspectJPointcutAdvisor#0,org.springframework.aop.aspectj.AspectJPointcutAdvisor#1,org.springframework.aop.aspectj.AspectJPointcutAdvisor#2,cuba_MBeanExporter,scheduler,org.springframework.scheduling.support.ScheduledMethodRunnable#0,org.springframework.scheduling.config.IntervalTask#0,org.springframework.scheduling.support.ScheduledMethodRunnable#1,org.springframework.scheduling.config.IntervalTask#1,org.springframework.scheduling.support.ScheduledMethodRunnable#2,org.springframework.scheduling.config.IntervalTask#2,org.springframework.scheduling.support.ScheduledMethodRunnable#3,org.springframework.scheduling.config.IntervalTask#3,org.springframework.scheduling.support.ScheduledMethodRunnable#4,org.springframework.scheduling.config.IntervalTask#4,org.springframework.scheduling.config.ContextLifecycleScheduledTaskRegistrar#0,mailSendTaskExecutor,delta_OperationService,delta_OperationWorker,org.springframework.context.annotation.ConfigurationClassPostProcessor.importAwareProcessor]; root of factory hierarchy
2015-10-19 17:23:14,848 INFO  [com.haulmont.chile.core.datatypes.Datatypes] [app-core] [server] Can't find /datatypes.xml, using default datatypes settings
2015-10-19 17:23:15,258 INFO  [org.springframework.scheduling.concurrent.ThreadPoolTaskExecutor] [app-core] [server] Initializing ExecutorService  'mailSendTaskExecutor'
2015-10-19 17:23:16,590 INFO  [com.haulmont.cuba.core.sys.jmx.MBeanExporter] [app-core] [server] Registering beans for JMX exposure on startup
2015-10-19 17:23:16,600 INFO  [com.haulmont.cuba.core.sys.jmx.MBeanExporter] [app-core] [server] Located managed bean 'app-core.cuba:type=PersistenceManager': registering with JMX server as MBean [app-core.cuba:type=PersistenceManager]
2015-10-19 17:23:16,922 INFO  [com.haulmont.cuba.core.sys.jmx.MBeanExporter] [app-core] [server] Located managed bean 'app-core.cuba:type=ConfigStorage': registering with JMX server as MBean [app-core.cuba:type=ConfigStorage]
2015-10-19 17:23:16,941 INFO  [com.haulmont.cuba.core.sys.jmx.MBeanExporter] [app-core] [server] Located managed bean 'app-core.cuba:type=DataCache': registering with JMX server as MBean [app-core.cuba:type=DataCache]
2015-10-19 17:23:16,953 INFO  [com.haulmont.cuba.core.sys.jmx.MBeanExporter] [app-core] [server] Located managed bean 'app-core.cuba:type=UserSessions': registering with JMX server as MBean [app-core.cuba:type=UserSessions]
2015-10-19 17:23:17,038 INFO  [com.haulmont.cuba.core.sys.jmx.MBeanExporter] [app-core] [server] Located managed bean 'app-core.cuba:type=UniqueNumbers': registering with JMX server as MBean [app-core.cuba:type=UniqueNumbers]
2015-10-19 17:23:17,116 INFO  [com.haulmont.cuba.core.sys.jmx.MBeanExporter] [app-core] [server] Located managed bean 'app-core.cuba:type=Emailer': registering with JMX server as MBean [app-core.cuba:type=Emailer]
2015-10-19 17:23:17,297 INFO  [com.haulmont.cuba.core.sys.jmx.MBeanExporter] [app-core] [server] Located managed bean 'app-core.cuba:type=EntityLog': registering with JMX server as MBean [app-core.cuba:type=EntityLog]
2015-10-19 17:23:17,404 INFO  [com.haulmont.cuba.core.sys.jmx.MBeanExporter] [app-core] [server] Located managed bean 'app-core.cuba:type=FileStorage': registering with JMX server as MBean [app-core.cuba:type=FileStorage]
2015-10-19 17:23:17,433 INFO  [com.haulmont.cuba.core.sys.jmx.MBeanExporter] [app-core] [server] Located managed bean 'app-core.cuba:type=LockManager': registering with JMX server as MBean [app-core.cuba:type=LockManager]
2015-10-19 17:23:17,444 INFO  [com.haulmont.cuba.core.sys.jmx.MBeanExporter] [app-core] [server] Located managed bean 'app-core.cuba:type=CachingFacade': registering with JMX server as MBean [app-core.cuba:type=CachingFacade]
2015-10-19 17:23:17,453 INFO  [com.haulmont.cuba.core.sys.jmx.MBeanExporter] [app-core] [server] Located managed bean 'app-core.cuba:type=ClusterManager': registering with JMX server as MBean [app-core.cuba:type=ClusterManager]
2015-10-19 17:23:17,756 INFO  [com.haulmont.cuba.core.sys.jmx.MBeanExporter] [app-core] [server] Located managed bean 'app-core.cuba:type=ScriptingManager': registering with JMX server as MBean [app-core.cuba:type=ScriptingManager]
2015-10-19 17:23:18,209 INFO  [com.haulmont.cuba.core.sys.jmx.MBeanExporter] [app-core] [server] Located managed bean 'app-core.cuba:type=ServerInfo': registering with JMX server as MBean [app-core.cuba:type=ServerInfo]
2015-10-19 17:23:18,428 INFO  [com.haulmont.cuba.core.sys.jmx.MBeanExporter] [app-core] [server] Located managed bean 'app-core.cuba:type=Scheduling': registering with JMX server as MBean [app-core.cuba:type=Scheduling]
2015-10-19 17:23:18,499 INFO  [com.haulmont.cuba.core.sys.jmx.MBeanExporter] [app-core] [server] Located managed bean 'app-core.cuba:type=ObjectsCacheManager': registering with JMX server as MBean [app-core.cuba:type=ObjectsCacheManager]
2015-10-19 17:23:18,513 INFO  [com.haulmont.cuba.core.sys.jmx.MBeanExporter] [app-core] [server] Located managed bean 'app-core.cuba:type=PasswordEncryptionSupport': registering with JMX server as MBean [app-core.cuba:type=PasswordEncryptionSupport]
2015-10-19 17:23:18,539 INFO  [com.haulmont.cuba.core.sys.jmx.MBeanExporter] [app-core] [server] Located managed bean 'app-core.cuba:type=JmxNodeIdentifier': registering with JMX server as MBean [app-core.cuba:type=JmxNodeIdentifier]
2015-10-19 17:23:18,622 INFO  [com.haulmont.cuba.core.sys.jmx.MBeanExporter] [app-core] [server] Located managed bean 'app-core.cuba:type=JmxLogControl': registering with JMX server as MBean [app-core.cuba:type=JmxLogControl]
2015-10-19 17:23:18,653 INFO  [com.haulmont.cuba.core.sys.jmx.MBeanExporter] [app-core] [server] Located managed bean 'app-core.cuba:type=ClassLoaderManager': registering with JMX server as MBean [app-core.cuba:type=ClassLoaderManager]
2015-10-19 17:23:18,676 INFO  [com.haulmont.cuba.core.sys.jmx.MBeanExporter] [app-core] [server] Located managed bean 'app-core.cuba:type=StatisticsCounter': registering with JMX server as MBean [app-core.cuba:type=StatisticsCounter]
2015-10-19 17:23:18,810 INFO  [com.haulmont.cuba.core.sys.CubaThreadPoolTaskScheduler] [app-core] [server] Initializing ExecutorService  'scheduler'
2015-10-19 17:23:19,308 WARN  [com.haulmont.cuba.security.app.UserSessions] [app-core] 
======================================================
CUBA platform license
Type: Commercial
License ID: 1503121
Licensed to: Not restricted
Application: Not restricted
Valid for CUBA platform releases up to: Not restricted
Maximum number of sessions: 5
Maximum number of entities: Not restricted
======================================================
2015-10-19 17:23:19,315 INFO  [com.haulmont.cuba.core.sys.AppContextLoader] [app-core] AppContext initialized
2015-10-19 17:23:19,318 INFO  [com.haulmont.cuba.core.sys.remoting.RemotingServlet] [app-core] FrameworkServlet 'remoting': initialization started
2015-10-19 17:23:19,319 INFO  [org.springframework.web.context.support.XmlWebApplicationContext] [app-core] Refreshing WebApplicationContext for namespace 'remoting-servlet': startup date [Mon Oct 19 17:23:19 MSK 2015]; parent: com.haulmont.cuba.core.sys.CubaClassPathXmlApplicationContext@72e54209
2015-10-19 17:23:19,320 INFO  [org.springframework.beans.factory.xml.XmlBeanDefinitionReader] [app-core] Loading XML bean definitions from class path resource [cuba-remoting-spring.xml]
2015-10-19 17:23:19,379 INFO  [com.haulmont.cuba.core.sys.remoting.RemoteServicesBeanCreator] [app-core] Configuring remote services
2015-10-19 17:23:19,395 INFO  [org.springframework.beans.factory.annotation.AutowiredAnnotationBeanPostProcessor] [app-core] JSR-330 'javax.inject.Inject' annotation found and supported for autowiring
2015-10-19 17:23:19,397 INFO  [org.springframework.beans.factory.support.DefaultListableBeanFactory] [app-core] Pre-instantiating singletons in org.springframework.beans.factory.support.DefaultListableBeanFactory@5b33d714: defining beans [org.springframework.context.annotation.internalConfigurationAnnotationProcessor,org.springframework.context.annotation.internalAutowiredAnnotationProcessor,org.springframework.context.annotation.internalRequiredAnnotationProcessor,org.springframework.context.annotation.internalCommonAnnotationProcessor,org.springframework.context.annotation.internalPersistenceAnnotationProcessor,logDownloadController,fileUploadController,fileDownloadController,servicesExporter,/cuba_LoginService,/cuba_ServerInfoService,/cuba_LocalizedMessageService,org.springframework.context.annotation.ConfigurationClassPostProcessor.importAwareProcessor,/cuba_UserManagementService,/cuba_UserSessionService,/cuba_UserSettingService,/cuba_EntitySnapshotService,/cuba_UniqueNumbersService,/cuba_QueryResultsService,/cuba_EntityRestoreService,/cuba_RelatedEntitiesService,/cuba_DataService,/cuba_FoldersService,/cuba_TestingService,/cuba_NumberIdService,/cuba_ConfigStorageService,/cuba_FileStorageService,/cuba_LockService,/cuba_EmailService,/cuba_EntityLogService,/cuba_PersistenceManagerService,/cuba_ResourceService,/cuba_EntitySqlGenerationService,/cuba_ScheduledTasksService,/cuba_DomainDescriptionService,/cuba_DynamicAttributesCacheService,/cuba_ObjectsCacheManagerService,/delta_OperationService]; parent: com.haulmont.cuba.core.sys.CubaDefaultListableBeanFactory@21dd2b58
2015-10-19 17:23:19,439 DEBUG [com.haulmont.cuba.core.app.LockManager] [app-core] Expiring locks
2015-10-19 17:23:19,505 INFO  [org.springframework.web.servlet.handler.BeanNameUrlHandlerMapping] [app-core] Mapped URL path [/cuba_LoginService] onto handler '/cuba_LoginService'
2015-10-19 17:23:19,525 INFO  [org.springframework.web.servlet.handler.BeanNameUrlHandlerMapping] [app-core] Mapped URL path [/cuba_ServerInfoService] onto handler '/cuba_ServerInfoService'
2015-10-19 17:23:19,539 INFO  [org.springframework.web.servlet.handler.BeanNameUrlHandlerMapping] [app-core] Mapped URL path [/cuba_LocalizedMessageService] onto handler '/cuba_LocalizedMessageService'
2015-10-19 17:23:19,562 INFO  [org.springframework.web.servlet.handler.BeanNameUrlHandlerMapping] [app-core] Mapped URL path [/cuba_UserManagementService] onto handler '/cuba_UserManagementService'
2015-10-19 17:23:19,566 INFO  [org.springframework.web.servlet.handler.BeanNameUrlHandlerMapping] [app-core] Mapped URL path [/cuba_UserSessionService] onto handler '/cuba_UserSessionService'
2015-10-19 17:23:19,569 INFO  [org.springframework.web.servlet.handler.BeanNameUrlHandlerMapping] [app-core] Mapped URL path [/cuba_UserSettingService] onto handler '/cuba_UserSettingService'
2015-10-19 17:23:19,570 INFO  [org.springframework.web.servlet.handler.BeanNameUrlHandlerMapping] [app-core] Mapped URL path [/cuba_EntitySnapshotService] onto handler '/cuba_EntitySnapshotService'
2015-10-19 17:23:19,573 INFO  [org.springframework.web.servlet.handler.BeanNameUrlHandlerMapping] [app-core] Mapped URL path [/cuba_UniqueNumbersService] onto handler '/cuba_UniqueNumbersService'
2015-10-19 17:23:19,587 INFO  [org.springframework.web.servlet.handler.BeanNameUrlHandlerMapping] [app-core] Mapped URL path [/cuba_QueryResultsService] onto handler '/cuba_QueryResultsService'
2015-10-19 17:23:19,589 INFO  [org.springframework.web.servlet.handler.BeanNameUrlHandlerMapping] [app-core] Mapped URL path [/cuba_EntityRestoreService] onto handler '/cuba_EntityRestoreService'
2015-10-19 17:23:19,589 INFO  [org.springframework.web.servlet.handler.BeanNameUrlHandlerMapping] [app-core] Mapped URL path [/cuba_RelatedEntitiesService] onto handler '/cuba_RelatedEntitiesService'
2015-10-19 17:23:19,589 INFO  [org.springframework.web.servlet.handler.BeanNameUrlHandlerMapping] [app-core] Mapped URL path [/cuba_DataService] onto handler '/cuba_DataService'
2015-10-19 17:23:19,592 INFO  [org.springframework.web.servlet.handler.BeanNameUrlHandlerMapping] [app-core] Mapped URL path [/cuba_FoldersService] onto handler '/cuba_FoldersService'
2015-10-19 17:23:19,594 INFO  [org.springframework.web.servlet.handler.BeanNameUrlHandlerMapping] [app-core] Mapped URL path [/cuba_TestingService] onto handler '/cuba_TestingService'
2015-10-19 17:23:19,595 INFO  [org.springframework.web.servlet.handler.BeanNameUrlHandlerMapping] [app-core] Mapped URL path [/cuba_NumberIdService] onto handler '/cuba_NumberIdService'
2015-10-19 17:23:19,596 INFO  [org.springframework.web.servlet.handler.BeanNameUrlHandlerMapping] [app-core] Mapped URL path [/cuba_ConfigStorageService] onto handler '/cuba_ConfigStorageService'
2015-10-19 17:23:19,596 INFO  [org.springframework.web.servlet.handler.BeanNameUrlHandlerMapping] [app-core] Mapped URL path [/cuba_FileStorageService] onto handler '/cuba_FileStorageService'
2015-10-19 17:23:19,596 INFO  [org.springframework.web.servlet.handler.BeanNameUrlHandlerMapping] [app-core] Mapped URL path [/cuba_LockService] onto handler '/cuba_LockService'
2015-10-19 17:23:19,596 INFO  [org.springframework.web.servlet.handler.BeanNameUrlHandlerMapping] [app-core] Mapped URL path [/cuba_EmailService] onto handler '/cuba_EmailService'
2015-10-19 17:23:19,598 INFO  [org.springframework.web.servlet.handler.BeanNameUrlHandlerMapping] [app-core] Mapped URL path [/cuba_EntityLogService] onto handler '/cuba_EntityLogService'
2015-10-19 17:23:19,599 INFO  [org.springframework.web.servlet.handler.BeanNameUrlHandlerMapping] [app-core] Mapped URL path [/cuba_PersistenceManagerService] onto handler '/cuba_PersistenceManagerService'
2015-10-19 17:23:19,610 INFO  [org.springframework.web.servlet.handler.BeanNameUrlHandlerMapping] [app-core] Mapped URL path [/cuba_ResourceService] onto handler '/cuba_ResourceService'
2015-10-19 17:23:19,611 INFO  [org.springframework.web.servlet.handler.BeanNameUrlHandlerMapping] [app-core] Mapped URL path [/cuba_EntitySqlGenerationService] onto handler '/cuba_EntitySqlGenerationService'
2015-10-19 17:23:19,618 INFO  [org.springframework.web.servlet.handler.BeanNameUrlHandlerMapping] [app-core] Mapped URL path [/cuba_ScheduledTasksService] onto handler '/cuba_ScheduledTasksService'
2015-10-19 17:23:19,619 INFO  [org.springframework.web.servlet.handler.BeanNameUrlHandlerMapping] [app-core] Mapped URL path [/cuba_DomainDescriptionService] onto handler '/cuba_DomainDescriptionService'
2015-10-19 17:23:19,619 INFO  [org.springframework.web.servlet.handler.BeanNameUrlHandlerMapping] [app-core] Mapped URL path [/cuba_DynamicAttributesCacheService] onto handler '/cuba_DynamicAttributesCacheService'
2015-10-19 17:23:19,620 INFO  [org.springframework.web.servlet.handler.BeanNameUrlHandlerMapping] [app-core] Mapped URL path [/cuba_ObjectsCacheManagerService] onto handler '/cuba_ObjectsCacheManagerService'
2015-10-19 17:23:19,620 INFO  [org.springframework.web.servlet.handler.BeanNameUrlHandlerMapping] [app-core] Mapped URL path [/delta_OperationService] onto handler '/delta_OperationService'
2015-10-19 17:23:19,623 INFO  [org.springframework.web.servlet.mvc.annotation.DefaultAnnotationHandlerMapping] [app-core] Mapped URL path [/log/{file:[a-zA-Z0-9\.\-_]+}] onto handler 'logDownloadController'
2015-10-19 17:23:19,625 INFO  [org.springframework.web.servlet.mvc.annotation.DefaultAnnotationHandlerMapping] [app-core] Mapped URL path [/upload] onto handler 'fileUploadController'
2015-10-19 17:23:19,625 INFO  [org.springframework.web.servlet.mvc.annotation.DefaultAnnotationHandlerMapping] [app-core] Mapped URL path [/upload.*] onto handler 'fileUploadController'
2015-10-19 17:23:19,626 INFO  [org.springframework.web.servlet.mvc.annotation.DefaultAnnotationHandlerMapping] [app-core] Mapped URL path [/upload/] onto handler 'fileUploadController'
2015-10-19 17:23:19,626 INFO  [org.springframework.web.servlet.mvc.annotation.DefaultAnnotationHandlerMapping] [app-core] Mapped URL path [/download] onto handler 'fileDownloadController'
2015-10-19 17:23:19,626 INFO  [org.springframework.web.servlet.mvc.annotation.DefaultAnnotationHandlerMapping] [app-core] Mapped URL path [/download.*] onto handler 'fileDownloadController'
2015-10-19 17:23:19,626 INFO  [org.springframework.web.servlet.mvc.annotation.DefaultAnnotationHandlerMapping] [app-core] Mapped URL path [/download/] onto handler 'fileDownloadController'
2015-10-19 17:23:19,665 INFO  [org.springframework.web.servlet.handler.BeanNameUrlHandlerMapping] [app-core] Mapped URL path [/cuba_LoginService] onto handler '/cuba_LoginService'
2015-10-19 17:23:19,672 INFO  [org.springframework.web.servlet.handler.BeanNameUrlHandlerMapping] [app-core] Mapped URL path [/cuba_ServerInfoService] onto handler '/cuba_ServerInfoService'
2015-10-19 17:23:19,677 INFO  [org.springframework.web.servlet.handler.BeanNameUrlHandlerMapping] [app-core] Mapped URL path [/cuba_LocalizedMessageService] onto handler '/cuba_LocalizedMessageService'
2015-10-19 17:23:19,680 INFO  [org.springframework.web.servlet.handler.BeanNameUrlHandlerMapping] [app-core] Mapped URL path [/cuba_UserManagementService] onto handler '/cuba_UserManagementService'
2015-10-19 17:23:19,690 INFO  [org.springframework.web.servlet.handler.BeanNameUrlHandlerMapping] [app-core] Mapped URL path [/cuba_UserSessionService] onto handler '/cuba_UserSessionService'
2015-10-19 17:23:19,694 INFO  [org.springframework.web.servlet.handler.BeanNameUrlHandlerMapping] [app-core] Mapped URL path [/cuba_UserSettingService] onto handler '/cuba_UserSettingService'
2015-10-19 17:23:19,694 INFO  [org.springframework.web.servlet.handler.BeanNameUrlHandlerMapping] [app-core] Mapped URL path [/cuba_EntitySnapshotService] onto handler '/cuba_EntitySnapshotService'
2015-10-19 17:23:19,694 INFO  [org.springframework.web.servlet.handler.BeanNameUrlHandlerMapping] [app-core] Mapped URL path [/cuba_UniqueNumbersService] onto handler '/cuba_UniqueNumbersService'
2015-10-19 17:23:19,695 INFO  [org.springframework.web.servlet.handler.BeanNameUrlHandlerMapping] [app-core] Mapped URL path [/cuba_QueryResultsService] onto handler '/cuba_QueryResultsService'
2015-10-19 17:23:19,695 INFO  [org.springframework.web.servlet.handler.BeanNameUrlHandlerMapping] [app-core] Mapped URL path [/cuba_EntityRestoreService] onto handler '/cuba_EntityRestoreService'
2015-10-19 17:23:19,696 INFO  [org.springframework.web.servlet.handler.BeanNameUrlHandlerMapping] [app-core] Mapped URL path [/cuba_RelatedEntitiesService] onto handler '/cuba_RelatedEntitiesService'
2015-10-19 17:23:19,696 INFO  [org.springframework.web.servlet.handler.BeanNameUrlHandlerMapping] [app-core] Mapped URL path [/cuba_DataService] onto handler '/cuba_DataService'
2015-10-19 17:23:19,696 INFO  [org.springframework.web.servlet.handler.BeanNameUrlHandlerMapping] [app-core] Mapped URL path [/cuba_FoldersService] onto handler '/cuba_FoldersService'
2015-10-19 17:23:19,697 INFO  [org.springframework.web.servlet.handler.BeanNameUrlHandlerMapping] [app-core] Mapped URL path [/cuba_TestingService] onto handler '/cuba_TestingService'
2015-10-19 17:23:19,697 INFO  [org.springframework.web.servlet.handler.BeanNameUrlHandlerMapping] [app-core] Mapped URL path [/cuba_NumberIdService] onto handler '/cuba_NumberIdService'
2015-10-19 17:23:19,697 INFO  [org.springframework.web.servlet.handler.BeanNameUrlHandlerMapping] [app-core] Mapped URL path [/cuba_ConfigStorageService] onto handler '/cuba_ConfigStorageService'
2015-10-19 17:23:19,697 INFO  [org.springframework.web.servlet.handler.BeanNameUrlHandlerMapping] [app-core] Mapped URL path [/cuba_FileStorageService] onto handler '/cuba_FileStorageService'
2015-10-19 17:23:19,697 INFO  [org.springframework.web.servlet.handler.BeanNameUrlHandlerMapping] [app-core] Mapped URL path [/cuba_LockService] onto handler '/cuba_LockService'
2015-10-19 17:23:19,697 INFO  [org.springframework.web.servlet.handler.BeanNameUrlHandlerMapping] [app-core] Mapped URL path [/cuba_EmailService] onto handler '/cuba_EmailService'
2015-10-19 17:23:19,698 INFO  [org.springframework.web.servlet.handler.BeanNameUrlHandlerMapping] [app-core] Mapped URL path [/cuba_EntityLogService] onto handler '/cuba_EntityLogService'
2015-10-19 17:23:19,699 INFO  [org.springframework.web.servlet.handler.BeanNameUrlHandlerMapping] [app-core] Mapped URL path [/cuba_PersistenceManagerService] onto handler '/cuba_PersistenceManagerService'
2015-10-19 17:23:19,699 INFO  [org.springframework.web.servlet.handler.BeanNameUrlHandlerMapping] [app-core] Mapped URL path [/cuba_ResourceService] onto handler '/cuba_ResourceService'
2015-10-19 17:23:19,699 INFO  [org.springframework.web.servlet.handler.BeanNameUrlHandlerMapping] [app-core] Mapped URL path [/cuba_EntitySqlGenerationService] onto handler '/cuba_EntitySqlGenerationService'
2015-10-19 17:23:19,699 INFO  [org.springframework.web.servlet.handler.BeanNameUrlHandlerMapping] [app-core] Mapped URL path [/cuba_ScheduledTasksService] onto handler '/cuba_ScheduledTasksService'
2015-10-19 17:23:19,699 INFO  [org.springframework.web.servlet.handler.BeanNameUrlHandlerMapping] [app-core] Mapped URL path [/cuba_DomainDescriptionService] onto handler '/cuba_DomainDescriptionService'
2015-10-19 17:23:19,699 INFO  [org.springframework.web.servlet.handler.BeanNameUrlHandlerMapping] [app-core] Mapped URL path [/cuba_DynamicAttributesCacheService] onto handler '/cuba_DynamicAttributesCacheService'
2015-10-19 17:23:19,700 INFO  [org.springframework.web.servlet.handler.BeanNameUrlHandlerMapping] [app-core] Mapped URL path [/cuba_ObjectsCacheManagerService] onto handler '/cuba_ObjectsCacheManagerService'
2015-10-19 17:23:19,700 INFO  [org.springframework.web.servlet.handler.BeanNameUrlHandlerMapping] [app-core] Mapped URL path [/delta_OperationService] onto handler '/delta_OperationService'
2015-10-19 17:23:19,701 INFO  [org.springframework.web.servlet.mvc.annotation.DefaultAnnotationHandlerMapping] [app-core] Mapped URL path [/log/{file:[a-zA-Z0-9\.\-_]+}] onto handler 'logDownloadController'
2015-10-19 17:23:19,702 INFO  [org.springframework.web.servlet.mvc.annotation.DefaultAnnotationHandlerMapping] [app-core] Mapped URL path [/upload] onto handler 'fileUploadController'
2015-10-19 17:23:19,705 INFO  [org.springframework.web.servlet.mvc.annotation.DefaultAnnotationHandlerMapping] [app-core] Mapped URL path [/upload.*] onto handler 'fileUploadController'
2015-10-19 17:23:19,705 INFO  [org.springframework.web.servlet.mvc.annotation.DefaultAnnotationHandlerMapping] [app-core] Mapped URL path [/upload/] onto handler 'fileUploadController'
2015-10-19 17:23:19,705 INFO  [org.springframework.web.servlet.mvc.annotation.DefaultAnnotationHandlerMapping] [app-core] Mapped URL path [/download] onto handler 'fileDownloadController'
2015-10-19 17:23:19,705 INFO  [org.springframework.web.servlet.mvc.annotation.DefaultAnnotationHandlerMapping] [app-core] Mapped URL path [/download.*] onto handler 'fileDownloadController'
2015-10-19 17:23:19,706 INFO  [org.springframework.web.servlet.mvc.annotation.DefaultAnnotationHandlerMapping] [app-core] Mapped URL path [/download/] onto handler 'fileDownloadController'
2015-10-19 17:23:19,718 INFO  [com.haulmont.cuba.core.sys.remoting.RemotingServlet] [app-core] FrameworkServlet 'remoting': initialization completed in 399 ms
2015-10-19 17:23:36,484 DEBUG [com.haulmont.cuba.web.sys.CubaVaadinServletService] [app] HTTP session com.vaadin.server.VaadinSession@4f74f816 initialized, timeout=1800sec
2015-10-19 17:23:37,269 DEBUG [com.haulmont.cuba.gui.theme.ThemeConstantsRepository] [app] Loading theme constants
2015-10-19 17:23:37,304 DEBUG [com.haulmont.cuba.web.AppUI] [app] Initializing AppUI
2015-10-19 17:23:37,304 DEBUG [com.haulmont.cuba.web.App] [app] Initializing application
2015-10-19 17:23:40,986 INFO  [openjpa.Runtime] Starting OpenJPA 2.3.0
2015-10-19 17:23:41,078 INFO  [openjpa.jdbc.JDBC] Using dictionary class "com.haulmont.cuba.core.sys.persistence.CubaHSQLDictionary".
2015-10-19 17:23:41,255 INFO  [openjpa.jdbc.JDBC] Connected to HSQL Database Engine version 2.2 using JDBC driver HSQL Database Engine Driver version 2.2.9. 
2015-10-19 17:23:41,483 INFO  [com.haulmont.cuba.core.sys.MetadataImpl] [app-core] Initializing metadata
2015-10-19 17:23:41,603 INFO  [com.haulmont.cuba.core.sys.MetadataImpl] [app-core] Metadata initialized in 111ms
2015-10-19 17:23:42,586 DEBUG [com.haulmont.cuba.core.app.PersistenceManager] [app-core] Searching for soft delete tables
2015-10-19 17:23:43,904 DEBUG [com.haulmont.cuba.core.app.PersistenceManager] [app-core] Searching for link tables
2015-10-19 17:23:43,905 DEBUG [com.haulmont.cuba.core.app.PersistenceManager] [app-core] Searching for secondary tables
2015-10-19 17:23:43,943 INFO  [com.haulmont.cuba.security.app.LoginWorkerBean] [app-core] Logged in: cbecdea3-3887-e930-d2d3-51b63de73225 [admin]
2015-10-19 17:23:44,093 DEBUG [com.haulmont.cuba.web.DefaultApp] [app] [admin] Creating AppWindow
2015-10-19 17:23:44,146 INFO  [com.haulmont.cuba.core.sys.MetadataImpl] [app] [admin] Initializing metadata
2015-10-19 17:23:44,354 INFO  [com.haulmont.cuba.core.sys.MetadataImpl] [app] [admin] Metadata initialized in 207ms
2015-10-19 17:23:44,809 INFO  [com.haulmont.cuba.client.sys.ViewRepositoryClientImpl] [app] [admin] Initializing views
2015-10-19 17:23:44,814 DEBUG [com.haulmont.cuba.client.sys.ViewRepositoryClientImpl] [app] [admin] Deploying views config: cuba-views.xml
2015-10-19 17:23:44,827 DEBUG [com.haulmont.cuba.client.sys.ViewRepositoryClientImpl] [app] [admin] Deploying views config: views.xml
2015-10-19 17:23:44,853 DEBUG [com.haulmont.cuba.core.app.DataManagerBean] [app-core] [admin] loadList: metaClass=sec$UserSubstitution, view=com.haulmont.cuba.security.entity.UserSubstitution/app, query=select us from sec$UserSubstitution us where us.user.id = :userId and (us.endDate is null or us.endDate >= :currentDate) and (us.startDate is null or us.startDate <= :currentDate) and (us.substitutedUser.active = true or us.substitutedUser.active is null) order by us.substitutedUser.name
2015-10-19 17:23:45,057 DEBUG [com.haulmont.cuba.core.app.FoldersServiceBean] [app-core] [admin] Loading AppFolders
2015-10-19 17:23:45,137 DEBUG [com.haulmont.cuba.core.app.FoldersServiceBean] [app-core] [admin] Loading SearchFolders
2015-10-19 17:23:45,296 DEBUG [com.haulmont.cuba.web.DefaultConnection] [app] [admin] Logged in: user=admin, ip=0:0:0:0:0:0:0:1, clientInfo=Web (localhost:8080/app) Mozilla/5.0 (Windows NT 6.1; WOW64) AppleWebKit/537.36 (KHTML, like Gecko) Chrome/46.0.2490.71 Safari/537.36
2015-10-19 17:23:47,801 INFO  [com.haulmont.cuba.core.app.PersistenceManager] [app-core] [admin] Loading statistics cache
2015-10-19 17:23:48,164 INFO  [com.haulmont.cuba.core.sys.ViewRepositoryImpl] [app-core] [admin] Initializing views
2015-10-19 17:23:48,417 DEBUG [com.haulmont.cuba.core.app.DataManagerBean] [app-core] [admin] loadList: metaClass=sec$Filter, view=com.haulmont.cuba.security.entity.FilterEntity/app, query=select f from sec$Filter f where f.componentId = :component and (f.user is null or f.user.id = :userId) order by f.name
2015-10-19 17:23:48,565 DEBUG [com.haulmont.cuba.core.app.DataManagerBean] [app-core] [admin] loadList: metaClass=delta$Storage, view=com.bernatskyi.delta.entity.Storage/_local, query=select e from delta$Storage e order by e.name, max=50
2015-10-19 17:24:18,991 DEBUG [com.haulmont.cuba.core.app.LockManager] [app-core] Expiring locks
2015-10-19 17:25:18,992 DEBUG [com.haulmont.cuba.core.app.LockManager] [app-core] Expiring locks
2015-10-19 17:26:18,992 DEBUG [com.haulmont.cuba.core.app.LockManager] [app-core] Expiring locks
2015-10-19 17:26:54,922 DEBUG [com.haulmont.cuba.core.app.DataManagerBean] [app-core] [admin] load: metaClass=delta$Storage, id=b2426f0b-5210-6199-6865-9d632fd3b98f, view=com.bernatskyi.delta.entity.Storage/_local
2015-10-19 17:26:55,011 DEBUG [com.haulmont.cuba.core.app.DataManagerBean] [app-core] [admin] loadList: metaClass=delta$Operation, view=com.bernatskyi.delta.entity.Operation/operation-storage-category, query=select e from delta$Operation e where e.storage.id = :ds_storageDs or e.destination.id = :ds_storageDs order by e.dateTime, max=10000
2015-10-19 17:26:55,546 DEBUG [com.haulmont.cuba.core.app.DataManagerBean] [app-core] [admin] loadList: metaClass=delta$StorageCategoryState, view=com.bernatskyi.delta.entity.StorageCategoryState/storageCategoryState-view, query=select e from delta$StorageCategoryState e where e.storage.id = :ds_storageDs and e.dateTime is null order by e.category.name, max=10000
2015-10-19 17:27:18,994 DEBUG [com.haulmont.cuba.core.app.LockManager] [app-core] Expiring locks
2015-10-19 17:28:18,994 DEBUG [com.haulmont.cuba.core.app.LockManager] [app-core] Expiring locks
2015-10-19 17:29:18,994 DEBUG [com.haulmont.cuba.core.app.LockManager] [app-core] Expiring locks
2015-10-19 17:30:18,995 DEBUG [com.haulmont.cuba.core.app.LockManager] [app-core] Expiring locks
