окт 01, 2015 12:13:20 AM org.apache.catalina.core.AprLifecycleListener lifecycleEvent
INFO: The APR based Apache Tomcat Native library which allows optimal performance in production environments was not found on the java.library.path: C:\Program Files\Java\jdk1.8.0_45\bin;C:\Windows\Sun\Java\bin;C:\Windows\system32;C:\Windows;C:\ProgramData\Oracle\Java\javapath;C:\Program Files (x86)\NVIDIA Corporation\PhysX\Common;C:\Program Files (x86)\Intel\iCLS Client\;C:\Program Files\Intel\iCLS Client\;C:\Windows\system32;C:\Windows;C:\Windows\System32\Wbem;C:\Windows\System32\WindowsPowerShell\v1.0\;C:\Program Files\Intel\Intel(R) Management Engine Components\DAL;C:\Program Files\Intel\Intel(R) Management Engine Components\IPT;C:\Program Files (x86)\Intel\Intel(R) Management Engine Components\DAL;C:\Program Files (x86)\Intel\Intel(R) Management Engine Components\IPT;C:\Program Files\Java\jdk1.8.0_45\bin;.
окт 01, 2015 12:13:20 AM org.apache.coyote.AbstractProtocol init
INFO: Initializing ProtocolHandler ["http-bio-8080"]
окт 01, 2015 12:13:20 AM org.apache.coyote.AbstractProtocol init
INFO: Initializing ProtocolHandler ["ajp-bio-8009"]
окт 01, 2015 12:13:20 AM org.apache.catalina.startup.Catalina load
INFO: Initialization processed in 426 ms
окт 01, 2015 12:13:20 AM org.apache.catalina.core.StandardService startInternal
INFO: Starting service Catalina
окт 01, 2015 12:13:20 AM org.apache.catalina.core.StandardEngine startInternal
INFO: Starting Servlet Engine: Apache Tomcat/7.0.62
окт 01, 2015 12:13:20 AM org.apache.catalina.startup.HostConfig deployDirectory
INFO: Deploying web application directory D:\delta\delta\build\tomcat\webapps\app
окт 01, 2015 12:13:20 AM com.haulmont.cuba.core.sys.logging.CubaLog4jConfigurator doConfigure
INFO: Configuring log4j from file:/D:\delta\delta\build\tomcat/conf/log4j.xml
окт 01, 2015 12:13:23 AM org.apache.catalina.startup.HostConfig deployDirectory
INFO: Deployment of web application directory D:\delta\delta\build\tomcat\webapps\app has finished in 2,988 ms
окт 01, 2015 12:13:23 AM org.apache.catalina.startup.HostConfig deployDirectory
INFO: Deploying web application directory D:\delta\delta\build\tomcat\webapps\app-core
окт 01, 2015 12:13:26 AM org.apache.catalina.startup.HostConfig deployDirectory
INFO: Deployment of web application directory D:\delta\delta\build\tomcat\webapps\app-core has finished in 2,894 ms
окт 01, 2015 12:13:26 AM org.apache.coyote.AbstractProtocol start
INFO: Starting ProtocolHandler ["http-bio-8080"]
окт 01, 2015 12:13:26 AM org.apache.coyote.AbstractProtocol start
INFO: Starting ProtocolHandler ["ajp-bio-8009"]
окт 01, 2015 12:13:26 AM org.apache.catalina.startup.Catalina start
INFO: Server startup in 5931 ms
окт 01, 2015 12:13:57 AM com.vaadin.server.DefaultDeploymentConfiguration checkProductionMode
WARNING: 
=================================================================
Vaadin is running in DEBUG MODE.
Add productionMode=true to web.xml to disable debug features.
To show debug window, add ?debug to your application URL.
=================================================================
окт 01, 2015 12:30:27 AM org.apache.catalina.core.StandardServer await
INFO: A valid shutdown command was received via the shutdown port. Stopping the Server instance.
окт 01, 2015 12:30:27 AM org.apache.coyote.AbstractProtocol pause
INFO: Pausing ProtocolHandler ["http-bio-8080"]
окт 01, 2015 12:30:27 AM org.apache.coyote.AbstractProtocol pause
INFO: Pausing ProtocolHandler ["ajp-bio-8009"]
окт 01, 2015 12:30:27 AM org.apache.catalina.core.StandardService stopInternal
INFO: Stopping service Catalina
окт 01, 2015 12:30:27 AM org.apache.catalina.loader.WebappClassLoader clearReferencesThreads
SEVERE: The web application [/app] appears to have started a thread named [perf4j-async-stats-appender-sink-CoalescingStatistics] but has failed to stop it. This is very likely to create a memory leak.
окт 01, 2015 12:30:27 AM org.apache.catalina.loader.WebappClassLoader clearReferencesThreads
SEVERE: The web application [/app] appears to have started a thread named [perf4j-async-stats-appender-sink-UICoalescingStatistics] but has failed to stop it. This is very likely to create a memory leak.
окт 01, 2015 12:30:27 AM org.apache.catalina.loader.WebappClassLoader clearReferencesThreads
SEVERE: The web application [/app-core] appears to have started a thread named [Timer-0] but has failed to stop it. This is very likely to create a memory leak.
окт 01, 2015 12:30:27 AM org.apache.coyote.AbstractProtocol stop
INFO: Stopping ProtocolHandler ["http-bio-8080"]
окт 01, 2015 12:30:27 AM org.apache.coyote.AbstractProtocol stop
INFO: Stopping ProtocolHandler ["ajp-bio-8009"]
окт 01, 2015 12:30:27 AM org.apache.coyote.AbstractProtocol destroy
INFO: Destroying ProtocolHandler ["http-bio-8080"]
окт 01, 2015 12:30:27 AM org.apache.coyote.AbstractProtocol destroy
INFO: Destroying ProtocolHandler ["ajp-bio-8009"]
окт 01, 2015 12:30:34 AM org.apache.catalina.core.AprLifecycleListener lifecycleEvent
INFO: The APR based Apache Tomcat Native library which allows optimal performance in production environments was not found on the java.library.path: C:\Program Files\Java\jdk1.8.0_45\bin;C:\Windows\Sun\Java\bin;C:\Windows\system32;C:\Windows;C:\ProgramData\Oracle\Java\javapath;C:\Program Files (x86)\NVIDIA Corporation\PhysX\Common;C:\Program Files (x86)\Intel\iCLS Client\;C:\Program Files\Intel\iCLS Client\;C:\Windows\system32;C:\Windows;C:\Windows\System32\Wbem;C:\Windows\System32\WindowsPowerShell\v1.0\;C:\Program Files\Intel\Intel(R) Management Engine Components\DAL;C:\Program Files\Intel\Intel(R) Management Engine Components\IPT;C:\Program Files (x86)\Intel\Intel(R) Management Engine Components\DAL;C:\Program Files (x86)\Intel\Intel(R) Management Engine Components\IPT;C:\Program Files\Java\jdk1.8.0_45\bin;.
окт 01, 2015 12:30:34 AM org.apache.coyote.AbstractProtocol init
INFO: Initializing ProtocolHandler ["http-bio-8080"]
окт 01, 2015 12:30:34 AM org.apache.coyote.AbstractProtocol init
INFO: Initializing ProtocolHandler ["ajp-bio-8009"]
окт 01, 2015 12:30:34 AM org.apache.catalina.startup.Catalina load
INFO: Initialization processed in 433 ms
окт 01, 2015 12:30:34 AM org.apache.catalina.core.StandardService startInternal
INFO: Starting service Catalina
окт 01, 2015 12:30:34 AM org.apache.catalina.core.StandardEngine startInternal
INFO: Starting Servlet Engine: Apache Tomcat/7.0.62
окт 01, 2015 12:30:34 AM org.apache.catalina.startup.HostConfig deployDirectory
INFO: Deploying web application directory D:\delta\delta\build\tomcat\webapps\app
окт 01, 2015 12:30:34 AM com.haulmont.cuba.core.sys.logging.CubaLog4jConfigurator doConfigure
INFO: Configuring log4j from file:/D:\delta\delta\build\tomcat/conf/log4j.xml
окт 01, 2015 12:30:37 AM org.apache.catalina.startup.HostConfig deployDirectory
INFO: Deployment of web application directory D:\delta\delta\build\tomcat\webapps\app has finished in 2,951 ms
окт 01, 2015 12:30:37 AM org.apache.catalina.startup.HostConfig deployDirectory
INFO: Deploying web application directory D:\delta\delta\build\tomcat\webapps\app-core
окт 01, 2015 12:30:40 AM org.apache.catalina.startup.HostConfig deployDirectory
INFO: Deployment of web application directory D:\delta\delta\build\tomcat\webapps\app-core has finished in 2,803 ms
окт 01, 2015 12:30:40 AM org.apache.coyote.AbstractProtocol start
INFO: Starting ProtocolHandler ["http-bio-8080"]
окт 01, 2015 12:30:40 AM org.apache.coyote.AbstractProtocol start
INFO: Starting ProtocolHandler ["ajp-bio-8009"]
окт 01, 2015 12:30:40 AM org.apache.catalina.startup.Catalina start
INFO: Server startup in 5806 ms
окт 01, 2015 12:31:06 AM com.vaadin.server.DefaultDeploymentConfiguration checkProductionMode
WARNING: 
=================================================================
Vaadin is running in DEBUG MODE.
Add productionMode=true to web.xml to disable debug features.
To show debug window, add ?debug to your application URL.
=================================================================
окт 01, 2015 1:52:33 AM org.apache.catalina.core.AprLifecycleListener lifecycleEvent
INFO: The APR based Apache Tomcat Native library which allows optimal performance in production environments was not found on the java.library.path: C:\Program Files\Java\jdk1.8.0_45\bin;C:\Windows\Sun\Java\bin;C:\Windows\system32;C:\Windows;C:\ProgramData\Oracle\Java\javapath;C:\Program Files (x86)\NVIDIA Corporation\PhysX\Common;C:\Program Files (x86)\Intel\iCLS Client\;C:\Program Files\Intel\iCLS Client\;C:\Windows\system32;C:\Windows;C:\Windows\System32\Wbem;C:\Windows\System32\WindowsPowerShell\v1.0\;C:\Program Files\Intel\Intel(R) Management Engine Components\DAL;C:\Program Files\Intel\Intel(R) Management Engine Components\IPT;C:\Program Files (x86)\Intel\Intel(R) Management Engine Components\DAL;C:\Program Files (x86)\Intel\Intel(R) Management Engine Components\IPT;C:\Program Files\Java\jdk1.8.0_45\bin;.
окт 01, 2015 1:52:33 AM org.apache.coyote.AbstractProtocol init
INFO: Initializing ProtocolHandler ["http-bio-8080"]
окт 01, 2015 1:52:33 AM org.apache.coyote.AbstractProtocol init
INFO: Initializing ProtocolHandler ["ajp-bio-8009"]
окт 01, 2015 1:52:33 AM org.apache.catalina.startup.Catalina load
INFO: Initialization processed in 419 ms
окт 01, 2015 1:52:33 AM org.apache.catalina.core.StandardService startInternal
INFO: Starting service Catalina
окт 01, 2015 1:52:33 AM org.apache.catalina.core.StandardEngine startInternal
INFO: Starting Servlet Engine: Apache Tomcat/7.0.62
окт 01, 2015 1:52:33 AM org.apache.catalina.startup.HostConfig deployDirectory
INFO: Deploying web application directory D:\delta\delta\build\tomcat\webapps\app
окт 01, 2015 1:52:33 AM com.haulmont.cuba.core.sys.logging.CubaLog4jConfigurator doConfigure
INFO: Configuring log4j from file:/D:\delta\delta\build\tomcat/conf/log4j.xml
окт 01, 2015 1:52:36 AM org.apache.catalina.startup.HostConfig deployDirectory
INFO: Deployment of web application directory D:\delta\delta\build\tomcat\webapps\app has finished in 2,969 ms
окт 01, 2015 1:52:36 AM org.apache.catalina.startup.HostConfig deployDirectory
INFO: Deploying web application directory D:\delta\delta\build\tomcat\webapps\app-core
окт 01, 2015 1:52:40 AM org.apache.catalina.startup.HostConfig deployDirectory
INFO: Deployment of web application directory D:\delta\delta\build\tomcat\webapps\app-core has finished in 3,782 ms
окт 01, 2015 1:52:40 AM org.apache.coyote.AbstractProtocol start
INFO: Starting ProtocolHandler ["http-bio-8080"]
окт 01, 2015 1:52:40 AM org.apache.coyote.AbstractProtocol start
INFO: Starting ProtocolHandler ["ajp-bio-8009"]
окт 01, 2015 1:52:40 AM org.apache.catalina.startup.Catalina start
INFO: Server startup in 6821 ms
окт 01, 2015 1:53:26 AM com.vaadin.server.DefaultDeploymentConfiguration checkProductionMode
WARNING: 
=================================================================
Vaadin is running in DEBUG MODE.
Add productionMode=true to web.xml to disable debug features.
To show debug window, add ?debug to your application URL.
=================================================================
окт 01, 2015 1:59:05 AM org.apache.catalina.core.StandardServer await
INFO: A valid shutdown command was received via the shutdown port. Stopping the Server instance.
окт 01, 2015 1:59:05 AM org.apache.coyote.AbstractProtocol pause
INFO: Pausing ProtocolHandler ["http-bio-8080"]
окт 01, 2015 1:59:05 AM org.apache.coyote.AbstractProtocol pause
INFO: Pausing ProtocolHandler ["ajp-bio-8009"]
окт 01, 2015 1:59:05 AM org.apache.catalina.core.StandardService stopInternal
INFO: Stopping service Catalina
окт 01, 2015 1:59:05 AM org.apache.catalina.loader.WebappClassLoader clearReferencesThreads
SEVERE: The web application [/app] appears to have started a thread named [perf4j-async-stats-appender-sink-CoalescingStatistics] but has failed to stop it. This is very likely to create a memory leak.
окт 01, 2015 1:59:05 AM org.apache.catalina.loader.WebappClassLoader clearReferencesThreads
SEVERE: The web application [/app] appears to have started a thread named [perf4j-async-stats-appender-sink-UICoalescingStatistics] but has failed to stop it. This is very likely to create a memory leak.
окт 01, 2015 1:59:05 AM org.apache.catalina.loader.WebappClassLoader clearReferencesThreads
SEVERE: The web application [/app-core] appears to have started a thread named [Timer-0] but has failed to stop it. This is very likely to create a memory leak.
окт 01, 2015 1:59:05 AM org.apache.coyote.AbstractProtocol stop
INFO: Stopping ProtocolHandler ["http-bio-8080"]
окт 01, 2015 1:59:05 AM org.apache.coyote.AbstractProtocol stop
INFO: Stopping ProtocolHandler ["ajp-bio-8009"]
окт 01, 2015 1:59:05 AM org.apache.coyote.AbstractProtocol destroy
INFO: Destroying ProtocolHandler ["http-bio-8080"]
окт 01, 2015 1:59:05 AM org.apache.coyote.AbstractProtocol destroy
INFO: Destroying ProtocolHandler ["ajp-bio-8009"]
окт 01, 2015 2:02:53 AM org.apache.catalina.core.AprLifecycleListener lifecycleEvent
INFO: The APR based Apache Tomcat Native library which allows optimal performance in production environments was not found on the java.library.path: C:\Program Files\Java\jdk1.8.0_45\bin;C:\Windows\Sun\Java\bin;C:\Windows\system32;C:\Windows;C:\ProgramData\Oracle\Java\javapath;C:\Program Files (x86)\NVIDIA Corporation\PhysX\Common;C:\Program Files (x86)\Intel\iCLS Client\;C:\Program Files\Intel\iCLS Client\;C:\Windows\system32;C:\Windows;C:\Windows\System32\Wbem;C:\Windows\System32\WindowsPowerShell\v1.0\;C:\Program Files\Intel\Intel(R) Management Engine Components\DAL;C:\Program Files\Intel\Intel(R) Management Engine Components\IPT;C:\Program Files (x86)\Intel\Intel(R) Management Engine Components\DAL;C:\Program Files (x86)\Intel\Intel(R) Management Engine Components\IPT;C:\Program Files\Java\jdk1.8.0_45\bin;.
окт 01, 2015 2:02:54 AM org.apache.coyote.AbstractProtocol init
INFO: Initializing ProtocolHandler ["http-bio-8080"]
окт 01, 2015 2:02:54 AM org.apache.coyote.AbstractProtocol init
INFO: Initializing ProtocolHandler ["ajp-bio-8009"]
окт 01, 2015 2:02:54 AM org.apache.catalina.startup.Catalina load
INFO: Initialization processed in 455 ms
окт 01, 2015 2:02:54 AM org.apache.catalina.core.StandardService startInternal
INFO: Starting service Catalina
окт 01, 2015 2:02:54 AM org.apache.catalina.core.StandardEngine startInternal
INFO: Starting Servlet Engine: Apache Tomcat/7.0.62
окт 01, 2015 2:02:54 AM org.apache.catalina.startup.HostConfig deployDirectory
INFO: Deploying web application directory D:\delta\delta\build\tomcat\webapps\app
окт 01, 2015 2:02:54 AM com.haulmont.cuba.core.sys.logging.CubaLog4jConfigurator doConfigure
INFO: Configuring log4j from file:/D:\delta\delta\build\tomcat/conf/log4j.xml
окт 01, 2015 2:02:57 AM org.apache.catalina.startup.HostConfig deployDirectory
INFO: Deployment of web application directory D:\delta\delta\build\tomcat\webapps\app has finished in 3,092 ms
окт 01, 2015 2:02:57 AM org.apache.catalina.startup.HostConfig deployDirectory
INFO: Deploying web application directory D:\delta\delta\build\tomcat\webapps\app-core
окт 01, 2015 2:03:00 AM org.apache.catalina.startup.HostConfig deployDirectory
INFO: Deployment of web application directory D:\delta\delta\build\tomcat\webapps\app-core has finished in 3,113 ms
окт 01, 2015 2:03:00 AM org.apache.coyote.AbstractProtocol start
INFO: Starting ProtocolHandler ["http-bio-8080"]
окт 01, 2015 2:03:00 AM org.apache.coyote.AbstractProtocol start
INFO: Starting ProtocolHandler ["ajp-bio-8009"]
окт 01, 2015 2:03:00 AM org.apache.catalina.startup.Catalina start
INFO: Server startup in 6258 ms
окт 01, 2015 2:03:17 AM com.vaadin.server.DefaultDeploymentConfiguration checkProductionMode
WARNING: 
=================================================================
Vaadin is running in DEBUG MODE.
Add productionMode=true to web.xml to disable debug features.
To show debug window, add ?debug to your application URL.
=================================================================
окт 01, 2015 2:14:19 AM org.apache.catalina.core.AprLifecycleListener lifecycleEvent
INFO: The APR based Apache Tomcat Native library which allows optimal performance in production environments was not found on the java.library.path: C:\Program Files\Java\jdk1.8.0_45\bin;C:\Windows\Sun\Java\bin;C:\Windows\system32;C:\Windows;C:\ProgramData\Oracle\Java\javapath;C:\Program Files (x86)\NVIDIA Corporation\PhysX\Common;C:\Program Files (x86)\Intel\iCLS Client\;C:\Program Files\Intel\iCLS Client\;C:\Windows\system32;C:\Windows;C:\Windows\System32\Wbem;C:\Windows\System32\WindowsPowerShell\v1.0\;C:\Program Files\Intel\Intel(R) Management Engine Components\DAL;C:\Program Files\Intel\Intel(R) Management Engine Components\IPT;C:\Program Files (x86)\Intel\Intel(R) Management Engine Components\DAL;C:\Program Files (x86)\Intel\Intel(R) Management Engine Components\IPT;C:\Program Files\Java\jdk1.8.0_45\bin;.
окт 01, 2015 2:14:19 AM org.apache.coyote.AbstractProtocol init
INFO: Initializing ProtocolHandler ["http-bio-8080"]
окт 01, 2015 2:14:19 AM org.apache.coyote.AbstractProtocol init
INFO: Initializing ProtocolHandler ["ajp-bio-8009"]
окт 01, 2015 2:14:19 AM org.apache.catalina.startup.Catalina load
INFO: Initialization processed in 432 ms
окт 01, 2015 2:14:19 AM org.apache.catalina.core.StandardService startInternal
INFO: Starting service Catalina
окт 01, 2015 2:14:19 AM org.apache.catalina.core.StandardEngine startInternal
INFO: Starting Servlet Engine: Apache Tomcat/7.0.62
окт 01, 2015 2:14:19 AM org.apache.catalina.startup.HostConfig deployDirectory
INFO: Deploying web application directory D:\delta\delta\build\tomcat\webapps\app
окт 01, 2015 2:14:20 AM com.haulmont.cuba.core.sys.logging.CubaLog4jConfigurator doConfigure
INFO: Configuring log4j from file:/D:\delta\delta\build\tomcat/conf/log4j.xml
окт 01, 2015 2:14:22 AM org.apache.catalina.startup.HostConfig deployDirectory
INFO: Deployment of web application directory D:\delta\delta\build\tomcat\webapps\app has finished in 2,891 ms
окт 01, 2015 2:14:22 AM org.apache.catalina.startup.HostConfig deployDirectory
INFO: Deploying web application directory D:\delta\delta\build\tomcat\webapps\app-core
окт 01, 2015 2:14:25 AM org.apache.catalina.startup.HostConfig deployDirectory
INFO: Deployment of web application directory D:\delta\delta\build\tomcat\webapps\app-core has finished in 2,920 ms
окт 01, 2015 2:14:25 AM org.apache.coyote.AbstractProtocol start
INFO: Starting ProtocolHandler ["http-bio-8080"]
окт 01, 2015 2:14:25 AM org.apache.coyote.AbstractProtocol start
INFO: Starting ProtocolHandler ["ajp-bio-8009"]
окт 01, 2015 2:14:25 AM org.apache.catalina.startup.Catalina start
INFO: Server startup in 5862 ms
окт 01, 2015 2:14:39 AM com.vaadin.server.DefaultDeploymentConfiguration checkProductionMode
WARNING: 
=================================================================
Vaadin is running in DEBUG MODE.
Add productionMode=true to web.xml to disable debug features.
To show debug window, add ?debug to your application URL.
=================================================================
окт 01, 2015 2:41:47 AM org.apache.catalina.core.StandardServer await
INFO: A valid shutdown command was received via the shutdown port. Stopping the Server instance.
окт 01, 2015 2:41:47 AM org.apache.coyote.AbstractProtocol pause
INFO: Pausing ProtocolHandler ["http-bio-8080"]
окт 01, 2015 2:41:47 AM org.apache.coyote.AbstractProtocol pause
INFO: Pausing ProtocolHandler ["ajp-bio-8009"]
окт 01, 2015 2:41:47 AM org.apache.catalina.core.StandardService stopInternal
INFO: Stopping service Catalina
окт 01, 2015 2:41:47 AM org.apache.catalina.loader.WebappClassLoader clearReferencesThreads
SEVERE: The web application [/app] appears to have started a thread named [perf4j-async-stats-appender-sink-CoalescingStatistics] but has failed to stop it. This is very likely to create a memory leak.
окт 01, 2015 2:41:47 AM org.apache.catalina.loader.WebappClassLoader clearReferencesThreads
SEVERE: The web application [/app] appears to have started a thread named [perf4j-async-stats-appender-sink-UICoalescingStatistics] but has failed to stop it. This is very likely to create a memory leak.
окт 01, 2015 2:41:47 AM org.apache.catalina.loader.WebappClassLoader clearReferencesThreads
SEVERE: The web application [/app-core] appears to have started a thread named [Timer-0] but has failed to stop it. This is very likely to create a memory leak.
окт 01, 2015 2:41:47 AM org.apache.coyote.AbstractProtocol stop
INFO: Stopping ProtocolHandler ["http-bio-8080"]
окт 01, 2015 2:41:47 AM org.apache.coyote.AbstractProtocol stop
INFO: Stopping ProtocolHandler ["ajp-bio-8009"]
окт 01, 2015 2:41:47 AM org.apache.coyote.AbstractProtocol destroy
INFO: Destroying ProtocolHandler ["http-bio-8080"]
окт 01, 2015 2:41:47 AM org.apache.coyote.AbstractProtocol destroy
INFO: Destroying ProtocolHandler ["ajp-bio-8009"]
окт 01, 2015 2:41:53 AM org.apache.catalina.core.AprLifecycleListener lifecycleEvent
INFO: The APR based Apache Tomcat Native library which allows optimal performance in production environments was not found on the java.library.path: C:\Program Files\Java\jdk1.8.0_45\bin;C:\Windows\Sun\Java\bin;C:\Windows\system32;C:\Windows;C:\ProgramData\Oracle\Java\javapath;C:\Program Files (x86)\NVIDIA Corporation\PhysX\Common;C:\Program Files (x86)\Intel\iCLS Client\;C:\Program Files\Intel\iCLS Client\;C:\Windows\system32;C:\Windows;C:\Windows\System32\Wbem;C:\Windows\System32\WindowsPowerShell\v1.0\;C:\Program Files\Intel\Intel(R) Management Engine Components\DAL;C:\Program Files\Intel\Intel(R) Management Engine Components\IPT;C:\Program Files (x86)\Intel\Intel(R) Management Engine Components\DAL;C:\Program Files (x86)\Intel\Intel(R) Management Engine Components\IPT;C:\Program Files\Java\jdk1.8.0_45\bin;.
окт 01, 2015 2:41:53 AM org.apache.coyote.AbstractProtocol init
INFO: Initializing ProtocolHandler ["http-bio-8080"]
окт 01, 2015 2:41:53 AM org.apache.coyote.AbstractProtocol init
INFO: Initializing ProtocolHandler ["ajp-bio-8009"]
окт 01, 2015 2:41:53 AM org.apache.catalina.startup.Catalina load
INFO: Initialization processed in 399 ms
окт 01, 2015 2:41:53 AM org.apache.catalina.core.StandardService startInternal
INFO: Starting service Catalina
окт 01, 2015 2:41:53 AM org.apache.catalina.core.StandardEngine startInternal
INFO: Starting Servlet Engine: Apache Tomcat/7.0.62
окт 01, 2015 2:41:53 AM org.apache.catalina.startup.HostConfig deployDirectory
INFO: Deploying web application directory D:\delta\delta\build\tomcat\webapps\app
окт 01, 2015 2:41:53 AM com.haulmont.cuba.core.sys.logging.CubaLog4jConfigurator doConfigure
INFO: Configuring log4j from file:/D:\delta\delta\build\tomcat/conf/log4j.xml
окт 01, 2015 2:41:56 AM org.apache.catalina.startup.HostConfig deployDirectory
INFO: Deployment of web application directory D:\delta\delta\build\tomcat\webapps\app has finished in 2,945 ms
окт 01, 2015 2:41:56 AM org.apache.catalina.startup.HostConfig deployDirectory
INFO: Deploying web application directory D:\delta\delta\build\tomcat\webapps\app-core
окт 01, 2015 2:41:59 AM org.apache.catalina.startup.HostConfig deployDirectory
INFO: Deployment of web application directory D:\delta\delta\build\tomcat\webapps\app-core has finished in 2,940 ms
окт 01, 2015 2:41:59 AM org.apache.coyote.AbstractProtocol start
INFO: Starting ProtocolHandler ["http-bio-8080"]
окт 01, 2015 2:41:59 AM org.apache.coyote.AbstractProtocol start
INFO: Starting ProtocolHandler ["ajp-bio-8009"]
окт 01, 2015 2:41:59 AM org.apache.catalina.startup.Catalina start
INFO: Server startup in 5937 ms
окт 01, 2015 2:42:05 AM com.vaadin.server.DefaultDeploymentConfiguration checkProductionMode
WARNING: 
=================================================================
Vaadin is running in DEBUG MODE.
Add productionMode=true to web.xml to disable debug features.
To show debug window, add ?debug to your application URL.
=================================================================
окт 01, 2015 3:05:50 AM org.apache.catalina.core.StandardServer await
INFO: A valid shutdown command was received via the shutdown port. Stopping the Server instance.
окт 01, 2015 3:05:50 AM org.apache.coyote.AbstractProtocol pause
INFO: Pausing ProtocolHandler ["http-bio-8080"]
окт 01, 2015 3:05:50 AM org.apache.coyote.AbstractProtocol pause
INFO: Pausing ProtocolHandler ["ajp-bio-8009"]
окт 01, 2015 3:05:50 AM org.apache.catalina.core.StandardService stopInternal
INFO: Stopping service Catalina
окт 01, 2015 3:05:50 AM org.apache.catalina.loader.WebappClassLoader clearReferencesThreads
SEVERE: The web application [/app] appears to have started a thread named [perf4j-async-stats-appender-sink-CoalescingStatistics] but has failed to stop it. This is very likely to create a memory leak.
окт 01, 2015 3:05:50 AM org.apache.catalina.loader.WebappClassLoader clearReferencesThreads
SEVERE: The web application [/app] appears to have started a thread named [perf4j-async-stats-appender-sink-UICoalescingStatistics] but has failed to stop it. This is very likely to create a memory leak.
окт 01, 2015 3:05:50 AM org.apache.catalina.loader.WebappClassLoader clearReferencesThreads
SEVERE: The web application [/app-core] appears to have started a thread named [Timer-0] but has failed to stop it. This is very likely to create a memory leak.
окт 01, 2015 3:05:50 AM org.apache.coyote.AbstractProtocol stop
INFO: Stopping ProtocolHandler ["http-bio-8080"]
окт 01, 2015 3:05:50 AM org.apache.coyote.AbstractProtocol stop
INFO: Stopping ProtocolHandler ["ajp-bio-8009"]
окт 01, 2015 3:05:50 AM org.apache.coyote.AbstractProtocol destroy
INFO: Destroying ProtocolHandler ["http-bio-8080"]
окт 01, 2015 3:05:50 AM org.apache.coyote.AbstractProtocol destroy
INFO: Destroying ProtocolHandler ["ajp-bio-8009"]
окт 01, 2015 3:05:56 AM org.apache.catalina.core.AprLifecycleListener lifecycleEvent
INFO: The APR based Apache Tomcat Native library which allows optimal performance in production environments was not found on the java.library.path: C:\Program Files\Java\jdk1.8.0_45\bin;C:\Windows\Sun\Java\bin;C:\Windows\system32;C:\Windows;C:\ProgramData\Oracle\Java\javapath;C:\Program Files (x86)\NVIDIA Corporation\PhysX\Common;C:\Program Files (x86)\Intel\iCLS Client\;C:\Program Files\Intel\iCLS Client\;C:\Windows\system32;C:\Windows;C:\Windows\System32\Wbem;C:\Windows\System32\WindowsPowerShell\v1.0\;C:\Program Files\Intel\Intel(R) Management Engine Components\DAL;C:\Program Files\Intel\Intel(R) Management Engine Components\IPT;C:\Program Files (x86)\Intel\Intel(R) Management Engine Components\DAL;C:\Program Files (x86)\Intel\Intel(R) Management Engine Components\IPT;C:\Program Files\Java\jdk1.8.0_45\bin;.
окт 01, 2015 3:05:56 AM org.apache.coyote.AbstractProtocol init
INFO: Initializing ProtocolHandler ["http-bio-8080"]
окт 01, 2015 3:05:56 AM org.apache.coyote.AbstractProtocol init
INFO: Initializing ProtocolHandler ["ajp-bio-8009"]
окт 01, 2015 3:05:56 AM org.apache.catalina.startup.Catalina load
INFO: Initialization processed in 436 ms
окт 01, 2015 3:05:56 AM org.apache.catalina.core.StandardService startInternal
INFO: Starting service Catalina
окт 01, 2015 3:05:56 AM org.apache.catalina.core.StandardEngine startInternal
INFO: Starting Servlet Engine: Apache Tomcat/7.0.62
окт 01, 2015 3:05:56 AM org.apache.catalina.startup.HostConfig deployDirectory
INFO: Deploying web application directory D:\delta\delta\build\tomcat\webapps\app
окт 01, 2015 3:05:56 AM com.haulmont.cuba.core.sys.logging.CubaLog4jConfigurator doConfigure
INFO: Configuring log4j from file:/D:\delta\delta\build\tomcat/conf/log4j.xml
окт 01, 2015 3:05:59 AM org.apache.catalina.startup.HostConfig deployDirectory
INFO: Deployment of web application directory D:\delta\delta\build\tomcat\webapps\app has finished in 2,837 ms
окт 01, 2015 3:05:59 AM org.apache.catalina.startup.HostConfig deployDirectory
INFO: Deploying web application directory D:\delta\delta\build\tomcat\webapps\app-core
окт 01, 2015 3:06:02 AM org.apache.catalina.startup.HostConfig deployDirectory
INFO: Deployment of web application directory D:\delta\delta\build\tomcat\webapps\app-core has finished in 2,923 ms
окт 01, 2015 3:06:02 AM org.apache.coyote.AbstractProtocol start
INFO: Starting ProtocolHandler ["http-bio-8080"]
окт 01, 2015 3:06:02 AM org.apache.coyote.AbstractProtocol start
INFO: Starting ProtocolHandler ["ajp-bio-8009"]
окт 01, 2015 3:06:02 AM org.apache.catalina.startup.Catalina start
INFO: Server startup in 5813 ms
окт 01, 2015 3:06:06 AM com.vaadin.server.DefaultDeploymentConfiguration checkProductionMode
WARNING: 
=================================================================
Vaadin is running in DEBUG MODE.
Add productionMode=true to web.xml to disable debug features.
To show debug window, add ?debug to your application URL.
=================================================================
окт 01, 2015 3:10:36 AM org.apache.catalina.core.StandardServer await
INFO: A valid shutdown command was received via the shutdown port. Stopping the Server instance.
окт 01, 2015 3:10:36 AM org.apache.coyote.AbstractProtocol pause
INFO: Pausing ProtocolHandler ["http-bio-8080"]
окт 01, 2015 3:10:36 AM org.apache.coyote.AbstractProtocol pause
INFO: Pausing ProtocolHandler ["ajp-bio-8009"]
окт 01, 2015 3:10:37 AM org.apache.catalina.core.StandardService stopInternal
INFO: Stopping service Catalina
окт 01, 2015 3:10:37 AM org.apache.catalina.loader.WebappClassLoader clearReferencesThreads
SEVERE: The web application [/app] appears to have started a thread named [perf4j-async-stats-appender-sink-CoalescingStatistics] but has failed to stop it. This is very likely to create a memory leak.
окт 01, 2015 3:10:37 AM org.apache.catalina.loader.WebappClassLoader clearReferencesThreads
SEVERE: The web application [/app] appears to have started a thread named [perf4j-async-stats-appender-sink-UICoalescingStatistics] but has failed to stop it. This is very likely to create a memory leak.
окт 01, 2015 3:10:37 AM org.apache.catalina.loader.WebappClassLoader clearReferencesThreads
SEVERE: The web application [/app-core] appears to have started a thread named [Timer-0] but has failed to stop it. This is very likely to create a memory leak.
окт 01, 2015 3:10:37 AM org.apache.coyote.AbstractProtocol stop
INFO: Stopping ProtocolHandler ["http-bio-8080"]
окт 01, 2015 3:10:37 AM org.apache.coyote.AbstractProtocol stop
INFO: Stopping ProtocolHandler ["ajp-bio-8009"]
окт 01, 2015 3:10:37 AM org.apache.coyote.AbstractProtocol destroy
INFO: Destroying ProtocolHandler ["http-bio-8080"]
окт 01, 2015 3:10:37 AM org.apache.coyote.AbstractProtocol destroy
INFO: Destroying ProtocolHandler ["ajp-bio-8009"]
окт 01, 2015 3:10:41 AM org.apache.catalina.core.AprLifecycleListener lifecycleEvent
INFO: The APR based Apache Tomcat Native library which allows optimal performance in production environments was not found on the java.library.path: C:\Program Files\Java\jdk1.8.0_45\bin;C:\Windows\Sun\Java\bin;C:\Windows\system32;C:\Windows;C:\ProgramData\Oracle\Java\javapath;C:\Program Files (x86)\NVIDIA Corporation\PhysX\Common;C:\Program Files (x86)\Intel\iCLS Client\;C:\Program Files\Intel\iCLS Client\;C:\Windows\system32;C:\Windows;C:\Windows\System32\Wbem;C:\Windows\System32\WindowsPowerShell\v1.0\;C:\Program Files\Intel\Intel(R) Management Engine Components\DAL;C:\Program Files\Intel\Intel(R) Management Engine Components\IPT;C:\Program Files (x86)\Intel\Intel(R) Management Engine Components\DAL;C:\Program Files (x86)\Intel\Intel(R) Management Engine Components\IPT;C:\Program Files\Java\jdk1.8.0_45\bin;.
окт 01, 2015 3:10:41 AM org.apache.coyote.AbstractProtocol init
INFO: Initializing ProtocolHandler ["http-bio-8080"]
окт 01, 2015 3:10:41 AM org.apache.coyote.AbstractProtocol init
INFO: Initializing ProtocolHandler ["ajp-bio-8009"]
окт 01, 2015 3:10:41 AM org.apache.catalina.startup.Catalina load
INFO: Initialization processed in 423 ms
окт 01, 2015 3:10:41 AM org.apache.catalina.core.StandardService startInternal
INFO: Starting service Catalina
окт 01, 2015 3:10:41 AM org.apache.catalina.core.StandardEngine startInternal
INFO: Starting Servlet Engine: Apache Tomcat/7.0.62
окт 01, 2015 3:10:41 AM org.apache.catalina.startup.HostConfig deployDirectory
INFO: Deploying web application directory D:\delta\delta\build\tomcat\webapps\app
окт 01, 2015 3:10:41 AM com.haulmont.cuba.core.sys.logging.CubaLog4jConfigurator doConfigure
INFO: Configuring log4j from file:/D:\delta\delta\build\tomcat/conf/log4j.xml
окт 01, 2015 3:10:44 AM org.apache.catalina.startup.HostConfig deployDirectory
INFO: Deployment of web application directory D:\delta\delta\build\tomcat\webapps\app has finished in 2,911 ms
окт 01, 2015 3:10:44 AM org.apache.catalina.startup.HostConfig deployDirectory
INFO: Deploying web application directory D:\delta\delta\build\tomcat\webapps\app-core
окт 01, 2015 3:10:47 AM org.apache.catalina.startup.HostConfig deployDirectory
INFO: Deployment of web application directory D:\delta\delta\build\tomcat\webapps\app-core has finished in 2,979 ms
окт 01, 2015 3:10:47 AM org.apache.coyote.AbstractProtocol start
INFO: Starting ProtocolHandler ["http-bio-8080"]
окт 01, 2015 3:10:47 AM org.apache.coyote.AbstractProtocol start
INFO: Starting ProtocolHandler ["ajp-bio-8009"]
окт 01, 2015 3:10:47 AM org.apache.catalina.startup.Catalina start
INFO: Server startup in 5934 ms
окт 01, 2015 3:10:58 AM com.vaadin.server.DefaultDeploymentConfiguration checkProductionMode
WARNING: 
=================================================================
Vaadin is running in DEBUG MODE.
Add productionMode=true to web.xml to disable debug features.
To show debug window, add ?debug to your application URL.
=================================================================
окт 01, 2015 3:18:08 AM org.apache.catalina.core.StandardServer await
INFO: A valid shutdown command was received via the shutdown port. Stopping the Server instance.
окт 01, 2015 3:18:08 AM org.apache.coyote.AbstractProtocol pause
INFO: Pausing ProtocolHandler ["http-bio-8080"]
окт 01, 2015 3:18:08 AM org.apache.coyote.AbstractProtocol pause
INFO: Pausing ProtocolHandler ["ajp-bio-8009"]
окт 01, 2015 3:18:08 AM org.apache.catalina.core.StandardService stopInternal
INFO: Stopping service Catalina
окт 01, 2015 3:18:08 AM org.apache.catalina.loader.WebappClassLoader clearReferencesThreads
SEVERE: The web application [/app] appears to have started a thread named [perf4j-async-stats-appender-sink-CoalescingStatistics] but has failed to stop it. This is very likely to create a memory leak.
окт 01, 2015 3:18:08 AM org.apache.catalina.loader.WebappClassLoader clearReferencesThreads
SEVERE: The web application [/app] appears to have started a thread named [perf4j-async-stats-appender-sink-UICoalescingStatistics] but has failed to stop it. This is very likely to create a memory leak.
окт 01, 2015 3:18:08 AM org.apache.catalina.loader.WebappClassLoader clearReferencesThreads
SEVERE: The web application [/app-core] appears to have started a thread named [Timer-0] but has failed to stop it. This is very likely to create a memory leak.
окт 01, 2015 3:18:08 AM org.apache.coyote.AbstractProtocol stop
INFO: Stopping ProtocolHandler ["http-bio-8080"]
окт 01, 2015 3:18:08 AM org.apache.coyote.AbstractProtocol stop
INFO: Stopping ProtocolHandler ["ajp-bio-8009"]
окт 01, 2015 3:18:08 AM org.apache.coyote.AbstractProtocol destroy
INFO: Destroying ProtocolHandler ["http-bio-8080"]
окт 01, 2015 3:18:08 AM org.apache.coyote.AbstractProtocol destroy
INFO: Destroying ProtocolHandler ["ajp-bio-8009"]
окт 01, 2015 3:18:11 AM org.apache.catalina.core.AprLifecycleListener lifecycleEvent
INFO: The APR based Apache Tomcat Native library which allows optimal performance in production environments was not found on the java.library.path: C:\Program Files\Java\jdk1.8.0_45\bin;C:\Windows\Sun\Java\bin;C:\Windows\system32;C:\Windows;C:\ProgramData\Oracle\Java\javapath;C:\Program Files (x86)\NVIDIA Corporation\PhysX\Common;C:\Program Files (x86)\Intel\iCLS Client\;C:\Program Files\Intel\iCLS Client\;C:\Windows\system32;C:\Windows;C:\Windows\System32\Wbem;C:\Windows\System32\WindowsPowerShell\v1.0\;C:\Program Files\Intel\Intel(R) Management Engine Components\DAL;C:\Program Files\Intel\Intel(R) Management Engine Components\IPT;C:\Program Files (x86)\Intel\Intel(R) Management Engine Components\DAL;C:\Program Files (x86)\Intel\Intel(R) Management Engine Components\IPT;C:\Program Files\Java\jdk1.8.0_45\bin;.
окт 01, 2015 3:18:12 AM org.apache.coyote.AbstractProtocol init
INFO: Initializing ProtocolHandler ["http-bio-8080"]
окт 01, 2015 3:18:12 AM org.apache.coyote.AbstractProtocol init
INFO: Initializing ProtocolHandler ["ajp-bio-8009"]
окт 01, 2015 3:18:12 AM org.apache.catalina.startup.Catalina load
INFO: Initialization processed in 447 ms
окт 01, 2015 3:18:12 AM org.apache.catalina.core.StandardService startInternal
INFO: Starting service Catalina
окт 01, 2015 3:18:12 AM org.apache.catalina.core.StandardEngine startInternal
INFO: Starting Servlet Engine: Apache Tomcat/7.0.62
окт 01, 2015 3:18:12 AM org.apache.catalina.startup.HostConfig deployDirectory
INFO: Deploying web application directory D:\delta\delta\build\tomcat\webapps\app
окт 01, 2015 3:18:12 AM com.haulmont.cuba.core.sys.logging.CubaLog4jConfigurator doConfigure
INFO: Configuring log4j from file:/D:\delta\delta\build\tomcat/conf/log4j.xml
окт 01, 2015 3:18:15 AM org.apache.catalina.startup.HostConfig deployDirectory
INFO: Deployment of web application directory D:\delta\delta\build\tomcat\webapps\app has finished in 2,992 ms
окт 01, 2015 3:18:15 AM org.apache.catalina.startup.HostConfig deployDirectory
INFO: Deploying web application directory D:\delta\delta\build\tomcat\webapps\app-core
окт 01, 2015 3:18:18 AM org.apache.catalina.startup.HostConfig deployDirectory
INFO: Deployment of web application directory D:\delta\delta\build\tomcat\webapps\app-core has finished in 2,943 ms
окт 01, 2015 3:18:18 AM org.apache.coyote.AbstractProtocol start
INFO: Starting ProtocolHandler ["http-bio-8080"]
окт 01, 2015 3:18:18 AM org.apache.coyote.AbstractProtocol start
INFO: Starting ProtocolHandler ["ajp-bio-8009"]
окт 01, 2015 3:18:18 AM org.apache.catalina.startup.Catalina start
INFO: Server startup in 5984 ms
окт 01, 2015 3:18:23 AM com.vaadin.server.DefaultDeploymentConfiguration checkProductionMode
WARNING: 
=================================================================
Vaadin is running in DEBUG MODE.
Add productionMode=true to web.xml to disable debug features.
To show debug window, add ?debug to your application URL.
=================================================================
окт 01, 2015 3:21:13 AM org.apache.catalina.core.StandardServer await
INFO: A valid shutdown command was received via the shutdown port. Stopping the Server instance.
окт 01, 2015 3:21:13 AM org.apache.coyote.AbstractProtocol pause
INFO: Pausing ProtocolHandler ["http-bio-8080"]
окт 01, 2015 3:21:13 AM org.apache.coyote.AbstractProtocol pause
INFO: Pausing ProtocolHandler ["ajp-bio-8009"]
окт 01, 2015 3:21:13 AM org.apache.catalina.core.StandardService stopInternal
INFO: Stopping service Catalina
окт 01, 2015 3:21:13 AM org.apache.catalina.loader.WebappClassLoader clearReferencesThreads
SEVERE: The web application [/app] appears to have started a thread named [perf4j-async-stats-appender-sink-CoalescingStatistics] but has failed to stop it. This is very likely to create a memory leak.
окт 01, 2015 3:21:13 AM org.apache.catalina.loader.WebappClassLoader clearReferencesThreads
SEVERE: The web application [/app] appears to have started a thread named [perf4j-async-stats-appender-sink-UICoalescingStatistics] but has failed to stop it. This is very likely to create a memory leak.
окт 01, 2015 3:21:13 AM org.apache.catalina.loader.WebappClassLoader clearReferencesThreads
SEVERE: The web application [/app-core] appears to have started a thread named [Timer-0] but has failed to stop it. This is very likely to create a memory leak.
окт 01, 2015 3:21:13 AM org.apache.coyote.AbstractProtocol stop
INFO: Stopping ProtocolHandler ["http-bio-8080"]
окт 01, 2015 3:21:13 AM org.apache.coyote.AbstractProtocol stop
INFO: Stopping ProtocolHandler ["ajp-bio-8009"]
окт 01, 2015 3:21:13 AM org.apache.coyote.AbstractProtocol destroy
INFO: Destroying ProtocolHandler ["http-bio-8080"]
окт 01, 2015 3:21:13 AM org.apache.coyote.AbstractProtocol destroy
INFO: Destroying ProtocolHandler ["ajp-bio-8009"]
окт 01, 2015 3:21:17 AM org.apache.catalina.core.AprLifecycleListener lifecycleEvent
INFO: The APR based Apache Tomcat Native library which allows optimal performance in production environments was not found on the java.library.path: C:\Program Files\Java\jdk1.8.0_45\bin;C:\Windows\Sun\Java\bin;C:\Windows\system32;C:\Windows;C:\ProgramData\Oracle\Java\javapath;C:\Program Files (x86)\NVIDIA Corporation\PhysX\Common;C:\Program Files (x86)\Intel\iCLS Client\;C:\Program Files\Intel\iCLS Client\;C:\Windows\system32;C:\Windows;C:\Windows\System32\Wbem;C:\Windows\System32\WindowsPowerShell\v1.0\;C:\Program Files\Intel\Intel(R) Management Engine Components\DAL;C:\Program Files\Intel\Intel(R) Management Engine Components\IPT;C:\Program Files (x86)\Intel\Intel(R) Management Engine Components\DAL;C:\Program Files (x86)\Intel\Intel(R) Management Engine Components\IPT;C:\Program Files\Java\jdk1.8.0_45\bin;.
окт 01, 2015 3:21:17 AM org.apache.coyote.AbstractProtocol init
INFO: Initializing ProtocolHandler ["http-bio-8080"]
окт 01, 2015 3:21:17 AM org.apache.coyote.AbstractProtocol init
INFO: Initializing ProtocolHandler ["ajp-bio-8009"]
окт 01, 2015 3:21:17 AM org.apache.catalina.startup.Catalina load
INFO: Initialization processed in 414 ms
окт 01, 2015 3:21:17 AM org.apache.catalina.core.StandardService startInternal
INFO: Starting service Catalina
окт 01, 2015 3:21:17 AM org.apache.catalina.core.StandardEngine startInternal
INFO: Starting Servlet Engine: Apache Tomcat/7.0.62
окт 01, 2015 3:21:17 AM org.apache.catalina.startup.HostConfig deployDirectory
INFO: Deploying web application directory D:\delta\delta\build\tomcat\webapps\app
окт 01, 2015 3:21:17 AM com.haulmont.cuba.core.sys.logging.CubaLog4jConfigurator doConfigure
INFO: Configuring log4j from file:/D:\delta\delta\build\tomcat/conf/log4j.xml
окт 01, 2015 3:21:20 AM org.apache.catalina.startup.HostConfig deployDirectory
INFO: Deployment of web application directory D:\delta\delta\build\tomcat\webapps\app has finished in 3,003 ms
окт 01, 2015 3:21:20 AM org.apache.catalina.startup.HostConfig deployDirectory
INFO: Deploying web application directory D:\delta\delta\build\tomcat\webapps\app-core
окт 01, 2015 3:21:23 AM org.apache.catalina.startup.HostConfig deployDirectory
INFO: Deployment of web application directory D:\delta\delta\build\tomcat\webapps\app-core has finished in 2,936 ms
окт 01, 2015 3:21:23 AM org.apache.coyote.AbstractProtocol start
INFO: Starting ProtocolHandler ["http-bio-8080"]
окт 01, 2015 3:21:23 AM org.apache.coyote.AbstractProtocol start
INFO: Starting ProtocolHandler ["ajp-bio-8009"]
окт 01, 2015 3:21:23 AM org.apache.catalina.startup.Catalina start
INFO: Server startup in 5988 ms
окт 01, 2015 3:21:26 AM com.vaadin.server.DefaultDeploymentConfiguration checkProductionMode
WARNING: 
=================================================================
Vaadin is running in DEBUG MODE.
Add productionMode=true to web.xml to disable debug features.
To show debug window, add ?debug to your application URL.
=================================================================
окт 01, 2015 3:22:16 AM org.apache.catalina.core.StandardServer await
INFO: A valid shutdown command was received via the shutdown port. Stopping the Server instance.
окт 01, 2015 3:22:16 AM org.apache.coyote.AbstractProtocol pause
INFO: Pausing ProtocolHandler ["http-bio-8080"]
окт 01, 2015 3:22:16 AM org.apache.coyote.AbstractProtocol pause
INFO: Pausing ProtocolHandler ["ajp-bio-8009"]
окт 01, 2015 3:22:16 AM org.apache.catalina.core.StandardService stopInternal
INFO: Stopping service Catalina
окт 01, 2015 3:22:16 AM org.apache.catalina.loader.WebappClassLoader clearReferencesThreads
SEVERE: The web application [/app] appears to have started a thread named [perf4j-async-stats-appender-sink-CoalescingStatistics] but has failed to stop it. This is very likely to create a memory leak.
окт 01, 2015 3:22:16 AM org.apache.catalina.loader.WebappClassLoader clearReferencesThreads
SEVERE: The web application [/app] appears to have started a thread named [perf4j-async-stats-appender-sink-UICoalescingStatistics] but has failed to stop it. This is very likely to create a memory leak.
окт 01, 2015 3:22:17 AM org.apache.catalina.loader.WebappClassLoader clearReferencesThreads
SEVERE: The web application [/app-core] appears to have started a thread named [Timer-0] but has failed to stop it. This is very likely to create a memory leak.
окт 01, 2015 3:22:17 AM org.apache.coyote.AbstractProtocol stop
INFO: Stopping ProtocolHandler ["http-bio-8080"]
окт 01, 2015 3:22:17 AM org.apache.coyote.AbstractProtocol stop
INFO: Stopping ProtocolHandler ["ajp-bio-8009"]
окт 01, 2015 3:22:17 AM org.apache.coyote.AbstractProtocol destroy
INFO: Destroying ProtocolHandler ["http-bio-8080"]
окт 01, 2015 3:22:17 AM org.apache.coyote.AbstractProtocol destroy
INFO: Destroying ProtocolHandler ["ajp-bio-8009"]
окт 01, 2015 3:22:19 AM org.apache.catalina.core.AprLifecycleListener lifecycleEvent
INFO: The APR based Apache Tomcat Native library which allows optimal performance in production environments was not found on the java.library.path: C:\Program Files\Java\jdk1.8.0_45\bin;C:\Windows\Sun\Java\bin;C:\Windows\system32;C:\Windows;C:\ProgramData\Oracle\Java\javapath;C:\Program Files (x86)\NVIDIA Corporation\PhysX\Common;C:\Program Files (x86)\Intel\iCLS Client\;C:\Program Files\Intel\iCLS Client\;C:\Windows\system32;C:\Windows;C:\Windows\System32\Wbem;C:\Windows\System32\WindowsPowerShell\v1.0\;C:\Program Files\Intel\Intel(R) Management Engine Components\DAL;C:\Program Files\Intel\Intel(R) Management Engine Components\IPT;C:\Program Files (x86)\Intel\Intel(R) Management Engine Components\DAL;C:\Program Files (x86)\Intel\Intel(R) Management Engine Components\IPT;C:\Program Files\Java\jdk1.8.0_45\bin;.
окт 01, 2015 3:22:19 AM org.apache.coyote.AbstractProtocol init
INFO: Initializing ProtocolHandler ["http-bio-8080"]
окт 01, 2015 3:22:19 AM org.apache.coyote.AbstractProtocol init
INFO: Initializing ProtocolHandler ["ajp-bio-8009"]
окт 01, 2015 3:22:19 AM org.apache.catalina.startup.Catalina load
INFO: Initialization processed in 445 ms
окт 01, 2015 3:22:19 AM org.apache.catalina.core.StandardService startInternal
INFO: Starting service Catalina
окт 01, 2015 3:22:19 AM org.apache.catalina.core.StandardEngine startInternal
INFO: Starting Servlet Engine: Apache Tomcat/7.0.62
окт 01, 2015 3:22:19 AM org.apache.catalina.startup.HostConfig deployDirectory
INFO: Deploying web application directory D:\delta\delta\build\tomcat\webapps\app
окт 01, 2015 3:22:19 AM com.haulmont.cuba.core.sys.logging.CubaLog4jConfigurator doConfigure
INFO: Configuring log4j from file:/D:\delta\delta\build\tomcat/conf/log4j.xml
окт 01, 2015 3:22:22 AM org.apache.catalina.startup.HostConfig deployDirectory
INFO: Deployment of web application directory D:\delta\delta\build\tomcat\webapps\app has finished in 2,899 ms
окт 01, 2015 3:22:22 AM org.apache.catalina.startup.HostConfig deployDirectory
INFO: Deploying web application directory D:\delta\delta\build\tomcat\webapps\app-core
окт 01, 2015 3:22:25 AM org.apache.catalina.startup.HostConfig deployDirectory
INFO: Deployment of web application directory D:\delta\delta\build\tomcat\webapps\app-core has finished in 2,944 ms
окт 01, 2015 3:22:25 AM org.apache.coyote.AbstractProtocol start
INFO: Starting ProtocolHandler ["http-bio-8080"]
окт 01, 2015 3:22:25 AM org.apache.coyote.AbstractProtocol start
INFO: Starting ProtocolHandler ["ajp-bio-8009"]
окт 01, 2015 3:22:25 AM org.apache.catalina.startup.Catalina start
INFO: Server startup in 5890 ms
окт 01, 2015 3:22:30 AM com.vaadin.server.DefaultDeploymentConfiguration checkProductionMode
WARNING: 
=================================================================
Vaadin is running in DEBUG MODE.
Add productionMode=true to web.xml to disable debug features.
To show debug window, add ?debug to your application URL.
=================================================================
окт 01, 2015 3:45:09 AM org.apache.catalina.core.StandardServer await
INFO: A valid shutdown command was received via the shutdown port. Stopping the Server instance.
окт 01, 2015 3:45:09 AM org.apache.coyote.AbstractProtocol pause
INFO: Pausing ProtocolHandler ["http-bio-8080"]
окт 01, 2015 3:45:09 AM org.apache.coyote.AbstractProtocol pause
INFO: Pausing ProtocolHandler ["ajp-bio-8009"]
окт 01, 2015 3:45:10 AM org.apache.catalina.core.StandardService stopInternal
INFO: Stopping service Catalina
окт 01, 2015 3:45:10 AM org.apache.catalina.loader.WebappClassLoader clearReferencesThreads
SEVERE: The web application [/app] appears to have started a thread named [perf4j-async-stats-appender-sink-CoalescingStatistics] but has failed to stop it. This is very likely to create a memory leak.
окт 01, 2015 3:45:10 AM org.apache.catalina.loader.WebappClassLoader clearReferencesThreads
SEVERE: The web application [/app] appears to have started a thread named [perf4j-async-stats-appender-sink-UICoalescingStatistics] but has failed to stop it. This is very likely to create a memory leak.
окт 01, 2015 3:45:10 AM org.apache.catalina.loader.WebappClassLoader clearReferencesThreads
SEVERE: The web application [/app-core] appears to have started a thread named [scheduler-5] but has failed to stop it. This is very likely to create a memory leak.
окт 01, 2015 3:45:10 AM org.apache.catalina.loader.WebappClassLoader clearReferencesThreads
SEVERE: The web application [/app-core] appears to have started a thread named [Timer-0] but has failed to stop it. This is very likely to create a memory leak.
окт 01, 2015 3:45:10 AM org.apache.catalina.loader.WebappClassLoader clearReferencesThreads
SEVERE: The web application [/app-core] appears to have started a thread named [scheduler-6] but has failed to stop it. This is very likely to create a memory leak.
окт 01, 2015 3:45:10 AM org.apache.coyote.AbstractProtocol stop
INFO: Stopping ProtocolHandler ["http-bio-8080"]
окт 01, 2015 3:45:10 AM org.apache.coyote.AbstractProtocol stop
INFO: Stopping ProtocolHandler ["ajp-bio-8009"]
окт 01, 2015 3:45:10 AM org.apache.coyote.AbstractProtocol destroy
INFO: Destroying ProtocolHandler ["http-bio-8080"]
окт 01, 2015 3:45:10 AM org.apache.coyote.AbstractProtocol destroy
INFO: Destroying ProtocolHandler ["ajp-bio-8009"]
окт 01, 2015 3:45:20 AM org.apache.catalina.core.AprLifecycleListener lifecycleEvent
INFO: The APR based Apache Tomcat Native library which allows optimal performance in production environments was not found on the java.library.path: C:\Program Files\Java\jdk1.8.0_45\bin;C:\Windows\Sun\Java\bin;C:\Windows\system32;C:\Windows;C:\ProgramData\Oracle\Java\javapath;C:\Program Files (x86)\NVIDIA Corporation\PhysX\Common;C:\Program Files (x86)\Intel\iCLS Client\;C:\Program Files\Intel\iCLS Client\;C:\Windows\system32;C:\Windows;C:\Windows\System32\Wbem;C:\Windows\System32\WindowsPowerShell\v1.0\;C:\Program Files\Intel\Intel(R) Management Engine Components\DAL;C:\Program Files\Intel\Intel(R) Management Engine Components\IPT;C:\Program Files (x86)\Intel\Intel(R) Management Engine Components\DAL;C:\Program Files (x86)\Intel\Intel(R) Management Engine Components\IPT;C:\Program Files\Java\jdk1.8.0_45\bin;.
окт 01, 2015 3:45:23 AM org.apache.coyote.AbstractProtocol init
INFO: Initializing ProtocolHandler ["http-bio-8080"]
окт 01, 2015 3:45:23 AM org.apache.coyote.AbstractProtocol init
INFO: Initializing ProtocolHandler ["ajp-bio-8009"]
окт 01, 2015 3:45:23 AM org.apache.catalina.startup.Catalina load
INFO: Initialization processed in 3183 ms
окт 01, 2015 3:45:23 AM org.apache.catalina.core.StandardService startInternal
INFO: Starting service Catalina
окт 01, 2015 3:45:23 AM org.apache.catalina.core.StandardEngine startInternal
INFO: Starting Servlet Engine: Apache Tomcat/7.0.62
окт 01, 2015 3:45:23 AM org.apache.catalina.startup.HostConfig deployDirectory
INFO: Deploying web application directory D:\delta\delta\build\tomcat\webapps\app
окт 01, 2015 3:45:24 AM com.haulmont.cuba.core.sys.logging.CubaLog4jConfigurator doConfigure
INFO: Configuring log4j from file:/D:\delta\delta\build\tomcat/conf/log4j.xml
окт 01, 2015 3:45:26 AM org.apache.catalina.startup.HostConfig deployDirectory
INFO: Deployment of web application directory D:\delta\delta\build\tomcat\webapps\app has finished in 2,892 ms
окт 01, 2015 3:45:26 AM org.apache.catalina.startup.HostConfig deployDirectory
INFO: Deploying web application directory D:\delta\delta\build\tomcat\webapps\app-core
окт 01, 2015 3:45:29 AM org.apache.catalina.startup.HostConfig deployDirectory
INFO: Deployment of web application directory D:\delta\delta\build\tomcat\webapps\app-core has finished in 3,024 ms
окт 01, 2015 3:45:29 AM org.apache.coyote.AbstractProtocol start
INFO: Starting ProtocolHandler ["http-bio-8080"]
окт 01, 2015 3:45:29 AM org.apache.coyote.AbstractProtocol start
INFO: Starting ProtocolHandler ["ajp-bio-8009"]
окт 01, 2015 3:45:29 AM org.apache.catalina.startup.Catalina start
INFO: Server startup in 5957 ms
окт 01, 2015 3:45:33 AM com.vaadin.server.DefaultDeploymentConfiguration checkProductionMode
WARNING: 
=================================================================
Vaadin is running in DEBUG MODE.
Add productionMode=true to web.xml to disable debug features.
To show debug window, add ?debug to your application URL.
=================================================================
окт 01, 2015 3:47:23 AM org.apache.catalina.core.StandardServer await
INFO: A valid shutdown command was received via the shutdown port. Stopping the Server instance.
окт 01, 2015 3:47:23 AM org.apache.coyote.AbstractProtocol pause
INFO: Pausing ProtocolHandler ["http-bio-8080"]
окт 01, 2015 3:47:23 AM org.apache.coyote.AbstractProtocol pause
INFO: Pausing ProtocolHandler ["ajp-bio-8009"]
окт 01, 2015 3:47:23 AM org.apache.catalina.core.StandardService stopInternal
INFO: Stopping service Catalina
окт 01, 2015 3:47:23 AM org.apache.catalina.loader.WebappClassLoader clearReferencesThreads
SEVERE: The web application [/app] appears to have started a thread named [perf4j-async-stats-appender-sink-CoalescingStatistics] but has failed to stop it. This is very likely to create a memory leak.
окт 01, 2015 3:47:23 AM org.apache.catalina.loader.WebappClassLoader clearReferencesThreads
SEVERE: The web application [/app] appears to have started a thread named [perf4j-async-stats-appender-sink-UICoalescingStatistics] but has failed to stop it. This is very likely to create a memory leak.
окт 01, 2015 3:47:24 AM org.apache.catalina.loader.WebappClassLoader clearReferencesThreads
SEVERE: The web application [/app-core] appears to have started a thread named [Timer-0] but has failed to stop it. This is very likely to create a memory leak.
окт 01, 2015 3:47:24 AM org.apache.coyote.AbstractProtocol stop
INFO: Stopping ProtocolHandler ["http-bio-8080"]
окт 01, 2015 3:47:24 AM org.apache.coyote.AbstractProtocol stop
INFO: Stopping ProtocolHandler ["ajp-bio-8009"]
окт 01, 2015 3:47:24 AM org.apache.coyote.AbstractProtocol destroy
INFO: Destroying ProtocolHandler ["http-bio-8080"]
окт 01, 2015 3:47:24 AM org.apache.coyote.AbstractProtocol destroy
INFO: Destroying ProtocolHandler ["ajp-bio-8009"]
окт 01, 2015 3:47:27 AM org.apache.catalina.core.AprLifecycleListener lifecycleEvent
INFO: The APR based Apache Tomcat Native library which allows optimal performance in production environments was not found on the java.library.path: C:\Program Files\Java\jdk1.8.0_45\bin;C:\Windows\Sun\Java\bin;C:\Windows\system32;C:\Windows;C:\ProgramData\Oracle\Java\javapath;C:\Program Files (x86)\NVIDIA Corporation\PhysX\Common;C:\Program Files (x86)\Intel\iCLS Client\;C:\Program Files\Intel\iCLS Client\;C:\Windows\system32;C:\Windows;C:\Windows\System32\Wbem;C:\Windows\System32\WindowsPowerShell\v1.0\;C:\Program Files\Intel\Intel(R) Management Engine Components\DAL;C:\Program Files\Intel\Intel(R) Management Engine Components\IPT;C:\Program Files (x86)\Intel\Intel(R) Management Engine Components\DAL;C:\Program Files (x86)\Intel\Intel(R) Management Engine Components\IPT;C:\Program Files\Java\jdk1.8.0_45\bin;.
окт 01, 2015 3:47:27 AM org.apache.coyote.AbstractProtocol init
INFO: Initializing ProtocolHandler ["http-bio-8080"]
окт 01, 2015 3:47:27 AM org.apache.coyote.AbstractProtocol init
INFO: Initializing ProtocolHandler ["ajp-bio-8009"]
окт 01, 2015 3:47:27 AM org.apache.catalina.startup.Catalina load
INFO: Initialization processed in 483 ms
окт 01, 2015 3:47:27 AM org.apache.catalina.core.StandardService startInternal
INFO: Starting service Catalina
окт 01, 2015 3:47:27 AM org.apache.catalina.core.StandardEngine startInternal
INFO: Starting Servlet Engine: Apache Tomcat/7.0.62
окт 01, 2015 3:47:27 AM org.apache.catalina.startup.HostConfig deployDirectory
INFO: Deploying web application directory D:\delta\delta\build\tomcat\webapps\app
окт 01, 2015 3:47:28 AM com.haulmont.cuba.core.sys.logging.CubaLog4jConfigurator doConfigure
INFO: Configuring log4j from file:/D:\delta\delta\build\tomcat/conf/log4j.xml
окт 01, 2015 3:47:30 AM org.apache.catalina.startup.HostConfig deployDirectory
INFO: Deployment of web application directory D:\delta\delta\build\tomcat\webapps\app has finished in 2,866 ms
окт 01, 2015 3:47:30 AM org.apache.catalina.startup.HostConfig deployDirectory
INFO: Deploying web application directory D:\delta\delta\build\tomcat\webapps\app-core
окт 01, 2015 3:47:33 AM org.apache.catalina.startup.HostConfig deployDirectory
INFO: Deployment of web application directory D:\delta\delta\build\tomcat\webapps\app-core has finished in 2,840 ms
окт 01, 2015 3:47:33 AM org.apache.coyote.AbstractProtocol start
INFO: Starting ProtocolHandler ["http-bio-8080"]
окт 01, 2015 3:47:33 AM org.apache.coyote.AbstractProtocol start
INFO: Starting ProtocolHandler ["ajp-bio-8009"]
окт 01, 2015 3:47:33 AM org.apache.catalina.startup.Catalina start
INFO: Server startup in 5759 ms
окт 01, 2015 3:47:35 AM com.vaadin.server.DefaultDeploymentConfiguration checkProductionMode
WARNING: 
=================================================================
Vaadin is running in DEBUG MODE.
Add productionMode=true to web.xml to disable debug features.
To show debug window, add ?debug to your application URL.
=================================================================
окт 01, 2015 3:52:42 AM org.apache.catalina.core.StandardServer await
INFO: A valid shutdown command was received via the shutdown port. Stopping the Server instance.
окт 01, 2015 3:52:42 AM org.apache.coyote.AbstractProtocol pause
INFO: Pausing ProtocolHandler ["http-bio-8080"]
окт 01, 2015 3:52:42 AM org.apache.coyote.AbstractProtocol pause
INFO: Pausing ProtocolHandler ["ajp-bio-8009"]
окт 01, 2015 3:52:42 AM org.apache.catalina.core.StandardService stopInternal
INFO: Stopping service Catalina
окт 01, 2015 3:52:42 AM org.apache.catalina.loader.WebappClassLoader clearReferencesThreads
SEVERE: The web application [/app] appears to have started a thread named [perf4j-async-stats-appender-sink-CoalescingStatistics] but has failed to stop it. This is very likely to create a memory leak.
окт 01, 2015 3:52:42 AM org.apache.catalina.loader.WebappClassLoader clearReferencesThreads
SEVERE: The web application [/app] appears to have started a thread named [perf4j-async-stats-appender-sink-UICoalescingStatistics] but has failed to stop it. This is very likely to create a memory leak.
окт 01, 2015 3:52:42 AM org.apache.catalina.loader.WebappClassLoader clearReferencesThreads
SEVERE: The web application [/app-core] appears to have started a thread named [Timer-0] but has failed to stop it. This is very likely to create a memory leak.
окт 01, 2015 3:52:42 AM org.apache.coyote.AbstractProtocol stop
INFO: Stopping ProtocolHandler ["http-bio-8080"]
окт 01, 2015 3:52:42 AM org.apache.coyote.AbstractProtocol stop
INFO: Stopping ProtocolHandler ["ajp-bio-8009"]
окт 01, 2015 3:52:42 AM org.apache.coyote.AbstractProtocol destroy
INFO: Destroying ProtocolHandler ["http-bio-8080"]
окт 01, 2015 3:52:42 AM org.apache.coyote.AbstractProtocol destroy
INFO: Destroying ProtocolHandler ["ajp-bio-8009"]
окт 01, 2015 3:52:46 AM org.apache.catalina.core.AprLifecycleListener lifecycleEvent
INFO: The APR based Apache Tomcat Native library which allows optimal performance in production environments was not found on the java.library.path: C:\Program Files\Java\jdk1.8.0_45\bin;C:\Windows\Sun\Java\bin;C:\Windows\system32;C:\Windows;C:\ProgramData\Oracle\Java\javapath;C:\Program Files (x86)\NVIDIA Corporation\PhysX\Common;C:\Program Files (x86)\Intel\iCLS Client\;C:\Program Files\Intel\iCLS Client\;C:\Windows\system32;C:\Windows;C:\Windows\System32\Wbem;C:\Windows\System32\WindowsPowerShell\v1.0\;C:\Program Files\Intel\Intel(R) Management Engine Components\DAL;C:\Program Files\Intel\Intel(R) Management Engine Components\IPT;C:\Program Files (x86)\Intel\Intel(R) Management Engine Components\DAL;C:\Program Files (x86)\Intel\Intel(R) Management Engine Components\IPT;C:\Program Files\Java\jdk1.8.0_45\bin;.
окт 01, 2015 3:52:46 AM org.apache.coyote.AbstractProtocol init
INFO: Initializing ProtocolHandler ["http-bio-8080"]
окт 01, 2015 3:52:46 AM org.apache.coyote.AbstractProtocol init
INFO: Initializing ProtocolHandler ["ajp-bio-8009"]
окт 01, 2015 3:52:46 AM org.apache.catalina.startup.Catalina load
INFO: Initialization processed in 457 ms
окт 01, 2015 3:52:46 AM org.apache.catalina.core.StandardService startInternal
INFO: Starting service Catalina
окт 01, 2015 3:52:46 AM org.apache.catalina.core.StandardEngine startInternal
INFO: Starting Servlet Engine: Apache Tomcat/7.0.62
окт 01, 2015 3:52:46 AM org.apache.catalina.startup.HostConfig deployDirectory
INFO: Deploying web application directory D:\delta\delta\build\tomcat\webapps\app
окт 01, 2015 3:52:46 AM com.haulmont.cuba.core.sys.logging.CubaLog4jConfigurator doConfigure
INFO: Configuring log4j from file:/D:\delta\delta\build\tomcat/conf/log4j.xml
окт 01, 2015 3:52:49 AM org.apache.catalina.startup.HostConfig deployDirectory
INFO: Deployment of web application directory D:\delta\delta\build\tomcat\webapps\app has finished in 2,917 ms
окт 01, 2015 3:52:49 AM org.apache.catalina.startup.HostConfig deployDirectory
INFO: Deploying web application directory D:\delta\delta\build\tomcat\webapps\app-core
окт 01, 2015 3:52:52 AM org.apache.catalina.startup.HostConfig deployDirectory
INFO: Deployment of web application directory D:\delta\delta\build\tomcat\webapps\app-core has finished in 2,965 ms
окт 01, 2015 3:52:52 AM org.apache.coyote.AbstractProtocol start
INFO: Starting ProtocolHandler ["http-bio-8080"]
окт 01, 2015 3:52:52 AM org.apache.coyote.AbstractProtocol start
INFO: Starting ProtocolHandler ["ajp-bio-8009"]
окт 01, 2015 3:52:52 AM org.apache.catalina.startup.Catalina start
INFO: Server startup in 5928 ms
окт 01, 2015 3:52:57 AM com.vaadin.server.DefaultDeploymentConfiguration checkProductionMode
WARNING: 
=================================================================
Vaadin is running in DEBUG MODE.
Add productionMode=true to web.xml to disable debug features.
To show debug window, add ?debug to your application URL.
=================================================================
окт 01, 2015 3:55:39 AM org.apache.catalina.core.StandardServer await
INFO: A valid shutdown command was received via the shutdown port. Stopping the Server instance.
окт 01, 2015 3:55:39 AM org.apache.coyote.AbstractProtocol pause
INFO: Pausing ProtocolHandler ["http-bio-8080"]
окт 01, 2015 3:55:39 AM org.apache.coyote.AbstractProtocol pause
INFO: Pausing ProtocolHandler ["ajp-bio-8009"]
окт 01, 2015 3:55:39 AM org.apache.catalina.core.StandardService stopInternal
INFO: Stopping service Catalina
окт 01, 2015 3:55:39 AM org.apache.catalina.loader.WebappClassLoader clearReferencesThreads
SEVERE: The web application [/app] appears to have started a thread named [perf4j-async-stats-appender-sink-CoalescingStatistics] but has failed to stop it. This is very likely to create a memory leak.
окт 01, 2015 3:55:39 AM org.apache.catalina.loader.WebappClassLoader clearReferencesThreads
SEVERE: The web application [/app] appears to have started a thread named [perf4j-async-stats-appender-sink-UICoalescingStatistics] but has failed to stop it. This is very likely to create a memory leak.
окт 01, 2015 3:55:39 AM org.apache.catalina.loader.WebappClassLoader clearReferencesThreads
SEVERE: The web application [/app-core] appears to have started a thread named [Timer-0] but has failed to stop it. This is very likely to create a memory leak.
окт 01, 2015 3:55:39 AM org.apache.coyote.AbstractProtocol stop
INFO: Stopping ProtocolHandler ["http-bio-8080"]
окт 01, 2015 3:55:39 AM org.apache.coyote.AbstractProtocol stop
INFO: Stopping ProtocolHandler ["ajp-bio-8009"]
окт 01, 2015 3:55:39 AM org.apache.coyote.AbstractProtocol destroy
INFO: Destroying ProtocolHandler ["http-bio-8080"]
окт 01, 2015 3:55:39 AM org.apache.coyote.AbstractProtocol destroy
INFO: Destroying ProtocolHandler ["ajp-bio-8009"]
окт 01, 2015 3:55:43 AM org.apache.catalina.core.AprLifecycleListener lifecycleEvent
INFO: The APR based Apache Tomcat Native library which allows optimal performance in production environments was not found on the java.library.path: C:\Program Files\Java\jdk1.8.0_45\bin;C:\Windows\Sun\Java\bin;C:\Windows\system32;C:\Windows;C:\ProgramData\Oracle\Java\javapath;C:\Program Files (x86)\NVIDIA Corporation\PhysX\Common;C:\Program Files (x86)\Intel\iCLS Client\;C:\Program Files\Intel\iCLS Client\;C:\Windows\system32;C:\Windows;C:\Windows\System32\Wbem;C:\Windows\System32\WindowsPowerShell\v1.0\;C:\Program Files\Intel\Intel(R) Management Engine Components\DAL;C:\Program Files\Intel\Intel(R) Management Engine Components\IPT;C:\Program Files (x86)\Intel\Intel(R) Management Engine Components\DAL;C:\Program Files (x86)\Intel\Intel(R) Management Engine Components\IPT;C:\Program Files\Java\jdk1.8.0_45\bin;.
окт 01, 2015 3:55:43 AM org.apache.coyote.AbstractProtocol init
INFO: Initializing ProtocolHandler ["http-bio-8080"]
окт 01, 2015 3:55:43 AM org.apache.coyote.AbstractProtocol init
INFO: Initializing ProtocolHandler ["ajp-bio-8009"]
окт 01, 2015 3:55:43 AM org.apache.catalina.startup.Catalina load
INFO: Initialization processed in 459 ms
окт 01, 2015 3:55:43 AM org.apache.catalina.core.StandardService startInternal
INFO: Starting service Catalina
окт 01, 2015 3:55:43 AM org.apache.catalina.core.StandardEngine startInternal
INFO: Starting Servlet Engine: Apache Tomcat/7.0.62
окт 01, 2015 3:55:43 AM org.apache.catalina.startup.HostConfig deployDirectory
INFO: Deploying web application directory D:\delta\delta\build\tomcat\webapps\app
окт 01, 2015 3:55:43 AM com.haulmont.cuba.core.sys.logging.CubaLog4jConfigurator doConfigure
INFO: Configuring log4j from file:/D:\delta\delta\build\tomcat/conf/log4j.xml
окт 01, 2015 3:55:46 AM org.apache.catalina.startup.HostConfig deployDirectory
INFO: Deployment of web application directory D:\delta\delta\build\tomcat\webapps\app has finished in 2,937 ms
окт 01, 2015 3:55:46 AM org.apache.catalina.startup.HostConfig deployDirectory
INFO: Deploying web application directory D:\delta\delta\build\tomcat\webapps\app-core
окт 01, 2015 3:55:49 AM org.apache.catalina.startup.HostConfig deployDirectory
INFO: Deployment of web application directory D:\delta\delta\build\tomcat\webapps\app-core has finished in 2,907 ms
окт 01, 2015 3:55:49 AM org.apache.coyote.AbstractProtocol start
INFO: Starting ProtocolHandler ["http-bio-8080"]
окт 01, 2015 3:55:49 AM org.apache.coyote.AbstractProtocol start
INFO: Starting ProtocolHandler ["ajp-bio-8009"]
окт 01, 2015 3:55:49 AM org.apache.catalina.startup.Catalina start
INFO: Server startup in 5894 ms
окт 01, 2015 3:55:57 AM com.vaadin.server.DefaultDeploymentConfiguration checkProductionMode
WARNING: 
=================================================================
Vaadin is running in DEBUG MODE.
Add productionMode=true to web.xml to disable debug features.
To show debug window, add ?debug to your application URL.
=================================================================
окт 01, 2015 3:57:29 AM com.vaadin.server.communication.UidlRequestHandler synchronizedHandleRequest
WARNING: Invalid security key received from 0:0:0:0:0:0:0:1
окт 01, 2015 4:02:47 AM org.apache.catalina.core.StandardServer await
INFO: A valid shutdown command was received via the shutdown port. Stopping the Server instance.
окт 01, 2015 4:02:47 AM org.apache.coyote.AbstractProtocol pause
INFO: Pausing ProtocolHandler ["http-bio-8080"]
окт 01, 2015 4:02:47 AM org.apache.coyote.AbstractProtocol pause
INFO: Pausing ProtocolHandler ["ajp-bio-8009"]
окт 01, 2015 4:02:47 AM org.apache.catalina.core.StandardService stopInternal
INFO: Stopping service Catalina
окт 01, 2015 4:02:47 AM org.apache.catalina.loader.WebappClassLoader clearReferencesThreads
SEVERE: The web application [/app] appears to have started a thread named [perf4j-async-stats-appender-sink-CoalescingStatistics] but has failed to stop it. This is very likely to create a memory leak.
окт 01, 2015 4:02:47 AM org.apache.catalina.loader.WebappClassLoader clearReferencesThreads
SEVERE: The web application [/app] appears to have started a thread named [perf4j-async-stats-appender-sink-UICoalescingStatistics] but has failed to stop it. This is very likely to create a memory leak.
окт 01, 2015 4:02:47 AM org.apache.catalina.loader.WebappClassLoader clearReferencesThreads
SEVERE: The web application [/app-core] appears to have started a thread named [Timer-0] but has failed to stop it. This is very likely to create a memory leak.
окт 01, 2015 4:02:47 AM org.apache.coyote.AbstractProtocol stop
INFO: Stopping ProtocolHandler ["http-bio-8080"]
окт 01, 2015 4:02:47 AM org.apache.coyote.AbstractProtocol stop
INFO: Stopping ProtocolHandler ["ajp-bio-8009"]
окт 01, 2015 4:02:47 AM org.apache.coyote.AbstractProtocol destroy
INFO: Destroying ProtocolHandler ["http-bio-8080"]
окт 01, 2015 4:02:47 AM org.apache.coyote.AbstractProtocol destroy
INFO: Destroying ProtocolHandler ["ajp-bio-8009"]
окт 01, 2015 4:03:14 AM org.apache.catalina.core.AprLifecycleListener lifecycleEvent
INFO: The APR based Apache Tomcat Native library which allows optimal performance in production environments was not found on the java.library.path: C:\Program Files\Java\jdk1.8.0_45\bin;C:\Windows\Sun\Java\bin;C:\Windows\system32;C:\Windows;C:\ProgramData\Oracle\Java\javapath;C:\Program Files (x86)\NVIDIA Corporation\PhysX\Common;C:\Program Files (x86)\Intel\iCLS Client\;C:\Program Files\Intel\iCLS Client\;C:\Windows\system32;C:\Windows;C:\Windows\System32\Wbem;C:\Windows\System32\WindowsPowerShell\v1.0\;C:\Program Files\Intel\Intel(R) Management Engine Components\DAL;C:\Program Files\Intel\Intel(R) Management Engine Components\IPT;C:\Program Files (x86)\Intel\Intel(R) Management Engine Components\DAL;C:\Program Files (x86)\Intel\Intel(R) Management Engine Components\IPT;C:\Program Files\Java\jdk1.8.0_45\bin;.
окт 01, 2015 4:03:14 AM org.apache.coyote.AbstractProtocol init
INFO: Initializing ProtocolHandler ["http-bio-8080"]
окт 01, 2015 4:03:14 AM org.apache.coyote.AbstractProtocol init
INFO: Initializing ProtocolHandler ["ajp-bio-8009"]
окт 01, 2015 4:03:14 AM org.apache.catalina.startup.Catalina load
INFO: Initialization processed in 407 ms
окт 01, 2015 4:03:14 AM org.apache.catalina.core.StandardService startInternal
INFO: Starting service Catalina
окт 01, 2015 4:03:14 AM org.apache.catalina.core.StandardEngine startInternal
INFO: Starting Servlet Engine: Apache Tomcat/7.0.62
окт 01, 2015 4:03:14 AM org.apache.catalina.startup.HostConfig deployDirectory
INFO: Deploying web application directory D:\delta\delta\build\tomcat\webapps\app
окт 01, 2015 4:03:15 AM com.haulmont.cuba.core.sys.logging.CubaLog4jConfigurator doConfigure
INFO: Configuring log4j from file:/D:\delta\delta\build\tomcat/conf/log4j.xml
окт 01, 2015 4:03:17 AM org.apache.catalina.startup.HostConfig deployDirectory
INFO: Deployment of web application directory D:\delta\delta\build\tomcat\webapps\app has finished in 3,050 ms
окт 01, 2015 4:03:17 AM org.apache.catalina.startup.HostConfig deployDirectory
INFO: Deploying web application directory D:\delta\delta\build\tomcat\webapps\app-core
окт 01, 2015 4:03:20 AM org.apache.catalina.startup.HostConfig deployDirectory
INFO: Deployment of web application directory D:\delta\delta\build\tomcat\webapps\app-core has finished in 3,006 ms
окт 01, 2015 4:03:20 AM org.apache.coyote.AbstractProtocol start
INFO: Starting ProtocolHandler ["http-bio-8080"]
окт 01, 2015 4:03:20 AM org.apache.coyote.AbstractProtocol start
INFO: Starting ProtocolHandler ["ajp-bio-8009"]
окт 01, 2015 4:03:20 AM org.apache.catalina.startup.Catalina start
INFO: Server startup in 6114 ms
окт 01, 2015 4:03:25 AM com.vaadin.server.DefaultDeploymentConfiguration checkProductionMode
WARNING: 
=================================================================
Vaadin is running in DEBUG MODE.
Add productionMode=true to web.xml to disable debug features.
To show debug window, add ?debug to your application URL.
=================================================================
окт 01, 2015 4:09:18 AM org.apache.catalina.core.StandardServer await
INFO: A valid shutdown command was received via the shutdown port. Stopping the Server instance.
окт 01, 2015 4:09:18 AM org.apache.coyote.AbstractProtocol pause
INFO: Pausing ProtocolHandler ["http-bio-8080"]
окт 01, 2015 4:09:18 AM org.apache.coyote.AbstractProtocol pause
INFO: Pausing ProtocolHandler ["ajp-bio-8009"]
окт 01, 2015 4:09:18 AM org.apache.catalina.core.StandardService stopInternal
INFO: Stopping service Catalina
окт 01, 2015 4:09:18 AM org.apache.catalina.loader.WebappClassLoader clearReferencesThreads
SEVERE: The web application [/app] appears to have started a thread named [perf4j-async-stats-appender-sink-CoalescingStatistics] but has failed to stop it. This is very likely to create a memory leak.
окт 01, 2015 4:09:18 AM org.apache.catalina.loader.WebappClassLoader clearReferencesThreads
SEVERE: The web application [/app] appears to have started a thread named [perf4j-async-stats-appender-sink-UICoalescingStatistics] but has failed to stop it. This is very likely to create a memory leak.
окт 01, 2015 4:09:18 AM org.apache.catalina.loader.WebappClassLoader clearReferencesThreads
SEVERE: The web application [/app-core] appears to have started a thread named [Timer-0] but has failed to stop it. This is very likely to create a memory leak.
окт 01, 2015 4:09:18 AM org.apache.coyote.AbstractProtocol stop
INFO: Stopping ProtocolHandler ["http-bio-8080"]
окт 01, 2015 4:09:18 AM org.apache.coyote.AbstractProtocol stop
INFO: Stopping ProtocolHandler ["ajp-bio-8009"]
окт 01, 2015 4:09:18 AM org.apache.coyote.AbstractProtocol destroy
INFO: Destroying ProtocolHandler ["http-bio-8080"]
окт 01, 2015 4:09:18 AM org.apache.coyote.AbstractProtocol destroy
INFO: Destroying ProtocolHandler ["ajp-bio-8009"]
окт 01, 2015 4:09:40 AM org.apache.catalina.core.AprLifecycleListener lifecycleEvent
INFO: The APR based Apache Tomcat Native library which allows optimal performance in production environments was not found on the java.library.path: C:\Program Files\Java\jdk1.8.0_45\bin;C:\Windows\Sun\Java\bin;C:\Windows\system32;C:\Windows;C:\ProgramData\Oracle\Java\javapath;C:\Program Files (x86)\NVIDIA Corporation\PhysX\Common;C:\Program Files (x86)\Intel\iCLS Client\;C:\Program Files\Intel\iCLS Client\;C:\Windows\system32;C:\Windows;C:\Windows\System32\Wbem;C:\Windows\System32\WindowsPowerShell\v1.0\;C:\Program Files\Intel\Intel(R) Management Engine Components\DAL;C:\Program Files\Intel\Intel(R) Management Engine Components\IPT;C:\Program Files (x86)\Intel\Intel(R) Management Engine Components\DAL;C:\Program Files (x86)\Intel\Intel(R) Management Engine Components\IPT;C:\Program Files\Java\jdk1.8.0_45\bin;.
окт 01, 2015 4:09:40 AM org.apache.coyote.AbstractProtocol init
INFO: Initializing ProtocolHandler ["http-bio-8080"]
окт 01, 2015 4:09:40 AM org.apache.coyote.AbstractProtocol init
INFO: Initializing ProtocolHandler ["ajp-bio-8009"]
окт 01, 2015 4:09:40 AM org.apache.catalina.startup.Catalina load
INFO: Initialization processed in 414 ms
окт 01, 2015 4:09:40 AM org.apache.catalina.core.StandardService startInternal
INFO: Starting service Catalina
окт 01, 2015 4:09:40 AM org.apache.catalina.core.StandardEngine startInternal
INFO: Starting Servlet Engine: Apache Tomcat/7.0.62
окт 01, 2015 4:09:40 AM org.apache.catalina.startup.HostConfig deployDirectory
INFO: Deploying web application directory D:\delta\delta\build\tomcat\webapps\app
окт 01, 2015 4:09:40 AM com.haulmont.cuba.core.sys.logging.CubaLog4jConfigurator doConfigure
INFO: Configuring log4j from file:/D:\delta\delta\build\tomcat/conf/log4j.xml
окт 01, 2015 4:09:42 AM org.apache.catalina.startup.HostConfig deployDirectory
INFO: Deployment of web application directory D:\delta\delta\build\tomcat\webapps\app has finished in 2,799 ms
окт 01, 2015 4:09:42 AM org.apache.catalina.startup.HostConfig deployDirectory
INFO: Deploying web application directory D:\delta\delta\build\tomcat\webapps\app-core
окт 01, 2015 4:09:45 AM org.apache.catalina.startup.HostConfig deployDirectory
INFO: Deployment of web application directory D:\delta\delta\build\tomcat\webapps\app-core has finished in 2,867 ms
окт 01, 2015 4:09:45 AM org.apache.coyote.AbstractProtocol start
INFO: Starting ProtocolHandler ["http-bio-8080"]
окт 01, 2015 4:09:45 AM org.apache.coyote.AbstractProtocol start
INFO: Starting ProtocolHandler ["ajp-bio-8009"]
окт 01, 2015 4:09:45 AM org.apache.catalina.startup.Catalina start
INFO: Server startup in 5722 ms
окт 01, 2015 4:09:56 AM com.vaadin.server.DefaultDeploymentConfiguration checkProductionMode
WARNING: 
=================================================================
Vaadin is running in DEBUG MODE.
Add productionMode=true to web.xml to disable debug features.
To show debug window, add ?debug to your application URL.
=================================================================
окт 01, 2015 9:12:38 PM org.apache.catalina.core.AprLifecycleListener lifecycleEvent
INFO: The APR based Apache Tomcat Native library which allows optimal performance in production environments was not found on the java.library.path: C:\Java\java8\jdk1.8.25\bin;C:\Windows\Sun\Java\bin;C:\Windows\system32;C:\Windows;C:\ProgramData\Oracle\Java\javapath;C:\Program Files (x86)\NVIDIA Corporation\PhysX\Common;C:\Windows\system32;C:\Windows;C:\Windows\System32\Wbem;C:\Windows\System32\WindowsPowerShell\v1.0\;C:\Program Files\TortoiseSVN\bin;C:\opt\gradle\gradle-2.3\bin;C:\Program Files (x86)\Skype\Phone\;C:\Program Files (x86)\OpenVPN\bin;.
окт 01, 2015 9:12:39 PM org.apache.coyote.AbstractProtocol init
INFO: Initializing ProtocolHandler ["http-bio-8080"]
окт 01, 2015 9:12:39 PM org.apache.coyote.AbstractProtocol init
INFO: Initializing ProtocolHandler ["ajp-bio-8009"]
окт 01, 2015 9:12:39 PM org.apache.catalina.startup.Catalina load
INFO: Initialization processed in 2338 ms
окт 01, 2015 9:12:39 PM org.apache.catalina.core.StandardService startInternal
INFO: Starting service Catalina
окт 01, 2015 9:12:39 PM org.apache.catalina.core.StandardEngine startInternal
INFO: Starting Servlet Engine: Apache Tomcat/7.0.62
окт 01, 2015 9:12:39 PM org.apache.catalina.startup.HostConfig deployDirectory
INFO: Deploying web application directory C:\Users\Yuriy\studio-projects\delta\delta\build\tomcat\webapps\app
окт 01, 2015 9:12:41 PM com.haulmont.cuba.core.sys.logging.CubaLog4jConfigurator doConfigure
INFO: Configuring log4j from file:/C:\Users\Yuriy\studio-projects\delta\delta\build\tomcat/conf/log4j.xml
окт 01, 2015 9:12:57 PM org.apache.catalina.startup.HostConfig deployDirectory
INFO: Deployment of web application directory C:\Users\Yuriy\studio-projects\delta\delta\build\tomcat\webapps\app has finished in 17,798 ms
окт 01, 2015 9:12:57 PM org.apache.catalina.startup.HostConfig deployDirectory
INFO: Deploying web application directory C:\Users\Yuriy\studio-projects\delta\delta\build\tomcat\webapps\app-core
окт 01, 2015 9:13:06 PM org.apache.catalina.startup.HostConfig deployDirectory
INFO: Deployment of web application directory C:\Users\Yuriy\studio-projects\delta\delta\build\tomcat\webapps\app-core has finished in 9,478 ms
окт 01, 2015 9:13:06 PM org.apache.coyote.AbstractProtocol start
INFO: Starting ProtocolHandler ["http-bio-8080"]
окт 01, 2015 9:13:06 PM org.apache.coyote.AbstractProtocol start
INFO: Starting ProtocolHandler ["ajp-bio-8009"]
окт 01, 2015 9:13:06 PM org.apache.catalina.startup.Catalina start
INFO: Server startup in 27405 ms
окт 01, 2015 9:13:18 PM com.vaadin.server.DefaultDeploymentConfiguration checkProductionMode
WARNING: 
=================================================================
Vaadin is running in DEBUG MODE.
Add productionMode=true to web.xml to disable debug features.
To show debug window, add ?debug to your application URL.
=================================================================
окт 01, 2015 9:47:36 PM org.apache.catalina.core.StandardServer await
INFO: A valid shutdown command was received via the shutdown port. Stopping the Server instance.
окт 01, 2015 9:47:36 PM org.apache.coyote.AbstractProtocol pause
INFO: Pausing ProtocolHandler ["http-bio-8080"]
окт 01, 2015 9:47:36 PM org.apache.coyote.AbstractProtocol pause
INFO: Pausing ProtocolHandler ["ajp-bio-8009"]
окт 01, 2015 9:47:36 PM org.apache.catalina.core.StandardService stopInternal
INFO: Stopping service Catalina
окт 01, 2015 9:47:36 PM org.apache.catalina.loader.WebappClassLoader clearReferencesThreads
SEVERE: The web application [/app] appears to have started a thread named [perf4j-async-stats-appender-sink-CoalescingStatistics] but has failed to stop it. This is very likely to create a memory leak.
окт 01, 2015 9:47:36 PM org.apache.catalina.loader.WebappClassLoader clearReferencesThreads
SEVERE: The web application [/app] appears to have started a thread named [perf4j-async-stats-appender-sink-UICoalescingStatistics] but has failed to stop it. This is very likely to create a memory leak.
окт 01, 2015 9:47:36 PM org.apache.catalina.loader.WebappClassLoader clearReferencesThreads
SEVERE: The web application [/app-core] appears to have started a thread named [Timer-0] but has failed to stop it. This is very likely to create a memory leak.
окт 01, 2015 9:47:36 PM org.apache.coyote.AbstractProtocol stop
INFO: Stopping ProtocolHandler ["http-bio-8080"]
окт 01, 2015 9:47:36 PM org.apache.coyote.AbstractProtocol stop
INFO: Stopping ProtocolHandler ["ajp-bio-8009"]
окт 01, 2015 9:47:36 PM org.apache.coyote.AbstractProtocol destroy
INFO: Destroying ProtocolHandler ["http-bio-8080"]
окт 01, 2015 9:47:36 PM org.apache.coyote.AbstractProtocol destroy
INFO: Destroying ProtocolHandler ["ajp-bio-8009"]
окт 01, 2015 9:47:51 PM org.apache.catalina.core.AprLifecycleListener lifecycleEvent
INFO: The APR based Apache Tomcat Native library which allows optimal performance in production environments was not found on the java.library.path: C:\Java\java8\jdk1.8.25\bin;C:\Windows\Sun\Java\bin;C:\Windows\system32;C:\Windows;C:\ProgramData\Oracle\Java\javapath;C:\Program Files (x86)\NVIDIA Corporation\PhysX\Common;C:\Windows\system32;C:\Windows;C:\Windows\System32\Wbem;C:\Windows\System32\WindowsPowerShell\v1.0\;C:\Program Files\TortoiseSVN\bin;C:\opt\gradle\gradle-2.3\bin;C:\Program Files (x86)\Skype\Phone\;C:\Program Files (x86)\OpenVPN\bin;.
окт 01, 2015 9:47:52 PM org.apache.coyote.AbstractProtocol init
INFO: Initializing ProtocolHandler ["http-bio-8080"]
окт 01, 2015 9:47:52 PM org.apache.coyote.AbstractProtocol init
INFO: Initializing ProtocolHandler ["ajp-bio-8009"]
окт 01, 2015 9:47:52 PM org.apache.catalina.startup.Catalina load
INFO: Initialization processed in 910 ms
окт 01, 2015 9:47:52 PM org.apache.catalina.core.StandardService startInternal
INFO: Starting service Catalina
окт 01, 2015 9:47:52 PM org.apache.catalina.core.StandardEngine startInternal
INFO: Starting Servlet Engine: Apache Tomcat/7.0.62
окт 01, 2015 9:47:52 PM org.apache.catalina.startup.HostConfig deployDirectory
INFO: Deploying web application directory C:\Users\Yuriy\studio-projects\delta\delta\build\tomcat\webapps\app
окт 01, 2015 9:47:53 PM com.haulmont.cuba.core.sys.logging.CubaLog4jConfigurator doConfigure
INFO: Configuring log4j from file:/C:\Users\Yuriy\studio-projects\delta\delta\build\tomcat/conf/log4j.xml
окт 01, 2015 9:47:58 PM org.apache.catalina.startup.HostConfig deployDirectory
INFO: Deployment of web application directory C:\Users\Yuriy\studio-projects\delta\delta\build\tomcat\webapps\app has finished in 6,428 ms
окт 01, 2015 9:47:58 PM org.apache.catalina.startup.HostConfig deployDirectory
INFO: Deploying web application directory C:\Users\Yuriy\studio-projects\delta\delta\build\tomcat\webapps\app-core
окт 01, 2015 9:48:03 PM org.apache.catalina.startup.HostConfig deployDirectory
INFO: Deployment of web application directory C:\Users\Yuriy\studio-projects\delta\delta\build\tomcat\webapps\app-core has finished in 5,060 ms
окт 01, 2015 9:48:03 PM org.apache.coyote.AbstractProtocol start
INFO: Starting ProtocolHandler ["http-bio-8080"]
окт 01, 2015 9:48:03 PM org.apache.coyote.AbstractProtocol start
INFO: Starting ProtocolHandler ["ajp-bio-8009"]
окт 01, 2015 9:48:03 PM org.apache.catalina.startup.Catalina start
INFO: Server startup in 11592 ms
окт 01, 2015 9:48:05 PM com.vaadin.server.DefaultDeploymentConfiguration checkProductionMode
WARNING: 
=================================================================
Vaadin is running in DEBUG MODE.
Add productionMode=true to web.xml to disable debug features.
To show debug window, add ?debug to your application URL.
=================================================================
окт 01, 2015 9:50:49 PM com.vaadin.server.communication.UidlRequestHandler synchronizedHandleRequest
WARNING: Invalid security key received from 0:0:0:0:0:0:0:1
окт 01, 2015 9:57:41 PM org.apache.catalina.core.StandardServer await
INFO: A valid shutdown command was received via the shutdown port. Stopping the Server instance.
окт 01, 2015 9:57:41 PM org.apache.coyote.AbstractProtocol pause
INFO: Pausing ProtocolHandler ["http-bio-8080"]
окт 01, 2015 9:57:41 PM org.apache.coyote.AbstractProtocol pause
INFO: Pausing ProtocolHandler ["ajp-bio-8009"]
окт 01, 2015 9:57:41 PM org.apache.catalina.core.StandardService stopInternal
INFO: Stopping service Catalina
окт 01, 2015 9:57:42 PM org.apache.catalina.loader.WebappClassLoader clearReferencesThreads
SEVERE: The web application [/app] appears to have started a thread named [perf4j-async-stats-appender-sink-CoalescingStatistics] but has failed to stop it. This is very likely to create a memory leak.
окт 01, 2015 9:57:42 PM org.apache.catalina.loader.WebappClassLoader clearReferencesThreads
SEVERE: The web application [/app] appears to have started a thread named [perf4j-async-stats-appender-sink-UICoalescingStatistics] but has failed to stop it. This is very likely to create a memory leak.
окт 01, 2015 9:57:42 PM org.apache.catalina.loader.WebappClassLoader clearReferencesThreads
SEVERE: The web application [/app] appears to have started a thread named [scheduler-4] but has failed to stop it. This is very likely to create a memory leak.
окт 01, 2015 9:57:42 PM org.apache.catalina.loader.WebappClassLoader clearReferencesThreads
SEVERE: The web application [/app] appears to have started a thread named [scheduler-8] but has failed to stop it. This is very likely to create a memory leak.
окт 01, 2015 9:57:42 PM org.apache.catalina.loader.WebappClassLoader clearReferencesThreads
SEVERE: The web application [/app] appears to have started a thread named [scheduler-9] but has failed to stop it. This is very likely to create a memory leak.
окт 01, 2015 9:57:42 PM org.apache.catalina.loader.WebappClassLoader clearReferencesThreads
SEVERE: The web application [/app-core] appears to have started a thread named [Timer-0] but has failed to stop it. This is very likely to create a memory leak.
окт 01, 2015 9:57:43 PM org.apache.coyote.AbstractProtocol stop
INFO: Stopping ProtocolHandler ["http-bio-8080"]
окт 01, 2015 9:57:43 PM org.apache.coyote.AbstractProtocol stop
INFO: Stopping ProtocolHandler ["ajp-bio-8009"]
окт 01, 2015 9:57:43 PM org.apache.coyote.AbstractProtocol destroy
INFO: Destroying ProtocolHandler ["http-bio-8080"]
окт 01, 2015 9:57:43 PM org.apache.coyote.AbstractProtocol destroy
INFO: Destroying ProtocolHandler ["ajp-bio-8009"]
окт 01, 2015 9:57:51 PM org.apache.catalina.core.AprLifecycleListener lifecycleEvent
INFO: The APR based Apache Tomcat Native library which allows optimal performance in production environments was not found on the java.library.path: C:\Java\java8\jdk1.8.25\bin;C:\Windows\Sun\Java\bin;C:\Windows\system32;C:\Windows;C:\ProgramData\Oracle\Java\javapath;C:\Program Files (x86)\NVIDIA Corporation\PhysX\Common;C:\Windows\system32;C:\Windows;C:\Windows\System32\Wbem;C:\Windows\System32\WindowsPowerShell\v1.0\;C:\Program Files\TortoiseSVN\bin;C:\opt\gradle\gradle-2.3\bin;C:\Program Files (x86)\Skype\Phone\;C:\Program Files (x86)\OpenVPN\bin;.
окт 01, 2015 9:57:51 PM org.apache.coyote.AbstractProtocol init
INFO: Initializing ProtocolHandler ["http-bio-8080"]
окт 01, 2015 9:57:51 PM org.apache.coyote.AbstractProtocol init
INFO: Initializing ProtocolHandler ["ajp-bio-8009"]
окт 01, 2015 9:57:51 PM org.apache.catalina.startup.Catalina load
INFO: Initialization processed in 1102 ms
окт 01, 2015 9:57:51 PM org.apache.catalina.core.StandardService startInternal
INFO: Starting service Catalina
окт 01, 2015 9:57:51 PM org.apache.catalina.core.StandardEngine startInternal
INFO: Starting Servlet Engine: Apache Tomcat/7.0.62
окт 01, 2015 9:57:51 PM org.apache.catalina.startup.HostConfig deployDirectory
INFO: Deploying web application directory C:\Users\Yuriy\studio-projects\delta\delta\build\tomcat\webapps\app
окт 01, 2015 9:57:52 PM com.haulmont.cuba.core.sys.logging.CubaLog4jConfigurator doConfigure
INFO: Configuring log4j from file:/C:\Users\Yuriy\studio-projects\delta\delta\build\tomcat/conf/log4j.xml
окт 01, 2015 9:57:56 PM org.apache.catalina.startup.HostConfig deployDirectory
INFO: Deployment of web application directory C:\Users\Yuriy\studio-projects\delta\delta\build\tomcat\webapps\app has finished in 4,907 ms
окт 01, 2015 9:57:56 PM org.apache.catalina.startup.HostConfig deployDirectory
INFO: Deploying web application directory C:\Users\Yuriy\studio-projects\delta\delta\build\tomcat\webapps\app-core
окт 01, 2015 9:58:01 PM org.apache.catalina.startup.HostConfig deployDirectory
INFO: Deployment of web application directory C:\Users\Yuriy\studio-projects\delta\delta\build\tomcat\webapps\app-core has finished in 4,910 ms
окт 01, 2015 9:58:01 PM org.apache.coyote.AbstractProtocol start
INFO: Starting ProtocolHandler ["http-bio-8080"]
окт 01, 2015 9:58:01 PM org.apache.coyote.AbstractProtocol start
INFO: Starting ProtocolHandler ["ajp-bio-8009"]
окт 01, 2015 9:58:01 PM org.apache.catalina.startup.Catalina start
INFO: Server startup in 9965 ms
окт 01, 2015 9:58:07 PM com.vaadin.server.DefaultDeploymentConfiguration checkProductionMode
WARNING: 
=================================================================
Vaadin is running in DEBUG MODE.
Add productionMode=true to web.xml to disable debug features.
To show debug window, add ?debug to your application URL.
=================================================================
окт 01, 2015 11:07:13 PM com.vaadin.server.communication.ServerRpcHandler parseInvocation
WARNING: RPC call to v.v received for connector 759 but no such connector could be found. Resynchronizing client.
окт 01, 2015 11:07:13 PM com.vaadin.server.communication.ServerRpcHandler parseInvocation
WARNING: RPC call to v.v received for connector 759 but no such connector could be found. Resynchronizing client.
окт 01, 2015 11:07:13 PM com.vaadin.server.communication.ServerRpcHandler parseInvocation
WARNING: RPC call to v.v received for connector 759 but no such connector could be found. Resynchronizing client.
