сен 22, 2015 12:05:24 AM com.vaadin.data.util.LegacyPropertyHelper maybeLogLegacyPropertyToStringWarning
WARNING: You are using toString() instead of getValue() to get the value for a Property of type com.haulmont.cuba.web.gui.components.WebTable$1. This is strongly discouraged and only provided for backwards compatibility with Vaadin 6. To disable this warning message and retain the behavior, set the init parameter "legacyPropertyToString" to "true". To disable the legacy functionality, set "legacyPropertyToString" to false. (Note that your debugger might call toString() and trigger this message). To find out who is calling toString(), enable FINE level logging.
сен 22, 2015 12:32:04 AM com.vaadin.server.communication.ServerRpcHandler parseInvocation
WARNING: RPC call to com.vaadin.shared.ui.button.ButtonServerRpc.click received for connector 1307 but no such connector could be found. Resynchronizing client.
сен 22, 2015 9:58:03 PM org.apache.catalina.core.AprLifecycleListener lifecycleEvent
INFO: The APR based Apache Tomcat Native library which allows optimal performance in production environments was not found on the java.library.path: C:\Java\java8\jdk1.8.25\bin;C:\Windows\Sun\Java\bin;C:\Windows\system32;C:\Windows;C:\ProgramData\Oracle\Java\javapath;C:\Program Files (x86)\NVIDIA Corporation\PhysX\Common;C:\Windows\system32;C:\Windows;C:\Windows\System32\Wbem;C:\Windows\System32\WindowsPowerShell\v1.0\;C:\Program Files\TortoiseSVN\bin;C:\opt\gradle\gradle-2.3\bin;C:\Program Files (x86)\Skype\Phone\;C:\Program Files (x86)\OpenVPN\bin;.
сен 22, 2015 9:58:03 PM org.apache.coyote.AbstractProtocol init
INFO: Initializing ProtocolHandler ["http-bio-8080"]
сен 22, 2015 9:58:03 PM org.apache.coyote.AbstractProtocol init
INFO: Initializing ProtocolHandler ["ajp-bio-8009"]
сен 22, 2015 9:58:03 PM org.apache.catalina.startup.Catalina load
INFO: Initialization processed in 1388 ms
сен 22, 2015 9:58:03 PM org.apache.catalina.core.StandardService startInternal
INFO: Starting service Catalina
сен 22, 2015 9:58:04 PM org.apache.catalina.core.StandardEngine startInternal
INFO: Starting Servlet Engine: Apache Tomcat/7.0.62
сен 22, 2015 9:58:04 PM org.apache.catalina.startup.HostConfig deployDirectory
INFO: Deploying web application directory C:\Users\Yuriy\studio-projects\delta\build\tomcat\webapps\app
сен 22, 2015 9:58:04 PM com.haulmont.cuba.core.sys.logging.CubaLog4jConfigurator doConfigure
INFO: Configuring log4j from file:/C:\Users\Yuriy\studio-projects\delta\build\tomcat/conf/log4j.xml
сен 22, 2015 9:58:10 PM org.apache.catalina.startup.HostConfig deployDirectory
INFO: Deployment of web application directory C:\Users\Yuriy\studio-projects\delta\build\tomcat\webapps\app has finished in 6,057 ms
сен 22, 2015 9:58:10 PM org.apache.catalina.startup.HostConfig deployDirectory
INFO: Deploying web application directory C:\Users\Yuriy\studio-projects\delta\build\tomcat\webapps\app-core
сен 22, 2015 9:58:17 PM org.apache.catalina.startup.HostConfig deployDirectory
INFO: Deployment of web application directory C:\Users\Yuriy\studio-projects\delta\build\tomcat\webapps\app-core has finished in 7,005 ms
сен 22, 2015 9:58:17 PM org.apache.coyote.AbstractProtocol start
INFO: Starting ProtocolHandler ["http-bio-8080"]
сен 22, 2015 9:58:17 PM org.apache.coyote.AbstractProtocol start
INFO: Starting ProtocolHandler ["ajp-bio-8009"]
сен 22, 2015 9:58:17 PM org.apache.catalina.startup.Catalina start
INFO: Server startup in 13253 ms
сен 22, 2015 9:58:31 PM com.vaadin.server.DefaultDeploymentConfiguration checkProductionMode
WARNING: 
=================================================================
Vaadin is running in DEBUG MODE.
Add productionMode=true to web.xml to disable debug features.
To show debug window, add ?debug to your application URL.
=================================================================
сен 22, 2015 10:14:06 PM org.apache.catalina.core.StandardServer await
INFO: A valid shutdown command was received via the shutdown port. Stopping the Server instance.
сен 22, 2015 10:14:06 PM org.apache.coyote.AbstractProtocol pause
INFO: Pausing ProtocolHandler ["http-bio-8080"]
сен 22, 2015 10:14:06 PM org.apache.coyote.AbstractProtocol pause
INFO: Pausing ProtocolHandler ["ajp-bio-8009"]
сен 22, 2015 10:14:06 PM org.apache.catalina.core.StandardService stopInternal
INFO: Stopping service Catalina
сен 22, 2015 10:14:07 PM org.apache.catalina.loader.WebappClassLoader clearReferencesThreads
SEVERE: The web application [/app] appears to have started a thread named [perf4j-async-stats-appender-sink-CoalescingStatistics] but has failed to stop it. This is very likely to create a memory leak.
сен 22, 2015 10:14:07 PM org.apache.catalina.loader.WebappClassLoader clearReferencesThreads
SEVERE: The web application [/app] appears to have started a thread named [perf4j-async-stats-appender-sink-UICoalescingStatistics] but has failed to stop it. This is very likely to create a memory leak.
сен 22, 2015 10:14:07 PM org.apache.catalina.loader.WebappClassLoader clearReferencesThreads
SEVERE: The web application [/app-core] appears to have started a thread named [Timer-0] but has failed to stop it. This is very likely to create a memory leak.
сен 22, 2015 10:14:07 PM org.apache.coyote.AbstractProtocol stop
INFO: Stopping ProtocolHandler ["http-bio-8080"]
сен 22, 2015 10:14:07 PM org.apache.coyote.AbstractProtocol stop
INFO: Stopping ProtocolHandler ["ajp-bio-8009"]
сен 22, 2015 10:14:07 PM org.apache.coyote.AbstractProtocol destroy
INFO: Destroying ProtocolHandler ["http-bio-8080"]
сен 22, 2015 10:14:07 PM org.apache.coyote.AbstractProtocol destroy
INFO: Destroying ProtocolHandler ["ajp-bio-8009"]
сен 22, 2015 10:14:20 PM org.apache.catalina.core.AprLifecycleListener lifecycleEvent
INFO: The APR based Apache Tomcat Native library which allows optimal performance in production environments was not found on the java.library.path: C:\Java\java8\jdk1.8.25\bin;C:\Windows\Sun\Java\bin;C:\Windows\system32;C:\Windows;C:\ProgramData\Oracle\Java\javapath;C:\Program Files (x86)\NVIDIA Corporation\PhysX\Common;C:\Windows\system32;C:\Windows;C:\Windows\System32\Wbem;C:\Windows\System32\WindowsPowerShell\v1.0\;C:\Program Files\TortoiseSVN\bin;C:\opt\gradle\gradle-2.3\bin;C:\Program Files (x86)\Skype\Phone\;C:\Program Files (x86)\OpenVPN\bin;.
сен 22, 2015 10:14:21 PM org.apache.coyote.AbstractProtocol init
INFO: Initializing ProtocolHandler ["http-bio-8080"]
сен 22, 2015 10:14:21 PM org.apache.coyote.AbstractProtocol init
INFO: Initializing ProtocolHandler ["ajp-bio-8009"]
сен 22, 2015 10:14:21 PM org.apache.catalina.startup.Catalina load
INFO: Initialization processed in 1134 ms
сен 22, 2015 10:14:21 PM org.apache.catalina.core.StandardService startInternal
INFO: Starting service Catalina
сен 22, 2015 10:14:21 PM org.apache.catalina.core.StandardEngine startInternal
INFO: Starting Servlet Engine: Apache Tomcat/7.0.62
сен 22, 2015 10:14:21 PM org.apache.catalina.startup.HostConfig deployDirectory
INFO: Deploying web application directory C:\Users\Yuriy\studio-projects\delta\build\tomcat\webapps\app
сен 22, 2015 10:14:21 PM com.haulmont.cuba.core.sys.logging.CubaLog4jConfigurator doConfigure
INFO: Configuring log4j from file:/C:\Users\Yuriy\studio-projects\delta\build\tomcat/conf/log4j.xml
сен 22, 2015 10:14:29 PM org.apache.catalina.startup.HostConfig deployDirectory
INFO: Deployment of web application directory C:\Users\Yuriy\studio-projects\delta\build\tomcat\webapps\app has finished in 7,932 ms
сен 22, 2015 10:14:29 PM org.apache.catalina.startup.HostConfig deployDirectory
INFO: Deploying web application directory C:\Users\Yuriy\studio-projects\delta\build\tomcat\webapps\app-core
сен 22, 2015 10:14:36 PM org.apache.catalina.startup.HostConfig deployDirectory
INFO: Deployment of web application directory C:\Users\Yuriy\studio-projects\delta\build\tomcat\webapps\app-core has finished in 7,124 ms
сен 22, 2015 10:14:36 PM org.apache.coyote.AbstractProtocol start
INFO: Starting ProtocolHandler ["http-bio-8080"]
сен 22, 2015 10:14:36 PM org.apache.coyote.AbstractProtocol start
INFO: Starting ProtocolHandler ["ajp-bio-8009"]
сен 22, 2015 10:14:36 PM org.apache.catalina.startup.Catalina start
INFO: Server startup in 15150 ms
сен 22, 2015 10:15:02 PM com.vaadin.server.DefaultDeploymentConfiguration checkProductionMode
WARNING: 
=================================================================
Vaadin is running in DEBUG MODE.
Add productionMode=true to web.xml to disable debug features.
To show debug window, add ?debug to your application URL.
=================================================================
сен 22, 2015 10:24:20 PM org.apache.catalina.core.StandardServer await
INFO: A valid shutdown command was received via the shutdown port. Stopping the Server instance.
сен 22, 2015 10:24:20 PM org.apache.coyote.AbstractProtocol pause
INFO: Pausing ProtocolHandler ["http-bio-8080"]
сен 22, 2015 10:24:20 PM org.apache.coyote.AbstractProtocol pause
INFO: Pausing ProtocolHandler ["ajp-bio-8009"]
сен 22, 2015 10:24:20 PM org.apache.catalina.core.StandardService stopInternal
INFO: Stopping service Catalina
сен 22, 2015 10:24:20 PM org.apache.catalina.loader.WebappClassLoader clearReferencesThreads
SEVERE: The web application [/app] appears to have started a thread named [perf4j-async-stats-appender-sink-CoalescingStatistics] but has failed to stop it. This is very likely to create a memory leak.
сен 22, 2015 10:24:20 PM org.apache.catalina.loader.WebappClassLoader clearReferencesThreads
SEVERE: The web application [/app] appears to have started a thread named [perf4j-async-stats-appender-sink-UICoalescingStatistics] but has failed to stop it. This is very likely to create a memory leak.
сен 22, 2015 10:24:20 PM org.apache.catalina.loader.WebappClassLoader clearReferencesThreads
SEVERE: The web application [/app] appears to have started a thread named [scheduler-2] but has failed to stop it. This is very likely to create a memory leak.
сен 22, 2015 10:24:20 PM org.apache.catalina.loader.WebappClassLoader clearReferencesThreads
SEVERE: The web application [/app] appears to have started a thread named [scheduler-4] but has failed to stop it. This is very likely to create a memory leak.
сен 22, 2015 10:24:20 PM org.apache.catalina.loader.WebappClassLoader clearReferencesThreads
SEVERE: The web application [/app] appears to have started a thread named [scheduler-6] but has failed to stop it. This is very likely to create a memory leak.
сен 22, 2015 10:24:20 PM org.apache.catalina.loader.WebappClassLoader clearReferencesThreads
SEVERE: The web application [/app] appears to have started a thread named [scheduler-8] but has failed to stop it. This is very likely to create a memory leak.
сен 22, 2015 10:24:20 PM org.apache.catalina.loader.WebappClassLoader clearReferencesThreads
SEVERE: The web application [/app] appears to have started a thread named [scheduler-10] but has failed to stop it. This is very likely to create a memory leak.
сен 22, 2015 10:24:22 PM org.apache.catalina.loader.WebappClassLoader clearReferencesThreads
SEVERE: The web application [/app-core] appears to have started a thread named [scheduler-2] but has failed to stop it. This is very likely to create a memory leak.
сен 22, 2015 10:24:22 PM org.apache.catalina.loader.WebappClassLoader clearReferencesThreads
SEVERE: The web application [/app-core] appears to have started a thread named [Timer-0] but has failed to stop it. This is very likely to create a memory leak.
сен 22, 2015 10:24:22 PM org.apache.catalina.loader.WebappClassLoader clearReferencesThreads
SEVERE: The web application [/app-core] appears to have started a thread named [scheduler-8] but has failed to stop it. This is very likely to create a memory leak.
сен 22, 2015 10:24:22 PM org.apache.coyote.AbstractProtocol stop
INFO: Stopping ProtocolHandler ["http-bio-8080"]
сен 22, 2015 10:24:22 PM org.apache.coyote.AbstractProtocol stop
INFO: Stopping ProtocolHandler ["ajp-bio-8009"]
сен 22, 2015 10:24:22 PM org.apache.coyote.AbstractProtocol destroy
INFO: Destroying ProtocolHandler ["http-bio-8080"]
сен 22, 2015 10:24:22 PM org.apache.coyote.AbstractProtocol destroy
INFO: Destroying ProtocolHandler ["ajp-bio-8009"]
сен 22, 2015 10:24:28 PM org.apache.catalina.core.AprLifecycleListener lifecycleEvent
INFO: The APR based Apache Tomcat Native library which allows optimal performance in production environments was not found on the java.library.path: C:\Java\java8\jdk1.8.25\bin;C:\Windows\Sun\Java\bin;C:\Windows\system32;C:\Windows;C:\ProgramData\Oracle\Java\javapath;C:\Program Files (x86)\NVIDIA Corporation\PhysX\Common;C:\Windows\system32;C:\Windows;C:\Windows\System32\Wbem;C:\Windows\System32\WindowsPowerShell\v1.0\;C:\Program Files\TortoiseSVN\bin;C:\opt\gradle\gradle-2.3\bin;C:\Program Files (x86)\Skype\Phone\;C:\Program Files (x86)\OpenVPN\bin;.
сен 22, 2015 10:24:28 PM org.apache.coyote.AbstractProtocol init
INFO: Initializing ProtocolHandler ["http-bio-8080"]
сен 22, 2015 10:24:28 PM org.apache.coyote.AbstractProtocol init
INFO: Initializing ProtocolHandler ["ajp-bio-8009"]
сен 22, 2015 10:24:28 PM org.apache.catalina.startup.Catalina load
INFO: Initialization processed in 1290 ms
сен 22, 2015 10:24:28 PM org.apache.catalina.core.StandardService startInternal
INFO: Starting service Catalina
сен 22, 2015 10:24:28 PM org.apache.catalina.core.StandardEngine startInternal
INFO: Starting Servlet Engine: Apache Tomcat/7.0.62
сен 22, 2015 10:24:29 PM org.apache.catalina.startup.HostConfig deployDirectory
INFO: Deploying web application directory C:\Users\Yuriy\studio-projects\delta\build\tomcat\webapps\app
сен 22, 2015 10:24:29 PM com.haulmont.cuba.core.sys.logging.CubaLog4jConfigurator doConfigure
INFO: Configuring log4j from file:/C:\Users\Yuriy\studio-projects\delta\build\tomcat/conf/log4j.xml
сен 22, 2015 10:24:34 PM org.apache.catalina.startup.HostConfig deployDirectory
INFO: Deployment of web application directory C:\Users\Yuriy\studio-projects\delta\build\tomcat\webapps\app has finished in 5,816 ms
сен 22, 2015 10:24:34 PM org.apache.catalina.startup.HostConfig deployDirectory
INFO: Deploying web application directory C:\Users\Yuriy\studio-projects\delta\build\tomcat\webapps\app-core
сен 22, 2015 10:24:40 PM org.apache.catalina.startup.HostConfig deployDirectory
INFO: Deployment of web application directory C:\Users\Yuriy\studio-projects\delta\build\tomcat\webapps\app-core has finished in 5,160 ms
сен 22, 2015 10:24:40 PM org.apache.coyote.AbstractProtocol start
INFO: Starting ProtocolHandler ["http-bio-8080"]
сен 22, 2015 10:24:40 PM org.apache.coyote.AbstractProtocol start
INFO: Starting ProtocolHandler ["ajp-bio-8009"]
сен 22, 2015 10:24:40 PM org.apache.catalina.startup.Catalina start
INFO: Server startup in 11127 ms
сен 22, 2015 10:25:06 PM com.vaadin.server.DefaultDeploymentConfiguration checkProductionMode
WARNING: 
=================================================================
Vaadin is running in DEBUG MODE.
Add productionMode=true to web.xml to disable debug features.
To show debug window, add ?debug to your application URL.
=================================================================
сен 22, 2015 11:38:58 PM org.apache.catalina.core.StandardServer await
INFO: A valid shutdown command was received via the shutdown port. Stopping the Server instance.
сен 22, 2015 11:38:58 PM org.apache.coyote.AbstractProtocol pause
INFO: Pausing ProtocolHandler ["http-bio-8080"]
сен 22, 2015 11:38:58 PM org.apache.coyote.AbstractProtocol pause
INFO: Pausing ProtocolHandler ["ajp-bio-8009"]
сен 22, 2015 11:38:58 PM org.apache.catalina.core.StandardService stopInternal
INFO: Stopping service Catalina
сен 22, 2015 11:38:58 PM org.apache.catalina.loader.WebappClassLoader clearReferencesThreads
SEVERE: The web application [/app] appears to have started a thread named [perf4j-async-stats-appender-sink-CoalescingStatistics] but has failed to stop it. This is very likely to create a memory leak.
сен 22, 2015 11:38:58 PM org.apache.catalina.loader.WebappClassLoader clearReferencesThreads
SEVERE: The web application [/app] appears to have started a thread named [perf4j-async-stats-appender-sink-UICoalescingStatistics] but has failed to stop it. This is very likely to create a memory leak.
сен 22, 2015 11:38:58 PM org.apache.catalina.loader.WebappClassLoader clearReferencesThreads
SEVERE: The web application [/app-core] appears to have started a thread named [Timer-0] but has failed to stop it. This is very likely to create a memory leak.
сен 22, 2015 11:38:58 PM org.apache.coyote.AbstractProtocol stop
INFO: Stopping ProtocolHandler ["http-bio-8080"]
сен 22, 2015 11:38:58 PM org.apache.coyote.AbstractProtocol stop
INFO: Stopping ProtocolHandler ["ajp-bio-8009"]
сен 22, 2015 11:38:58 PM org.apache.coyote.AbstractProtocol destroy
INFO: Destroying ProtocolHandler ["http-bio-8080"]
сен 22, 2015 11:38:58 PM org.apache.coyote.AbstractProtocol destroy
INFO: Destroying ProtocolHandler ["ajp-bio-8009"]
сен 22, 2015 11:39:08 PM org.apache.catalina.core.AprLifecycleListener lifecycleEvent
INFO: The APR based Apache Tomcat Native library which allows optimal performance in production environments was not found on the java.library.path: C:\Java\java8\jdk1.8.25\bin;C:\Windows\Sun\Java\bin;C:\Windows\system32;C:\Windows;C:\ProgramData\Oracle\Java\javapath;C:\Program Files (x86)\NVIDIA Corporation\PhysX\Common;C:\Windows\system32;C:\Windows;C:\Windows\System32\Wbem;C:\Windows\System32\WindowsPowerShell\v1.0\;C:\Program Files\TortoiseSVN\bin;C:\opt\gradle\gradle-2.3\bin;C:\Program Files (x86)\Skype\Phone\;C:\Program Files (x86)\OpenVPN\bin;.
сен 22, 2015 11:39:08 PM org.apache.coyote.AbstractProtocol init
INFO: Initializing ProtocolHandler ["http-bio-8080"]
сен 22, 2015 11:39:08 PM org.apache.coyote.AbstractProtocol init
INFO: Initializing ProtocolHandler ["ajp-bio-8009"]
сен 22, 2015 11:39:08 PM org.apache.catalina.startup.Catalina load
INFO: Initialization processed in 731 ms
сен 22, 2015 11:39:08 PM org.apache.catalina.core.StandardService startInternal
INFO: Starting service Catalina
сен 22, 2015 11:39:08 PM org.apache.catalina.core.StandardEngine startInternal
INFO: Starting Servlet Engine: Apache Tomcat/7.0.62
сен 22, 2015 11:39:08 PM org.apache.catalina.startup.HostConfig deployDirectory
INFO: Deploying web application directory C:\Users\Yuriy\studio-projects\delta\build\tomcat\webapps\app
сен 22, 2015 11:39:09 PM com.haulmont.cuba.core.sys.logging.CubaLog4jConfigurator doConfigure
INFO: Configuring log4j from file:/C:\Users\Yuriy\studio-projects\delta\build\tomcat/conf/log4j.xml
сен 22, 2015 11:39:13 PM org.apache.catalina.startup.HostConfig deployDirectory
INFO: Deployment of web application directory C:\Users\Yuriy\studio-projects\delta\build\tomcat\webapps\app has finished in 4,869 ms
сен 22, 2015 11:39:13 PM org.apache.catalina.startup.HostConfig deployDirectory
INFO: Deploying web application directory C:\Users\Yuriy\studio-projects\delta\build\tomcat\webapps\app-core
сен 22, 2015 11:39:18 PM org.apache.catalina.startup.HostConfig deployDirectory
INFO: Deployment of web application directory C:\Users\Yuriy\studio-projects\delta\build\tomcat\webapps\app-core has finished in 5,063 ms
сен 22, 2015 11:39:18 PM org.apache.coyote.AbstractProtocol start
INFO: Starting ProtocolHandler ["http-bio-8080"]
сен 22, 2015 11:39:18 PM org.apache.coyote.AbstractProtocol start
INFO: Starting ProtocolHandler ["ajp-bio-8009"]
сен 22, 2015 11:39:18 PM org.apache.catalina.startup.Catalina start
INFO: Server startup in 10015 ms
сен 22, 2015 11:39:28 PM com.vaadin.server.DefaultDeploymentConfiguration checkProductionMode
WARNING: 
=================================================================
Vaadin is running in DEBUG MODE.
Add productionMode=true to web.xml to disable debug features.
To show debug window, add ?debug to your application URL.
=================================================================
сен 22, 2015 11:44:55 PM org.apache.catalina.core.StandardServer await
INFO: A valid shutdown command was received via the shutdown port. Stopping the Server instance.
сен 22, 2015 11:44:55 PM org.apache.coyote.AbstractProtocol pause
INFO: Pausing ProtocolHandler ["http-bio-8080"]
сен 22, 2015 11:44:55 PM org.apache.coyote.AbstractProtocol pause
INFO: Pausing ProtocolHandler ["ajp-bio-8009"]
сен 22, 2015 11:44:55 PM org.apache.catalina.core.StandardService stopInternal
INFO: Stopping service Catalina
сен 22, 2015 11:44:55 PM org.apache.catalina.loader.WebappClassLoader clearReferencesThreads
SEVERE: The web application [/app] appears to have started a thread named [perf4j-async-stats-appender-sink-CoalescingStatistics] but has failed to stop it. This is very likely to create a memory leak.
сен 22, 2015 11:44:55 PM org.apache.catalina.loader.WebappClassLoader clearReferencesThreads
SEVERE: The web application [/app] appears to have started a thread named [perf4j-async-stats-appender-sink-UICoalescingStatistics] but has failed to stop it. This is very likely to create a memory leak.
сен 22, 2015 11:44:55 PM org.apache.catalina.loader.WebappClassLoader clearReferencesThreads
SEVERE: The web application [/app-core] appears to have started a thread named [Timer-0] but has failed to stop it. This is very likely to create a memory leak.
сен 22, 2015 11:44:55 PM org.apache.coyote.AbstractProtocol stop
INFO: Stopping ProtocolHandler ["http-bio-8080"]
сен 22, 2015 11:44:56 PM org.apache.coyote.AbstractProtocol stop
INFO: Stopping ProtocolHandler ["ajp-bio-8009"]
сен 22, 2015 11:44:56 PM org.apache.coyote.AbstractProtocol destroy
INFO: Destroying ProtocolHandler ["http-bio-8080"]
сен 22, 2015 11:44:56 PM org.apache.coyote.AbstractProtocol destroy
INFO: Destroying ProtocolHandler ["ajp-bio-8009"]
сен 22, 2015 11:45:01 PM org.apache.catalina.core.AprLifecycleListener lifecycleEvent
INFO: The APR based Apache Tomcat Native library which allows optimal performance in production environments was not found on the java.library.path: C:\Java\java8\jdk1.8.25\bin;C:\Windows\Sun\Java\bin;C:\Windows\system32;C:\Windows;C:\ProgramData\Oracle\Java\javapath;C:\Program Files (x86)\NVIDIA Corporation\PhysX\Common;C:\Windows\system32;C:\Windows;C:\Windows\System32\Wbem;C:\Windows\System32\WindowsPowerShell\v1.0\;C:\Program Files\TortoiseSVN\bin;C:\opt\gradle\gradle-2.3\bin;C:\Program Files (x86)\Skype\Phone\;C:\Program Files (x86)\OpenVPN\bin;.
сен 22, 2015 11:45:01 PM org.apache.coyote.AbstractProtocol init
INFO: Initializing ProtocolHandler ["http-bio-8080"]
сен 22, 2015 11:45:01 PM org.apache.coyote.AbstractProtocol init
INFO: Initializing ProtocolHandler ["ajp-bio-8009"]
сен 22, 2015 11:45:01 PM org.apache.catalina.startup.Catalina load
INFO: Initialization processed in 793 ms
сен 22, 2015 11:45:01 PM org.apache.catalina.core.StandardService startInternal
INFO: Starting service Catalina
сен 22, 2015 11:45:01 PM org.apache.catalina.core.StandardEngine startInternal
INFO: Starting Servlet Engine: Apache Tomcat/7.0.62
сен 22, 2015 11:45:01 PM org.apache.catalina.startup.HostConfig deployDirectory
INFO: Deploying web application directory C:\Users\Yuriy\studio-projects\delta\build\tomcat\webapps\app
сен 22, 2015 11:45:02 PM com.haulmont.cuba.core.sys.logging.CubaLog4jConfigurator doConfigure
INFO: Configuring log4j from file:/C:\Users\Yuriy\studio-projects\delta\build\tomcat/conf/log4j.xml
сен 22, 2015 11:45:08 PM org.apache.catalina.startup.HostConfig deployDirectory
INFO: Deployment of web application directory C:\Users\Yuriy\studio-projects\delta\build\tomcat\webapps\app has finished in 7,055 ms
сен 22, 2015 11:45:08 PM org.apache.catalina.startup.HostConfig deployDirectory
INFO: Deploying web application directory C:\Users\Yuriy\studio-projects\delta\build\tomcat\webapps\app-core
сен 22, 2015 11:45:15 PM org.apache.catalina.startup.HostConfig deployDirectory
INFO: Deployment of web application directory C:\Users\Yuriy\studio-projects\delta\build\tomcat\webapps\app-core has finished in 6,481 ms
сен 22, 2015 11:45:15 PM org.apache.coyote.AbstractProtocol start
INFO: Starting ProtocolHandler ["http-bio-8080"]
сен 22, 2015 11:45:15 PM org.apache.coyote.AbstractProtocol start
INFO: Starting ProtocolHandler ["ajp-bio-8009"]
сен 22, 2015 11:45:15 PM org.apache.catalina.startup.Catalina start
INFO: Server startup in 13653 ms
сен 22, 2015 11:45:50 PM com.vaadin.server.DefaultDeploymentConfiguration checkProductionMode
WARNING: 
=================================================================
Vaadin is running in DEBUG MODE.
Add productionMode=true to web.xml to disable debug features.
To show debug window, add ?debug to your application URL.
=================================================================
сен 22, 2015 11:59:07 PM org.apache.catalina.core.StandardServer await
INFO: A valid shutdown command was received via the shutdown port. Stopping the Server instance.
сен 22, 2015 11:59:07 PM org.apache.coyote.AbstractProtocol pause
INFO: Pausing ProtocolHandler ["http-bio-8080"]
сен 22, 2015 11:59:07 PM org.apache.coyote.AbstractProtocol pause
INFO: Pausing ProtocolHandler ["ajp-bio-8009"]
сен 22, 2015 11:59:07 PM org.apache.catalina.core.StandardService stopInternal
INFO: Stopping service Catalina
сен 22, 2015 11:59:07 PM org.apache.catalina.loader.WebappClassLoader clearReferencesThreads
SEVERE: The web application [/app] appears to have started a thread named [perf4j-async-stats-appender-sink-CoalescingStatistics] but has failed to stop it. This is very likely to create a memory leak.
сен 22, 2015 11:59:07 PM org.apache.catalina.loader.WebappClassLoader clearReferencesThreads
SEVERE: The web application [/app] appears to have started a thread named [perf4j-async-stats-appender-sink-UICoalescingStatistics] but has failed to stop it. This is very likely to create a memory leak.
сен 22, 2015 11:59:07 PM org.apache.catalina.loader.WebappClassLoader clearReferencesThreads
SEVERE: The web application [/app] appears to have started a thread named [scheduler-2] but has failed to stop it. This is very likely to create a memory leak.
сен 22, 2015 11:59:07 PM org.apache.catalina.loader.WebappClassLoader clearReferencesThreads
SEVERE: The web application [/app] appears to have started a thread named [scheduler-4] but has failed to stop it. This is very likely to create a memory leak.
сен 22, 2015 11:59:07 PM org.apache.catalina.loader.WebappClassLoader clearReferencesThreads
SEVERE: The web application [/app] appears to have started a thread named [scheduler-6] but has failed to stop it. This is very likely to create a memory leak.
сен 22, 2015 11:59:07 PM org.apache.catalina.loader.WebappClassLoader clearReferencesThreads
SEVERE: The web application [/app] appears to have started a thread named [scheduler-7] but has failed to stop it. This is very likely to create a memory leak.
сен 22, 2015 11:59:07 PM org.apache.catalina.loader.WebappClassLoader clearReferencesThreads
SEVERE: The web application [/app] appears to have started a thread named [scheduler-9] but has failed to stop it. This is very likely to create a memory leak.
сен 22, 2015 11:59:07 PM org.apache.catalina.loader.WebappClassLoader clearReferencesThreads
SEVERE: The web application [/app-core] appears to have started a thread named [Timer-0] but has failed to stop it. This is very likely to create a memory leak.
сен 22, 2015 11:59:07 PM org.apache.coyote.AbstractProtocol stop
INFO: Stopping ProtocolHandler ["http-bio-8080"]
сен 22, 2015 11:59:07 PM org.apache.coyote.AbstractProtocol stop
INFO: Stopping ProtocolHandler ["ajp-bio-8009"]
сен 22, 2015 11:59:07 PM org.apache.coyote.AbstractProtocol destroy
INFO: Destroying ProtocolHandler ["http-bio-8080"]
сен 22, 2015 11:59:07 PM org.apache.coyote.AbstractProtocol destroy
INFO: Destroying ProtocolHandler ["ajp-bio-8009"]
сен 22, 2015 11:59:15 PM org.apache.catalina.core.AprLifecycleListener lifecycleEvent
INFO: The APR based Apache Tomcat Native library which allows optimal performance in production environments was not found on the java.library.path: C:\Java\java8\jdk1.8.25\bin;C:\Windows\Sun\Java\bin;C:\Windows\system32;C:\Windows;C:\ProgramData\Oracle\Java\javapath;C:\Program Files (x86)\NVIDIA Corporation\PhysX\Common;C:\Windows\system32;C:\Windows;C:\Windows\System32\Wbem;C:\Windows\System32\WindowsPowerShell\v1.0\;C:\Program Files\TortoiseSVN\bin;C:\opt\gradle\gradle-2.3\bin;C:\Program Files (x86)\Skype\Phone\;C:\Program Files (x86)\OpenVPN\bin;.
сен 22, 2015 11:59:15 PM org.apache.coyote.AbstractProtocol init
INFO: Initializing ProtocolHandler ["http-bio-8080"]
сен 22, 2015 11:59:15 PM org.apache.coyote.AbstractProtocol init
INFO: Initializing ProtocolHandler ["ajp-bio-8009"]
сен 22, 2015 11:59:15 PM org.apache.catalina.startup.Catalina load
INFO: Initialization processed in 751 ms
сен 22, 2015 11:59:15 PM org.apache.catalina.core.StandardService startInternal
INFO: Starting service Catalina
сен 22, 2015 11:59:15 PM org.apache.catalina.core.StandardEngine startInternal
INFO: Starting Servlet Engine: Apache Tomcat/7.0.62
сен 22, 2015 11:59:15 PM org.apache.catalina.startup.HostConfig deployDirectory
INFO: Deploying web application directory C:\Users\Yuriy\studio-projects\delta\build\tomcat\webapps\app
сен 22, 2015 11:59:16 PM com.haulmont.cuba.core.sys.logging.CubaLog4jConfigurator doConfigure
INFO: Configuring log4j from file:/C:\Users\Yuriy\studio-projects\delta\build\tomcat/conf/log4j.xml
сен 22, 2015 11:59:21 PM org.apache.catalina.startup.HostConfig deployDirectory
INFO: Deployment of web application directory C:\Users\Yuriy\studio-projects\delta\build\tomcat\webapps\app has finished in 5,565 ms
сен 22, 2015 11:59:21 PM org.apache.catalina.startup.HostConfig deployDirectory
INFO: Deploying web application directory C:\Users\Yuriy\studio-projects\delta\build\tomcat\webapps\app-core
сен 22, 2015 11:59:25 PM org.apache.catalina.startup.HostConfig deployDirectory
INFO: Deployment of web application directory C:\Users\Yuriy\studio-projects\delta\build\tomcat\webapps\app-core has finished in 4,522 ms
сен 22, 2015 11:59:25 PM org.apache.coyote.AbstractProtocol start
INFO: Starting ProtocolHandler ["http-bio-8080"]
сен 22, 2015 11:59:25 PM org.apache.coyote.AbstractProtocol start
INFO: Starting ProtocolHandler ["ajp-bio-8009"]
сен 22, 2015 11:59:25 PM org.apache.catalina.startup.Catalina start
INFO: Server startup in 10176 ms
сен 22, 2015 11:59:48 PM com.vaadin.server.DefaultDeploymentConfiguration checkProductionMode
WARNING: 
=================================================================
Vaadin is running in DEBUG MODE.
Add productionMode=true to web.xml to disable debug features.
To show debug window, add ?debug to your application URL.
=================================================================
