сен 20, 2015 1:26:03 AM org.apache.catalina.core.AprLifecycleListener lifecycleEvent
INFO: The APR based Apache Tomcat Native library which allows optimal performance in production environments was not found on the java.library.path: C:\Java\java8\jdk1.8.25\bin;C:\Windows\Sun\Java\bin;C:\Windows\system32;C:\Windows;C:\ProgramData\Oracle\Java\javapath;C:\Program Files (x86)\NVIDIA Corporation\PhysX\Common;C:\Windows\system32;C:\Windows;C:\Windows\System32\Wbem;C:\Windows\System32\WindowsPowerShell\v1.0\;C:\Program Files\TortoiseSVN\bin;C:\opt\gradle\gradle-2.3\bin;C:\Program Files (x86)\Skype\Phone\;C:\Program Files (x86)\OpenVPN\bin;.
сен 20, 2015 1:26:03 AM org.apache.coyote.AbstractProtocol init
INFO: Initializing ProtocolHandler ["http-bio-8080"]
сен 20, 2015 1:26:03 AM org.apache.coyote.AbstractProtocol init
INFO: Initializing ProtocolHandler ["ajp-bio-8009"]
сен 20, 2015 1:26:03 AM org.apache.catalina.startup.Catalina load
INFO: Initialization processed in 1413 ms
сен 20, 2015 1:26:03 AM org.apache.catalina.core.StandardService startInternal
INFO: Starting service Catalina
сен 20, 2015 1:26:03 AM org.apache.catalina.core.StandardEngine startInternal
INFO: Starting Servlet Engine: Apache Tomcat/7.0.62
сен 20, 2015 1:26:03 AM org.apache.catalina.startup.HostConfig deployDirectory
INFO: Deploying web application directory C:\Users\Yuriy\studio-projects\delta\build\tomcat\webapps\app
сен 20, 2015 1:26:04 AM com.haulmont.cuba.core.sys.logging.CubaLog4jConfigurator doConfigure
INFO: Configuring log4j from file:/C:\Users\Yuriy\studio-projects\delta\build\tomcat/conf/log4j.xml
сен 20, 2015 1:26:12 AM org.apache.catalina.startup.HostConfig deployDirectory
INFO: Deployment of web application directory C:\Users\Yuriy\studio-projects\delta\build\tomcat\webapps\app has finished in 8,628 ms
сен 20, 2015 1:26:12 AM org.apache.catalina.startup.HostConfig deployDirectory
INFO: Deploying web application directory C:\Users\Yuriy\studio-projects\delta\build\tomcat\webapps\app-core
сен 20, 2015 1:26:18 AM org.apache.catalina.startup.HostConfig deployDirectory
INFO: Deployment of web application directory C:\Users\Yuriy\studio-projects\delta\build\tomcat\webapps\app-core has finished in 6,230 ms
сен 20, 2015 1:26:18 AM org.apache.coyote.AbstractProtocol start
INFO: Starting ProtocolHandler ["http-bio-8080"]
сен 20, 2015 1:26:19 AM org.apache.coyote.AbstractProtocol start
INFO: Starting ProtocolHandler ["ajp-bio-8009"]
сен 20, 2015 1:26:19 AM org.apache.catalina.startup.Catalina start
INFO: Server startup in 15556 ms
сен 20, 2015 1:26:28 AM com.vaadin.server.DefaultDeploymentConfiguration checkProductionMode
WARNING: 
=================================================================
Vaadin is running in DEBUG MODE.
Add productionMode=true to web.xml to disable debug features.
To show debug window, add ?debug to your application URL.
=================================================================
сен 20, 2015 12:31:42 PM org.apache.catalina.core.AprLifecycleListener lifecycleEvent
INFO: The APR based Apache Tomcat Native library which allows optimal performance in production environments was not found on the java.library.path: C:\Java\java8\jdk1.8.25\bin;C:\Windows\Sun\Java\bin;C:\Windows\system32;C:\Windows;C:\ProgramData\Oracle\Java\javapath;C:\Program Files (x86)\NVIDIA Corporation\PhysX\Common;C:\Windows\system32;C:\Windows;C:\Windows\System32\Wbem;C:\Windows\System32\WindowsPowerShell\v1.0\;C:\Program Files\TortoiseSVN\bin;C:\opt\gradle\gradle-2.3\bin;C:\Program Files (x86)\Skype\Phone\;C:\Program Files (x86)\OpenVPN\bin;.
сен 20, 2015 12:31:46 PM org.apache.coyote.AbstractProtocol init
INFO: Initializing ProtocolHandler ["http-bio-8080"]
сен 20, 2015 12:31:46 PM org.apache.coyote.AbstractProtocol init
INFO: Initializing ProtocolHandler ["ajp-bio-8009"]
сен 20, 2015 12:31:46 PM org.apache.catalina.startup.Catalina load
INFO: Initialization processed in 5003 ms
сен 20, 2015 12:31:47 PM org.apache.catalina.core.StandardService startInternal
INFO: Starting service Catalina
сен 20, 2015 12:31:47 PM org.apache.catalina.core.StandardEngine startInternal
INFO: Starting Servlet Engine: Apache Tomcat/7.0.62
сен 20, 2015 12:31:47 PM org.apache.catalina.startup.HostConfig deployDirectory
INFO: Deploying web application directory C:\Users\Yuriy\studio-projects\delta\build\tomcat\webapps\app
сен 20, 2015 12:31:49 PM com.haulmont.cuba.core.sys.logging.CubaLog4jConfigurator doConfigure
INFO: Configuring log4j from file:/C:\Users\Yuriy\studio-projects\delta\build\tomcat/conf/log4j.xml
сен 20, 2015 12:31:56 PM org.apache.catalina.startup.HostConfig deployDirectory
INFO: Deployment of web application directory C:\Users\Yuriy\studio-projects\delta\build\tomcat\webapps\app has finished in 9,325 ms
сен 20, 2015 12:31:56 PM org.apache.catalina.startup.HostConfig deployDirectory
INFO: Deploying web application directory C:\Users\Yuriy\studio-projects\delta\build\tomcat\webapps\app-core
сен 20, 2015 12:32:02 PM org.apache.catalina.startup.HostConfig deployDirectory
INFO: Deployment of web application directory C:\Users\Yuriy\studio-projects\delta\build\tomcat\webapps\app-core has finished in 6,234 ms
сен 20, 2015 12:32:02 PM org.apache.coyote.AbstractProtocol start
INFO: Starting ProtocolHandler ["http-bio-8080"]
сен 20, 2015 12:32:02 PM org.apache.coyote.AbstractProtocol start
INFO: Starting ProtocolHandler ["ajp-bio-8009"]
сен 20, 2015 12:32:02 PM org.apache.catalina.startup.Catalina start
INFO: Server startup in 15881 ms
сен 20, 2015 12:32:38 PM com.vaadin.server.DefaultDeploymentConfiguration checkProductionMode
WARNING: 
=================================================================
Vaadin is running in DEBUG MODE.
Add productionMode=true to web.xml to disable debug features.
To show debug window, add ?debug to your application URL.
=================================================================
сен 20, 2015 12:46:24 PM org.apache.catalina.core.StandardServer await
INFO: A valid shutdown command was received via the shutdown port. Stopping the Server instance.
сен 20, 2015 12:46:24 PM org.apache.coyote.AbstractProtocol pause
INFO: Pausing ProtocolHandler ["http-bio-8080"]
сен 20, 2015 12:46:24 PM org.apache.coyote.AbstractProtocol pause
INFO: Pausing ProtocolHandler ["ajp-bio-8009"]
сен 20, 2015 12:46:24 PM org.apache.catalina.core.StandardService stopInternal
INFO: Stopping service Catalina
сен 20, 2015 12:46:25 PM org.apache.catalina.loader.WebappClassLoader clearReferencesThreads
SEVERE: The web application [/app] appears to have started a thread named [perf4j-async-stats-appender-sink-CoalescingStatistics] but has failed to stop it. This is very likely to create a memory leak.
сен 20, 2015 12:46:25 PM org.apache.catalina.loader.WebappClassLoader clearReferencesThreads
SEVERE: The web application [/app] appears to have started a thread named [perf4j-async-stats-appender-sink-UICoalescingStatistics] but has failed to stop it. This is very likely to create a memory leak.
сен 20, 2015 12:46:25 PM org.apache.catalina.loader.WebappClassLoader clearReferencesThreads
SEVERE: The web application [/app-core] appears to have started a thread named [Timer-0] but has failed to stop it. This is very likely to create a memory leak.
сен 20, 2015 12:46:25 PM org.apache.coyote.AbstractProtocol stop
INFO: Stopping ProtocolHandler ["http-bio-8080"]
сен 20, 2015 12:46:25 PM org.apache.coyote.AbstractProtocol stop
INFO: Stopping ProtocolHandler ["ajp-bio-8009"]
сен 20, 2015 12:46:25 PM org.apache.coyote.AbstractProtocol destroy
INFO: Destroying ProtocolHandler ["http-bio-8080"]
сен 20, 2015 12:46:25 PM org.apache.coyote.AbstractProtocol destroy
INFO: Destroying ProtocolHandler ["ajp-bio-8009"]
сен 20, 2015 12:48:01 PM org.apache.catalina.core.AprLifecycleListener lifecycleEvent
INFO: The APR based Apache Tomcat Native library which allows optimal performance in production environments was not found on the java.library.path: C:\Java\java8\jdk1.8.25\bin;C:\Windows\Sun\Java\bin;C:\Windows\system32;C:\Windows;C:\ProgramData\Oracle\Java\javapath;C:\Program Files (x86)\NVIDIA Corporation\PhysX\Common;C:\Windows\system32;C:\Windows;C:\Windows\System32\Wbem;C:\Windows\System32\WindowsPowerShell\v1.0\;C:\Program Files\TortoiseSVN\bin;C:\opt\gradle\gradle-2.3\bin;C:\Program Files (x86)\Skype\Phone\;C:\Program Files (x86)\OpenVPN\bin;.
сен 20, 2015 12:48:01 PM org.apache.coyote.AbstractProtocol init
INFO: Initializing ProtocolHandler ["http-bio-8080"]
сен 20, 2015 12:48:01 PM org.apache.coyote.AbstractProtocol init
INFO: Initializing ProtocolHandler ["ajp-bio-8009"]
сен 20, 2015 12:48:01 PM org.apache.catalina.startup.Catalina load
INFO: Initialization processed in 1077 ms
сен 20, 2015 12:48:01 PM org.apache.catalina.core.StandardService startInternal
INFO: Starting service Catalina
сен 20, 2015 12:48:01 PM org.apache.catalina.core.StandardEngine startInternal
INFO: Starting Servlet Engine: Apache Tomcat/7.0.62
сен 20, 2015 12:48:01 PM org.apache.catalina.startup.HostConfig deployDirectory
INFO: Deploying web application directory C:\Users\Yuriy\studio-projects\delta\build\tomcat\webapps\app
сен 20, 2015 12:48:02 PM com.haulmont.cuba.core.sys.logging.CubaLog4jConfigurator doConfigure
INFO: Configuring log4j from file:/C:\Users\Yuriy\studio-projects\delta\build\tomcat/conf/log4j.xml
сен 20, 2015 12:48:09 PM org.apache.catalina.startup.HostConfig deployDirectory
INFO: Deployment of web application directory C:\Users\Yuriy\studio-projects\delta\build\tomcat\webapps\app has finished in 8,120 ms
сен 20, 2015 12:48:09 PM org.apache.catalina.startup.HostConfig deployDirectory
INFO: Deploying web application directory C:\Users\Yuriy\studio-projects\delta\build\tomcat\webapps\app-core
сен 20, 2015 12:48:17 PM org.apache.catalina.startup.HostConfig deployDirectory
INFO: Deployment of web application directory C:\Users\Yuriy\studio-projects\delta\build\tomcat\webapps\app-core has finished in 7,400 ms
сен 20, 2015 12:48:17 PM org.apache.coyote.AbstractProtocol start
INFO: Starting ProtocolHandler ["http-bio-8080"]
сен 20, 2015 12:48:17 PM org.apache.coyote.AbstractProtocol start
INFO: Starting ProtocolHandler ["ajp-bio-8009"]
сен 20, 2015 12:48:17 PM org.apache.catalina.startup.Catalina start
INFO: Server startup in 15679 ms
сен 20, 2015 12:48:44 PM com.vaadin.server.DefaultDeploymentConfiguration checkProductionMode
WARNING: 
=================================================================
Vaadin is running in DEBUG MODE.
Add productionMode=true to web.xml to disable debug features.
To show debug window, add ?debug to your application URL.
=================================================================
сен 20, 2015 1:04:16 PM com.vaadin.server.communication.UidlRequestHandler checkWidgetsetVersion
WARNING: 
=================================================================
The widgetset in use does not seem to be built for the Vaadin
version in use. This might cause strange problems - a
recompile/deploy is strongly recommended.
 Vaadin version: 7.4.6.cuba.16
 Widgetset version: 2015_09_20_12_31
=================================================================
сен 20, 2015 1:04:16 PM com.vaadin.server.communication.UidlRequestHandler synchronizedHandleRequest
WARNING: Invalid security key received from 0:0:0:0:0:0:0:1
сен 20, 2015 1:06:25 PM org.apache.catalina.core.StandardServer await
INFO: A valid shutdown command was received via the shutdown port. Stopping the Server instance.
сен 20, 2015 1:06:25 PM org.apache.coyote.AbstractProtocol pause
INFO: Pausing ProtocolHandler ["http-bio-8080"]
сен 20, 2015 1:06:25 PM org.apache.coyote.AbstractProtocol pause
INFO: Pausing ProtocolHandler ["ajp-bio-8009"]
сен 20, 2015 1:06:25 PM org.apache.catalina.core.StandardService stopInternal
INFO: Stopping service Catalina
сен 20, 2015 1:06:26 PM org.apache.catalina.loader.WebappClassLoader clearReferencesThreads
SEVERE: The web application [/app] appears to have started a thread named [perf4j-async-stats-appender-sink-CoalescingStatistics] but has failed to stop it. This is very likely to create a memory leak.
сен 20, 2015 1:06:26 PM org.apache.catalina.loader.WebappClassLoader clearReferencesThreads
SEVERE: The web application [/app] appears to have started a thread named [perf4j-async-stats-appender-sink-UICoalescingStatistics] but has failed to stop it. This is very likely to create a memory leak.
сен 20, 2015 1:06:26 PM org.apache.catalina.loader.WebappClassLoader clearReferencesThreads
SEVERE: The web application [/app] appears to have started a thread named [scheduler-1] but has failed to stop it. This is very likely to create a memory leak.
сен 20, 2015 1:06:26 PM org.apache.catalina.loader.WebappClassLoader clearReferencesThreads
SEVERE: The web application [/app] appears to have started a thread named [scheduler-2] but has failed to stop it. This is very likely to create a memory leak.
сен 20, 2015 1:06:26 PM org.apache.catalina.loader.WebappClassLoader clearReferencesThreads
SEVERE: The web application [/app] appears to have started a thread named [scheduler-3] but has failed to stop it. This is very likely to create a memory leak.
сен 20, 2015 1:06:26 PM org.apache.catalina.loader.WebappClassLoader clearReferencesThreads
SEVERE: The web application [/app] appears to have started a thread named [scheduler-4] but has failed to stop it. This is very likely to create a memory leak.
сен 20, 2015 1:06:26 PM org.apache.catalina.loader.WebappClassLoader clearReferencesThreads
SEVERE: The web application [/app] appears to have started a thread named [scheduler-6] but has failed to stop it. This is very likely to create a memory leak.
сен 20, 2015 1:06:26 PM org.apache.catalina.loader.WebappClassLoader clearReferencesThreads
SEVERE: The web application [/app] appears to have started a thread named [scheduler-7] but has failed to stop it. This is very likely to create a memory leak.
сен 20, 2015 1:06:26 PM org.apache.catalina.loader.WebappClassLoader clearReferencesThreads
SEVERE: The web application [/app] appears to have started a thread named [scheduler-8] but has failed to stop it. This is very likely to create a memory leak.
сен 20, 2015 1:06:26 PM org.apache.catalina.loader.WebappClassLoader clearReferencesThreads
SEVERE: The web application [/app] appears to have started a thread named [scheduler-9] but has failed to stop it. This is very likely to create a memory leak.
сен 20, 2015 1:06:26 PM org.apache.catalina.loader.WebappClassLoader clearReferencesThreads
SEVERE: The web application [/app] appears to have started a thread named [scheduler-10] but has failed to stop it. This is very likely to create a memory leak.
сен 20, 2015 1:06:26 PM org.apache.catalina.loader.WebappClassLoader clearReferencesThreads
SEVERE: The web application [/app] appears to have started a thread named [pool-1-thread-1] but has failed to stop it. This is very likely to create a memory leak.
сен 20, 2015 1:06:26 PM org.apache.catalina.loader.WebappClassLoader checkThreadLocalMapForLeaks
SEVERE: The web application [/app] created a ThreadLocal with key of type [com.haulmont.cuba.core.sys.ThreadLocalSecurityContextHolder] (value [com.haulmont.cuba.core.sys.ThreadLocalSecurityContextHolder@5b38d11]) and a value of type [com.haulmont.cuba.core.sys.SecurityContext] (value [SecurityContext{sessionId=8674d5d0-1ca5-7762-b320-8eb90bb4a83d}]) but failed to remove it when the web application was stopped. Threads are going to be renewed over time to try and avoid a probable memory leak.
сен 20, 2015 1:06:26 PM org.apache.catalina.loader.WebappClassLoader clearReferencesThreads
SEVERE: The web application [/app-core] appears to have started a thread named [Timer-0] but has failed to stop it. This is very likely to create a memory leak.
сен 20, 2015 1:06:26 PM org.apache.coyote.AbstractProtocol stop
INFO: Stopping ProtocolHandler ["http-bio-8080"]
сен 20, 2015 1:06:26 PM org.apache.coyote.AbstractProtocol stop
INFO: Stopping ProtocolHandler ["ajp-bio-8009"]
сен 20, 2015 1:06:26 PM org.apache.coyote.AbstractProtocol destroy
INFO: Destroying ProtocolHandler ["http-bio-8080"]
сен 20, 2015 1:06:26 PM org.apache.coyote.AbstractProtocol destroy
INFO: Destroying ProtocolHandler ["ajp-bio-8009"]
сен 20, 2015 1:06:33 PM org.apache.catalina.core.AprLifecycleListener lifecycleEvent
INFO: The APR based Apache Tomcat Native library which allows optimal performance in production environments was not found on the java.library.path: C:\Java\java8\jdk1.8.25\bin;C:\Windows\Sun\Java\bin;C:\Windows\system32;C:\Windows;C:\ProgramData\Oracle\Java\javapath;C:\Program Files (x86)\NVIDIA Corporation\PhysX\Common;C:\Windows\system32;C:\Windows;C:\Windows\System32\Wbem;C:\Windows\System32\WindowsPowerShell\v1.0\;C:\Program Files\TortoiseSVN\bin;C:\opt\gradle\gradle-2.3\bin;C:\Program Files (x86)\Skype\Phone\;C:\Program Files (x86)\OpenVPN\bin;.
сен 20, 2015 1:06:33 PM org.apache.coyote.AbstractProtocol init
INFO: Initializing ProtocolHandler ["http-bio-8080"]
сен 20, 2015 1:06:33 PM org.apache.coyote.AbstractProtocol init
INFO: Initializing ProtocolHandler ["ajp-bio-8009"]
сен 20, 2015 1:06:33 PM org.apache.catalina.startup.Catalina load
INFO: Initialization processed in 983 ms
сен 20, 2015 1:06:33 PM org.apache.catalina.core.StandardService startInternal
INFO: Starting service Catalina
сен 20, 2015 1:06:33 PM org.apache.catalina.core.StandardEngine startInternal
INFO: Starting Servlet Engine: Apache Tomcat/7.0.62
сен 20, 2015 1:06:33 PM org.apache.catalina.startup.HostConfig deployDirectory
INFO: Deploying web application directory C:\Users\Yuriy\studio-projects\delta\build\tomcat\webapps\app
сен 20, 2015 1:06:34 PM com.haulmont.cuba.core.sys.logging.CubaLog4jConfigurator doConfigure
INFO: Configuring log4j from file:/C:\Users\Yuriy\studio-projects\delta\build\tomcat/conf/log4j.xml
сен 20, 2015 1:06:39 PM org.apache.catalina.startup.HostConfig deployDirectory
INFO: Deployment of web application directory C:\Users\Yuriy\studio-projects\delta\build\tomcat\webapps\app has finished in 6,305 ms
сен 20, 2015 1:06:39 PM org.apache.catalina.startup.HostConfig deployDirectory
INFO: Deploying web application directory C:\Users\Yuriy\studio-projects\delta\build\tomcat\webapps\app-core
сен 20, 2015 1:06:44 PM org.apache.catalina.startup.HostConfig deployDirectory
INFO: Deployment of web application directory C:\Users\Yuriy\studio-projects\delta\build\tomcat\webapps\app-core has finished in 4,329 ms
сен 20, 2015 1:06:44 PM org.apache.coyote.AbstractProtocol start
INFO: Starting ProtocolHandler ["http-bio-8080"]
сен 20, 2015 1:06:44 PM org.apache.coyote.AbstractProtocol start
INFO: Starting ProtocolHandler ["ajp-bio-8009"]
сен 20, 2015 1:06:44 PM org.apache.catalina.startup.Catalina start
INFO: Server startup in 10820 ms
сен 20, 2015 1:07:00 PM com.vaadin.server.DefaultDeploymentConfiguration checkProductionMode
WARNING: 
=================================================================
Vaadin is running in DEBUG MODE.
Add productionMode=true to web.xml to disable debug features.
To show debug window, add ?debug to your application URL.
=================================================================
сен 20, 2015 1:46:11 PM com.vaadin.server.communication.ServerRpcHandler parseInvocation
WARNING: RPC call to com.vaadin.shared.ui.button.ButtonServerRpc.click received for connector 31 but no such connector could be found. Resynchronizing client.
сен 20, 2015 1:51:14 PM com.vaadin.server.communication.ServerRpcHandler parseInvocation
WARNING: RPC call to v.v received for connector 489 but no such connector could be found. Resynchronizing client.
сен 20, 2015 1:51:14 PM com.vaadin.server.communication.ServerRpcHandler parseInvocation
WARNING: RPC call to v.v received for connector 486 but no such connector could be found. Resynchronizing client.
сен 20, 2015 1:51:14 PM com.vaadin.server.communication.ServerRpcHandler parseInvocation
WARNING: RPC call to com.vaadin.shared.ui.button.ButtonServerRpc.click received for connector 432 but no such connector could be found. Resynchronizing client.
