окт 12, 2015 11:36:19 PM org.apache.catalina.core.AprLifecycleListener lifecycleEvent
INFO: The APR based Apache Tomcat Native library which allows optimal performance in production environments was not found on the java.library.path: C:\Java\java8\jdk1.8.25\bin;C:\Windows\Sun\Java\bin;C:\Windows\system32;C:\Windows;C:\ProgramData\Oracle\Java\javapath;C:\Program Files (x86)\NVIDIA Corporation\PhysX\Common;C:\Windows\system32;C:\Windows;C:\Windows\System32\Wbem;C:\Windows\System32\WindowsPowerShell\v1.0\;C:\Program Files\TortoiseSVN\bin;C:\opt\gradle\gradle-2.3\bin;C:\Program Files (x86)\Skype\Phone\;C:\Program Files (x86)\OpenVPN\bin;.
окт 12, 2015 11:36:20 PM org.apache.coyote.AbstractProtocol init
INFO: Initializing ProtocolHandler ["http-bio-8080"]
окт 12, 2015 11:36:20 PM org.apache.coyote.AbstractProtocol init
INFO: Initializing ProtocolHandler ["ajp-bio-8009"]
окт 12, 2015 11:36:20 PM org.apache.catalina.startup.Catalina load
INFO: Initialization processed in 1662 ms
окт 12, 2015 11:36:20 PM org.apache.catalina.core.StandardService startInternal
INFO: Starting service Catalina
окт 12, 2015 11:36:20 PM org.apache.catalina.core.StandardEngine startInternal
INFO: Starting Servlet Engine: Apache Tomcat/7.0.62
окт 12, 2015 11:36:20 PM org.apache.catalina.startup.HostConfig deployDirectory
INFO: Deploying web application directory F:\work\delta\build\tomcat\webapps\app
окт 12, 2015 11:36:21 PM com.haulmont.cuba.core.sys.logging.CubaLog4jConfigurator doConfigure
INFO: Configuring log4j from file:/F:\work\delta\build\tomcat/conf/log4j.xml
окт 12, 2015 11:36:28 PM org.apache.catalina.startup.HostConfig deployDirectory
INFO: Deployment of web application directory F:\work\delta\build\tomcat\webapps\app has finished in 7,950 ms
окт 12, 2015 11:36:28 PM org.apache.catalina.startup.HostConfig deployDirectory
INFO: Deploying web application directory F:\work\delta\build\tomcat\webapps\app-core
