сен 21, 2015 1:00:48 AM org.apache.catalina.core.AprLifecycleListener lifecycleEvent
INFO: The APR based Apache Tomcat Native library which allows optimal performance in production environments was not found on the java.library.path: C:\Java\java8\jdk1.8.25\bin;C:\Windows\Sun\Java\bin;C:\Windows\system32;C:\Windows;C:\ProgramData\Oracle\Java\javapath;C:\Program Files (x86)\NVIDIA Corporation\PhysX\Common;C:\Windows\system32;C:\Windows;C:\Windows\System32\Wbem;C:\Windows\System32\WindowsPowerShell\v1.0\;C:\Program Files\TortoiseSVN\bin;C:\opt\gradle\gradle-2.3\bin;C:\Program Files (x86)\Skype\Phone\;C:\Program Files (x86)\OpenVPN\bin;.
сен 21, 2015 1:00:49 AM org.apache.coyote.AbstractProtocol init
INFO: Initializing ProtocolHandler ["http-bio-8080"]
сен 21, 2015 1:00:49 AM org.apache.coyote.AbstractProtocol init
INFO: Initializing ProtocolHandler ["ajp-bio-8009"]
сен 21, 2015 1:00:49 AM org.apache.catalina.startup.Catalina load
INFO: Initialization processed in 1753 ms
сен 21, 2015 1:00:49 AM org.apache.catalina.core.StandardService startInternal
INFO: Starting service Catalina
сен 21, 2015 1:00:49 AM org.apache.catalina.core.StandardEngine startInternal
INFO: Starting Servlet Engine: Apache Tomcat/7.0.62
сен 21, 2015 1:00:49 AM org.apache.catalina.startup.HostConfig deployDirectory
INFO: Deploying web application directory C:\Users\Yuriy\studio-projects\delta\build\tomcat\webapps\app
сен 21, 2015 1:00:51 AM com.haulmont.cuba.core.sys.logging.CubaLog4jConfigurator doConfigure
INFO: Configuring log4j from file:/C:\Users\Yuriy\studio-projects\delta\build\tomcat/conf/log4j.xml
сен 21, 2015 1:00:58 AM org.apache.catalina.startup.HostConfig deployDirectory
INFO: Deployment of web application directory C:\Users\Yuriy\studio-projects\delta\build\tomcat\webapps\app has finished in 9,292 ms
сен 21, 2015 1:00:58 AM org.apache.catalina.startup.HostConfig deployDirectory
INFO: Deploying web application directory C:\Users\Yuriy\studio-projects\delta\build\tomcat\webapps\app-core
сен 21, 2015 1:01:13 AM org.apache.catalina.startup.HostConfig deployDirectory
INFO: Deployment of web application directory C:\Users\Yuriy\studio-projects\delta\build\tomcat\webapps\app-core has finished in 14,424 ms
сен 21, 2015 1:01:13 AM org.apache.coyote.AbstractProtocol start
INFO: Starting ProtocolHandler ["http-bio-8080"]
сен 21, 2015 1:01:13 AM org.apache.coyote.AbstractProtocol start
INFO: Starting ProtocolHandler ["ajp-bio-8009"]
сен 21, 2015 1:01:13 AM org.apache.catalina.startup.Catalina start
INFO: Server startup in 23904 ms
сен 21, 2015 1:01:13 AM com.vaadin.server.DefaultDeploymentConfiguration checkProductionMode
WARNING: 
=================================================================
Vaadin is running in DEBUG MODE.
Add productionMode=true to web.xml to disable debug features.
To show debug window, add ?debug to your application URL.
=================================================================
сен 21, 2015 1:04:01 AM org.apache.catalina.core.StandardServer await
INFO: A valid shutdown command was received via the shutdown port. Stopping the Server instance.
сен 21, 2015 1:04:01 AM org.apache.coyote.AbstractProtocol pause
INFO: Pausing ProtocolHandler ["http-bio-8080"]
сен 21, 2015 1:04:01 AM org.apache.coyote.AbstractProtocol pause
INFO: Pausing ProtocolHandler ["ajp-bio-8009"]
сен 21, 2015 1:04:01 AM org.apache.catalina.core.StandardService stopInternal
INFO: Stopping service Catalina
сен 21, 2015 1:04:01 AM org.apache.catalina.loader.WebappClassLoader clearReferencesThreads
SEVERE: The web application [/app] appears to have started a thread named [perf4j-async-stats-appender-sink-CoalescingStatistics] but has failed to stop it. This is very likely to create a memory leak.
сен 21, 2015 1:04:01 AM org.apache.catalina.loader.WebappClassLoader clearReferencesThreads
SEVERE: The web application [/app] appears to have started a thread named [perf4j-async-stats-appender-sink-UICoalescingStatistics] but has failed to stop it. This is very likely to create a memory leak.
сен 21, 2015 1:04:01 AM org.apache.catalina.loader.WebappClassLoader clearReferencesThreads
SEVERE: The web application [/app-core] appears to have started a thread named [Timer-0] but has failed to stop it. This is very likely to create a memory leak.
сен 21, 2015 1:04:01 AM org.apache.coyote.AbstractProtocol stop
INFO: Stopping ProtocolHandler ["http-bio-8080"]
сен 21, 2015 1:04:01 AM org.apache.coyote.AbstractProtocol stop
INFO: Stopping ProtocolHandler ["ajp-bio-8009"]
сен 21, 2015 1:04:01 AM org.apache.coyote.AbstractProtocol destroy
INFO: Destroying ProtocolHandler ["http-bio-8080"]
сен 21, 2015 1:04:01 AM org.apache.coyote.AbstractProtocol destroy
INFO: Destroying ProtocolHandler ["ajp-bio-8009"]
сен 21, 2015 1:04:06 AM org.apache.catalina.core.AprLifecycleListener lifecycleEvent
INFO: The APR based Apache Tomcat Native library which allows optimal performance in production environments was not found on the java.library.path: C:\Java\java8\jdk1.8.25\bin;C:\Windows\Sun\Java\bin;C:\Windows\system32;C:\Windows;C:\ProgramData\Oracle\Java\javapath;C:\Program Files (x86)\NVIDIA Corporation\PhysX\Common;C:\Windows\system32;C:\Windows;C:\Windows\System32\Wbem;C:\Windows\System32\WindowsPowerShell\v1.0\;C:\Program Files\TortoiseSVN\bin;C:\opt\gradle\gradle-2.3\bin;C:\Program Files (x86)\Skype\Phone\;C:\Program Files (x86)\OpenVPN\bin;.
сен 21, 2015 1:04:06 AM org.apache.coyote.AbstractProtocol init
INFO: Initializing ProtocolHandler ["http-bio-8080"]
сен 21, 2015 1:04:06 AM org.apache.coyote.AbstractProtocol init
INFO: Initializing ProtocolHandler ["ajp-bio-8009"]
сен 21, 2015 1:04:06 AM org.apache.catalina.startup.Catalina load
INFO: Initialization processed in 755 ms
сен 21, 2015 1:04:07 AM org.apache.catalina.core.StandardService startInternal
INFO: Starting service Catalina
сен 21, 2015 1:04:07 AM org.apache.catalina.core.StandardEngine startInternal
INFO: Starting Servlet Engine: Apache Tomcat/7.0.62
сен 21, 2015 1:04:07 AM org.apache.catalina.startup.HostConfig deployDirectory
INFO: Deploying web application directory C:\Users\Yuriy\studio-projects\delta\build\tomcat\webapps\app
сен 21, 2015 1:04:07 AM com.haulmont.cuba.core.sys.logging.CubaLog4jConfigurator doConfigure
INFO: Configuring log4j from file:/C:\Users\Yuriy\studio-projects\delta\build\tomcat/conf/log4j.xml
сен 21, 2015 1:04:12 AM org.apache.catalina.startup.HostConfig deployDirectory
INFO: Deployment of web application directory C:\Users\Yuriy\studio-projects\delta\build\tomcat\webapps\app has finished in 5,467 ms
сен 21, 2015 1:04:12 AM org.apache.catalina.startup.HostConfig deployDirectory
INFO: Deploying web application directory C:\Users\Yuriy\studio-projects\delta\build\tomcat\webapps\app-core
сен 21, 2015 1:04:17 AM org.apache.catalina.startup.HostConfig deployDirectory
INFO: Deployment of web application directory C:\Users\Yuriy\studio-projects\delta\build\tomcat\webapps\app-core has finished in 4,590 ms
сен 21, 2015 1:04:17 AM org.apache.coyote.AbstractProtocol start
INFO: Starting ProtocolHandler ["http-bio-8080"]
сен 21, 2015 1:04:17 AM org.apache.coyote.AbstractProtocol start
INFO: Starting ProtocolHandler ["ajp-bio-8009"]
сен 21, 2015 1:04:17 AM org.apache.catalina.startup.Catalina start
INFO: Server startup in 10193 ms
сен 21, 2015 1:05:34 AM com.vaadin.server.DefaultDeploymentConfiguration checkProductionMode
WARNING: 
=================================================================
Vaadin is running in DEBUG MODE.
Add productionMode=true to web.xml to disable debug features.
To show debug window, add ?debug to your application URL.
=================================================================
сен 21, 2015 4:55:45 PM org.apache.catalina.core.AprLifecycleListener lifecycleEvent
INFO: The APR based Apache Tomcat Native library which allows optimal performance in production environments was not found on the java.library.path: C:\Java\java8\jdk1.8.25\bin;C:\Windows\Sun\Java\bin;C:\Windows\system32;C:\Windows;C:\ProgramData\Oracle\Java\javapath;C:\Program Files (x86)\NVIDIA Corporation\PhysX\Common;C:\Windows\system32;C:\Windows;C:\Windows\System32\Wbem;C:\Windows\System32\WindowsPowerShell\v1.0\;C:\Program Files\TortoiseSVN\bin;C:\opt\gradle\gradle-2.3\bin;C:\Program Files (x86)\Skype\Phone\;C:\Program Files (x86)\OpenVPN\bin;.
сен 21, 2015 4:55:46 PM org.apache.coyote.AbstractProtocol init
INFO: Initializing ProtocolHandler ["http-bio-8080"]
сен 21, 2015 4:55:46 PM org.apache.coyote.AbstractProtocol init
INFO: Initializing ProtocolHandler ["ajp-bio-8009"]
сен 21, 2015 4:55:46 PM org.apache.catalina.startup.Catalina load
INFO: Initialization processed in 1381 ms
сен 21, 2015 4:55:46 PM org.apache.catalina.core.StandardService startInternal
INFO: Starting service Catalina
сен 21, 2015 4:55:46 PM org.apache.catalina.core.StandardEngine startInternal
INFO: Starting Servlet Engine: Apache Tomcat/7.0.62
сен 21, 2015 4:55:46 PM org.apache.catalina.startup.HostConfig deployDirectory
INFO: Deploying web application directory C:\Users\Yuriy\studio-projects\delta\build\tomcat\webapps\app
сен 21, 2015 4:55:47 PM com.haulmont.cuba.core.sys.logging.CubaLog4jConfigurator doConfigure
INFO: Configuring log4j from file:/C:\Users\Yuriy\studio-projects\delta\build\tomcat/conf/log4j.xml
сен 21, 2015 4:55:54 PM org.apache.catalina.startup.HostConfig deployDirectory
INFO: Deployment of web application directory C:\Users\Yuriy\studio-projects\delta\build\tomcat\webapps\app has finished in 8,729 ms
сен 21, 2015 4:55:54 PM org.apache.catalina.startup.HostConfig deployDirectory
INFO: Deploying web application directory C:\Users\Yuriy\studio-projects\delta\build\tomcat\webapps\app-core
сен 21, 2015 4:56:04 PM org.apache.catalina.startup.HostConfig deployDirectory
INFO: Deployment of web application directory C:\Users\Yuriy\studio-projects\delta\build\tomcat\webapps\app-core has finished in 9,965 ms
сен 21, 2015 4:56:04 PM org.apache.coyote.AbstractProtocol start
INFO: Starting ProtocolHandler ["http-bio-8080"]
сен 21, 2015 4:56:04 PM org.apache.coyote.AbstractProtocol start
INFO: Starting ProtocolHandler ["ajp-bio-8009"]
сен 21, 2015 4:56:04 PM org.apache.catalina.startup.Catalina start
INFO: Server startup in 18859 ms
сен 21, 2015 4:56:44 PM com.vaadin.server.DefaultDeploymentConfiguration checkProductionMode
WARNING: 
=================================================================
Vaadin is running in DEBUG MODE.
Add productionMode=true to web.xml to disable debug features.
To show debug window, add ?debug to your application URL.
=================================================================
сен 21, 2015 5:20:12 PM org.apache.catalina.core.StandardServer await
INFO: A valid shutdown command was received via the shutdown port. Stopping the Server instance.
сен 21, 2015 5:20:12 PM org.apache.coyote.AbstractProtocol pause
INFO: Pausing ProtocolHandler ["http-bio-8080"]
сен 21, 2015 5:20:12 PM org.apache.coyote.AbstractProtocol pause
INFO: Pausing ProtocolHandler ["ajp-bio-8009"]
сен 21, 2015 5:20:12 PM org.apache.catalina.core.StandardService stopInternal
INFO: Stopping service Catalina
сен 21, 2015 5:20:12 PM org.apache.catalina.loader.WebappClassLoader clearReferencesThreads
SEVERE: The web application [/app] appears to have started a thread named [perf4j-async-stats-appender-sink-CoalescingStatistics] but has failed to stop it. This is very likely to create a memory leak.
сен 21, 2015 5:20:12 PM org.apache.catalina.loader.WebappClassLoader clearReferencesThreads
SEVERE: The web application [/app] appears to have started a thread named [perf4j-async-stats-appender-sink-UICoalescingStatistics] but has failed to stop it. This is very likely to create a memory leak.
сен 21, 2015 5:20:13 PM org.apache.catalina.loader.WebappClassLoader clearReferencesThreads
SEVERE: The web application [/app-core] appears to have started a thread named [scheduler-1] but has failed to stop it. This is very likely to create a memory leak.
сен 21, 2015 5:20:13 PM org.apache.catalina.loader.WebappClassLoader clearReferencesThreads
SEVERE: The web application [/app-core] appears to have started a thread named [scheduler-3] but has failed to stop it. This is very likely to create a memory leak.
сен 21, 2015 5:20:13 PM org.apache.catalina.loader.WebappClassLoader clearReferencesThreads
SEVERE: The web application [/app-core] appears to have started a thread named [scheduler-5] but has failed to stop it. This is very likely to create a memory leak.
сен 21, 2015 5:20:13 PM org.apache.catalina.loader.WebappClassLoader clearReferencesThreads
SEVERE: The web application [/app-core] appears to have started a thread named [Timer-0] but has failed to stop it. This is very likely to create a memory leak.
сен 21, 2015 5:20:13 PM org.apache.catalina.loader.WebappClassLoader clearReferencesThreads
SEVERE: The web application [/app-core] appears to have started a thread named [scheduler-6] but has failed to stop it. This is very likely to create a memory leak.
сен 21, 2015 5:20:13 PM org.apache.catalina.loader.WebappClassLoader clearReferencesThreads
SEVERE: The web application [/app-core] appears to have started a thread named [scheduler-8] but has failed to stop it. This is very likely to create a memory leak.
сен 21, 2015 5:20:13 PM org.apache.coyote.AbstractProtocol stop
INFO: Stopping ProtocolHandler ["http-bio-8080"]
сен 21, 2015 5:20:13 PM org.apache.coyote.AbstractProtocol stop
INFO: Stopping ProtocolHandler ["ajp-bio-8009"]
сен 21, 2015 5:20:13 PM org.apache.coyote.AbstractProtocol destroy
INFO: Destroying ProtocolHandler ["http-bio-8080"]
сен 21, 2015 5:20:13 PM org.apache.coyote.AbstractProtocol destroy
INFO: Destroying ProtocolHandler ["ajp-bio-8009"]
сен 21, 2015 5:20:18 PM org.apache.catalina.core.AprLifecycleListener lifecycleEvent
INFO: The APR based Apache Tomcat Native library which allows optimal performance in production environments was not found on the java.library.path: C:\Java\java8\jdk1.8.25\bin;C:\Windows\Sun\Java\bin;C:\Windows\system32;C:\Windows;C:\ProgramData\Oracle\Java\javapath;C:\Program Files (x86)\NVIDIA Corporation\PhysX\Common;C:\Windows\system32;C:\Windows;C:\Windows\System32\Wbem;C:\Windows\System32\WindowsPowerShell\v1.0\;C:\Program Files\TortoiseSVN\bin;C:\opt\gradle\gradle-2.3\bin;C:\Program Files (x86)\Skype\Phone\;C:\Program Files (x86)\OpenVPN\bin;.
сен 21, 2015 5:20:19 PM org.apache.coyote.AbstractProtocol init
INFO: Initializing ProtocolHandler ["http-bio-8080"]
сен 21, 2015 5:20:19 PM org.apache.coyote.AbstractProtocol init
INFO: Initializing ProtocolHandler ["ajp-bio-8009"]
сен 21, 2015 5:20:19 PM org.apache.catalina.startup.Catalina load
INFO: Initialization processed in 939 ms
сен 21, 2015 5:20:19 PM org.apache.catalina.core.StandardService startInternal
INFO: Starting service Catalina
сен 21, 2015 5:20:19 PM org.apache.catalina.core.StandardEngine startInternal
INFO: Starting Servlet Engine: Apache Tomcat/7.0.62
сен 21, 2015 5:20:19 PM org.apache.catalina.startup.HostConfig deployDirectory
INFO: Deploying web application directory C:\Users\Yuriy\studio-projects\delta\build\tomcat\webapps\app
сен 21, 2015 5:20:19 PM com.haulmont.cuba.core.sys.logging.CubaLog4jConfigurator doConfigure
INFO: Configuring log4j from file:/C:\Users\Yuriy\studio-projects\delta\build\tomcat/conf/log4j.xml
сен 21, 2015 5:20:25 PM org.apache.catalina.startup.HostConfig deployDirectory
INFO: Deployment of web application directory C:\Users\Yuriy\studio-projects\delta\build\tomcat\webapps\app has finished in 5,705 ms
сен 21, 2015 5:20:25 PM org.apache.catalina.startup.HostConfig deployDirectory
INFO: Deploying web application directory C:\Users\Yuriy\studio-projects\delta\build\tomcat\webapps\app-core
сен 21, 2015 5:20:29 PM org.apache.catalina.startup.HostConfig deployDirectory
INFO: Deployment of web application directory C:\Users\Yuriy\studio-projects\delta\build\tomcat\webapps\app-core has finished in 4,689 ms
сен 21, 2015 5:20:29 PM org.apache.coyote.AbstractProtocol start
INFO: Starting ProtocolHandler ["http-bio-8080"]
сен 21, 2015 5:20:29 PM org.apache.coyote.AbstractProtocol start
INFO: Starting ProtocolHandler ["ajp-bio-8009"]
сен 21, 2015 5:20:29 PM org.apache.catalina.startup.Catalina start
INFO: Server startup in 10525 ms
сен 21, 2015 5:21:21 PM com.vaadin.server.DefaultDeploymentConfiguration checkProductionMode
WARNING: 
=================================================================
Vaadin is running in DEBUG MODE.
Add productionMode=true to web.xml to disable debug features.
To show debug window, add ?debug to your application URL.
=================================================================
сен 21, 2015 7:28:31 PM org.apache.catalina.core.StandardServer await
INFO: A valid shutdown command was received via the shutdown port. Stopping the Server instance.
сен 21, 2015 7:28:31 PM org.apache.coyote.AbstractProtocol pause
INFO: Pausing ProtocolHandler ["http-bio-8080"]
сен 21, 2015 7:28:32 PM org.apache.coyote.AbstractProtocol pause
INFO: Pausing ProtocolHandler ["ajp-bio-8009"]
сен 21, 2015 7:28:32 PM org.apache.catalina.core.StandardService stopInternal
INFO: Stopping service Catalina
сен 21, 2015 7:28:34 PM org.apache.catalina.loader.WebappClassLoader clearReferencesThreads
SEVERE: The web application [/app] appears to have started a thread named [perf4j-async-stats-appender-sink-CoalescingStatistics] but has failed to stop it. This is very likely to create a memory leak.
сен 21, 2015 7:28:34 PM org.apache.catalina.loader.WebappClassLoader clearReferencesThreads
SEVERE: The web application [/app] appears to have started a thread named [perf4j-async-stats-appender-sink-UICoalescingStatistics] but has failed to stop it. This is very likely to create a memory leak.
сен 21, 2015 7:28:35 PM org.apache.catalina.loader.WebappClassLoader clearReferencesThreads
SEVERE: The web application [/app-core] appears to have started a thread named [Timer-0] but has failed to stop it. This is very likely to create a memory leak.
сен 21, 2015 7:28:35 PM org.apache.catalina.loader.WebappClassLoader clearReferencesThreads
SEVERE: The web application [/app-core] appears to have started a thread named [scheduler-6] but has failed to stop it. This is very likely to create a memory leak.
сен 21, 2015 7:28:35 PM org.apache.coyote.AbstractProtocol stop
INFO: Stopping ProtocolHandler ["http-bio-8080"]
сен 21, 2015 7:28:36 PM org.apache.coyote.AbstractProtocol stop
INFO: Stopping ProtocolHandler ["ajp-bio-8009"]
сен 21, 2015 7:28:36 PM org.apache.coyote.AbstractProtocol destroy
INFO: Destroying ProtocolHandler ["http-bio-8080"]
сен 21, 2015 7:28:36 PM org.apache.coyote.AbstractProtocol destroy
INFO: Destroying ProtocolHandler ["ajp-bio-8009"]
сен 21, 2015 7:29:01 PM org.apache.catalina.core.AprLifecycleListener lifecycleEvent
INFO: The APR based Apache Tomcat Native library which allows optimal performance in production environments was not found on the java.library.path: C:\Java\java8\jdk1.8.25\bin;C:\Windows\Sun\Java\bin;C:\Windows\system32;C:\Windows;C:\ProgramData\Oracle\Java\javapath;C:\Program Files (x86)\NVIDIA Corporation\PhysX\Common;C:\Windows\system32;C:\Windows;C:\Windows\System32\Wbem;C:\Windows\System32\WindowsPowerShell\v1.0\;C:\Program Files\TortoiseSVN\bin;C:\opt\gradle\gradle-2.3\bin;C:\Program Files (x86)\Skype\Phone\;C:\Program Files (x86)\OpenVPN\bin;.
сен 21, 2015 7:29:01 PM org.apache.coyote.AbstractProtocol init
INFO: Initializing ProtocolHandler ["http-bio-8080"]
сен 21, 2015 7:29:01 PM org.apache.coyote.AbstractProtocol init
INFO: Initializing ProtocolHandler ["ajp-bio-8009"]
сен 21, 2015 7:29:01 PM org.apache.catalina.startup.Catalina load
INFO: Initialization processed in 1186 ms
сен 21, 2015 7:29:01 PM org.apache.catalina.core.StandardService startInternal
INFO: Starting service Catalina
сен 21, 2015 7:29:01 PM org.apache.catalina.core.StandardEngine startInternal
INFO: Starting Servlet Engine: Apache Tomcat/7.0.62
сен 21, 2015 7:29:01 PM org.apache.catalina.startup.HostConfig deployDirectory
INFO: Deploying web application directory C:\Users\Yuriy\studio-projects\delta\build\tomcat\webapps\app
сен 21, 2015 7:29:02 PM com.haulmont.cuba.core.sys.logging.CubaLog4jConfigurator doConfigure
INFO: Configuring log4j from file:/C:\Users\Yuriy\studio-projects\delta\build\tomcat/conf/log4j.xml
сен 21, 2015 7:29:09 PM org.apache.catalina.startup.HostConfig deployDirectory
INFO: Deployment of web application directory C:\Users\Yuriy\studio-projects\delta\build\tomcat\webapps\app has finished in 7,574 ms
сен 21, 2015 7:29:09 PM org.apache.catalina.startup.HostConfig deployDirectory
INFO: Deploying web application directory C:\Users\Yuriy\studio-projects\delta\build\tomcat\webapps\app-core
сен 21, 2015 7:29:19 PM org.apache.catalina.startup.HostConfig deployDirectory
INFO: Deployment of web application directory C:\Users\Yuriy\studio-projects\delta\build\tomcat\webapps\app-core has finished in 9,739 ms
сен 21, 2015 7:29:19 PM org.apache.coyote.AbstractProtocol start
INFO: Starting ProtocolHandler ["http-bio-8080"]
сен 21, 2015 7:29:19 PM org.apache.coyote.AbstractProtocol start
INFO: Starting ProtocolHandler ["ajp-bio-8009"]
сен 21, 2015 7:29:19 PM org.apache.catalina.startup.Catalina start
INFO: Server startup in 17538 ms
сен 21, 2015 7:29:19 PM com.vaadin.server.DefaultDeploymentConfiguration checkProductionMode
WARNING: 
=================================================================
Vaadin is running in DEBUG MODE.
Add productionMode=true to web.xml to disable debug features.
To show debug window, add ?debug to your application URL.
=================================================================
сен 21, 2015 7:30:55 PM com.vaadin.data.util.LegacyPropertyHelper maybeLogLegacyPropertyToStringWarning
WARNING: You are using toString() instead of getValue() to get the value for a Property of type com.haulmont.cuba.web.gui.components.WebGroupTable$1. This is strongly discouraged and only provided for backwards compatibility with Vaadin 6. To disable this warning message and retain the behavior, set the init parameter "legacyPropertyToString" to "true". To disable the legacy functionality, set "legacyPropertyToString" to false. (Note that your debugger might call toString() and trigger this message). To find out who is calling toString(), enable FINE level logging.
сен 21, 2015 7:32:37 PM com.vaadin.data.util.LegacyPropertyHelper maybeLogLegacyPropertyToStringWarning
WARNING: You are using toString() instead of getValue() to get the value for a Property of type com.haulmont.cuba.web.gui.components.WebGroupTable$1. This is strongly discouraged and only provided for backwards compatibility with Vaadin 6. To disable this warning message and retain the behavior, set the init parameter "legacyPropertyToString" to "true". To disable the legacy functionality, set "legacyPropertyToString" to false. (Note that your debugger might call toString() and trigger this message). To find out who is calling toString(), enable FINE level logging.
сен 21, 2015 7:41:59 PM com.vaadin.data.util.LegacyPropertyHelper maybeLogLegacyPropertyToStringWarning
WARNING: You are using toString() instead of getValue() to get the value for a Property of type com.haulmont.cuba.web.gui.components.WebGroupTable$1. This is strongly discouraged and only provided for backwards compatibility with Vaadin 6. To disable this warning message and retain the behavior, set the init parameter "legacyPropertyToString" to "true". To disable the legacy functionality, set "legacyPropertyToString" to false. (Note that your debugger might call toString() and trigger this message). To find out who is calling toString(), enable FINE level logging.
сен 21, 2015 7:44:35 PM com.vaadin.data.util.LegacyPropertyHelper maybeLogLegacyPropertyToStringWarning
WARNING: You are using toString() instead of getValue() to get the value for a Property of type com.haulmont.cuba.web.gui.components.WebGroupTable$1. This is strongly discouraged and only provided for backwards compatibility with Vaadin 6. To disable this warning message and retain the behavior, set the init parameter "legacyPropertyToString" to "true". To disable the legacy functionality, set "legacyPropertyToString" to false. (Note that your debugger might call toString() and trigger this message). To find out who is calling toString(), enable FINE level logging.
сен 21, 2015 7:46:03 PM com.vaadin.data.util.LegacyPropertyHelper maybeLogLegacyPropertyToStringWarning
WARNING: You are using toString() instead of getValue() to get the value for a Property of type com.haulmont.cuba.web.gui.components.WebGroupTable$1. This is strongly discouraged and only provided for backwards compatibility with Vaadin 6. To disable this warning message and retain the behavior, set the init parameter "legacyPropertyToString" to "true". To disable the legacy functionality, set "legacyPropertyToString" to false. (Note that your debugger might call toString() and trigger this message). To find out who is calling toString(), enable FINE level logging.
сен 21, 2015 9:20:32 PM com.vaadin.server.communication.ServerRpcHandler parseInvocation
WARNING: RPC call to com.vaadin.shared.ui.button.ButtonServerRpc.click received for connector 997 but no such connector could be found. Resynchronizing client.
сен 21, 2015 11:59:39 PM com.vaadin.server.communication.ServerRpcHandler parseInvocation
WARNING: RPC call to v.v received for connector 1245 but no such connector could be found. Resynchronizing client.
сен 21, 2015 11:59:39 PM com.vaadin.server.communication.ServerRpcHandler parseInvocation
WARNING: RPC call to com.vaadin.shared.ui.button.ButtonServerRpc.click received for connector 1249 but no such connector could be found. Resynchronizing client.
