сен 30, 2015 8:14:59 PM org.apache.catalina.core.ApplicationContext log
INFO: No Spring WebApplicationInitializer types detected on classpath
сен 30, 2015 8:15:05 PM org.apache.catalina.core.ApplicationContext log
INFO: Initializing Spring FrameworkServlet 'dispatcher'
сен 30, 2015 8:15:07 PM org.apache.catalina.core.ApplicationContext log
INFO: No Spring WebApplicationInitializer types detected on classpath
сен 30, 2015 8:15:14 PM org.apache.catalina.core.ApplicationContext log
INFO: Initializing Spring FrameworkServlet 'remoting'
сен 30, 2015 8:18:22 PM org.apache.catalina.core.ApplicationContext log
INFO: Destroying Spring FrameworkServlet 'dispatcher'
сен 30, 2015 8:18:22 PM org.apache.catalina.core.ApplicationContext log
INFO: Destroying Spring FrameworkServlet 'remoting'
сен 30, 2015 8:18:29 PM org.apache.catalina.core.ApplicationContext log
INFO: No Spring WebApplicationInitializer types detected on classpath
сен 30, 2015 8:18:33 PM org.apache.catalina.core.ApplicationContext log
INFO: Initializing Spring FrameworkServlet 'dispatcher'
сен 30, 2015 8:18:34 PM org.apache.catalina.core.ApplicationContext log
INFO: No Spring WebApplicationInitializer types detected on classpath
сен 30, 2015 8:18:39 PM org.apache.catalina.core.ApplicationContext log
INFO: Initializing Spring FrameworkServlet 'remoting'
сен 30, 2015 8:22:36 PM org.apache.catalina.core.ApplicationContext log
INFO: Destroying Spring FrameworkServlet 'dispatcher'
сен 30, 2015 8:22:36 PM org.apache.catalina.core.ApplicationContext log
INFO: Destroying Spring FrameworkServlet 'remoting'
сен 30, 2015 8:22:43 PM org.apache.catalina.core.ApplicationContext log
INFO: No Spring WebApplicationInitializer types detected on classpath
сен 30, 2015 8:22:47 PM org.apache.catalina.core.ApplicationContext log
INFO: Initializing Spring FrameworkServlet 'dispatcher'
сен 30, 2015 8:22:48 PM org.apache.catalina.core.ApplicationContext log
INFO: No Spring WebApplicationInitializer types detected on classpath
сен 30, 2015 8:22:53 PM org.apache.catalina.core.ApplicationContext log
INFO: Initializing Spring FrameworkServlet 'remoting'
сен 30, 2015 8:25:07 PM org.apache.catalina.core.ApplicationContext log
INFO: Destroying Spring FrameworkServlet 'dispatcher'
сен 30, 2015 8:25:07 PM org.apache.catalina.core.ApplicationContext log
INFO: Destroying Spring FrameworkServlet 'remoting'
сен 30, 2015 8:25:15 PM org.apache.catalina.core.ApplicationContext log
INFO: No Spring WebApplicationInitializer types detected on classpath
сен 30, 2015 8:25:19 PM org.apache.catalina.core.ApplicationContext log
INFO: Initializing Spring FrameworkServlet 'dispatcher'
сен 30, 2015 8:25:20 PM org.apache.catalina.core.ApplicationContext log
INFO: No Spring WebApplicationInitializer types detected on classpath
сен 30, 2015 8:25:25 PM org.apache.catalina.core.ApplicationContext log
INFO: Initializing Spring FrameworkServlet 'remoting'
сен 30, 2015 8:26:47 PM org.apache.catalina.core.ApplicationContext log
INFO: Destroying Spring FrameworkServlet 'dispatcher'
сен 30, 2015 8:26:47 PM org.apache.catalina.core.ApplicationContext log
INFO: Destroying Spring FrameworkServlet 'remoting'
сен 30, 2015 8:26:53 PM org.apache.catalina.core.ApplicationContext log
INFO: No Spring WebApplicationInitializer types detected on classpath
сен 30, 2015 8:26:57 PM org.apache.catalina.core.ApplicationContext log
INFO: Initializing Spring FrameworkServlet 'dispatcher'
сен 30, 2015 8:26:58 PM org.apache.catalina.core.ApplicationContext log
INFO: No Spring WebApplicationInitializer types detected on classpath
сен 30, 2015 8:27:02 PM org.apache.catalina.core.ApplicationContext log
INFO: Initializing Spring FrameworkServlet 'remoting'
сен 30, 2015 8:30:54 PM org.apache.catalina.core.ApplicationContext log
INFO: Destroying Spring FrameworkServlet 'dispatcher'
сен 30, 2015 8:30:54 PM org.apache.catalina.core.ApplicationContext log
INFO: Destroying Spring FrameworkServlet 'remoting'
сен 30, 2015 8:31:11 PM org.apache.catalina.core.ApplicationContext log
INFO: No Spring WebApplicationInitializer types detected on classpath
сен 30, 2015 8:31:15 PM org.apache.catalina.core.ApplicationContext log
INFO: Initializing Spring FrameworkServlet 'dispatcher'
сен 30, 2015 8:31:16 PM org.apache.catalina.core.ApplicationContext log
INFO: No Spring WebApplicationInitializer types detected on classpath
сен 30, 2015 8:31:21 PM org.apache.catalina.core.ApplicationContext log
INFO: Initializing Spring FrameworkServlet 'remoting'
сен 30, 2015 8:34:13 PM org.apache.catalina.core.ApplicationContext log
INFO: Destroying Spring FrameworkServlet 'dispatcher'
сен 30, 2015 8:34:13 PM org.apache.catalina.core.ApplicationContext log
INFO: Destroying Spring FrameworkServlet 'remoting'
сен 30, 2015 8:34:27 PM org.apache.catalina.core.ApplicationContext log
INFO: No Spring WebApplicationInitializer types detected on classpath
сен 30, 2015 8:34:31 PM org.apache.catalina.core.ApplicationContext log
INFO: Initializing Spring FrameworkServlet 'dispatcher'
сен 30, 2015 8:34:32 PM org.apache.catalina.core.ApplicationContext log
INFO: No Spring WebApplicationInitializer types detected on classpath
сен 30, 2015 8:34:37 PM org.apache.catalina.core.ApplicationContext log
INFO: Initializing Spring FrameworkServlet 'remoting'
сен 30, 2015 8:44:20 PM org.apache.catalina.core.ApplicationContext log
INFO: Destroying Spring FrameworkServlet 'dispatcher'
сен 30, 2015 8:44:20 PM org.apache.catalina.core.ApplicationContext log
INFO: Destroying Spring FrameworkServlet 'remoting'
сен 30, 2015 8:44:29 PM org.apache.catalina.core.ApplicationContext log
INFO: No Spring WebApplicationInitializer types detected on classpath
сен 30, 2015 8:44:33 PM org.apache.catalina.core.ApplicationContext log
INFO: Initializing Spring FrameworkServlet 'dispatcher'
сен 30, 2015 8:44:34 PM org.apache.catalina.core.ApplicationContext log
INFO: No Spring WebApplicationInitializer types detected on classpath
сен 30, 2015 8:44:39 PM org.apache.catalina.core.ApplicationContext log
INFO: Initializing Spring FrameworkServlet 'remoting'
сен 30, 2015 8:47:07 PM org.apache.catalina.core.ApplicationContext log
INFO: Destroying Spring FrameworkServlet 'dispatcher'
сен 30, 2015 8:47:07 PM org.apache.catalina.core.ApplicationContext log
INFO: Destroying Spring FrameworkServlet 'remoting'
сен 30, 2015 8:47:13 PM org.apache.catalina.core.ApplicationContext log
INFO: No Spring WebApplicationInitializer types detected on classpath
сен 30, 2015 8:47:17 PM org.apache.catalina.core.ApplicationContext log
INFO: Initializing Spring FrameworkServlet 'dispatcher'
сен 30, 2015 8:47:18 PM org.apache.catalina.core.ApplicationContext log
INFO: No Spring WebApplicationInitializer types detected on classpath
сен 30, 2015 8:47:23 PM org.apache.catalina.core.ApplicationContext log
INFO: Initializing Spring FrameworkServlet 'remoting'
сен 30, 2015 8:52:34 PM org.apache.catalina.core.ApplicationContext log
INFO: Destroying Spring FrameworkServlet 'dispatcher'
сен 30, 2015 8:52:34 PM org.apache.catalina.core.ApplicationContext log
INFO: Destroying Spring FrameworkServlet 'remoting'
сен 30, 2015 8:52:44 PM org.apache.catalina.core.ApplicationContext log
INFO: No Spring WebApplicationInitializer types detected on classpath
сен 30, 2015 8:52:50 PM org.apache.catalina.core.ApplicationContext log
INFO: Initializing Spring FrameworkServlet 'dispatcher'
сен 30, 2015 8:52:51 PM org.apache.catalina.core.ApplicationContext log
INFO: No Spring WebApplicationInitializer types detected on classpath
сен 30, 2015 8:52:56 PM org.apache.catalina.core.ApplicationContext log
INFO: Initializing Spring FrameworkServlet 'remoting'
сен 30, 2015 8:59:10 PM org.apache.catalina.core.ApplicationContext log
INFO: Destroying Spring FrameworkServlet 'dispatcher'
сен 30, 2015 8:59:10 PM org.apache.catalina.core.ApplicationContext log
INFO: Destroying Spring FrameworkServlet 'remoting'
сен 30, 2015 8:59:18 PM org.apache.catalina.core.ApplicationContext log
INFO: No Spring WebApplicationInitializer types detected on classpath
сен 30, 2015 8:59:23 PM org.apache.catalina.core.ApplicationContext log
INFO: Initializing Spring FrameworkServlet 'dispatcher'
сен 30, 2015 8:59:23 PM org.apache.catalina.core.ApplicationContext log
INFO: No Spring WebApplicationInitializer types detected on classpath
сен 30, 2015 8:59:28 PM org.apache.catalina.core.ApplicationContext log
INFO: Initializing Spring FrameworkServlet 'remoting'
сен 30, 2015 9:01:50 PM org.apache.catalina.core.ApplicationContext log
INFO: Destroying Spring FrameworkServlet 'dispatcher'
сен 30, 2015 9:01:50 PM org.apache.catalina.core.ApplicationContext log
INFO: Destroying Spring FrameworkServlet 'remoting'
сен 30, 2015 9:02:00 PM org.apache.catalina.core.ApplicationContext log
INFO: No Spring WebApplicationInitializer types detected on classpath
сен 30, 2015 9:02:04 PM org.apache.catalina.core.ApplicationContext log
INFO: Initializing Spring FrameworkServlet 'dispatcher'
сен 30, 2015 9:02:05 PM org.apache.catalina.core.ApplicationContext log
INFO: No Spring WebApplicationInitializer types detected on classpath
сен 30, 2015 9:02:10 PM org.apache.catalina.core.ApplicationContext log
INFO: Initializing Spring FrameworkServlet 'remoting'
сен 30, 2015 9:04:29 PM org.apache.catalina.core.ApplicationContext log
INFO: Destroying Spring FrameworkServlet 'dispatcher'
сен 30, 2015 9:04:29 PM org.apache.catalina.core.ApplicationContext log
INFO: Destroying Spring FrameworkServlet 'remoting'
сен 30, 2015 9:04:35 PM org.apache.catalina.core.ApplicationContext log
INFO: No Spring WebApplicationInitializer types detected on classpath
сен 30, 2015 9:04:39 PM org.apache.catalina.core.ApplicationContext log
INFO: Initializing Spring FrameworkServlet 'dispatcher'
сен 30, 2015 9:04:39 PM org.apache.catalina.core.ApplicationContext log
INFO: No Spring WebApplicationInitializer types detected on classpath
сен 30, 2015 9:04:44 PM org.apache.catalina.core.ApplicationContext log
INFO: Initializing Spring FrameworkServlet 'remoting'
сен 30, 2015 9:07:39 PM org.apache.catalina.core.ApplicationContext log
INFO: Destroying Spring FrameworkServlet 'dispatcher'
сен 30, 2015 9:07:39 PM org.apache.catalina.core.ApplicationContext log
INFO: Destroying Spring FrameworkServlet 'remoting'
сен 30, 2015 9:07:45 PM org.apache.catalina.core.ApplicationContext log
INFO: No Spring WebApplicationInitializer types detected on classpath
сен 30, 2015 9:07:49 PM org.apache.catalina.core.ApplicationContext log
INFO: Initializing Spring FrameworkServlet 'dispatcher'
сен 30, 2015 9:07:50 PM org.apache.catalina.core.ApplicationContext log
INFO: No Spring WebApplicationInitializer types detected on classpath
сен 30, 2015 9:07:54 PM org.apache.catalina.core.ApplicationContext log
INFO: Initializing Spring FrameworkServlet 'remoting'
сен 30, 2015 9:10:20 PM org.apache.catalina.core.ApplicationContext log
INFO: Destroying Spring FrameworkServlet 'dispatcher'
сен 30, 2015 9:10:20 PM org.apache.catalina.core.ApplicationContext log
INFO: Destroying Spring FrameworkServlet 'remoting'
сен 30, 2015 9:10:29 PM org.apache.catalina.core.ApplicationContext log
INFO: No Spring WebApplicationInitializer types detected on classpath
сен 30, 2015 9:10:33 PM org.apache.catalina.core.ApplicationContext log
INFO: Initializing Spring FrameworkServlet 'dispatcher'
сен 30, 2015 9:10:34 PM org.apache.catalina.core.ApplicationContext log
INFO: No Spring WebApplicationInitializer types detected on classpath
сен 30, 2015 9:10:39 PM org.apache.catalina.core.ApplicationContext log
INFO: Initializing Spring FrameworkServlet 'remoting'
сен 30, 2015 9:13:12 PM org.apache.catalina.core.ApplicationContext log
INFO: Destroying Spring FrameworkServlet 'dispatcher'
сен 30, 2015 9:13:13 PM org.apache.catalina.core.ApplicationContext log
INFO: Destroying Spring FrameworkServlet 'remoting'
сен 30, 2015 9:13:19 PM org.apache.catalina.core.ApplicationContext log
INFO: No Spring WebApplicationInitializer types detected on classpath
сен 30, 2015 9:13:23 PM org.apache.catalina.core.ApplicationContext log
INFO: Initializing Spring FrameworkServlet 'dispatcher'
сен 30, 2015 9:13:24 PM org.apache.catalina.core.ApplicationContext log
INFO: No Spring WebApplicationInitializer types detected on classpath
сен 30, 2015 9:13:28 PM org.apache.catalina.core.ApplicationContext log
INFO: Initializing Spring FrameworkServlet 'remoting'
сен 30, 2015 9:13:47 PM org.apache.catalina.core.ApplicationContext log
INFO: Destroying Spring FrameworkServlet 'dispatcher'
сен 30, 2015 9:13:47 PM org.apache.catalina.core.ApplicationContext log
INFO: Destroying Spring FrameworkServlet 'remoting'
сен 30, 2015 9:13:52 PM org.apache.catalina.core.ApplicationContext log
INFO: No Spring WebApplicationInitializer types detected on classpath
сен 30, 2015 9:13:57 PM org.apache.catalina.core.ApplicationContext log
INFO: Initializing Spring FrameworkServlet 'dispatcher'
сен 30, 2015 9:13:58 PM org.apache.catalina.core.ApplicationContext log
INFO: No Spring WebApplicationInitializer types detected on classpath
сен 30, 2015 9:14:03 PM org.apache.catalina.core.ApplicationContext log
INFO: Initializing Spring FrameworkServlet 'remoting'
сен 30, 2015 9:20:03 PM org.apache.catalina.core.ApplicationContext log
INFO: Destroying Spring FrameworkServlet 'dispatcher'
сен 30, 2015 9:20:04 PM org.apache.catalina.core.ApplicationContext log
INFO: Destroying Spring FrameworkServlet 'remoting'
сен 30, 2015 9:20:10 PM org.apache.catalina.core.ApplicationContext log
INFO: No Spring WebApplicationInitializer types detected on classpath
сен 30, 2015 9:20:14 PM org.apache.catalina.core.ApplicationContext log
INFO: Initializing Spring FrameworkServlet 'dispatcher'
сен 30, 2015 9:20:15 PM org.apache.catalina.core.ApplicationContext log
INFO: No Spring WebApplicationInitializer types detected on classpath
сен 30, 2015 9:20:19 PM org.apache.catalina.core.ApplicationContext log
INFO: Initializing Spring FrameworkServlet 'remoting'
сен 30, 2015 9:20:59 PM org.apache.catalina.core.ApplicationContext log
INFO: Destroying Spring FrameworkServlet 'dispatcher'
сен 30, 2015 9:21:00 PM org.apache.catalina.core.ApplicationContext log
INFO: Destroying Spring FrameworkServlet 'remoting'
сен 30, 2015 9:21:04 PM org.apache.catalina.core.ApplicationContext log
INFO: No Spring WebApplicationInitializer types detected on classpath
сен 30, 2015 9:21:08 PM org.apache.catalina.core.ApplicationContext log
INFO: Initializing Spring FrameworkServlet 'dispatcher'
сен 30, 2015 9:21:09 PM org.apache.catalina.core.ApplicationContext log
INFO: No Spring WebApplicationInitializer types detected on classpath
сен 30, 2015 9:21:14 PM org.apache.catalina.core.ApplicationContext log
INFO: Initializing Spring FrameworkServlet 'remoting'
сен 30, 2015 9:22:20 PM org.apache.catalina.core.ApplicationContext log
INFO: Destroying Spring FrameworkServlet 'dispatcher'
сен 30, 2015 9:22:20 PM org.apache.catalina.core.ApplicationContext log
INFO: Destroying Spring FrameworkServlet 'remoting'
сен 30, 2015 9:22:28 PM org.apache.catalina.core.ApplicationContext log
INFO: No Spring WebApplicationInitializer types detected on classpath
сен 30, 2015 9:22:33 PM org.apache.catalina.core.ApplicationContext log
INFO: Initializing Spring FrameworkServlet 'dispatcher'
сен 30, 2015 9:22:34 PM org.apache.catalina.core.ApplicationContext log
INFO: No Spring WebApplicationInitializer types detected on classpath
сен 30, 2015 9:22:38 PM org.apache.catalina.core.ApplicationContext log
INFO: Initializing Spring FrameworkServlet 'remoting'
сен 30, 2015 9:26:31 PM org.apache.catalina.core.ApplicationContext log
INFO: Destroying Spring FrameworkServlet 'dispatcher'
сен 30, 2015 9:26:31 PM org.apache.catalina.core.ApplicationContext log
INFO: Destroying Spring FrameworkServlet 'remoting'
сен 30, 2015 9:26:35 PM org.apache.catalina.core.ApplicationContext log
INFO: No Spring WebApplicationInitializer types detected on classpath
сен 30, 2015 9:26:39 PM org.apache.catalina.core.ApplicationContext log
INFO: Initializing Spring FrameworkServlet 'dispatcher'
сен 30, 2015 9:26:40 PM org.apache.catalina.core.ApplicationContext log
INFO: No Spring WebApplicationInitializer types detected on classpath
сен 30, 2015 9:26:44 PM org.apache.catalina.core.ApplicationContext log
INFO: Initializing Spring FrameworkServlet 'remoting'
сен 30, 2015 9:32:50 PM org.apache.catalina.core.ApplicationContext log
INFO: Destroying Spring FrameworkServlet 'dispatcher'
сен 30, 2015 9:32:50 PM org.apache.catalina.core.ApplicationContext log
INFO: Destroying Spring FrameworkServlet 'remoting'
сен 30, 2015 9:32:56 PM org.apache.catalina.core.ApplicationContext log
INFO: No Spring WebApplicationInitializer types detected on classpath
сен 30, 2015 9:33:00 PM org.apache.catalina.core.ApplicationContext log
INFO: Initializing Spring FrameworkServlet 'dispatcher'
сен 30, 2015 9:33:01 PM org.apache.catalina.core.ApplicationContext log
INFO: No Spring WebApplicationInitializer types detected on classpath
сен 30, 2015 9:33:06 PM org.apache.catalina.core.ApplicationContext log
INFO: Initializing Spring FrameworkServlet 'remoting'
сен 30, 2015 9:35:56 PM org.apache.catalina.core.ApplicationContext log
INFO: Destroying Spring FrameworkServlet 'dispatcher'
сен 30, 2015 9:35:56 PM org.apache.catalina.core.ApplicationContext log
INFO: Destroying Spring FrameworkServlet 'remoting'
сен 30, 2015 9:36:02 PM org.apache.catalina.core.ApplicationContext log
INFO: No Spring WebApplicationInitializer types detected on classpath
сен 30, 2015 9:36:21 PM org.apache.catalina.core.ApplicationContext log
INFO: No Spring WebApplicationInitializer types detected on classpath
сен 30, 2015 9:36:25 PM org.apache.catalina.core.ApplicationContext log
INFO: Initializing Spring FrameworkServlet 'dispatcher'
сен 30, 2015 9:36:26 PM org.apache.catalina.core.ApplicationContext log
INFO: No Spring WebApplicationInitializer types detected on classpath
сен 30, 2015 9:36:30 PM org.apache.catalina.core.ApplicationContext log
INFO: Initializing Spring FrameworkServlet 'remoting'
сен 30, 2015 9:51:09 PM org.apache.catalina.core.ApplicationContext log
INFO: No Spring WebApplicationInitializer types detected on classpath
сен 30, 2015 9:51:12 PM org.apache.catalina.core.ApplicationContext log
INFO: Initializing Spring FrameworkServlet 'dispatcher'
сен 30, 2015 9:51:13 PM org.apache.catalina.core.ApplicationContext log
INFO: No Spring WebApplicationInitializer types detected on classpath
сен 30, 2015 9:51:16 PM org.apache.catalina.core.ApplicationContext log
INFO: Initializing Spring FrameworkServlet 'remoting'
сен 30, 2015 9:52:35 PM org.apache.catalina.core.ApplicationContext log
INFO: No Spring WebApplicationInitializer types detected on classpath
сен 30, 2015 9:52:38 PM org.apache.catalina.core.ApplicationContext log
INFO: Initializing Spring FrameworkServlet 'dispatcher'
сен 30, 2015 9:52:39 PM org.apache.catalina.core.ApplicationContext log
INFO: No Spring WebApplicationInitializer types detected on classpath
сен 30, 2015 9:52:42 PM org.apache.catalina.core.ApplicationContext log
INFO: Initializing Spring FrameworkServlet 'remoting'
сен 30, 2015 9:52:52 PM org.apache.catalina.core.StandardWrapperValve invoke
SEVERE: Servlet.service() for servlet [app_servlet] in context with path [/app] threw exception [com.vaadin.server.ServiceException: org.springframework.transaction.CannotCreateTransactionException: Could not open JPA EntityManager for transaction; nested exception is <openjpa-2.3.0-r422266:1540826 nonfatal general error> org.apache.openjpa.persistence.PersistenceException: There were errors initializing your configuration: <openjpa-2.3.0-r422266:1540826 fatal user error> org.apache.openjpa.util.UserException: A connection could not be obtained for driver class "null" and URL "null".  You may have specified an invalid URL.
	at org.apache.openjpa.jdbc.schema.DataSourceFactory.newConnectException(DataSourceFactory.java:255)
	at org.apache.openjpa.jdbc.schema.DataSourceFactory.installDBDictionary(DataSourceFactory.java:241)
	at org.apache.openjpa.jdbc.conf.JDBCConfigurationImpl.getConnectionFactory(JDBCConfigurationImpl.java:733)
	at sun.reflect.NativeMethodAccessorImpl.invoke0(Native Method)
	at sun.reflect.NativeMethodAccessorImpl.invoke(NativeMethodAccessorImpl.java:62)
	at sun.reflect.DelegatingMethodAccessorImpl.invoke(DelegatingMethodAccessorImpl.java:43)
	at java.lang.reflect.Method.invoke(Method.java:483)
	at org.apache.openjpa.lib.conf.ConfigurationImpl.instantiateAll(ConfigurationImpl.java:310)
	at org.apache.openjpa.conf.OpenJPAConfigurationImpl.instantiateAll(OpenJPAConfigurationImpl.java:1670)
	at org.apache.openjpa.kernel.AbstractBrokerFactory.makeReadOnly(AbstractBrokerFactory.java:651)
	at org.apache.openjpa.kernel.AbstractBrokerFactory.newBroker(AbstractBrokerFactory.java:203)
	at org.apache.openjpa.kernel.DelegatingBrokerFactory.newBroker(DelegatingBrokerFactory.java:155)
	at org.apache.openjpa.persistence.EntityManagerFactoryImpl.createEntityManager(EntityManagerFactoryImpl.java:226)
	at org.apache.openjpa.persistence.EntityManagerFactoryImpl.createEntityManager(EntityManagerFactoryImpl.java:153)
	at org.apache.openjpa.persistence.EntityManagerFactoryImpl.createEntityManager(EntityManagerFactoryImpl.java:59)
	at org.springframework.orm.jpa.JpaTransactionManager.createEntityManagerForTransaction(JpaTransactionManager.java:445)
	at org.springframework.orm.jpa.JpaTransactionManager.doBegin(JpaTransactionManager.java:366)
	at org.springframework.transaction.support.AbstractPlatformTransactionManager.getTransaction(AbstractPlatformTransactionManager.java:372)
	at com.haulmont.cuba.core.sys.TransactionImpl.<init>(TransactionImpl.java:42)
	at com.haulmont.cuba.core.sys.PersistenceImpl.createTransaction(PersistenceImpl.java:92)
	at com.haulmont.cuba.security.app.LoginWorkerBean.checkRememberMe(LoginWorkerBean.java:325)
	at com.haulmont.cuba.security.app.LoginServiceBean.checkRememberMe(LoginServiceBean.java:135)
	at sun.reflect.NativeMethodAccessorImpl.invoke0(Native Method)
	at sun.reflect.NativeMethodAccessorImpl.invoke(NativeMethodAccessorImpl.java:62)
	at sun.reflect.DelegatingMethodAccessorImpl.invoke(DelegatingMethodAccessorImpl.java:43)
	at java.lang.reflect.Method.invoke(Method.java:483)
	at com.haulmont.cuba.core.sys.remoting.LocalServiceInvokerImpl.invoke(LocalServiceInvokerImpl.java:71)
	at com.haulmont.cuba.web.sys.remoting.LocalServiceProxy$LocalServiceInvocationHandler.invoke(LocalServiceProxy.java:115)
	at com.sun.proxy.$Proxy13.checkRememberMe(Unknown Source)
	at com.haulmont.cuba.web.DefaultConnection.checkRememberMe(DefaultConnection.java:122)
	at com.haulmont.cuba.web.LoginWindow.initRememberMe(LoginWindow.java:320)
	at com.haulmont.cuba.web.LoginWindow.initFields(LoginWindow.java:377)
	at com.haulmont.cuba.web.LoginWindow.initStandartUI(LoginWindow.java:199)
	at com.haulmont.cuba.web.LoginWindow.initUI(LoginWindow.java:305)
	at com.haulmont.cuba.web.LoginWindow.<init>(LoginWindow.java:121)
	at com.haulmont.cuba.web.App.createLoginWindow(App.java:300)
	at com.haulmont.cuba.web.DefaultApp.initView(DefaultApp.java:112)
	at com.haulmont.cuba.web.AppUI.init(AppUI.java:160)
	at com.vaadin.ui.UI.doInit(UI.java:646)
	at com.vaadin.server.communication.UIInitHandler.getBrowserDetailsUI(UIInitHandler.java:214)
	at com.vaadin.server.communication.UIInitHandler.synchronizedHandleRequest(UIInitHandler.java:74)
	at com.vaadin.server.SynchronizedRequestHandler.handleRequest(SynchronizedRequestHandler.java:41)
	at com.vaadin.server.VaadinService.handleRequest(VaadinService.java:1408)
	at com.vaadin.server.VaadinServlet.service(VaadinServlet.java:355)
	at com.haulmont.cuba.web.sys.CubaApplicationServlet.serviceAppRequest(CubaApplicationServlet.java:164)
	at com.haulmont.cuba.web.sys.CubaApplicationServlet.service(CubaApplicationServlet.java:119)
	at javax.servlet.http.HttpServlet.service(HttpServlet.java:731)
	at org.apache.catalina.core.ApplicationFilterChain.internalDoFilter(ApplicationFilterChain.java:303)
	at org.apache.catalina.core.ApplicationFilterChain.doFilter(ApplicationFilterChain.java:208)
	at org.apache.tomcat.websocket.server.WsFilter.doFilter(WsFilter.java:52)
	at org.apache.catalina.core.ApplicationFilterChain.internalDoFilter(ApplicationFilterChain.java:241)
	at org.apache.catalina.core.ApplicationFilterChain.doFilter(ApplicationFilterChain.java:208)
	at com.haulmont.cuba.web.sys.CubaHttpFilter.handleNotFiltered(CubaHttpFilter.java:99)
	at com.haulmont.cuba.web.sys.CubaHttpFilter.doFilter(CubaHttpFilter.java:86)
	at org.apache.catalina.core.ApplicationFilterChain.internalDoFilter(ApplicationFilterChain.java:241)
	at org.apache.catalina.core.ApplicationFilterChain.doFilter(ApplicationFilterChain.java:208)
	at org.apache.catalina.core.StandardWrapperValve.invoke(StandardWrapperValve.java:220)
	at org.apache.catalina.core.StandardContextValve.invoke(StandardContextValve.java:122)
	at org.apache.catalina.authenticator.AuthenticatorBase.invoke(AuthenticatorBase.java:505)
	at org.apache.catalina.core.StandardHostValve.invoke(StandardHostValve.java:170)
	at org.apache.catalina.valves.ErrorReportValve.invoke(ErrorReportValve.java:103)
	at org.apache.catalina.valves.AccessLogValve.invoke(AccessLogValve.java:957)
	at org.apache.catalina.core.StandardEngineValve.invoke(StandardEngineValve.java:116)
	at org.apache.catalina.connector.CoyoteAdapter.service(CoyoteAdapter.java:423)
	at org.apache.coyote.http11.AbstractHttp11Processor.process(AbstractHttp11Processor.java:1079)
	at org.apache.coyote.AbstractProtocol$AbstractConnectionHandler.process(AbstractProtocol.java:620)
	at org.apache.tomcat.util.net.JIoEndpoint$SocketProcessor.run(JIoEndpoint.java:318)
	at java.util.concurrent.ThreadPoolExecutor.runWorker(ThreadPoolExecutor.java:1142)
	at java.util.concurrent.ThreadPoolExecutor$Worker.run(ThreadPoolExecutor.java:617)
	at org.apache.tomcat.util.threads.TaskThread$WrappingRunnable.run(TaskThread.java:61)
	at java.lang.Thread.run(Thread.java:745)
Caused by: org.apache.tomcat.dbcp.dbcp.SQLNestedException: Cannot create PoolableConnectionFactory (java.net.ConnectException: Connection refused: connect)
	at org.apache.tomcat.dbcp.dbcp.BasicDataSource.createPoolableConnectionFactory(BasicDataSource.java:1549)
	at org.apache.tomcat.dbcp.dbcp.BasicDataSource.createDataSource(BasicDataSource.java:1388)
	at org.apache.tomcat.dbcp.dbcp.BasicDataSource.getConnection(BasicDataSource.java:1044)
	at org.apache.openjpa.lib.jdbc.DelegatingDataSource.getConnection(DelegatingDataSource.java:116)
	at org.apache.openjpa.lib.jdbc.DecoratingDataSource.getConnection(DecoratingDataSource.java:93)
	at org.apache.openjpa.jdbc.schema.DataSourceFactory.installDBDictionary(DataSourceFactory.java:233)
	... 69 more
Caused by: java.sql.SQLTransientConnectionException: java.net.ConnectException: Connection refused: connect
	at org.hsqldb.jdbc.Util.sqlException(Unknown Source)
	at org.hsqldb.jdbc.Util.sqlException(Unknown Source)
	at org.hsqldb.jdbc.JDBCConnection.<init>(Unknown Source)
	at org.hsqldb.jdbc.JDBCDriver.getConnection(Unknown Source)
	at org.hsqldb.jdbc.JDBCDriver.connect(Unknown Source)
	at org.apache.tomcat.dbcp.dbcp.DriverConnectionFactory.createConnection(DriverConnectionFactory.java:38)
	at org.apache.tomcat.dbcp.dbcp.PoolableConnectionFactory.makeObject(PoolableConnectionFactory.java:582)
	at org.apache.tomcat.dbcp.dbcp.BasicDataSource.validateConnectionFactory(BasicDataSource.java:1556)
	at org.apache.tomcat.dbcp.dbcp.BasicDataSource.createPoolableConnectionFactory(BasicDataSource.java:1545)
	... 74 more
Caused by: org.hsqldb.HsqlException: java.net.ConnectException: Connection refused: connect
	at org.hsqldb.ClientConnection.openConnection(Unknown Source)
	at org.hsqldb.ClientConnection.initConnection(Unknown Source)
	at org.hsqldb.ClientConnection.<init>(Unknown Source)
	... 81 more
Caused by: java.net.ConnectException: Connection refused: connect
	at java.net.DualStackPlainSocketImpl.connect0(Native Method)
	at java.net.DualStackPlainSocketImpl.socketConnect(DualStackPlainSocketImpl.java:79)
	at java.net.AbstractPlainSocketImpl.doConnect(AbstractPlainSocketImpl.java:345)
	at java.net.AbstractPlainSocketImpl.connectToAddress(AbstractPlainSocketImpl.java:206)
	at java.net.AbstractPlainSocketImpl.connect(AbstractPlainSocketImpl.java:188)
	at java.net.PlainSocketImpl.connect(PlainSocketImpl.java:172)
	at java.net.SocksSocketImpl.connect(SocksSocketImpl.java:392)
	at java.net.Socket.connect(Socket.java:589)
	at java.net.Socket.connect(Socket.java:538)
	at java.net.Socket.<init>(Socket.java:434)
	at java.net.Socket.<init>(Socket.java:211)
	at org.hsqldb.server.HsqlSocketFactory.createSocket(Unknown Source)
	... 84 more

<openjpa-2.3.0-r422266:1540826 fatal user error> org.apache.openjpa.util.UserException: A connection could not be obtained for driver class "null" and URL "null".  You may have specified an invalid URL.
	at org.apache.openjpa.jdbc.schema.DataSourceFactory.newConnectException(DataSourceFactory.java:255)
	at org.apache.openjpa.jdbc.schema.DataSourceFactory.installDBDictionary(DataSourceFactory.java:241)
	at org.apache.openjpa.jdbc.conf.JDBCConfigurationImpl.getConnectionFactory(JDBCConfigurationImpl.java:733)
	at org.apache.openjpa.jdbc.conf.JDBCConfigurationImpl.getDataSource(JDBCConfigurationImpl.java:878)
	at org.apache.openjpa.jdbc.conf.JDBCConfigurationImpl.getDataSource2(JDBCConfigurationImpl.java:920)
	at org.apache.openjpa.jdbc.schema.SchemaGenerator.<init>(SchemaGenerator.java:85)
	at org.apache.openjpa.jdbc.schema.LazySchemaFactory.setConfiguration(LazySchemaFactory.java:204)
	at org.apache.openjpa.lib.conf.Configurations.configureInstance(Configurations.java:503)
	at org.apache.openjpa.lib.conf.Configurations.configureInstance(Configurations.java:460)
	at org.apache.openjpa.lib.conf.PluginValue.instantiate(PluginValue.java:121)
	at org.apache.openjpa.lib.conf.ObjectValue.instantiate(ObjectValue.java:83)
	at org.apache.openjpa.jdbc.conf.JDBCConfigurationImpl.getSchemaFactoryInstance(JDBCConfigurationImpl.java:657)
	at sun.reflect.NativeMethodAccessorImpl.invoke0(Native Method)
	at sun.reflect.NativeMethodAccessorImpl.invoke(NativeMethodAccessorImpl.java:62)
	at sun.reflect.DelegatingMethodAccessorImpl.invoke(DelegatingMethodAccessorImpl.java:43)
	at java.lang.reflect.Method.invoke(Method.java:483)
	at org.apache.openjpa.lib.conf.ConfigurationImpl.instantiateAll(ConfigurationImpl.java:310)
	at org.apache.openjpa.conf.OpenJPAConfigurationImpl.instantiateAll(OpenJPAConfigurationImpl.java:1670)
	at org.apache.openjpa.kernel.AbstractBrokerFactory.makeReadOnly(AbstractBrokerFactory.java:651)
	at org.apache.openjpa.kernel.AbstractBrokerFactory.newBroker(AbstractBrokerFactory.java:203)
	at org.apache.openjpa.kernel.DelegatingBrokerFactory.newBroker(DelegatingBrokerFactory.java:155)
	at org.apache.openjpa.persistence.EntityManagerFactoryImpl.createEntityManager(EntityManagerFactoryImpl.java:226)
	at org.apache.openjpa.persistence.EntityManagerFactoryImpl.createEntityManager(EntityManagerFactoryImpl.java:153)
	at org.apache.openjpa.persistence.EntityManagerFactoryImpl.createEntityManager(EntityManagerFactoryImpl.java:59)
	at org.springframework.orm.jpa.JpaTransactionManager.createEntityManagerForTransaction(JpaTransactionManager.java:445)
	at org.springframework.orm.jpa.JpaTransactionManager.doBegin(JpaTransactionManager.java:366)
	at org.springframework.transaction.support.AbstractPlatformTransactionManager.getTransaction(AbstractPlatformTransactionManager.java:372)
	at com.haulmont.cuba.core.sys.TransactionImpl.<init>(TransactionImpl.java:42)
	at com.haulmont.cuba.core.sys.PersistenceImpl.createTransaction(PersistenceImpl.java:92)
	at com.haulmont.cuba.security.app.LoginWorkerBean.checkRememberMe(LoginWorkerBean.java:325)
	at com.haulmont.cuba.security.app.LoginServiceBean.checkRememberMe(LoginServiceBean.java:135)
	at sun.reflect.NativeMethodAccessorImpl.invoke0(Native Method)
	at sun.reflect.NativeMethodAccessorImpl.invoke(NativeMethodAccessorImpl.java:62)
	at sun.reflect.DelegatingMethodAccessorImpl.invoke(DelegatingMethodAccessorImpl.java:43)
	at java.lang.reflect.Method.invoke(Method.java:483)
	at com.haulmont.cuba.core.sys.remoting.LocalServiceInvokerImpl.invoke(LocalServiceInvokerImpl.java:71)
	at com.haulmont.cuba.web.sys.remoting.LocalServiceProxy$LocalServiceInvocationHandler.invoke(LocalServiceProxy.java:115)
	at com.sun.proxy.$Proxy13.checkRememberMe(Unknown Source)
	at com.haulmont.cuba.web.DefaultConnection.checkRememberMe(DefaultConnection.java:122)
	at com.haulmont.cuba.web.LoginWindow.initRememberMe(LoginWindow.java:320)
	at com.haulmont.cuba.web.LoginWindow.initFields(LoginWindow.java:377)
	at com.haulmont.cuba.web.LoginWindow.initStandartUI(LoginWindow.java:199)
	at com.haulmont.cuba.web.LoginWindow.initUI(LoginWindow.java:305)
	at com.haulmont.cuba.web.LoginWindow.<init>(LoginWindow.java:121)
	at com.haulmont.cuba.web.App.createLoginWindow(App.java:300)
	at com.haulmont.cuba.web.DefaultApp.initView(DefaultApp.java:112)
	at com.haulmont.cuba.web.AppUI.init(AppUI.java:160)
	at com.vaadin.ui.UI.doInit(UI.java:646)
	at com.vaadin.server.communication.UIInitHandler.getBrowserDetailsUI(UIInitHandler.java:214)
	at com.vaadin.server.communication.UIInitHandler.synchronizedHandleRequest(UIInitHandler.java:74)
	at com.vaadin.server.SynchronizedRequestHandler.handleRequest(SynchronizedRequestHandler.java:41)
	at com.vaadin.server.VaadinService.handleRequest(VaadinService.java:1408)
	at com.vaadin.server.VaadinServlet.service(VaadinServlet.java:355)
	at com.haulmont.cuba.web.sys.CubaApplicationServlet.serviceAppRequest(CubaApplicationServlet.java:164)
	at com.haulmont.cuba.web.sys.CubaApplicationServlet.service(CubaApplicationServlet.java:119)
	at javax.servlet.http.HttpServlet.service(HttpServlet.java:731)
	at org.apache.catalina.core.ApplicationFilterChain.internalDoFilter(ApplicationFilterChain.java:303)
	at org.apache.catalina.core.ApplicationFilterChain.doFilter(ApplicationFilterChain.java:208)
	at org.apache.tomcat.websocket.server.WsFilter.doFilter(WsFilter.java:52)
	at org.apache.catalina.core.ApplicationFilterChain.internalDoFilter(ApplicationFilterChain.java:241)
	at org.apache.catalina.core.ApplicationFilterChain.doFilter(ApplicationFilterChain.java:208)
	at com.haulmont.cuba.web.sys.CubaHttpFilter.handleNotFiltered(CubaHttpFilter.java:99)
	at com.haulmont.cuba.web.sys.CubaHttpFilter.doFilter(CubaHttpFilter.java:86)
	at org.apache.catalina.core.ApplicationFilterChain.internalDoFilter(ApplicationFilterChain.java:241)
	at org.apache.catalina.core.ApplicationFilterChain.doFilter(ApplicationFilterChain.java:208)
	at org.apache.catalina.core.StandardWrapperValve.invoke(StandardWrapperValve.java:220)
	at org.apache.catalina.core.StandardContextValve.invoke(StandardContextValve.java:122)
	at org.apache.catalina.authenticator.AuthenticatorBase.invoke(AuthenticatorBase.java:505)
	at org.apache.catalina.core.StandardHostValve.invoke(StandardHostValve.java:170)
	at org.apache.catalina.valves.ErrorReportValve.invoke(ErrorReportValve.java:103)
	at org.apache.catalina.valves.AccessLogValve.invoke(AccessLogValve.java:957)
	at org.apache.catalina.core.StandardEngineValve.invoke(StandardEngineValve.java:116)
	at org.apache.catalina.connector.CoyoteAdapter.service(CoyoteAdapter.java:423)
	at org.apache.coyote.http11.AbstractHttp11Processor.process(AbstractHttp11Processor.java:1079)
	at org.apache.coyote.AbstractProtocol$AbstractConnectionHandler.process(AbstractProtocol.java:620)
	at org.apache.tomcat.util.net.JIoEndpoint$SocketProcessor.run(JIoEndpoint.java:318)
	at java.util.concurrent.ThreadPoolExecutor.runWorker(ThreadPoolExecutor.java:1142)
	at java.util.concurrent.ThreadPoolExecutor$Worker.run(ThreadPoolExecutor.java:617)
	at org.apache.tomcat.util.threads.TaskThread$WrappingRunnable.run(TaskThread.java:61)
	at java.lang.Thread.run(Thread.java:745)
Caused by: org.apache.tomcat.dbcp.dbcp.SQLNestedException: Cannot create PoolableConnectionFactory (java.net.ConnectException: Connection refused: connect)
	at org.apache.tomcat.dbcp.dbcp.BasicDataSource.createPoolableConnectionFactory(BasicDataSource.java:1549)
	at org.apache.tomcat.dbcp.dbcp.BasicDataSource.createDataSource(BasicDataSource.java:1388)
	at org.apache.tomcat.dbcp.dbcp.BasicDataSource.getConnection(BasicDataSource.java:1044)
	at org.apache.openjpa.lib.jdbc.DelegatingDataSource.getConnection(DelegatingDataSource.java:116)
	at org.apache.openjpa.lib.jdbc.DecoratingDataSource.getConnection(DecoratingDataSource.java:93)
	at org.apache.openjpa.jdbc.schema.DataSourceFactory.installDBDictionary(DataSourceFactory.java:233)
	... 78 more
Caused by: java.sql.SQLTransientConnectionException: java.net.ConnectException: Connection refused: connect
	at org.hsqldb.jdbc.Util.sqlException(Unknown Source)
	at org.hsqldb.jdbc.Util.sqlException(Unknown Source)
	at org.hsqldb.jdbc.JDBCConnection.<init>(Unknown Source)
	at org.hsqldb.jdbc.JDBCDriver.getConnection(Unknown Source)
	at org.hsqldb.jdbc.JDBCDriver.connect(Unknown Source)
	at org.apache.tomcat.dbcp.dbcp.DriverConnectionFactory.createConnection(DriverConnectionFactory.java:38)
	at org.apache.tomcat.dbcp.dbcp.PoolableConnectionFactory.makeObject(PoolableConnectionFactory.java:582)
	at org.apache.tomcat.dbcp.dbcp.BasicDataSource.validateConnectionFactory(BasicDataSource.java:1556)
	at org.apache.tomcat.dbcp.dbcp.BasicDataSource.createPoolableConnectionFactory(BasicDataSource.java:1545)
	... 83 more
Caused by: org.hsqldb.HsqlException: java.net.ConnectException: Connection refused: connect
	at org.hsqldb.ClientConnection.openConnection(Unknown Source)
	at org.hsqldb.ClientConnection.initConnection(Unknown Source)
	at org.hsqldb.ClientConnection.<init>(Unknown Source)
	... 90 more
Caused by: java.net.ConnectException: Connection refused: connect
	at java.net.DualStackPlainSocketImpl.connect0(Native Method)
	at java.net.DualStackPlainSocketImpl.socketConnect(DualStackPlainSocketImpl.java:79)
	at java.net.AbstractPlainSocketImpl.doConnect(AbstractPlainSocketImpl.java:345)
	at java.net.AbstractPlainSocketImpl.connectToAddress(AbstractPlainSocketImpl.java:206)
	at java.net.AbstractPlainSocketImpl.connect(AbstractPlainSocketImpl.java:188)
	at java.net.PlainSocketImpl.connect(PlainSocketImpl.java:172)
	at java.net.SocksSocketImpl.connect(SocksSocketImpl.java:392)
	at java.net.Socket.connect(Socket.java:589)
	at java.net.Socket.connect(Socket.java:538)
	at java.net.Socket.<init>(Socket.java:434)
	at java.net.Socket.<init>(Socket.java:211)
	at org.hsqldb.server.HsqlSocketFactory.createSocket(Unknown Source)
	... 93 more
] with root cause
java.lang.Exception: java.lang.RuntimeException: There were errors initializing your configuration: <openjpa-2.3.0-r422266:1540826 fatal user error> org.apache.openjpa.util.UserException: A connection could not be obtained for driver class "null" and URL "null".  You may have specified an invalid URL.
	at org.apache.openjpa.jdbc.schema.DataSourceFactory.newConnectException(DataSourceFactory.java:255)
	at org.apache.openjpa.jdbc.schema.DataSourceFactory.installDBDictionary(DataSourceFactory.java:241)
	at org.apache.openjpa.jdbc.conf.JDBCConfigurationImpl.getConnectionFactory(JDBCConfigurationImpl.java:733)
	at sun.reflect.NativeMethodAccessorImpl.invoke0(Native Method)
	at sun.reflect.NativeMethodAccessorImpl.invoke(NativeMethodAccessorImpl.java:62)
	at sun.reflect.DelegatingMethodAccessorImpl.invoke(DelegatingMethodAccessorImpl.java:43)
	at java.lang.reflect.Method.invoke(Method.java:483)
	at org.apache.openjpa.lib.conf.ConfigurationImpl.instantiateAll(ConfigurationImpl.java:310)
	at org.apache.openjpa.conf.OpenJPAConfigurationImpl.instantiateAll(OpenJPAConfigurationImpl.java:1670)
	at org.apache.openjpa.kernel.AbstractBrokerFactory.makeReadOnly(AbstractBrokerFactory.java:651)
	at org.apache.openjpa.kernel.AbstractBrokerFactory.newBroker(AbstractBrokerFactory.java:203)
	at org.apache.openjpa.kernel.DelegatingBrokerFactory.newBroker(DelegatingBrokerFactory.java:155)
	at org.apache.openjpa.persistence.EntityManagerFactoryImpl.createEntityManager(EntityManagerFactoryImpl.java:226)
	at org.apache.openjpa.persistence.EntityManagerFactoryImpl.createEntityManager(EntityManagerFactoryImpl.java:153)
	at org.apache.openjpa.persistence.EntityManagerFactoryImpl.createEntityManager(EntityManagerFactoryImpl.java:59)
	at org.springframework.orm.jpa.JpaTransactionManager.createEntityManagerForTransaction(JpaTransactionManager.java:445)
	at org.springframework.orm.jpa.JpaTransactionManager.doBegin(JpaTransactionManager.java:366)
	at org.springframework.transaction.support.AbstractPlatformTransactionManager.getTransaction(AbstractPlatformTransactionManager.java:372)
	at com.haulmont.cuba.core.sys.TransactionImpl.<init>(TransactionImpl.java:42)
	at com.haulmont.cuba.core.sys.PersistenceImpl.createTransaction(PersistenceImpl.java:92)
	at com.haulmont.cuba.security.app.LoginWorkerBean.checkRememberMe(LoginWorkerBean.java:325)
	at com.haulmont.cuba.security.app.LoginServiceBean.checkRememberMe(LoginServiceBean.java:135)
	at sun.reflect.NativeMethodAccessorImpl.invoke0(Native Method)
	at sun.reflect.NativeMethodAccessorImpl.invoke(NativeMethodAccessorImpl.java:62)
	at sun.reflect.DelegatingMethodAccessorImpl.invoke(DelegatingMethodAccessorImpl.java:43)
	at java.lang.reflect.Method.invoke(Method.java:483)
	at com.haulmont.cuba.core.sys.remoting.LocalServiceInvokerImpl.invoke(LocalServiceInvokerImpl.java:71)
	at com.haulmont.cuba.web.sys.remoting.LocalServiceProxy$LocalServiceInvocationHandler.invoke(LocalServiceProxy.java:115)
	at com.sun.proxy.$Proxy13.checkRememberMe(Unknown Source)
	at com.haulmont.cuba.web.DefaultConnection.checkRememberMe(DefaultConnection.java:122)
	at com.haulmont.cuba.web.LoginWindow.initRememberMe(LoginWindow.java:320)
	at com.haulmont.cuba.web.LoginWindow.initFields(LoginWindow.java:377)
	at com.haulmont.cuba.web.LoginWindow.initStandartUI(LoginWindow.java:199)
	at com.haulmont.cuba.web.LoginWindow.initUI(LoginWindow.java:305)
	at com.haulmont.cuba.web.LoginWindow.<init>(LoginWindow.java:121)
	at com.haulmont.cuba.web.App.createLoginWindow(App.java:300)
	at com.haulmont.cuba.web.DefaultApp.initView(DefaultApp.java:112)
	at com.haulmont.cuba.web.AppUI.init(AppUI.java:160)
	at com.vaadin.ui.UI.doInit(UI.java:646)
	at com.vaadin.server.communication.UIInitHandler.getBrowserDetailsUI(UIInitHandler.java:214)
	at com.vaadin.server.communication.UIInitHandler.synchronizedHandleRequest(UIInitHandler.java:74)
	at com.vaadin.server.SynchronizedRequestHandler.handleRequest(SynchronizedRequestHandler.java:41)
	at com.vaadin.server.VaadinService.handleRequest(VaadinService.java:1408)
	at com.vaadin.server.VaadinServlet.service(VaadinServlet.java:355)
	at com.haulmont.cuba.web.sys.CubaApplicationServlet.serviceAppRequest(CubaApplicationServlet.java:164)
	at com.haulmont.cuba.web.sys.CubaApplicationServlet.service(CubaApplicationServlet.java:119)
	at javax.servlet.http.HttpServlet.service(HttpServlet.java:731)
	at org.apache.catalina.core.ApplicationFilterChain.internalDoFilter(ApplicationFilterChain.java:303)
	at org.apache.catalina.core.ApplicationFilterChain.doFilter(ApplicationFilterChain.java:208)
	at org.apache.tomcat.websocket.server.WsFilter.doFilter(WsFilter.java:52)
	at org.apache.catalina.core.ApplicationFilterChain.internalDoFilter(ApplicationFilterChain.java:241)
	at org.apache.catalina.core.ApplicationFilterChain.doFilter(ApplicationFilterChain.java:208)
	at com.haulmont.cuba.web.sys.CubaHttpFilter.handleNotFiltered(CubaHttpFilter.java:99)
	at com.haulmont.cuba.web.sys.CubaHttpFilter.doFilter(CubaHttpFilter.java:86)
	at org.apache.catalina.core.ApplicationFilterChain.internalDoFilter(ApplicationFilterChain.java:241)
	at org.apache.catalina.core.ApplicationFilterChain.doFilter(ApplicationFilterChain.java:208)
	at org.apache.catalina.core.StandardWrapperValve.invoke(StandardWrapperValve.java:220)
	at org.apache.catalina.core.StandardContextValve.invoke(StandardContextValve.java:122)
	at org.apache.catalina.authenticator.AuthenticatorBase.invoke(AuthenticatorBase.java:505)
	at org.apache.catalina.core.StandardHostValve.invoke(StandardHostValve.java:170)
	at org.apache.catalina.valves.ErrorReportValve.invoke(ErrorReportValve.java:103)
	at org.apache.catalina.valves.AccessLogValve.invoke(AccessLogValve.java:957)
	at org.apache.catalina.core.StandardEngineValve.invoke(StandardEngineValve.java:116)
	at org.apache.catalina.connector.CoyoteAdapter.service(CoyoteAdapter.java:423)
	at org.apache.coyote.http11.AbstractHttp11Processor.process(AbstractHttp11Processor.java:1079)
	at org.apache.coyote.AbstractProtocol$AbstractConnectionHandler.process(AbstractProtocol.java:620)
	at org.apache.tomcat.util.net.JIoEndpoint$SocketProcessor.run(JIoEndpoint.java:318)
	at java.util.concurrent.ThreadPoolExecutor.runWorker(ThreadPoolExecutor.java:1142)
	at java.util.concurrent.ThreadPoolExecutor$Worker.run(ThreadPoolExecutor.java:617)
	at org.apache.tomcat.util.threads.TaskThread$WrappingRunnable.run(TaskThread.java:61)
	at java.lang.Thread.run(Thread.java:745)
Caused by: org.apache.tomcat.dbcp.dbcp.SQLNestedException: Cannot create PoolableConnectionFactory (java.net.ConnectException: Connection refused: connect)
	at org.apache.tomcat.dbcp.dbcp.BasicDataSource.createPoolableConnectionFactory(BasicDataSource.java:1549)
	at org.apache.tomcat.dbcp.dbcp.BasicDataSource.createDataSource(BasicDataSource.java:1388)
	at org.apache.tomcat.dbcp.dbcp.BasicDataSource.getConnection(BasicDataSource.java:1044)
	at org.apache.openjpa.lib.jdbc.DelegatingDataSource.getConnection(DelegatingDataSource.java:116)
	at org.apache.openjpa.lib.jdbc.DecoratingDataSource.getConnection(DecoratingDataSource.java:93)
	at org.apache.openjpa.jdbc.schema.DataSourceFactory.installDBDictionary(DataSourceFactory.java:233)
	... 69 more
Caused by: java.sql.SQLTransientConnectionException: java.net.ConnectException: Connection refused: connect
	at org.hsqldb.jdbc.Util.sqlException(Unknown Source)
	at org.hsqldb.jdbc.Util.sqlException(Unknown Source)
	at org.hsqldb.jdbc.JDBCConnection.<init>(Unknown Source)
	at org.hsqldb.jdbc.JDBCDriver.getConnection(Unknown Source)
	at org.hsqldb.jdbc.JDBCDriver.connect(Unknown Source)
	at org.apache.tomcat.dbcp.dbcp.DriverConnectionFactory.createConnection(DriverConnectionFactory.java:38)
	at org.apache.tomcat.dbcp.dbcp.PoolableConnectionFactory.makeObject(PoolableConnectionFactory.java:582)
	at org.apache.tomcat.dbcp.dbcp.BasicDataSource.validateConnectionFactory(BasicDataSource.java:1556)
	at org.apache.tomcat.dbcp.dbcp.BasicDataSource.createPoolableConnectionFactory(BasicDataSource.java:1545)
	... 74 more
Caused by: org.hsqldb.HsqlException: java.net.ConnectException: Connection refused: connect
	at org.hsqldb.ClientConnection.openConnection(Unknown Source)
	at org.hsqldb.ClientConnection.initConnection(Unknown Source)
	at org.hsqldb.ClientConnection.<init>(Unknown Source)
	... 81 more
Caused by: java.net.ConnectException: Connection refused: connect
	at java.net.DualStackPlainSocketImpl.connect0(Native Method)
	at java.net.DualStackPlainSocketImpl.socketConnect(DualStackPlainSocketImpl.java:79)
	at java.net.AbstractPlainSocketImpl.doConnect(AbstractPlainSocketImpl.java:345)
	at java.net.AbstractPlainSocketImpl.connectToAddress(AbstractPlainSocketImpl.java:206)
	at java.net.AbstractPlainSocketImpl.connect(AbstractPlainSocketImpl.java:188)
	at java.net.PlainSocketImpl.connect(PlainSocketImpl.java:172)
	at java.net.SocksSocketImpl.connect(SocksSocketImpl.java:392)
	at java.net.Socket.connect(Socket.java:589)
	at java.net.Socket.connect(Socket.java:538)
	at java.net.Socket.<init>(Socket.java:434)
	at java.net.Socket.<init>(Socket.java:211)
	at org.hsqldb.server.HsqlSocketFactory.createSocket(Unknown Source)
	... 84 more

<openjpa-2.3.0-r422266:1540826 fatal user error> org.apache.openjpa.util.UserException: A connection could not be obtained for driver class "null" and URL "null".  You may have specified an invalid URL.
	at org.apache.openjpa.jdbc.schema.DataSourceFactory.newConnectException(DataSourceFactory.java:255)
	at org.apache.openjpa.jdbc.schema.DataSourceFactory.installDBDictionary(DataSourceFactory.java:241)
	at org.apache.openjpa.jdbc.conf.JDBCConfigurationImpl.getConnectionFactory(JDBCConfigurationImpl.java:733)
	at org.apache.openjpa.jdbc.conf.JDBCConfigurationImpl.getDataSource(JDBCConfigurationImpl.java:878)
	at org.apache.openjpa.jdbc.conf.JDBCConfigurationImpl.getDataSource2(JDBCConfigurationImpl.java:920)
	at org.apache.openjpa.jdbc.schema.SchemaGenerator.<init>(SchemaGenerator.java:85)
	at org.apache.openjpa.jdbc.schema.LazySchemaFactory.setConfiguration(LazySchemaFactory.java:204)
	at org.apache.openjpa.lib.conf.Configurations.configureInstance(Configurations.java:503)
	at org.apache.openjpa.lib.conf.Configurations.configureInstance(Configurations.java:460)
	at org.apache.openjpa.lib.conf.PluginValue.instantiate(PluginValue.java:121)
	at org.apache.openjpa.lib.conf.ObjectValue.instantiate(ObjectValue.java:83)
	at org.apache.openjpa.jdbc.conf.JDBCConfigurationImpl.getSchemaFactoryInstance(JDBCConfigurationImpl.java:657)
	at sun.reflect.NativeMethodAccessorImpl.invoke0(Native Method)
	at sun.reflect.NativeMethodAccessorImpl.invoke(NativeMethodAccessorImpl.java:62)
	at sun.reflect.DelegatingMethodAccessorImpl.invoke(DelegatingMethodAccessorImpl.java:43)
	at java.lang.reflect.Method.invoke(Method.java:483)
	at org.apache.openjpa.lib.conf.ConfigurationImpl.instantiateAll(ConfigurationImpl.java:310)
	at org.apache.openjpa.conf.OpenJPAConfigurationImpl.instantiateAll(OpenJPAConfigurationImpl.java:1670)
	at org.apache.openjpa.kernel.AbstractBrokerFactory.makeReadOnly(AbstractBrokerFactory.java:651)
	at org.apache.openjpa.kernel.AbstractBrokerFactory.newBroker(AbstractBrokerFactory.java:203)
	at org.apache.openjpa.kernel.DelegatingBrokerFactory.newBroker(DelegatingBrokerFactory.java:155)
	at org.apache.openjpa.persistence.EntityManagerFactoryImpl.createEntityManager(EntityManagerFactoryImpl.java:226)
	at org.apache.openjpa.persistence.EntityManagerFactoryImpl.createEntityManager(EntityManagerFactoryImpl.java:153)
	at org.apache.openjpa.persistence.EntityManagerFactoryImpl.createEntityManager(EntityManagerFactoryImpl.java:59)
	at org.springframework.orm.jpa.JpaTransactionManager.createEntityManagerForTransaction(JpaTransactionManager.java:445)
	at org.springframework.orm.jpa.JpaTransactionManager.doBegin(JpaTransactionManager.java:366)
	at org.springframework.transaction.support.AbstractPlatformTransactionManager.getTransaction(AbstractPlatformTransactionManager.java:372)
	at com.haulmont.cuba.core.sys.TransactionImpl.<init>(TransactionImpl.java:42)
	at com.haulmont.cuba.core.sys.PersistenceImpl.createTransaction(PersistenceImpl.java:92)
	at com.haulmont.cuba.security.app.LoginWorkerBean.checkRememberMe(LoginWorkerBean.java:325)
	at com.haulmont.cuba.security.app.LoginServiceBean.checkRememberMe(LoginServiceBean.java:135)
	at sun.reflect.NativeMethodAccessorImpl.invoke0(Native Method)
	at sun.reflect.NativeMethodAccessorImpl.invoke(NativeMethodAccessorImpl.java:62)
	at sun.reflect.DelegatingMethodAccessorImpl.invoke(DelegatingMethodAccessorImpl.java:43)
	at java.lang.reflect.Method.invoke(Method.java:483)
	at com.haulmont.cuba.core.sys.remoting.LocalServiceInvokerImpl.invoke(LocalServiceInvokerImpl.java:71)
	at com.haulmont.cuba.web.sys.remoting.LocalServiceProxy$LocalServiceInvocationHandler.invoke(LocalServiceProxy.java:115)
	at com.sun.proxy.$Proxy13.checkRememberMe(Unknown Source)
	at com.haulmont.cuba.web.DefaultConnection.checkRememberMe(DefaultConnection.java:122)
	at com.haulmont.cuba.web.LoginWindow.initRememberMe(LoginWindow.java:320)
	at com.haulmont.cuba.web.LoginWindow.initFields(LoginWindow.java:377)
	at com.haulmont.cuba.web.LoginWindow.initStandartUI(LoginWindow.java:199)
	at com.haulmont.cuba.web.LoginWindow.initUI(LoginWindow.java:305)
	at com.haulmont.cuba.web.LoginWindow.<init>(LoginWindow.java:121)
	at com.haulmont.cuba.web.App.createLoginWindow(App.java:300)
	at com.haulmont.cuba.web.DefaultApp.initView(DefaultApp.java:112)
	at com.haulmont.cuba.web.AppUI.init(AppUI.java:160)
	at com.vaadin.ui.UI.doInit(UI.java:646)
	at com.vaadin.server.communication.UIInitHandler.getBrowserDetailsUI(UIInitHandler.java:214)
	at com.vaadin.server.communication.UIInitHandler.synchronizedHandleRequest(UIInitHandler.java:74)
	at com.vaadin.server.SynchronizedRequestHandler.handleRequest(SynchronizedRequestHandler.java:41)
	at com.vaadin.server.VaadinService.handleRequest(VaadinService.java:1408)
	at com.vaadin.server.VaadinServlet.service(VaadinServlet.java:355)
	at com.haulmont.cuba.web.sys.CubaApplicationServlet.serviceAppRequest(CubaApplicationServlet.java:164)
	at com.haulmont.cuba.web.sys.CubaApplicationServlet.service(CubaApplicationServlet.java:119)
	at javax.servlet.http.HttpServlet.service(HttpServlet.java:731)
	at org.apache.catalina.core.ApplicationFilterChain.internalDoFilter(ApplicationFilterChain.java:303)
	at org.apache.catalina.core.ApplicationFilterChain.doFilter(ApplicationFilterChain.java:208)
	at org.apache.tomcat.websocket.server.WsFilter.doFilter(WsFilter.java:52)
	at org.apache.catalina.core.ApplicationFilterChain.internalDoFilter(ApplicationFilterChain.java:241)
	at org.apache.catalina.core.ApplicationFilterChain.doFilter(ApplicationFilterChain.java:208)
	at com.haulmont.cuba.web.sys.CubaHttpFilter.handleNotFiltered(CubaHttpFilter.java:99)
	at com.haulmont.cuba.web.sys.CubaHttpFilter.doFilter(CubaHttpFilter.java:86)
	at org.apache.catalina.core.ApplicationFilterChain.internalDoFilter(ApplicationFilterChain.java:241)
	at org.apache.catalina.core.ApplicationFilterChain.doFilter(ApplicationFilterChain.java:208)
	at org.apache.catalina.core.StandardWrapperValve.invoke(StandardWrapperValve.java:220)
	at org.apache.catalina.core.StandardContextValve.invoke(StandardContextValve.java:122)
	at org.apache.catalina.authenticator.AuthenticatorBase.invoke(AuthenticatorBase.java:505)
	at org.apache.catalina.core.StandardHostValve.invoke(StandardHostValve.java:170)
	at org.apache.catalina.valves.ErrorReportValve.invoke(ErrorReportValve.java:103)
	at org.apache.catalina.valves.AccessLogValve.invoke(AccessLogValve.java:957)
	at org.apache.catalina.core.StandardEngineValve.invoke(StandardEngineValve.java:116)
	at org.apache.catalina.connector.CoyoteAdapter.service(CoyoteAdapter.java:423)
	at org.apache.coyote.http11.AbstractHttp11Processor.process(AbstractHttp11Processor.java:1079)
	at org.apache.coyote.AbstractProtocol$AbstractConnectionHandler.process(AbstractProtocol.java:620)
	at org.apache.tomcat.util.net.JIoEndpoint$SocketProcessor.run(JIoEndpoint.java:318)
	at java.util.concurrent.ThreadPoolExecutor.runWorker(ThreadPoolExecutor.java:1142)
	at java.util.concurrent.ThreadPoolExecutor$Worker.run(ThreadPoolExecutor.java:617)
	at org.apache.tomcat.util.threads.TaskThread$WrappingRunnable.run(TaskThread.java:61)
	at java.lang.Thread.run(Thread.java:745)
Caused by: org.apache.tomcat.dbcp.dbcp.SQLNestedException: Cannot create PoolableConnectionFactory (java.net.ConnectException: Connection refused: connect)
	at org.apache.tomcat.dbcp.dbcp.BasicDataSource.createPoolableConnectionFactory(BasicDataSource.java:1549)
	at org.apache.tomcat.dbcp.dbcp.BasicDataSource.createDataSource(BasicDataSource.java:1388)
	at org.apache.tomcat.dbcp.dbcp.BasicDataSource.getConnection(BasicDataSource.java:1044)
	at org.apache.openjpa.lib.jdbc.DelegatingDataSource.getConnection(DelegatingDataSource.java:116)
	at org.apache.openjpa.lib.jdbc.DecoratingDataSource.getConnection(DecoratingDataSource.java:93)
	at org.apache.openjpa.jdbc.schema.DataSourceFactory.installDBDictionary(DataSourceFactory.java:233)
	... 78 more
Caused by: java.sql.SQLTransientConnectionException: java.net.ConnectException: Connection refused: connect
	at org.hsqldb.jdbc.Util.sqlException(Unknown Source)
	at org.hsqldb.jdbc.Util.sqlException(Unknown Source)
	at org.hsqldb.jdbc.JDBCConnection.<init>(Unknown Source)
	at org.hsqldb.jdbc.JDBCDriver.getConnection(Unknown Source)
	at org.hsqldb.jdbc.JDBCDriver.connect(Unknown Source)
	at org.apache.tomcat.dbcp.dbcp.DriverConnectionFactory.createConnection(DriverConnectionFactory.java:38)
	at org.apache.tomcat.dbcp.dbcp.PoolableConnectionFactory.makeObject(PoolableConnectionFactory.java:582)
	at org.apache.tomcat.dbcp.dbcp.BasicDataSource.validateConnectionFactory(BasicDataSource.java:1556)
	at org.apache.tomcat.dbcp.dbcp.BasicDataSource.createPoolableConnectionFactory(BasicDataSource.java:1545)
	... 83 more
Caused by: org.hsqldb.HsqlException: java.net.ConnectException: Connection refused: connect
	at org.hsqldb.ClientConnection.openConnection(Unknown Source)
	at org.hsqldb.ClientConnection.initConnection(Unknown Source)
	at org.hsqldb.ClientConnection.<init>(Unknown Source)
	... 90 more
Caused by: java.net.ConnectException: Connection refused: connect
	at java.net.DualStackPlainSocketImpl.connect0(Native Method)
	at java.net.DualStackPlainSocketImpl.socketConnect(DualStackPlainSocketImpl.java:79)
	at java.net.AbstractPlainSocketImpl.doConnect(AbstractPlainSocketImpl.java:345)
	at java.net.AbstractPlainSocketImpl.connectToAddress(AbstractPlainSocketImpl.java:206)
	at java.net.AbstractPlainSocketImpl.connect(AbstractPlainSocketImpl.java:188)
	at java.net.PlainSocketImpl.connect(PlainSocketImpl.java:172)
	at java.net.SocksSocketImpl.connect(SocksSocketImpl.java:392)
	at java.net.Socket.connect(Socket.java:589)
	at java.net.Socket.connect(Socket.java:538)
	at java.net.Socket.<init>(Socket.java:434)
	at java.net.Socket.<init>(Socket.java:211)
	at org.hsqldb.server.HsqlSocketFactory.createSocket(Unknown Source)
	... 93 more

	at org.apache.openjpa.util.Exceptions.replaceNestedThrowables(Exceptions.java:255)
	at org.apache.openjpa.persistence.PersistenceException.writeObject(PersistenceException.java:100)
	at sun.reflect.NativeMethodAccessorImpl.invoke0(Native Method)
	at sun.reflect.NativeMethodAccessorImpl.invoke(NativeMethodAccessorImpl.java:62)
	at sun.reflect.DelegatingMethodAccessorImpl.invoke(DelegatingMethodAccessorImpl.java:43)
	at java.lang.reflect.Method.invoke(Method.java:483)
	at java.io.ObjectStreamClass.invokeWriteObject(ObjectStreamClass.java:988)
	at java.io.ObjectOutputStream.writeSerialData(ObjectOutputStream.java:1496)
	at java.io.ObjectOutputStream.writeOrdinaryObject(ObjectOutputStream.java:1432)
	at java.io.ObjectOutputStream.writeObject0(ObjectOutputStream.java:1178)
	at java.io.ObjectOutputStream.defaultWriteFields(ObjectOutputStream.java:1548)
	at java.io.ObjectOutputStream.defaultWriteObject(ObjectOutputStream.java:441)
	at java.lang.Throwable.writeObject(Throwable.java:985)
	at sun.reflect.NativeMethodAccessorImpl.invoke0(Native Method)
	at sun.reflect.NativeMethodAccessorImpl.invoke(NativeMethodAccessorImpl.java:62)
	at sun.reflect.DelegatingMethodAccessorImpl.invoke(DelegatingMethodAccessorImpl.java:43)
	at java.lang.reflect.Method.invoke(Method.java:483)
	at java.io.ObjectStreamClass.invokeWriteObject(ObjectStreamClass.java:988)
	at java.io.ObjectOutputStream.writeSerialData(ObjectOutputStream.java:1496)
	at java.io.ObjectOutputStream.writeOrdinaryObject(ObjectOutputStream.java:1432)
	at java.io.ObjectOutputStream.writeObject0(ObjectOutputStream.java:1178)
	at java.io.ObjectOutputStream.writeObject(ObjectOutputStream.java:348)
	at org.apache.commons.lang.SerializationUtils.serialize(SerializationUtils.java:109)
	at org.apache.commons.lang.SerializationUtils.serialize(SerializationUtils.java:134)
	at com.haulmont.cuba.core.sys.remoting.LocalServiceInvokerImpl.invoke(LocalServiceInvokerImpl.java:78)
	at com.haulmont.cuba.web.sys.remoting.LocalServiceProxy$LocalServiceInvocationHandler.invoke(LocalServiceProxy.java:115)
	at com.sun.proxy.$Proxy13.checkRememberMe(Unknown Source)
	at com.haulmont.cuba.web.DefaultConnection.checkRememberMe(DefaultConnection.java:122)
	at com.haulmont.cuba.web.LoginWindow.initRememberMe(LoginWindow.java:320)
	at com.haulmont.cuba.web.LoginWindow.initFields(LoginWindow.java:377)
	at com.haulmont.cuba.web.LoginWindow.initStandartUI(LoginWindow.java:199)
	at com.haulmont.cuba.web.LoginWindow.initUI(LoginWindow.java:305)
	at com.haulmont.cuba.web.LoginWindow.<init>(LoginWindow.java:121)
	at com.haulmont.cuba.web.App.createLoginWindow(App.java:300)
	at com.haulmont.cuba.web.DefaultApp.initView(DefaultApp.java:112)
	at com.haulmont.cuba.web.AppUI.init(AppUI.java:160)
	at com.vaadin.ui.UI.doInit(UI.java:646)
	at com.vaadin.server.communication.UIInitHandler.getBrowserDetailsUI(UIInitHandler.java:214)
	at com.vaadin.server.communication.UIInitHandler.synchronizedHandleRequest(UIInitHandler.java:74)
	at com.vaadin.server.SynchronizedRequestHandler.handleRequest(SynchronizedRequestHandler.java:41)
	at com.vaadin.server.VaadinService.handleRequest(VaadinService.java:1408)
	at com.vaadin.server.VaadinServlet.service(VaadinServlet.java:355)
	at com.haulmont.cuba.web.sys.CubaApplicationServlet.serviceAppRequest(CubaApplicationServlet.java:164)
	at com.haulmont.cuba.web.sys.CubaApplicationServlet.service(CubaApplicationServlet.java:119)
	at javax.servlet.http.HttpServlet.service(HttpServlet.java:731)
	at org.apache.catalina.core.ApplicationFilterChain.internalDoFilter(ApplicationFilterChain.java:303)
	at org.apache.catalina.core.ApplicationFilterChain.doFilter(ApplicationFilterChain.java:208)
	at org.apache.tomcat.websocket.server.WsFilter.doFilter(WsFilter.java:52)
	at org.apache.catalina.core.ApplicationFilterChain.internalDoFilter(ApplicationFilterChain.java:241)
	at org.apache.catalina.core.ApplicationFilterChain.doFilter(ApplicationFilterChain.java:208)
	at com.haulmont.cuba.web.sys.CubaHttpFilter.handleNotFiltered(CubaHttpFilter.java:99)
	at com.haulmont.cuba.web.sys.CubaHttpFilter.doFilter(CubaHttpFilter.java:86)
	at org.apache.catalina.core.ApplicationFilterChain.internalDoFilter(ApplicationFilterChain.java:241)
	at org.apache.catalina.core.ApplicationFilterChain.doFilter(ApplicationFilterChain.java:208)
	at org.apache.catalina.core.StandardWrapperValve.invoke(StandardWrapperValve.java:220)
	at org.apache.catalina.core.StandardContextValve.invoke(StandardContextValve.java:122)
	at org.apache.catalina.authenticator.AuthenticatorBase.invoke(AuthenticatorBase.java:505)
	at org.apache.catalina.core.StandardHostValve.invoke(StandardHostValve.java:170)
	at org.apache.catalina.valves.ErrorReportValve.invoke(ErrorReportValve.java:103)
	at org.apache.catalina.valves.AccessLogValve.invoke(AccessLogValve.java:957)
	at org.apache.catalina.core.StandardEngineValve.invoke(StandardEngineValve.java:116)
	at org.apache.catalina.connector.CoyoteAdapter.service(CoyoteAdapter.java:423)
	at org.apache.coyote.http11.AbstractHttp11Processor.process(AbstractHttp11Processor.java:1079)
	at org.apache.coyote.AbstractProtocol$AbstractConnectionHandler.process(AbstractProtocol.java:620)
	at org.apache.tomcat.util.net.JIoEndpoint$SocketProcessor.run(JIoEndpoint.java:318)
	at java.util.concurrent.ThreadPoolExecutor.runWorker(ThreadPoolExecutor.java:1142)
	at java.util.concurrent.ThreadPoolExecutor$Worker.run(ThreadPoolExecutor.java:617)
	at org.apache.tomcat.util.threads.TaskThread$WrappingRunnable.run(TaskThread.java:61)
	at java.lang.Thread.run(Thread.java:745)

сен 30, 2015 9:55:32 PM org.apache.catalina.core.ApplicationContext log
INFO: Destroying Spring FrameworkServlet 'dispatcher'
сен 30, 2015 9:55:33 PM org.apache.catalina.core.ApplicationContext log
INFO: Destroying Spring FrameworkServlet 'remoting'
сен 30, 2015 9:55:35 PM org.apache.catalina.core.ApplicationContext log
INFO: No Spring WebApplicationInitializer types detected on classpath
сен 30, 2015 9:55:42 PM org.apache.catalina.core.ApplicationContext log
INFO: Initializing Spring FrameworkServlet 'dispatcher'
сен 30, 2015 9:55:43 PM org.apache.catalina.core.ApplicationContext log
INFO: No Spring WebApplicationInitializer types detected on classpath
сен 30, 2015 9:55:51 PM org.apache.catalina.core.ApplicationContext log
INFO: Initializing Spring FrameworkServlet 'remoting'
сен 30, 2015 9:56:02 PM org.apache.catalina.core.ApplicationContext log
INFO: Destroying Spring FrameworkServlet 'dispatcher'
сен 30, 2015 9:56:02 PM org.apache.catalina.core.ApplicationContext log
INFO: No Spring WebApplicationInitializer types detected on classpath
сен 30, 2015 9:56:05 PM org.apache.catalina.core.ApplicationContext log
INFO: Initializing Spring FrameworkServlet 'dispatcher'
сен 30, 2015 9:59:48 PM org.apache.catalina.core.ApplicationContext log
INFO: No Spring WebApplicationInitializer types detected on classpath
сен 30, 2015 10:00:04 PM org.apache.catalina.core.ApplicationContext log
INFO: Initializing Spring FrameworkServlet 'dispatcher'
сен 30, 2015 10:00:05 PM org.apache.catalina.core.ApplicationContext log
INFO: No Spring WebApplicationInitializer types detected on classpath
сен 30, 2015 10:00:13 PM org.apache.catalina.core.ApplicationContext log
INFO: Initializing Spring FrameworkServlet 'remoting'
сен 30, 2015 10:00:14 PM org.apache.catalina.core.ApplicationContext log
INFO: Destroying Spring FrameworkServlet 'dispatcher'
сен 30, 2015 10:00:15 PM org.apache.catalina.core.ApplicationContext log
INFO: Destroying Spring FrameworkServlet 'remoting'
сен 30, 2015 10:00:23 PM org.apache.catalina.core.StandardWrapperValve invoke
SEVERE: Servlet.service() for servlet [app_servlet] in context with path [/app] threw exception [com.vaadin.server.ServiceException: java.lang.NoClassDefFoundError: org/apache/openjpa/util/ObjectId] with root cause
java.lang.ClassNotFoundException: org.apache.openjpa.util.ObjectId
	at org.apache.catalina.loader.WebappClassLoader.loadClass(WebappClassLoader.java:1720)
	at org.apache.catalina.loader.WebappClassLoader.loadClass(WebappClassLoader.java:1571)
	at com.haulmont.cuba.core.entity.BaseUuidEntity.pcNewObjectIdInstance(BaseUuidEntity.java)
	at org.apache.openjpa.enhance.PCRegistry.newObjectId(PCRegistry.java:140)
	at org.apache.openjpa.meta.MetaDataRepository.processRegisteredClass(MetaDataRepository.java:1731)
	at org.apache.openjpa.meta.MetaDataRepository.processRegisteredClasses(MetaDataRepository.java:1681)
	at org.apache.openjpa.meta.MetaDataRepository.getMetaData(MetaDataRepository.java:440)
	at org.apache.openjpa.kernel.jpql.JPQLExpressionBuilder.getClassMetaData(JPQLExpressionBuilder.java:176)
	at org.apache.openjpa.kernel.jpql.JPQLExpressionBuilder.resolveClassMetaData(JPQLExpressionBuilder.java:152)
	at org.apache.openjpa.kernel.jpql.JPQLExpressionBuilder.getCandidateMetaData(JPQLExpressionBuilder.java:242)
	at org.apache.openjpa.kernel.jpql.JPQLExpressionBuilder.getCandidateMetaData(JPQLExpressionBuilder.java:212)
	at org.apache.openjpa.kernel.jpql.JPQLExpressionBuilder.getCandidateType(JPQLExpressionBuilder.java:205)
	at org.apache.openjpa.kernel.jpql.JPQLExpressionBuilder.access$200(JPQLExpressionBuilder.java:80)
	at org.apache.openjpa.kernel.jpql.JPQLExpressionBuilder$ParsedJPQL.populate(JPQLExpressionBuilder.java:2428)
	at org.apache.openjpa.kernel.jpql.JPQLParser.populate(JPQLParser.java:61)
	at org.apache.openjpa.kernel.ExpressionStoreQuery.populateFromCompilation(ExpressionStoreQuery.java:162)
	at org.apache.openjpa.kernel.QueryImpl.newCompilation(QueryImpl.java:673)
	at org.apache.openjpa.kernel.QueryImpl.compilationFromCache(QueryImpl.java:654)
	at org.apache.openjpa.kernel.QueryImpl.compileForCompilation(QueryImpl.java:620)
	at org.apache.openjpa.kernel.QueryImpl.compileForExecutor(QueryImpl.java:682)
	at org.apache.openjpa.kernel.QueryImpl.compile(QueryImpl.java:589)
	at org.apache.openjpa.persistence.EntityManagerImpl.createQuery(EntityManagerImpl.java:997)
	at org.apache.openjpa.persistence.EntityManagerImpl.createQuery(EntityManagerImpl.java:979)
	at org.apache.openjpa.persistence.EntityManagerImpl.createQuery(EntityManagerImpl.java:975)
	at com.haulmont.cuba.core.sys.QueryImpl.getQuery(QueryImpl.java:74)
	at com.haulmont.cuba.core.sys.QueryImpl.setParameter(QueryImpl.java:186)
	at com.haulmont.cuba.core.sys.QueryImpl.setParameter(QueryImpl.java:179)
	at com.haulmont.cuba.security.app.LoginWorkerBean.checkRememberMe(LoginWorkerBean.java:331)
	at com.haulmont.cuba.security.app.LoginServiceBean.checkRememberMe(LoginServiceBean.java:135)
	at sun.reflect.NativeMethodAccessorImpl.invoke0(Native Method)
	at sun.reflect.NativeMethodAccessorImpl.invoke(NativeMethodAccessorImpl.java:62)
	at sun.reflect.DelegatingMethodAccessorImpl.invoke(DelegatingMethodAccessorImpl.java:43)
	at java.lang.reflect.Method.invoke(Method.java:483)
	at com.haulmont.cuba.core.sys.remoting.LocalServiceInvokerImpl.invoke(LocalServiceInvokerImpl.java:71)
	at com.haulmont.cuba.web.sys.remoting.LocalServiceProxy$LocalServiceInvocationHandler.invoke(LocalServiceProxy.java:115)
	at com.sun.proxy.$Proxy304.checkRememberMe(Unknown Source)
	at com.haulmont.cuba.web.DefaultConnection.checkRememberMe(DefaultConnection.java:122)
	at com.haulmont.cuba.web.LoginWindow.initRememberMe(LoginWindow.java:320)
	at com.haulmont.cuba.web.LoginWindow.initFields(LoginWindow.java:377)
	at com.haulmont.cuba.web.LoginWindow.initStandartUI(LoginWindow.java:199)
	at com.haulmont.cuba.web.LoginWindow.initUI(LoginWindow.java:305)
	at com.haulmont.cuba.web.LoginWindow.<init>(LoginWindow.java:121)
	at com.haulmont.cuba.web.App.createLoginWindow(App.java:300)
	at com.haulmont.cuba.web.DefaultApp.initView(DefaultApp.java:112)
	at com.haulmont.cuba.web.AppUI.init(AppUI.java:160)
	at com.vaadin.ui.UI.doInit(UI.java:646)
	at com.vaadin.server.communication.UIInitHandler.getBrowserDetailsUI(UIInitHandler.java:214)
	at com.vaadin.server.communication.UIInitHandler.synchronizedHandleRequest(UIInitHandler.java:74)
	at com.vaadin.server.SynchronizedRequestHandler.handleRequest(SynchronizedRequestHandler.java:41)
	at com.vaadin.server.VaadinService.handleRequest(VaadinService.java:1408)
	at com.vaadin.server.VaadinServlet.service(VaadinServlet.java:355)
	at com.haulmont.cuba.web.sys.CubaApplicationServlet.serviceAppRequest(CubaApplicationServlet.java:164)
	at com.haulmont.cuba.web.sys.CubaApplicationServlet.service(CubaApplicationServlet.java:119)
	at javax.servlet.http.HttpServlet.service(HttpServlet.java:731)
	at org.apache.catalina.core.ApplicationFilterChain.internalDoFilter(ApplicationFilterChain.java:303)
	at org.apache.catalina.core.ApplicationFilterChain.doFilter(ApplicationFilterChain.java:208)
	at org.apache.tomcat.websocket.server.WsFilter.doFilter(WsFilter.java:52)
	at org.apache.catalina.core.ApplicationFilterChain.internalDoFilter(ApplicationFilterChain.java:241)
	at org.apache.catalina.core.ApplicationFilterChain.doFilter(ApplicationFilterChain.java:208)
	at com.haulmont.cuba.web.sys.CubaHttpFilter.handleNotFiltered(CubaHttpFilter.java:99)
	at com.haulmont.cuba.web.sys.CubaHttpFilter.doFilter(CubaHttpFilter.java:86)
	at org.apache.catalina.core.ApplicationFilterChain.internalDoFilter(ApplicationFilterChain.java:241)
	at org.apache.catalina.core.ApplicationFilterChain.doFilter(ApplicationFilterChain.java:208)
	at org.apache.catalina.core.StandardWrapperValve.invoke(StandardWrapperValve.java:220)
	at org.apache.catalina.core.StandardContextValve.invoke(StandardContextValve.java:122)
	at org.apache.catalina.authenticator.AuthenticatorBase.invoke(AuthenticatorBase.java:505)
	at org.apache.catalina.core.StandardHostValve.invoke(StandardHostValve.java:170)
	at org.apache.catalina.valves.ErrorReportValve.invoke(ErrorReportValve.java:103)
	at org.apache.catalina.valves.AccessLogValve.invoke(AccessLogValve.java:957)
	at org.apache.catalina.core.StandardEngineValve.invoke(StandardEngineValve.java:116)
	at org.apache.catalina.connector.CoyoteAdapter.service(CoyoteAdapter.java:423)
	at org.apache.coyote.http11.AbstractHttp11Processor.process(AbstractHttp11Processor.java:1079)
	at org.apache.coyote.AbstractProtocol$AbstractConnectionHandler.process(AbstractProtocol.java:620)
	at org.apache.tomcat.util.net.JIoEndpoint$SocketProcessor.run(JIoEndpoint.java:316)
	at java.util.concurrent.ThreadPoolExecutor.runWorker(ThreadPoolExecutor.java:1142)
	at java.util.concurrent.ThreadPoolExecutor$Worker.run(ThreadPoolExecutor.java:617)
	at org.apache.tomcat.util.threads.TaskThread$WrappingRunnable.run(TaskThread.java:61)
	at java.lang.Thread.run(Thread.java:745)

сен 30, 2015 10:01:43 PM org.apache.catalina.core.ApplicationContext log
INFO: No Spring WebApplicationInitializer types detected on classpath
сен 30, 2015 10:01:47 PM org.apache.catalina.core.ApplicationContext log
INFO: Initializing Spring FrameworkServlet 'dispatcher'
сен 30, 2015 10:01:48 PM org.apache.catalina.core.ApplicationContext log
INFO: No Spring WebApplicationInitializer types detected on classpath
сен 30, 2015 10:01:52 PM org.apache.catalina.core.ApplicationContext log
INFO: Initializing Spring FrameworkServlet 'remoting'
сен 30, 2015 10:20:26 PM org.apache.catalina.core.ApplicationContext log
INFO: No Spring WebApplicationInitializer types detected on classpath
сен 30, 2015 10:20:38 PM org.apache.catalina.core.ApplicationContext log
INFO: Initializing Spring FrameworkServlet 'dispatcher'
сен 30, 2015 10:20:42 PM org.apache.catalina.core.ApplicationContext log
INFO: No Spring WebApplicationInitializer types detected on classpath
сен 30, 2015 10:21:01 PM org.apache.catalina.core.ApplicationContext log
INFO: Initializing Spring FrameworkServlet 'remoting'
сен 30, 2015 10:56:13 PM org.apache.catalina.core.ApplicationContext log
INFO: Destroying Spring FrameworkServlet 'dispatcher'
сен 30, 2015 10:56:14 PM org.apache.catalina.core.ApplicationContext log
INFO: Destroying Spring FrameworkServlet 'remoting'
сен 30, 2015 10:56:51 PM org.apache.catalina.core.ApplicationContext log
INFO: No Spring WebApplicationInitializer types detected on classpath
сен 30, 2015 10:56:59 PM org.apache.catalina.core.ApplicationContext log
INFO: Initializing Spring FrameworkServlet 'dispatcher'
сен 30, 2015 10:57:07 PM org.apache.catalina.core.ApplicationContext log
INFO: No Spring WebApplicationInitializer types detected on classpath
сен 30, 2015 10:57:15 PM org.apache.catalina.core.ApplicationContext log
INFO: Initializing Spring FrameworkServlet 'remoting'
сен 30, 2015 11:30:22 PM org.apache.catalina.core.ApplicationContext log
INFO: No Spring WebApplicationInitializer types detected on classpath
сен 30, 2015 11:30:25 PM org.apache.catalina.core.ApplicationContext log
INFO: Initializing Spring FrameworkServlet 'dispatcher'
сен 30, 2015 11:30:26 PM org.apache.catalina.core.ApplicationContext log
INFO: No Spring WebApplicationInitializer types detected on classpath
сен 30, 2015 11:30:30 PM org.apache.catalina.core.ApplicationContext log
INFO: Initializing Spring FrameworkServlet 'remoting'
сен 30, 2015 11:54:21 PM org.apache.catalina.core.ApplicationContext log
INFO: No Spring WebApplicationInitializer types detected on classpath
сен 30, 2015 11:54:24 PM org.apache.catalina.core.ApplicationContext log
INFO: Initializing Spring FrameworkServlet 'dispatcher'
сен 30, 2015 11:54:24 PM org.apache.catalina.core.ApplicationContext log
INFO: No Spring WebApplicationInitializer types detected on classpath
сен 30, 2015 11:54:27 PM org.apache.catalina.core.ApplicationContext log
INFO: Initializing Spring FrameworkServlet 'remoting'
сен 30, 2015 11:55:17 PM org.apache.catalina.core.ApplicationContext log
INFO: No Spring WebApplicationInitializer types detected on classpath
сен 30, 2015 11:55:19 PM org.apache.catalina.core.ApplicationContext log
INFO: Initializing Spring FrameworkServlet 'dispatcher'
сен 30, 2015 11:55:19 PM org.apache.catalina.core.ApplicationContext log
INFO: No Spring WebApplicationInitializer types detected on classpath
сен 30, 2015 11:55:22 PM org.apache.catalina.core.ApplicationContext log
INFO: Initializing Spring FrameworkServlet 'remoting'
