/*C2*/SET SCHEMA PUBLIC
DISCONNECT
/*C3*/SET SCHEMA PUBLIC
DISCONNECT
/*C4*/SET SCHEMA PUBLIC
DISCONNECT
/*C5*/SET SCHEMA PUBLIC
DISCONNECT
/*C6*/SET SCHEMA PUBLIC
DISCONNECT
/*C8*/SET SCHEMA PUBLIC
DISCONNECT
/*C7*/SET SCHEMA PUBLIC
DISCONNECT
/*C9*/SET SCHEMA PUBLIC
DISCONNECT
/*C10*/SET SCHEMA PUBLIC
DISCONNECT
/*C11*/SET SCHEMA PUBLIC
DELETE FROM SYS_SERVER WHERE ID='c721efc8-a12e-9b9c-2843-7a04aa3bb21b'
INSERT INTO SYS_SERVER VALUES('c721efc8-a12e-9b9c-2843-7a04aa3bb21b','2015-10-01 04:10:05.703000',NULL,'2015-10-19 17:04:10.425000',NULL,'localhost:8080/app-core',TRUE,'')
COMMIT
DELETE FROM SYS_SERVER WHERE ID='c721efc8-a12e-9b9c-2843-7a04aa3bb21b'
INSERT INTO SYS_SERVER VALUES('c721efc8-a12e-9b9c-2843-7a04aa3bb21b','2015-10-01 04:10:05.703000',NULL,'2015-10-19 17:04:20.425000',NULL,'localhost:8080/app-core',TRUE,'0f59342d-8116-c85e-797b-cd2816d08590\u000a')
COMMIT
DELETE FROM SYS_SERVER WHERE ID='c721efc8-a12e-9b9c-2843-7a04aa3bb21b'
INSERT INTO SYS_SERVER VALUES('c721efc8-a12e-9b9c-2843-7a04aa3bb21b','2015-10-01 04:10:05.703000',NULL,'2015-10-19 17:04:30.425000',NULL,'localhost:8080/app-core',TRUE,'0f59342d-8116-c85e-797b-cd2816d08590\u000a')
COMMIT
DELETE FROM SYS_SERVER WHERE ID='c721efc8-a12e-9b9c-2843-7a04aa3bb21b'
INSERT INTO SYS_SERVER VALUES('c721efc8-a12e-9b9c-2843-7a04aa3bb21b','2015-10-01 04:10:05.703000',NULL,'2015-10-19 17:04:40.426000',NULL,'localhost:8080/app-core',TRUE,'0f59342d-8116-c85e-797b-cd2816d08590\u000a')
COMMIT
DELETE FROM SYS_SERVER WHERE ID='c721efc8-a12e-9b9c-2843-7a04aa3bb21b'
INSERT INTO SYS_SERVER VALUES('c721efc8-a12e-9b9c-2843-7a04aa3bb21b','2015-10-01 04:10:05.703000',NULL,'2015-10-19 17:04:50.427000',NULL,'localhost:8080/app-core',TRUE,'0f59342d-8116-c85e-797b-cd2816d08590\u000a')
COMMIT
DELETE FROM SYS_SERVER WHERE ID='c721efc8-a12e-9b9c-2843-7a04aa3bb21b'
INSERT INTO SYS_SERVER VALUES('c721efc8-a12e-9b9c-2843-7a04aa3bb21b','2015-10-01 04:10:05.703000',NULL,'2015-10-19 17:05:00.427000',NULL,'localhost:8080/app-core',TRUE,'0f59342d-8116-c85e-797b-cd2816d08590\u000a')
COMMIT
DELETE FROM SYS_SERVER WHERE ID='c721efc8-a12e-9b9c-2843-7a04aa3bb21b'
INSERT INTO SYS_SERVER VALUES('c721efc8-a12e-9b9c-2843-7a04aa3bb21b','2015-10-01 04:10:05.703000',NULL,'2015-10-19 17:05:10.428000',NULL,'localhost:8080/app-core',TRUE,'0f59342d-8116-c85e-797b-cd2816d08590\u000a')
COMMIT
DELETE FROM SYS_SERVER WHERE ID='c721efc8-a12e-9b9c-2843-7a04aa3bb21b'
INSERT INTO SYS_SERVER VALUES('c721efc8-a12e-9b9c-2843-7a04aa3bb21b','2015-10-01 04:10:05.703000',NULL,'2015-10-19 17:05:20.428000',NULL,'localhost:8080/app-core',TRUE,'0f59342d-8116-c85e-797b-cd2816d08590\u000a')
COMMIT
DELETE FROM SYS_SERVER WHERE ID='c721efc8-a12e-9b9c-2843-7a04aa3bb21b'
INSERT INTO SYS_SERVER VALUES('c721efc8-a12e-9b9c-2843-7a04aa3bb21b','2015-10-01 04:10:05.703000',NULL,'2015-10-19 17:05:30.429000',NULL,'localhost:8080/app-core',TRUE,'0f59342d-8116-c85e-797b-cd2816d08590\u000a')
COMMIT
DELETE FROM SYS_SERVER WHERE ID='c721efc8-a12e-9b9c-2843-7a04aa3bb21b'
INSERT INTO SYS_SERVER VALUES('c721efc8-a12e-9b9c-2843-7a04aa3bb21b','2015-10-01 04:10:05.703000',NULL,'2015-10-19 17:05:40.429000',NULL,'localhost:8080/app-core',TRUE,'0f59342d-8116-c85e-797b-cd2816d08590\u000a')
COMMIT
DELETE FROM SYS_SERVER WHERE ID='c721efc8-a12e-9b9c-2843-7a04aa3bb21b'
INSERT INTO SYS_SERVER VALUES('c721efc8-a12e-9b9c-2843-7a04aa3bb21b','2015-10-01 04:10:05.703000',NULL,'2015-10-19 17:05:50.430000',NULL,'localhost:8080/app-core',TRUE,'0f59342d-8116-c85e-797b-cd2816d08590\u000a')
COMMIT
DELETE FROM SYS_SERVER WHERE ID='c721efc8-a12e-9b9c-2843-7a04aa3bb21b'
INSERT INTO SYS_SERVER VALUES('c721efc8-a12e-9b9c-2843-7a04aa3bb21b','2015-10-01 04:10:05.703000',NULL,'2015-10-19 17:06:00.431000',NULL,'localhost:8080/app-core',TRUE,'0f59342d-8116-c85e-797b-cd2816d08590\u000a')
COMMIT
DELETE FROM SYS_SERVER WHERE ID='c721efc8-a12e-9b9c-2843-7a04aa3bb21b'
INSERT INTO SYS_SERVER VALUES('c721efc8-a12e-9b9c-2843-7a04aa3bb21b','2015-10-01 04:10:05.703000',NULL,'2015-10-19 17:06:10.431000',NULL,'localhost:8080/app-core',TRUE,'0f59342d-8116-c85e-797b-cd2816d08590\u000a')
COMMIT
DELETE FROM SYS_SERVER WHERE ID='c721efc8-a12e-9b9c-2843-7a04aa3bb21b'
INSERT INTO SYS_SERVER VALUES('c721efc8-a12e-9b9c-2843-7a04aa3bb21b','2015-10-01 04:10:05.703000',NULL,'2015-10-19 17:06:20.432000',NULL,'localhost:8080/app-core',TRUE,'0f59342d-8116-c85e-797b-cd2816d08590\u000a')
COMMIT
DELETE FROM SYS_SERVER WHERE ID='c721efc8-a12e-9b9c-2843-7a04aa3bb21b'
INSERT INTO SYS_SERVER VALUES('c721efc8-a12e-9b9c-2843-7a04aa3bb21b','2015-10-01 04:10:05.703000',NULL,'2015-10-19 17:06:30.432000',NULL,'localhost:8080/app-core',TRUE,'0f59342d-8116-c85e-797b-cd2816d08590\u000a')
COMMIT
DELETE FROM SYS_SERVER WHERE ID='c721efc8-a12e-9b9c-2843-7a04aa3bb21b'
INSERT INTO SYS_SERVER VALUES('c721efc8-a12e-9b9c-2843-7a04aa3bb21b','2015-10-01 04:10:05.703000',NULL,'2015-10-19 17:06:40.433000',NULL,'localhost:8080/app-core',TRUE,'0f59342d-8116-c85e-797b-cd2816d08590\u000a')
COMMIT
DELETE FROM SYS_SERVER WHERE ID='c721efc8-a12e-9b9c-2843-7a04aa3bb21b'
INSERT INTO SYS_SERVER VALUES('c721efc8-a12e-9b9c-2843-7a04aa3bb21b','2015-10-01 04:10:05.703000',NULL,'2015-10-19 17:06:50.433000',NULL,'localhost:8080/app-core',TRUE,'0f59342d-8116-c85e-797b-cd2816d08590\u000a')
COMMIT
DELETE FROM SYS_SERVER WHERE ID='c721efc8-a12e-9b9c-2843-7a04aa3bb21b'
INSERT INTO SYS_SERVER VALUES('c721efc8-a12e-9b9c-2843-7a04aa3bb21b','2015-10-01 04:10:05.703000',NULL,'2015-10-19 17:07:00.436000',NULL,'localhost:8080/app-core',TRUE,'0f59342d-8116-c85e-797b-cd2816d08590\u000a')
COMMIT
DELETE FROM SYS_SERVER WHERE ID='c721efc8-a12e-9b9c-2843-7a04aa3bb21b'
INSERT INTO SYS_SERVER VALUES('c721efc8-a12e-9b9c-2843-7a04aa3bb21b','2015-10-01 04:10:05.703000',NULL,'2015-10-19 17:07:10.438000',NULL,'localhost:8080/app-core',TRUE,'0f59342d-8116-c85e-797b-cd2816d08590\u000a')
COMMIT
DELETE FROM SYS_SERVER WHERE ID='c721efc8-a12e-9b9c-2843-7a04aa3bb21b'
INSERT INTO SYS_SERVER VALUES('c721efc8-a12e-9b9c-2843-7a04aa3bb21b','2015-10-01 04:10:05.703000',NULL,'2015-10-19 17:07:20.437000',NULL,'localhost:8080/app-core',TRUE,'0f59342d-8116-c85e-797b-cd2816d08590\u000a')
COMMIT
DELETE FROM SYS_SERVER WHERE ID='c721efc8-a12e-9b9c-2843-7a04aa3bb21b'
INSERT INTO SYS_SERVER VALUES('c721efc8-a12e-9b9c-2843-7a04aa3bb21b','2015-10-01 04:10:05.703000',NULL,'2015-10-19 17:07:30.438000',NULL,'localhost:8080/app-core',TRUE,'0f59342d-8116-c85e-797b-cd2816d08590\u000a')
COMMIT
DELETE FROM SYS_SERVER WHERE ID='c721efc8-a12e-9b9c-2843-7a04aa3bb21b'
INSERT INTO SYS_SERVER VALUES('c721efc8-a12e-9b9c-2843-7a04aa3bb21b','2015-10-01 04:10:05.703000',NULL,'2015-10-19 17:07:40.438000',NULL,'localhost:8080/app-core',TRUE,'0f59342d-8116-c85e-797b-cd2816d08590\u000a')
COMMIT
DELETE FROM SYS_SERVER WHERE ID='c721efc8-a12e-9b9c-2843-7a04aa3bb21b'
INSERT INTO SYS_SERVER VALUES('c721efc8-a12e-9b9c-2843-7a04aa3bb21b','2015-10-01 04:10:05.703000',NULL,'2015-10-19 17:07:50.439000',NULL,'localhost:8080/app-core',TRUE,'0f59342d-8116-c85e-797b-cd2816d08590\u000a')
COMMIT
DELETE FROM SYS_SERVER WHERE ID='c721efc8-a12e-9b9c-2843-7a04aa3bb21b'
INSERT INTO SYS_SERVER VALUES('c721efc8-a12e-9b9c-2843-7a04aa3bb21b','2015-10-01 04:10:05.703000',NULL,'2015-10-19 17:08:00.439000',NULL,'localhost:8080/app-core',TRUE,'0f59342d-8116-c85e-797b-cd2816d08590\u000a')
COMMIT
DELETE FROM SYS_SERVER WHERE ID='c721efc8-a12e-9b9c-2843-7a04aa3bb21b'
INSERT INTO SYS_SERVER VALUES('c721efc8-a12e-9b9c-2843-7a04aa3bb21b','2015-10-01 04:10:05.703000',NULL,'2015-10-19 17:08:10.440000',NULL,'localhost:8080/app-core',TRUE,'0f59342d-8116-c85e-797b-cd2816d08590\u000a')
COMMIT
DELETE FROM SYS_SERVER WHERE ID='c721efc8-a12e-9b9c-2843-7a04aa3bb21b'
INSERT INTO SYS_SERVER VALUES('c721efc8-a12e-9b9c-2843-7a04aa3bb21b','2015-10-01 04:10:05.703000',NULL,'2015-10-19 17:08:20.441000',NULL,'localhost:8080/app-core',TRUE,'0f59342d-8116-c85e-797b-cd2816d08590\u000a')
COMMIT
DELETE FROM SYS_SERVER WHERE ID='c721efc8-a12e-9b9c-2843-7a04aa3bb21b'
INSERT INTO SYS_SERVER VALUES('c721efc8-a12e-9b9c-2843-7a04aa3bb21b','2015-10-01 04:10:05.703000',NULL,'2015-10-19 17:08:30.441000',NULL,'localhost:8080/app-core',TRUE,'0f59342d-8116-c85e-797b-cd2816d08590\u000a')
COMMIT
DELETE FROM SYS_SERVER WHERE ID='c721efc8-a12e-9b9c-2843-7a04aa3bb21b'
INSERT INTO SYS_SERVER VALUES('c721efc8-a12e-9b9c-2843-7a04aa3bb21b','2015-10-01 04:10:05.703000',NULL,'2015-10-19 17:08:40.442000',NULL,'localhost:8080/app-core',TRUE,'0f59342d-8116-c85e-797b-cd2816d08590\u000a')
COMMIT
DELETE FROM SYS_SERVER WHERE ID='c721efc8-a12e-9b9c-2843-7a04aa3bb21b'
INSERT INTO SYS_SERVER VALUES('c721efc8-a12e-9b9c-2843-7a04aa3bb21b','2015-10-01 04:10:05.703000',NULL,'2015-10-19 17:08:50.442000',NULL,'localhost:8080/app-core',TRUE,'0f59342d-8116-c85e-797b-cd2816d08590\u000a')
COMMIT
DELETE FROM SYS_SERVER WHERE ID='c721efc8-a12e-9b9c-2843-7a04aa3bb21b'
INSERT INTO SYS_SERVER VALUES('c721efc8-a12e-9b9c-2843-7a04aa3bb21b','2015-10-01 04:10:05.703000',NULL,'2015-10-19 17:09:00.443000',NULL,'localhost:8080/app-core',TRUE,'0f59342d-8116-c85e-797b-cd2816d08590\u000a')
COMMIT
DELETE FROM SYS_SERVER WHERE ID='c721efc8-a12e-9b9c-2843-7a04aa3bb21b'
INSERT INTO SYS_SERVER VALUES('c721efc8-a12e-9b9c-2843-7a04aa3bb21b','2015-10-01 04:10:05.703000',NULL,'2015-10-19 17:09:10.443000',NULL,'localhost:8080/app-core',TRUE,'0f59342d-8116-c85e-797b-cd2816d08590\u000a')
COMMIT
DELETE FROM SYS_SERVER WHERE ID='c721efc8-a12e-9b9c-2843-7a04aa3bb21b'
INSERT INTO SYS_SERVER VALUES('c721efc8-a12e-9b9c-2843-7a04aa3bb21b','2015-10-01 04:10:05.703000',NULL,'2015-10-19 17:09:20.444000',NULL,'localhost:8080/app-core',TRUE,'0f59342d-8116-c85e-797b-cd2816d08590\u000a')
COMMIT
DELETE FROM SYS_SERVER WHERE ID='c721efc8-a12e-9b9c-2843-7a04aa3bb21b'
INSERT INTO SYS_SERVER VALUES('c721efc8-a12e-9b9c-2843-7a04aa3bb21b','2015-10-01 04:10:05.703000',NULL,'2015-10-19 17:09:30.445000',NULL,'localhost:8080/app-core',TRUE,'0f59342d-8116-c85e-797b-cd2816d08590\u000a')
COMMIT
DELETE FROM SYS_SERVER WHERE ID='c721efc8-a12e-9b9c-2843-7a04aa3bb21b'
INSERT INTO SYS_SERVER VALUES('c721efc8-a12e-9b9c-2843-7a04aa3bb21b','2015-10-01 04:10:05.703000',NULL,'2015-10-19 17:09:40.445000',NULL,'localhost:8080/app-core',TRUE,'0f59342d-8116-c85e-797b-cd2816d08590\u000a')
COMMIT
DELETE FROM SYS_SERVER WHERE ID='c721efc8-a12e-9b9c-2843-7a04aa3bb21b'
INSERT INTO SYS_SERVER VALUES('c721efc8-a12e-9b9c-2843-7a04aa3bb21b','2015-10-01 04:10:05.703000',NULL,'2015-10-19 17:09:50.446000',NULL,'localhost:8080/app-core',TRUE,'0f59342d-8116-c85e-797b-cd2816d08590\u000a')
COMMIT
DELETE FROM SYS_SERVER WHERE ID='c721efc8-a12e-9b9c-2843-7a04aa3bb21b'
INSERT INTO SYS_SERVER VALUES('c721efc8-a12e-9b9c-2843-7a04aa3bb21b','2015-10-01 04:10:05.703000',NULL,'2015-10-19 17:10:00.446000',NULL,'localhost:8080/app-core',TRUE,'0f59342d-8116-c85e-797b-cd2816d08590\u000a')
COMMIT
DELETE FROM SYS_SERVER WHERE ID='c721efc8-a12e-9b9c-2843-7a04aa3bb21b'
INSERT INTO SYS_SERVER VALUES('c721efc8-a12e-9b9c-2843-7a04aa3bb21b','2015-10-01 04:10:05.703000',NULL,'2015-10-19 17:10:10.447000',NULL,'localhost:8080/app-core',TRUE,'0f59342d-8116-c85e-797b-cd2816d08590\u000a')
COMMIT
DELETE FROM SYS_SERVER WHERE ID='c721efc8-a12e-9b9c-2843-7a04aa3bb21b'
INSERT INTO SYS_SERVER VALUES('c721efc8-a12e-9b9c-2843-7a04aa3bb21b','2015-10-01 04:10:05.703000',NULL,'2015-10-19 17:10:20.447000',NULL,'localhost:8080/app-core',TRUE,'0f59342d-8116-c85e-797b-cd2816d08590\u000a')
COMMIT
DELETE FROM SYS_SERVER WHERE ID='c721efc8-a12e-9b9c-2843-7a04aa3bb21b'
INSERT INTO SYS_SERVER VALUES('c721efc8-a12e-9b9c-2843-7a04aa3bb21b','2015-10-01 04:10:05.703000',NULL,'2015-10-19 17:10:30.448000',NULL,'localhost:8080/app-core',TRUE,'0f59342d-8116-c85e-797b-cd2816d08590\u000a')
COMMIT
DELETE FROM SYS_SERVER WHERE ID='c721efc8-a12e-9b9c-2843-7a04aa3bb21b'
INSERT INTO SYS_SERVER VALUES('c721efc8-a12e-9b9c-2843-7a04aa3bb21b','2015-10-01 04:10:05.703000',NULL,'2015-10-19 17:10:40.449000',NULL,'localhost:8080/app-core',TRUE,'0f59342d-8116-c85e-797b-cd2816d08590\u000a')
COMMIT
DELETE FROM SYS_SERVER WHERE ID='c721efc8-a12e-9b9c-2843-7a04aa3bb21b'
INSERT INTO SYS_SERVER VALUES('c721efc8-a12e-9b9c-2843-7a04aa3bb21b','2015-10-01 04:10:05.703000',NULL,'2015-10-19 17:10:50.449000',NULL,'localhost:8080/app-core',TRUE,'0f59342d-8116-c85e-797b-cd2816d08590\u000a')
COMMIT
DELETE FROM SYS_SERVER WHERE ID='c721efc8-a12e-9b9c-2843-7a04aa3bb21b'
INSERT INTO SYS_SERVER VALUES('c721efc8-a12e-9b9c-2843-7a04aa3bb21b','2015-10-01 04:10:05.703000',NULL,'2015-10-19 17:11:00.450000',NULL,'localhost:8080/app-core',TRUE,'0f59342d-8116-c85e-797b-cd2816d08590\u000a')
COMMIT
DELETE FROM SYS_SERVER WHERE ID='c721efc8-a12e-9b9c-2843-7a04aa3bb21b'
INSERT INTO SYS_SERVER VALUES('c721efc8-a12e-9b9c-2843-7a04aa3bb21b','2015-10-01 04:10:05.703000',NULL,'2015-10-19 17:11:10.450000',NULL,'localhost:8080/app-core',TRUE,'0f59342d-8116-c85e-797b-cd2816d08590\u000a')
COMMIT
DELETE FROM SYS_SERVER WHERE ID='c721efc8-a12e-9b9c-2843-7a04aa3bb21b'
INSERT INTO SYS_SERVER VALUES('c721efc8-a12e-9b9c-2843-7a04aa3bb21b','2015-10-01 04:10:05.703000',NULL,'2015-10-19 17:11:20.451000',NULL,'localhost:8080/app-core',TRUE,'0f59342d-8116-c85e-797b-cd2816d08590\u000a')
COMMIT
DELETE FROM SYS_SERVER WHERE ID='c721efc8-a12e-9b9c-2843-7a04aa3bb21b'
INSERT INTO SYS_SERVER VALUES('c721efc8-a12e-9b9c-2843-7a04aa3bb21b','2015-10-01 04:10:05.703000',NULL,'2015-10-19 17:11:30.451000',NULL,'localhost:8080/app-core',TRUE,'0f59342d-8116-c85e-797b-cd2816d08590\u000a')
COMMIT
DELETE FROM SYS_SERVER WHERE ID='c721efc8-a12e-9b9c-2843-7a04aa3bb21b'
INSERT INTO SYS_SERVER VALUES('c721efc8-a12e-9b9c-2843-7a04aa3bb21b','2015-10-01 04:10:05.703000',NULL,'2015-10-19 17:11:40.452000',NULL,'localhost:8080/app-core',TRUE,'0f59342d-8116-c85e-797b-cd2816d08590\u000a')
COMMIT
DELETE FROM SYS_SERVER WHERE ID='c721efc8-a12e-9b9c-2843-7a04aa3bb21b'
INSERT INTO SYS_SERVER VALUES('c721efc8-a12e-9b9c-2843-7a04aa3bb21b','2015-10-01 04:10:05.703000',NULL,'2015-10-19 17:11:50.453000',NULL,'localhost:8080/app-core',TRUE,'0f59342d-8116-c85e-797b-cd2816d08590\u000a')
COMMIT
DELETE FROM SYS_SERVER WHERE ID='c721efc8-a12e-9b9c-2843-7a04aa3bb21b'
INSERT INTO SYS_SERVER VALUES('c721efc8-a12e-9b9c-2843-7a04aa3bb21b','2015-10-01 04:10:05.703000',NULL,'2015-10-19 17:12:00.453000',NULL,'localhost:8080/app-core',TRUE,'0f59342d-8116-c85e-797b-cd2816d08590\u000a')
COMMIT
DELETE FROM SYS_SERVER WHERE ID='c721efc8-a12e-9b9c-2843-7a04aa3bb21b'
INSERT INTO SYS_SERVER VALUES('c721efc8-a12e-9b9c-2843-7a04aa3bb21b','2015-10-01 04:10:05.703000',NULL,'2015-10-19 17:12:10.454000',NULL,'localhost:8080/app-core',TRUE,'0f59342d-8116-c85e-797b-cd2816d08590\u000a')
COMMIT
DELETE FROM SYS_SERVER WHERE ID='c721efc8-a12e-9b9c-2843-7a04aa3bb21b'
INSERT INTO SYS_SERVER VALUES('c721efc8-a12e-9b9c-2843-7a04aa3bb21b','2015-10-01 04:10:05.703000',NULL,'2015-10-19 17:12:20.454000',NULL,'localhost:8080/app-core',TRUE,'0f59342d-8116-c85e-797b-cd2816d08590\u000a')
COMMIT
DELETE FROM SYS_SERVER WHERE ID='c721efc8-a12e-9b9c-2843-7a04aa3bb21b'
INSERT INTO SYS_SERVER VALUES('c721efc8-a12e-9b9c-2843-7a04aa3bb21b','2015-10-01 04:10:05.703000',NULL,'2015-10-19 17:12:30.455000',NULL,'localhost:8080/app-core',TRUE,'0f59342d-8116-c85e-797b-cd2816d08590\u000a')
COMMIT
DELETE FROM SYS_SERVER WHERE ID='c721efc8-a12e-9b9c-2843-7a04aa3bb21b'
INSERT INTO SYS_SERVER VALUES('c721efc8-a12e-9b9c-2843-7a04aa3bb21b','2015-10-01 04:10:05.703000',NULL,'2015-10-19 17:12:40.455000',NULL,'localhost:8080/app-core',TRUE,'0f59342d-8116-c85e-797b-cd2816d08590\u000a')
COMMIT
DELETE FROM SYS_SERVER WHERE ID='c721efc8-a12e-9b9c-2843-7a04aa3bb21b'
INSERT INTO SYS_SERVER VALUES('c721efc8-a12e-9b9c-2843-7a04aa3bb21b','2015-10-01 04:10:05.703000',NULL,'2015-10-19 17:12:50.456000',NULL,'localhost:8080/app-core',TRUE,'0f59342d-8116-c85e-797b-cd2816d08590\u000a')
COMMIT
DELETE FROM SYS_SERVER WHERE ID='c721efc8-a12e-9b9c-2843-7a04aa3bb21b'
INSERT INTO SYS_SERVER VALUES('c721efc8-a12e-9b9c-2843-7a04aa3bb21b','2015-10-01 04:10:05.703000',NULL,'2015-10-19 17:13:00.462000',NULL,'localhost:8080/app-core',TRUE,'0f59342d-8116-c85e-797b-cd2816d08590\u000a')
COMMIT
DELETE FROM SYS_SERVER WHERE ID='c721efc8-a12e-9b9c-2843-7a04aa3bb21b'
INSERT INTO SYS_SERVER VALUES('c721efc8-a12e-9b9c-2843-7a04aa3bb21b','2015-10-01 04:10:05.703000',NULL,'2015-10-19 17:13:10.542000',NULL,'localhost:8080/app-core',TRUE,'0f59342d-8116-c85e-797b-cd2816d08590\u000a')
COMMIT
DELETE FROM SYS_SERVER WHERE ID='c721efc8-a12e-9b9c-2843-7a04aa3bb21b'
INSERT INTO SYS_SERVER VALUES('c721efc8-a12e-9b9c-2843-7a04aa3bb21b','2015-10-01 04:10:05.703000',NULL,'2015-10-19 17:13:20.543000',NULL,'localhost:8080/app-core',TRUE,'0f59342d-8116-c85e-797b-cd2816d08590\u000a')
COMMIT
DELETE FROM SYS_SERVER WHERE ID='c721efc8-a12e-9b9c-2843-7a04aa3bb21b'
INSERT INTO SYS_SERVER VALUES('c721efc8-a12e-9b9c-2843-7a04aa3bb21b','2015-10-01 04:10:05.703000',NULL,'2015-10-19 17:13:30.544000',NULL,'localhost:8080/app-core',TRUE,'0f59342d-8116-c85e-797b-cd2816d08590\u000a')
COMMIT
DELETE FROM SYS_SERVER WHERE ID='c721efc8-a12e-9b9c-2843-7a04aa3bb21b'
INSERT INTO SYS_SERVER VALUES('c721efc8-a12e-9b9c-2843-7a04aa3bb21b','2015-10-01 04:10:05.703000',NULL,'2015-10-19 17:13:40.566000',NULL,'localhost:8080/app-core',TRUE,'0f59342d-8116-c85e-797b-cd2816d08590\u000a')
COMMIT
DELETE FROM SYS_SERVER WHERE ID='c721efc8-a12e-9b9c-2843-7a04aa3bb21b'
INSERT INTO SYS_SERVER VALUES('c721efc8-a12e-9b9c-2843-7a04aa3bb21b','2015-10-01 04:10:05.703000',NULL,'2015-10-19 17:13:50.566000',NULL,'localhost:8080/app-core',TRUE,'0f59342d-8116-c85e-797b-cd2816d08590\u000a')
COMMIT
DELETE FROM SYS_SERVER WHERE ID='c721efc8-a12e-9b9c-2843-7a04aa3bb21b'
INSERT INTO SYS_SERVER VALUES('c721efc8-a12e-9b9c-2843-7a04aa3bb21b','2015-10-01 04:10:05.703000',NULL,'2015-10-19 17:14:00.567000',NULL,'localhost:8080/app-core',TRUE,'0f59342d-8116-c85e-797b-cd2816d08590\u000a')
COMMIT
DELETE FROM SYS_SERVER WHERE ID='c721efc8-a12e-9b9c-2843-7a04aa3bb21b'
INSERT INTO SYS_SERVER VALUES('c721efc8-a12e-9b9c-2843-7a04aa3bb21b','2015-10-01 04:10:05.703000',NULL,'2015-10-19 17:14:10.568000',NULL,'localhost:8080/app-core',TRUE,'0f59342d-8116-c85e-797b-cd2816d08590\u000a')
COMMIT
DELETE FROM SYS_SERVER WHERE ID='c721efc8-a12e-9b9c-2843-7a04aa3bb21b'
INSERT INTO SYS_SERVER VALUES('c721efc8-a12e-9b9c-2843-7a04aa3bb21b','2015-10-01 04:10:05.703000',NULL,'2015-10-19 17:14:20.568000',NULL,'localhost:8080/app-core',TRUE,'0f59342d-8116-c85e-797b-cd2816d08590\u000a')
COMMIT
DELETE FROM SYS_SERVER WHERE ID='c721efc8-a12e-9b9c-2843-7a04aa3bb21b'
INSERT INTO SYS_SERVER VALUES('c721efc8-a12e-9b9c-2843-7a04aa3bb21b','2015-10-01 04:10:05.703000',NULL,'2015-10-19 17:14:30.569000',NULL,'localhost:8080/app-core',TRUE,'0f59342d-8116-c85e-797b-cd2816d08590\u000a')
COMMIT
DELETE FROM SYS_SERVER WHERE ID='c721efc8-a12e-9b9c-2843-7a04aa3bb21b'
INSERT INTO SYS_SERVER VALUES('c721efc8-a12e-9b9c-2843-7a04aa3bb21b','2015-10-01 04:10:05.703000',NULL,'2015-10-19 17:14:40.569000',NULL,'localhost:8080/app-core',TRUE,'0f59342d-8116-c85e-797b-cd2816d08590\u000a')
COMMIT
DELETE FROM SYS_SERVER WHERE ID='c721efc8-a12e-9b9c-2843-7a04aa3bb21b'
INSERT INTO SYS_SERVER VALUES('c721efc8-a12e-9b9c-2843-7a04aa3bb21b','2015-10-01 04:10:05.703000',NULL,'2015-10-19 17:14:50.570000',NULL,'localhost:8080/app-core',TRUE,'0f59342d-8116-c85e-797b-cd2816d08590\u000a')
COMMIT
DELETE FROM SYS_SERVER WHERE ID='c721efc8-a12e-9b9c-2843-7a04aa3bb21b'
INSERT INTO SYS_SERVER VALUES('c721efc8-a12e-9b9c-2843-7a04aa3bb21b','2015-10-01 04:10:05.703000',NULL,'2015-10-19 17:15:00.617000',NULL,'localhost:8080/app-core',TRUE,'0f59342d-8116-c85e-797b-cd2816d08590\u000a')
COMMIT
DELETE FROM SYS_SERVER WHERE ID='c721efc8-a12e-9b9c-2843-7a04aa3bb21b'
INSERT INTO SYS_SERVER VALUES('c721efc8-a12e-9b9c-2843-7a04aa3bb21b','2015-10-01 04:10:05.703000',NULL,'2015-10-19 17:15:10.625000',NULL,'localhost:8080/app-core',TRUE,'0f59342d-8116-c85e-797b-cd2816d08590\u000a')
COMMIT
DELETE FROM SYS_SERVER WHERE ID='c721efc8-a12e-9b9c-2843-7a04aa3bb21b'
INSERT INTO SYS_SERVER VALUES('c721efc8-a12e-9b9c-2843-7a04aa3bb21b','2015-10-01 04:10:05.703000',NULL,'2015-10-19 17:15:20.626000',NULL,'localhost:8080/app-core',TRUE,'0f59342d-8116-c85e-797b-cd2816d08590\u000a')
COMMIT
DELETE FROM SYS_SERVER WHERE ID='c721efc8-a12e-9b9c-2843-7a04aa3bb21b'
INSERT INTO SYS_SERVER VALUES('c721efc8-a12e-9b9c-2843-7a04aa3bb21b','2015-10-01 04:10:05.703000',NULL,'2015-10-19 17:15:30.626000',NULL,'localhost:8080/app-core',TRUE,'0f59342d-8116-c85e-797b-cd2816d08590\u000a')
COMMIT
DELETE FROM SYS_SERVER WHERE ID='c721efc8-a12e-9b9c-2843-7a04aa3bb21b'
INSERT INTO SYS_SERVER VALUES('c721efc8-a12e-9b9c-2843-7a04aa3bb21b','2015-10-01 04:10:05.703000',NULL,'2015-10-19 17:15:40.627000',NULL,'localhost:8080/app-core',TRUE,'0f59342d-8116-c85e-797b-cd2816d08590\u000a')
COMMIT
DELETE FROM SYS_SERVER WHERE ID='c721efc8-a12e-9b9c-2843-7a04aa3bb21b'
INSERT INTO SYS_SERVER VALUES('c721efc8-a12e-9b9c-2843-7a04aa3bb21b','2015-10-01 04:10:05.703000',NULL,'2015-10-19 17:15:50.627000',NULL,'localhost:8080/app-core',TRUE,'0f59342d-8116-c85e-797b-cd2816d08590\u000a')
COMMIT
DELETE FROM SYS_SERVER WHERE ID='c721efc8-a12e-9b9c-2843-7a04aa3bb21b'
INSERT INTO SYS_SERVER VALUES('c721efc8-a12e-9b9c-2843-7a04aa3bb21b','2015-10-01 04:10:05.703000',NULL,'2015-10-19 17:16:00.628000',NULL,'localhost:8080/app-core',TRUE,'0f59342d-8116-c85e-797b-cd2816d08590\u000a')
COMMIT
DELETE FROM SYS_SERVER WHERE ID='c721efc8-a12e-9b9c-2843-7a04aa3bb21b'
INSERT INTO SYS_SERVER VALUES('c721efc8-a12e-9b9c-2843-7a04aa3bb21b','2015-10-01 04:10:05.703000',NULL,'2015-10-19 17:16:10.628000',NULL,'localhost:8080/app-core',TRUE,'0f59342d-8116-c85e-797b-cd2816d08590\u000a')
COMMIT
DELETE FROM SYS_SERVER WHERE ID='c721efc8-a12e-9b9c-2843-7a04aa3bb21b'
INSERT INTO SYS_SERVER VALUES('c721efc8-a12e-9b9c-2843-7a04aa3bb21b','2015-10-01 04:10:05.703000',NULL,'2015-10-19 17:16:20.632000',NULL,'localhost:8080/app-core',TRUE,'0f59342d-8116-c85e-797b-cd2816d08590\u000a')
COMMIT
DELETE FROM SYS_SERVER WHERE ID='c721efc8-a12e-9b9c-2843-7a04aa3bb21b'
INSERT INTO SYS_SERVER VALUES('c721efc8-a12e-9b9c-2843-7a04aa3bb21b','2015-10-01 04:10:05.703000',NULL,'2015-10-19 17:16:30.633000',NULL,'localhost:8080/app-core',TRUE,'0f59342d-8116-c85e-797b-cd2816d08590\u000a')
COMMIT
DELETE FROM SYS_SERVER WHERE ID='c721efc8-a12e-9b9c-2843-7a04aa3bb21b'
INSERT INTO SYS_SERVER VALUES('c721efc8-a12e-9b9c-2843-7a04aa3bb21b','2015-10-01 04:10:05.703000',NULL,'2015-10-19 17:16:40.634000',NULL,'localhost:8080/app-core',TRUE,'0f59342d-8116-c85e-797b-cd2816d08590\u000a')
COMMIT
DELETE FROM SYS_SERVER WHERE ID='c721efc8-a12e-9b9c-2843-7a04aa3bb21b'
INSERT INTO SYS_SERVER VALUES('c721efc8-a12e-9b9c-2843-7a04aa3bb21b','2015-10-01 04:10:05.703000',NULL,'2015-10-19 17:16:50.635000',NULL,'localhost:8080/app-core',TRUE,'0f59342d-8116-c85e-797b-cd2816d08590\u000a')
COMMIT
DELETE FROM SYS_SERVER WHERE ID='c721efc8-a12e-9b9c-2843-7a04aa3bb21b'
INSERT INTO SYS_SERVER VALUES('c721efc8-a12e-9b9c-2843-7a04aa3bb21b','2015-10-01 04:10:05.703000',NULL,'2015-10-19 17:17:00.635000',NULL,'localhost:8080/app-core',TRUE,'0f59342d-8116-c85e-797b-cd2816d08590\u000a')
COMMIT
DELETE FROM SYS_SERVER WHERE ID='c721efc8-a12e-9b9c-2843-7a04aa3bb21b'
INSERT INTO SYS_SERVER VALUES('c721efc8-a12e-9b9c-2843-7a04aa3bb21b','2015-10-01 04:10:05.703000',NULL,'2015-10-19 17:17:10.636000',NULL,'localhost:8080/app-core',TRUE,'0f59342d-8116-c85e-797b-cd2816d08590\u000a')
COMMIT
DELETE FROM SYS_SERVER WHERE ID='c721efc8-a12e-9b9c-2843-7a04aa3bb21b'
INSERT INTO SYS_SERVER VALUES('c721efc8-a12e-9b9c-2843-7a04aa3bb21b','2015-10-01 04:10:05.703000',NULL,'2015-10-19 17:17:20.636000',NULL,'localhost:8080/app-core',TRUE,'0f59342d-8116-c85e-797b-cd2816d08590\u000a')
COMMIT
DELETE FROM SYS_SERVER WHERE ID='c721efc8-a12e-9b9c-2843-7a04aa3bb21b'
INSERT INTO SYS_SERVER VALUES('c721efc8-a12e-9b9c-2843-7a04aa3bb21b','2015-10-01 04:10:05.703000',NULL,'2015-10-19 17:17:30.638000',NULL,'localhost:8080/app-core',TRUE,'0f59342d-8116-c85e-797b-cd2816d08590\u000a')
COMMIT
DELETE FROM SYS_SERVER WHERE ID='c721efc8-a12e-9b9c-2843-7a04aa3bb21b'
INSERT INTO SYS_SERVER VALUES('c721efc8-a12e-9b9c-2843-7a04aa3bb21b','2015-10-01 04:10:05.703000',NULL,'2015-10-19 17:17:40.639000',NULL,'localhost:8080/app-core',TRUE,'0f59342d-8116-c85e-797b-cd2816d08590\u000a')
COMMIT
DELETE FROM SYS_SERVER WHERE ID='c721efc8-a12e-9b9c-2843-7a04aa3bb21b'
INSERT INTO SYS_SERVER VALUES('c721efc8-a12e-9b9c-2843-7a04aa3bb21b','2015-10-01 04:10:05.703000',NULL,'2015-10-19 17:17:50.639000',NULL,'localhost:8080/app-core',TRUE,'0f59342d-8116-c85e-797b-cd2816d08590\u000a')
COMMIT
DELETE FROM SYS_SERVER WHERE ID='c721efc8-a12e-9b9c-2843-7a04aa3bb21b'
INSERT INTO SYS_SERVER VALUES('c721efc8-a12e-9b9c-2843-7a04aa3bb21b','2015-10-01 04:10:05.703000',NULL,'2015-10-19 17:18:00.640000',NULL,'localhost:8080/app-core',TRUE,'0f59342d-8116-c85e-797b-cd2816d08590\u000a')
COMMIT
DELETE FROM SYS_SERVER WHERE ID='c721efc8-a12e-9b9c-2843-7a04aa3bb21b'
INSERT INTO SYS_SERVER VALUES('c721efc8-a12e-9b9c-2843-7a04aa3bb21b','2015-10-01 04:10:05.703000',NULL,'2015-10-19 17:18:10.640000',NULL,'localhost:8080/app-core',TRUE,'0f59342d-8116-c85e-797b-cd2816d08590\u000a')
COMMIT
DELETE FROM SYS_SERVER WHERE ID='c721efc8-a12e-9b9c-2843-7a04aa3bb21b'
INSERT INTO SYS_SERVER VALUES('c721efc8-a12e-9b9c-2843-7a04aa3bb21b','2015-10-01 04:10:05.703000',NULL,'2015-10-19 17:18:20.641000',NULL,'localhost:8080/app-core',TRUE,'0f59342d-8116-c85e-797b-cd2816d08590\u000a')
COMMIT
DELETE FROM SYS_SERVER WHERE ID='c721efc8-a12e-9b9c-2843-7a04aa3bb21b'
INSERT INTO SYS_SERVER VALUES('c721efc8-a12e-9b9c-2843-7a04aa3bb21b','2015-10-01 04:10:05.703000',NULL,'2015-10-19 17:18:30.641000',NULL,'localhost:8080/app-core',TRUE,'0f59342d-8116-c85e-797b-cd2816d08590\u000a')
COMMIT
DELETE FROM SYS_SERVER WHERE ID='c721efc8-a12e-9b9c-2843-7a04aa3bb21b'
INSERT INTO SYS_SERVER VALUES('c721efc8-a12e-9b9c-2843-7a04aa3bb21b','2015-10-01 04:10:05.703000',NULL,'2015-10-19 17:18:40.680000',NULL,'localhost:8080/app-core',TRUE,'0f59342d-8116-c85e-797b-cd2816d08590\u000a')
COMMIT
DELETE FROM SYS_SERVER WHERE ID='c721efc8-a12e-9b9c-2843-7a04aa3bb21b'
INSERT INTO SYS_SERVER VALUES('c721efc8-a12e-9b9c-2843-7a04aa3bb21b','2015-10-01 04:10:05.703000',NULL,'2015-10-19 17:18:50.681000',NULL,'localhost:8080/app-core',TRUE,'0f59342d-8116-c85e-797b-cd2816d08590\u000a')
COMMIT
DELETE FROM SYS_SERVER WHERE ID='c721efc8-a12e-9b9c-2843-7a04aa3bb21b'
INSERT INTO SYS_SERVER VALUES('c721efc8-a12e-9b9c-2843-7a04aa3bb21b','2015-10-01 04:10:05.703000',NULL,'2015-10-19 17:19:00.681000',NULL,'localhost:8080/app-core',TRUE,'0f59342d-8116-c85e-797b-cd2816d08590\u000a')
COMMIT
DELETE FROM SYS_SERVER WHERE ID='c721efc8-a12e-9b9c-2843-7a04aa3bb21b'
INSERT INTO SYS_SERVER VALUES('c721efc8-a12e-9b9c-2843-7a04aa3bb21b','2015-10-01 04:10:05.703000',NULL,'2015-10-19 17:19:10.682000',NULL,'localhost:8080/app-core',TRUE,'0f59342d-8116-c85e-797b-cd2816d08590\u000a')
COMMIT
DELETE FROM SYS_SERVER WHERE ID='c721efc8-a12e-9b9c-2843-7a04aa3bb21b'
INSERT INTO SYS_SERVER VALUES('c721efc8-a12e-9b9c-2843-7a04aa3bb21b','2015-10-01 04:10:05.703000',NULL,'2015-10-19 17:19:20.682000',NULL,'localhost:8080/app-core',TRUE,'0f59342d-8116-c85e-797b-cd2816d08590\u000a')
COMMIT
DELETE FROM SYS_SERVER WHERE ID='c721efc8-a12e-9b9c-2843-7a04aa3bb21b'
INSERT INTO SYS_SERVER VALUES('c721efc8-a12e-9b9c-2843-7a04aa3bb21b','2015-10-01 04:10:05.703000',NULL,'2015-10-19 17:19:30.683000',NULL,'localhost:8080/app-core',TRUE,'0f59342d-8116-c85e-797b-cd2816d08590\u000a')
COMMIT
DELETE FROM SYS_SERVER WHERE ID='c721efc8-a12e-9b9c-2843-7a04aa3bb21b'
INSERT INTO SYS_SERVER VALUES('c721efc8-a12e-9b9c-2843-7a04aa3bb21b','2015-10-01 04:10:05.703000',NULL,'2015-10-19 17:19:40.683000',NULL,'localhost:8080/app-core',TRUE,'0f59342d-8116-c85e-797b-cd2816d08590\u000a')
COMMIT
DELETE FROM SYS_SERVER WHERE ID='c721efc8-a12e-9b9c-2843-7a04aa3bb21b'
INSERT INTO SYS_SERVER VALUES('c721efc8-a12e-9b9c-2843-7a04aa3bb21b','2015-10-01 04:10:05.703000',NULL,'2015-10-19 17:19:50.684000',NULL,'localhost:8080/app-core',TRUE,'0f59342d-8116-c85e-797b-cd2816d08590\u000a')
COMMIT
DELETE FROM SYS_SERVER WHERE ID='c721efc8-a12e-9b9c-2843-7a04aa3bb21b'
INSERT INTO SYS_SERVER VALUES('c721efc8-a12e-9b9c-2843-7a04aa3bb21b','2015-10-01 04:10:05.703000',NULL,'2015-10-19 17:20:00.685000',NULL,'localhost:8080/app-core',TRUE,'0f59342d-8116-c85e-797b-cd2816d08590\u000a')
COMMIT
DELETE FROM SYS_SERVER WHERE ID='c721efc8-a12e-9b9c-2843-7a04aa3bb21b'
INSERT INTO SYS_SERVER VALUES('c721efc8-a12e-9b9c-2843-7a04aa3bb21b','2015-10-01 04:10:05.703000',NULL,'2015-10-19 17:20:10.685000',NULL,'localhost:8080/app-core',TRUE,'0f59342d-8116-c85e-797b-cd2816d08590\u000a')
COMMIT
DELETE FROM SYS_SERVER WHERE ID='c721efc8-a12e-9b9c-2843-7a04aa3bb21b'
INSERT INTO SYS_SERVER VALUES('c721efc8-a12e-9b9c-2843-7a04aa3bb21b','2015-10-01 04:10:05.703000',NULL,'2015-10-19 17:20:20.686000',NULL,'localhost:8080/app-core',TRUE,'0f59342d-8116-c85e-797b-cd2816d08590\u000a')
COMMIT
DELETE FROM SYS_SERVER WHERE ID='c721efc8-a12e-9b9c-2843-7a04aa3bb21b'
INSERT INTO SYS_SERVER VALUES('c721efc8-a12e-9b9c-2843-7a04aa3bb21b','2015-10-01 04:10:05.703000',NULL,'2015-10-19 17:20:30.686000',NULL,'localhost:8080/app-core',TRUE,'0f59342d-8116-c85e-797b-cd2816d08590\u000a')
COMMIT
DELETE FROM SYS_SERVER WHERE ID='c721efc8-a12e-9b9c-2843-7a04aa3bb21b'
INSERT INTO SYS_SERVER VALUES('c721efc8-a12e-9b9c-2843-7a04aa3bb21b','2015-10-01 04:10:05.703000',NULL,'2015-10-19 17:20:40.687000',NULL,'localhost:8080/app-core',TRUE,'0f59342d-8116-c85e-797b-cd2816d08590\u000a')
COMMIT
DELETE FROM SYS_SERVER WHERE ID='c721efc8-a12e-9b9c-2843-7a04aa3bb21b'
INSERT INTO SYS_SERVER VALUES('c721efc8-a12e-9b9c-2843-7a04aa3bb21b','2015-10-01 04:10:05.703000',NULL,'2015-10-19 17:20:50.687000',NULL,'localhost:8080/app-core',TRUE,'0f59342d-8116-c85e-797b-cd2816d08590\u000a')
COMMIT
DELETE FROM SYS_SERVER WHERE ID='c721efc8-a12e-9b9c-2843-7a04aa3bb21b'
INSERT INTO SYS_SERVER VALUES('c721efc8-a12e-9b9c-2843-7a04aa3bb21b','2015-10-01 04:10:05.703000',NULL,'2015-10-19 17:21:00.688000',NULL,'localhost:8080/app-core',TRUE,'0f59342d-8116-c85e-797b-cd2816d08590\u000a')
COMMIT
DELETE FROM SYS_SERVER WHERE ID='c721efc8-a12e-9b9c-2843-7a04aa3bb21b'
INSERT INTO SYS_SERVER VALUES('c721efc8-a12e-9b9c-2843-7a04aa3bb21b','2015-10-01 04:10:05.703000',NULL,'2015-10-19 17:21:10.689000',NULL,'localhost:8080/app-core',TRUE,'0f59342d-8116-c85e-797b-cd2816d08590\u000a')
COMMIT
DELETE FROM SYS_SERVER WHERE ID='c721efc8-a12e-9b9c-2843-7a04aa3bb21b'
INSERT INTO SYS_SERVER VALUES('c721efc8-a12e-9b9c-2843-7a04aa3bb21b','2015-10-01 04:10:05.703000',NULL,'2015-10-19 17:21:20.689000',NULL,'localhost:8080/app-core',TRUE,'0f59342d-8116-c85e-797b-cd2816d08590\u000a')
COMMIT
DELETE FROM SYS_SERVER WHERE ID='c721efc8-a12e-9b9c-2843-7a04aa3bb21b'
INSERT INTO SYS_SERVER VALUES('c721efc8-a12e-9b9c-2843-7a04aa3bb21b','2015-10-01 04:10:05.703000',NULL,'2015-10-19 17:21:30.690000',NULL,'localhost:8080/app-core',TRUE,'0f59342d-8116-c85e-797b-cd2816d08590\u000a')
COMMIT
DELETE FROM SYS_SERVER WHERE ID='c721efc8-a12e-9b9c-2843-7a04aa3bb21b'
INSERT INTO SYS_SERVER VALUES('c721efc8-a12e-9b9c-2843-7a04aa3bb21b','2015-10-01 04:10:05.703000',NULL,'2015-10-19 17:21:40.690000',NULL,'localhost:8080/app-core',TRUE,'0f59342d-8116-c85e-797b-cd2816d08590\u000a')
COMMIT
DELETE FROM SYS_SERVER WHERE ID='c721efc8-a12e-9b9c-2843-7a04aa3bb21b'
INSERT INTO SYS_SERVER VALUES('c721efc8-a12e-9b9c-2843-7a04aa3bb21b','2015-10-01 04:10:05.703000',NULL,'2015-10-19 17:21:50.691000',NULL,'localhost:8080/app-core',TRUE,'0f59342d-8116-c85e-797b-cd2816d08590\u000a')
COMMIT
DELETE FROM SYS_SERVER WHERE ID='c721efc8-a12e-9b9c-2843-7a04aa3bb21b'
INSERT INTO SYS_SERVER VALUES('c721efc8-a12e-9b9c-2843-7a04aa3bb21b','2015-10-01 04:10:05.703000',NULL,'2015-10-19 17:22:00.691000',NULL,'localhost:8080/app-core',TRUE,'0f59342d-8116-c85e-797b-cd2816d08590\u000a')
COMMIT
/*C13*/SET SCHEMA PUBLIC
DISCONNECT
/*C14*/SET SCHEMA PUBLIC
DISCONNECT
/*C15*/SET SCHEMA PUBLIC
DISCONNECT
/*C17*/SET SCHEMA PUBLIC
DISCONNECT
/*C11*/DELETE FROM SYS_SERVER WHERE ID='c721efc8-a12e-9b9c-2843-7a04aa3bb21b'
INSERT INTO SYS_SERVER VALUES('c721efc8-a12e-9b9c-2843-7a04aa3bb21b','2015-10-01 04:10:05.703000',NULL,'2015-10-19 17:22:10.692000',NULL,'localhost:8080/app-core',TRUE,'0f59342d-8116-c85e-797b-cd2816d08590\u000a')
COMMIT
/*C16*/SET SCHEMA PUBLIC
DISCONNECT
/*C18*/SET SCHEMA PUBLIC
DISCONNECT
/*C11*/DELETE FROM SYS_SERVER WHERE ID='c721efc8-a12e-9b9c-2843-7a04aa3bb21b'
INSERT INTO SYS_SERVER VALUES('c721efc8-a12e-9b9c-2843-7a04aa3bb21b','2015-10-01 04:10:05.703000',NULL,'2015-10-19 17:22:11.605000',NULL,'localhost:8080/app-core',FALSE,NULL)
COMMIT
DISCONNECT
/*C12*/SET SCHEMA PUBLIC
DISCONNECT
/*C19*/SET SCHEMA PUBLIC
DISCONNECT
/*C20*/SET SCHEMA PUBLIC
DELETE FROM SYS_SERVER WHERE ID='c721efc8-a12e-9b9c-2843-7a04aa3bb21b'
INSERT INTO SYS_SERVER VALUES('c721efc8-a12e-9b9c-2843-7a04aa3bb21b','2015-10-01 04:10:05.703000',NULL,'2015-10-19 17:23:39.316000',NULL,'localhost:8080/app-core',TRUE,'')
COMMIT
DELETE FROM SYS_SERVER WHERE ID='c721efc8-a12e-9b9c-2843-7a04aa3bb21b'
INSERT INTO SYS_SERVER VALUES('c721efc8-a12e-9b9c-2843-7a04aa3bb21b','2015-10-01 04:10:05.703000',NULL,'2015-10-19 17:23:49.316000',NULL,'localhost:8080/app-core',TRUE,'cbecdea3-3887-e930-d2d3-51b63de73225\u000a')
COMMIT
DELETE FROM SYS_SERVER WHERE ID='c721efc8-a12e-9b9c-2843-7a04aa3bb21b'
INSERT INTO SYS_SERVER VALUES('c721efc8-a12e-9b9c-2843-7a04aa3bb21b','2015-10-01 04:10:05.703000',NULL,'2015-10-19 17:23:59.316000',NULL,'localhost:8080/app-core',TRUE,'cbecdea3-3887-e930-d2d3-51b63de73225\u000a')
COMMIT
DELETE FROM SYS_SERVER WHERE ID='c721efc8-a12e-9b9c-2843-7a04aa3bb21b'
INSERT INTO SYS_SERVER VALUES('c721efc8-a12e-9b9c-2843-7a04aa3bb21b','2015-10-01 04:10:05.703000',NULL,'2015-10-19 17:24:09.317000',NULL,'localhost:8080/app-core',TRUE,'cbecdea3-3887-e930-d2d3-51b63de73225\u000a')
COMMIT
DELETE FROM SYS_SERVER WHERE ID='c721efc8-a12e-9b9c-2843-7a04aa3bb21b'
INSERT INTO SYS_SERVER VALUES('c721efc8-a12e-9b9c-2843-7a04aa3bb21b','2015-10-01 04:10:05.703000',NULL,'2015-10-19 17:24:19.317000',NULL,'localhost:8080/app-core',TRUE,'cbecdea3-3887-e930-d2d3-51b63de73225\u000a')
COMMIT
DELETE FROM SYS_SERVER WHERE ID='c721efc8-a12e-9b9c-2843-7a04aa3bb21b'
INSERT INTO SYS_SERVER VALUES('c721efc8-a12e-9b9c-2843-7a04aa3bb21b','2015-10-01 04:10:05.703000',NULL,'2015-10-19 17:24:29.318000',NULL,'localhost:8080/app-core',TRUE,'cbecdea3-3887-e930-d2d3-51b63de73225\u000a')
COMMIT
DELETE FROM SYS_SERVER WHERE ID='c721efc8-a12e-9b9c-2843-7a04aa3bb21b'
INSERT INTO SYS_SERVER VALUES('c721efc8-a12e-9b9c-2843-7a04aa3bb21b','2015-10-01 04:10:05.703000',NULL,'2015-10-19 17:24:39.319000',NULL,'localhost:8080/app-core',TRUE,'cbecdea3-3887-e930-d2d3-51b63de73225\u000a')
COMMIT
DELETE FROM SYS_SERVER WHERE ID='c721efc8-a12e-9b9c-2843-7a04aa3bb21b'
INSERT INTO SYS_SERVER VALUES('c721efc8-a12e-9b9c-2843-7a04aa3bb21b','2015-10-01 04:10:05.703000',NULL,'2015-10-19 17:24:49.319000',NULL,'localhost:8080/app-core',TRUE,'cbecdea3-3887-e930-d2d3-51b63de73225\u000a')
COMMIT
DELETE FROM SYS_SERVER WHERE ID='c721efc8-a12e-9b9c-2843-7a04aa3bb21b'
INSERT INTO SYS_SERVER VALUES('c721efc8-a12e-9b9c-2843-7a04aa3bb21b','2015-10-01 04:10:05.703000',NULL,'2015-10-19 17:24:59.320000',NULL,'localhost:8080/app-core',TRUE,'cbecdea3-3887-e930-d2d3-51b63de73225\u000a')
COMMIT
DELETE FROM SYS_SERVER WHERE ID='c721efc8-a12e-9b9c-2843-7a04aa3bb21b'
INSERT INTO SYS_SERVER VALUES('c721efc8-a12e-9b9c-2843-7a04aa3bb21b','2015-10-01 04:10:05.703000',NULL,'2015-10-19 17:25:09.320000',NULL,'localhost:8080/app-core',TRUE,'cbecdea3-3887-e930-d2d3-51b63de73225\u000a')
COMMIT
DELETE FROM SYS_SERVER WHERE ID='c721efc8-a12e-9b9c-2843-7a04aa3bb21b'
INSERT INTO SYS_SERVER VALUES('c721efc8-a12e-9b9c-2843-7a04aa3bb21b','2015-10-01 04:10:05.703000',NULL,'2015-10-19 17:25:19.321000',NULL,'localhost:8080/app-core',TRUE,'cbecdea3-3887-e930-d2d3-51b63de73225\u000a')
COMMIT
DELETE FROM SYS_SERVER WHERE ID='c721efc8-a12e-9b9c-2843-7a04aa3bb21b'
INSERT INTO SYS_SERVER VALUES('c721efc8-a12e-9b9c-2843-7a04aa3bb21b','2015-10-01 04:10:05.703000',NULL,'2015-10-19 17:25:29.321000',NULL,'localhost:8080/app-core',TRUE,'cbecdea3-3887-e930-d2d3-51b63de73225\u000a')
COMMIT
DELETE FROM SYS_SERVER WHERE ID='c721efc8-a12e-9b9c-2843-7a04aa3bb21b'
INSERT INTO SYS_SERVER VALUES('c721efc8-a12e-9b9c-2843-7a04aa3bb21b','2015-10-01 04:10:05.703000',NULL,'2015-10-19 17:25:39.322000',NULL,'localhost:8080/app-core',TRUE,'cbecdea3-3887-e930-d2d3-51b63de73225\u000a')
COMMIT
DELETE FROM SYS_SERVER WHERE ID='c721efc8-a12e-9b9c-2843-7a04aa3bb21b'
INSERT INTO SYS_SERVER VALUES('c721efc8-a12e-9b9c-2843-7a04aa3bb21b','2015-10-01 04:10:05.703000',NULL,'2015-10-19 17:25:49.323000',NULL,'localhost:8080/app-core',TRUE,'cbecdea3-3887-e930-d2d3-51b63de73225\u000a')
COMMIT
DELETE FROM SYS_SERVER WHERE ID='c721efc8-a12e-9b9c-2843-7a04aa3bb21b'
INSERT INTO SYS_SERVER VALUES('c721efc8-a12e-9b9c-2843-7a04aa3bb21b','2015-10-01 04:10:05.703000',NULL,'2015-10-19 17:25:59.323000',NULL,'localhost:8080/app-core',TRUE,'cbecdea3-3887-e930-d2d3-51b63de73225\u000a')
COMMIT
DELETE FROM SYS_SERVER WHERE ID='c721efc8-a12e-9b9c-2843-7a04aa3bb21b'
INSERT INTO SYS_SERVER VALUES('c721efc8-a12e-9b9c-2843-7a04aa3bb21b','2015-10-01 04:10:05.703000',NULL,'2015-10-19 17:26:09.324000',NULL,'localhost:8080/app-core',TRUE,'cbecdea3-3887-e930-d2d3-51b63de73225\u000a')
COMMIT
DELETE FROM SYS_SERVER WHERE ID='c721efc8-a12e-9b9c-2843-7a04aa3bb21b'
INSERT INTO SYS_SERVER VALUES('c721efc8-a12e-9b9c-2843-7a04aa3bb21b','2015-10-01 04:10:05.703000',NULL,'2015-10-19 17:26:19.324000',NULL,'localhost:8080/app-core',TRUE,'cbecdea3-3887-e930-d2d3-51b63de73225\u000a')
COMMIT
DELETE FROM SYS_SERVER WHERE ID='c721efc8-a12e-9b9c-2843-7a04aa3bb21b'
INSERT INTO SYS_SERVER VALUES('c721efc8-a12e-9b9c-2843-7a04aa3bb21b','2015-10-01 04:10:05.703000',NULL,'2015-10-19 17:26:29.325000',NULL,'localhost:8080/app-core',TRUE,'cbecdea3-3887-e930-d2d3-51b63de73225\u000a')
COMMIT
DELETE FROM SYS_SERVER WHERE ID='c721efc8-a12e-9b9c-2843-7a04aa3bb21b'
INSERT INTO SYS_SERVER VALUES('c721efc8-a12e-9b9c-2843-7a04aa3bb21b','2015-10-01 04:10:05.703000',NULL,'2015-10-19 17:26:39.325000',NULL,'localhost:8080/app-core',TRUE,'cbecdea3-3887-e930-d2d3-51b63de73225\u000a')
COMMIT
DELETE FROM SYS_SERVER WHERE ID='c721efc8-a12e-9b9c-2843-7a04aa3bb21b'
INSERT INTO SYS_SERVER VALUES('c721efc8-a12e-9b9c-2843-7a04aa3bb21b','2015-10-01 04:10:05.703000',NULL,'2015-10-19 17:26:49.326000',NULL,'localhost:8080/app-core',TRUE,'cbecdea3-3887-e930-d2d3-51b63de73225\u000a')
COMMIT
DELETE FROM SYS_SERVER WHERE ID='c721efc8-a12e-9b9c-2843-7a04aa3bb21b'
INSERT INTO SYS_SERVER VALUES('c721efc8-a12e-9b9c-2843-7a04aa3bb21b','2015-10-01 04:10:05.703000',NULL,'2015-10-19 17:26:59.327000',NULL,'localhost:8080/app-core',TRUE,'cbecdea3-3887-e930-d2d3-51b63de73225\u000a')
COMMIT
DELETE FROM SYS_SERVER WHERE ID='c721efc8-a12e-9b9c-2843-7a04aa3bb21b'
INSERT INTO SYS_SERVER VALUES('c721efc8-a12e-9b9c-2843-7a04aa3bb21b','2015-10-01 04:10:05.703000',NULL,'2015-10-19 17:27:09.327000',NULL,'localhost:8080/app-core',TRUE,'cbecdea3-3887-e930-d2d3-51b63de73225\u000a')
COMMIT
DELETE FROM SYS_SERVER WHERE ID='c721efc8-a12e-9b9c-2843-7a04aa3bb21b'
INSERT INTO SYS_SERVER VALUES('c721efc8-a12e-9b9c-2843-7a04aa3bb21b','2015-10-01 04:10:05.703000',NULL,'2015-10-19 17:27:19.328000',NULL,'localhost:8080/app-core',TRUE,'cbecdea3-3887-e930-d2d3-51b63de73225\u000a')
COMMIT
DELETE FROM SYS_SERVER WHERE ID='c721efc8-a12e-9b9c-2843-7a04aa3bb21b'
INSERT INTO SYS_SERVER VALUES('c721efc8-a12e-9b9c-2843-7a04aa3bb21b','2015-10-01 04:10:05.703000',NULL,'2015-10-19 17:27:29.328000',NULL,'localhost:8080/app-core',TRUE,'cbecdea3-3887-e930-d2d3-51b63de73225\u000a')
COMMIT
DELETE FROM SYS_SERVER WHERE ID='c721efc8-a12e-9b9c-2843-7a04aa3bb21b'
INSERT INTO SYS_SERVER VALUES('c721efc8-a12e-9b9c-2843-7a04aa3bb21b','2015-10-01 04:10:05.703000',NULL,'2015-10-19 17:27:39.329000',NULL,'localhost:8080/app-core',TRUE,'cbecdea3-3887-e930-d2d3-51b63de73225\u000a')
COMMIT
DELETE FROM SYS_SERVER WHERE ID='c721efc8-a12e-9b9c-2843-7a04aa3bb21b'
INSERT INTO SYS_SERVER VALUES('c721efc8-a12e-9b9c-2843-7a04aa3bb21b','2015-10-01 04:10:05.703000',NULL,'2015-10-19 17:27:49.329000',NULL,'localhost:8080/app-core',TRUE,'cbecdea3-3887-e930-d2d3-51b63de73225\u000a')
COMMIT
DELETE FROM SYS_SERVER WHERE ID='c721efc8-a12e-9b9c-2843-7a04aa3bb21b'
INSERT INTO SYS_SERVER VALUES('c721efc8-a12e-9b9c-2843-7a04aa3bb21b','2015-10-01 04:10:05.703000',NULL,'2015-10-19 17:27:59.330000',NULL,'localhost:8080/app-core',TRUE,'cbecdea3-3887-e930-d2d3-51b63de73225\u000a')
COMMIT
DELETE FROM SYS_SERVER WHERE ID='c721efc8-a12e-9b9c-2843-7a04aa3bb21b'
INSERT INTO SYS_SERVER VALUES('c721efc8-a12e-9b9c-2843-7a04aa3bb21b','2015-10-01 04:10:05.703000',NULL,'2015-10-19 17:28:09.331000',NULL,'localhost:8080/app-core',TRUE,'cbecdea3-3887-e930-d2d3-51b63de73225\u000a')
COMMIT
DELETE FROM SYS_SERVER WHERE ID='c721efc8-a12e-9b9c-2843-7a04aa3bb21b'
INSERT INTO SYS_SERVER VALUES('c721efc8-a12e-9b9c-2843-7a04aa3bb21b','2015-10-01 04:10:05.703000',NULL,'2015-10-19 17:28:19.331000',NULL,'localhost:8080/app-core',TRUE,'cbecdea3-3887-e930-d2d3-51b63de73225\u000a')
COMMIT
DELETE FROM SYS_SERVER WHERE ID='c721efc8-a12e-9b9c-2843-7a04aa3bb21b'
INSERT INTO SYS_SERVER VALUES('c721efc8-a12e-9b9c-2843-7a04aa3bb21b','2015-10-01 04:10:05.703000',NULL,'2015-10-19 17:28:29.332000',NULL,'localhost:8080/app-core',TRUE,'cbecdea3-3887-e930-d2d3-51b63de73225\u000a')
COMMIT
DELETE FROM SYS_SERVER WHERE ID='c721efc8-a12e-9b9c-2843-7a04aa3bb21b'
INSERT INTO SYS_SERVER VALUES('c721efc8-a12e-9b9c-2843-7a04aa3bb21b','2015-10-01 04:10:05.703000',NULL,'2015-10-19 17:28:39.332000',NULL,'localhost:8080/app-core',TRUE,'cbecdea3-3887-e930-d2d3-51b63de73225\u000a')
COMMIT
DELETE FROM SYS_SERVER WHERE ID='c721efc8-a12e-9b9c-2843-7a04aa3bb21b'
INSERT INTO SYS_SERVER VALUES('c721efc8-a12e-9b9c-2843-7a04aa3bb21b','2015-10-01 04:10:05.703000',NULL,'2015-10-19 17:28:49.333000',NULL,'localhost:8080/app-core',TRUE,'cbecdea3-3887-e930-d2d3-51b63de73225\u000a')
COMMIT
DELETE FROM SYS_SERVER WHERE ID='c721efc8-a12e-9b9c-2843-7a04aa3bb21b'
INSERT INTO SYS_SERVER VALUES('c721efc8-a12e-9b9c-2843-7a04aa3bb21b','2015-10-01 04:10:05.703000',NULL,'2015-10-19 17:28:59.333000',NULL,'localhost:8080/app-core',TRUE,'cbecdea3-3887-e930-d2d3-51b63de73225\u000a')
COMMIT
DELETE FROM SYS_SERVER WHERE ID='c721efc8-a12e-9b9c-2843-7a04aa3bb21b'
INSERT INTO SYS_SERVER VALUES('c721efc8-a12e-9b9c-2843-7a04aa3bb21b','2015-10-01 04:10:05.703000',NULL,'2015-10-19 17:29:09.334000',NULL,'localhost:8080/app-core',TRUE,'cbecdea3-3887-e930-d2d3-51b63de73225\u000a')
COMMIT
DELETE FROM SYS_SERVER WHERE ID='c721efc8-a12e-9b9c-2843-7a04aa3bb21b'
INSERT INTO SYS_SERVER VALUES('c721efc8-a12e-9b9c-2843-7a04aa3bb21b','2015-10-01 04:10:05.703000',NULL,'2015-10-19 17:29:19.335000',NULL,'localhost:8080/app-core',TRUE,'cbecdea3-3887-e930-d2d3-51b63de73225\u000a')
COMMIT
DELETE FROM SYS_SERVER WHERE ID='c721efc8-a12e-9b9c-2843-7a04aa3bb21b'
INSERT INTO SYS_SERVER VALUES('c721efc8-a12e-9b9c-2843-7a04aa3bb21b','2015-10-01 04:10:05.703000',NULL,'2015-10-19 17:29:29.335000',NULL,'localhost:8080/app-core',TRUE,'cbecdea3-3887-e930-d2d3-51b63de73225\u000a')
COMMIT
DELETE FROM SYS_SERVER WHERE ID='c721efc8-a12e-9b9c-2843-7a04aa3bb21b'
INSERT INTO SYS_SERVER VALUES('c721efc8-a12e-9b9c-2843-7a04aa3bb21b','2015-10-01 04:10:05.703000',NULL,'2015-10-19 17:29:39.342000',NULL,'localhost:8080/app-core',TRUE,'cbecdea3-3887-e930-d2d3-51b63de73225\u000a')
COMMIT
DELETE FROM SYS_SERVER WHERE ID='c721efc8-a12e-9b9c-2843-7a04aa3bb21b'
INSERT INTO SYS_SERVER VALUES('c721efc8-a12e-9b9c-2843-7a04aa3bb21b','2015-10-01 04:10:05.703000',NULL,'2015-10-19 17:29:49.342000',NULL,'localhost:8080/app-core',TRUE,'cbecdea3-3887-e930-d2d3-51b63de73225\u000a')
COMMIT
DELETE FROM SYS_SERVER WHERE ID='c721efc8-a12e-9b9c-2843-7a04aa3bb21b'
INSERT INTO SYS_SERVER VALUES('c721efc8-a12e-9b9c-2843-7a04aa3bb21b','2015-10-01 04:10:05.703000',NULL,'2015-10-19 17:29:59.343000',NULL,'localhost:8080/app-core',TRUE,'cbecdea3-3887-e930-d2d3-51b63de73225\u000a')
COMMIT
DELETE FROM SYS_SERVER WHERE ID='c721efc8-a12e-9b9c-2843-7a04aa3bb21b'
INSERT INTO SYS_SERVER VALUES('c721efc8-a12e-9b9c-2843-7a04aa3bb21b','2015-10-01 04:10:05.703000',NULL,'2015-10-19 17:30:09.343000',NULL,'localhost:8080/app-core',TRUE,'cbecdea3-3887-e930-d2d3-51b63de73225\u000a')
COMMIT
DELETE FROM SYS_SERVER WHERE ID='c721efc8-a12e-9b9c-2843-7a04aa3bb21b'
INSERT INTO SYS_SERVER VALUES('c721efc8-a12e-9b9c-2843-7a04aa3bb21b','2015-10-01 04:10:05.703000',NULL,'2015-10-19 17:30:19.344000',NULL,'localhost:8080/app-core',TRUE,'cbecdea3-3887-e930-d2d3-51b63de73225\u000a')
COMMIT
DELETE FROM SYS_SERVER WHERE ID='c721efc8-a12e-9b9c-2843-7a04aa3bb21b'
INSERT INTO SYS_SERVER VALUES('c721efc8-a12e-9b9c-2843-7a04aa3bb21b','2015-10-01 04:10:05.703000',NULL,'2015-10-19 17:30:29.345000',NULL,'localhost:8080/app-core',TRUE,'cbecdea3-3887-e930-d2d3-51b63de73225\u000a')
COMMIT
DELETE FROM SYS_SERVER WHERE ID='c721efc8-a12e-9b9c-2843-7a04aa3bb21b'
INSERT INTO SYS_SERVER VALUES('c721efc8-a12e-9b9c-2843-7a04aa3bb21b','2015-10-01 04:10:05.703000',NULL,'2015-10-19 17:30:39.345000',NULL,'localhost:8080/app-core',TRUE,'cbecdea3-3887-e930-d2d3-51b63de73225\u000a')
COMMIT
DELETE FROM SYS_SERVER WHERE ID='c721efc8-a12e-9b9c-2843-7a04aa3bb21b'
INSERT INTO SYS_SERVER VALUES('c721efc8-a12e-9b9c-2843-7a04aa3bb21b','2015-10-01 04:10:05.703000',NULL,'2015-10-19 17:30:49.346000',NULL,'localhost:8080/app-core',TRUE,'cbecdea3-3887-e930-d2d3-51b63de73225\u000a')
COMMIT
DELETE FROM SYS_SERVER WHERE ID='c721efc8-a12e-9b9c-2843-7a04aa3bb21b'
INSERT INTO SYS_SERVER VALUES('c721efc8-a12e-9b9c-2843-7a04aa3bb21b','2015-10-01 04:10:05.703000',NULL,'2015-10-19 17:30:59.346000',NULL,'localhost:8080/app-core',TRUE,'cbecdea3-3887-e930-d2d3-51b63de73225\u000a')
COMMIT
